<?xml version="1.0" encoding="UTF-8"?>
<testsuite xmlns:xsi="http://www.w3.org/2001/XMLSchema-instance" xsi:noNamespaceSchemaLocation="https://maven.apache.org/surefire/maven-surefire-plugin/xsd/surefire-test-report-3.0.xsd" version="3.0" name="runnerPack.Runner" time="78.535" tests="4" errors="1" skipped="3" failures="0">
  <properties>
    <property name="sun.desktop" value="windows"/>
    <property name="awt.toolkit" value="sun.awt.windows.WToolkit"/>
    <property name="file.encoding.pkg" value="sun.io"/>
    <property name="java.specification.version" value="1.8"/>
    <property name="sun.cpu.isalist" value="amd64"/>
    <property name="sun.jnu.encoding" value="Cp1252"/>
    <property name="java.class.path" value="D:\Selenium_Batch\CucumberSeleniumMavenProject\target\test-classes;D:\Selenium_Batch\CucumberSeleniumMavenProject\target\classes;C:\Users\admin\.m2\repository\org\seleniumhq\selenium\selenium-java\3.7.1\selenium-java-3.7.1.jar;C:\Users\admin\.m2\repository\org\seleniumhq\selenium\selenium-api\3.7.1\selenium-api-3.7.1.jar;C:\Users\admin\.m2\repository\org\seleniumhq\selenium\selenium-chrome-driver\3.7.1\selenium-chrome-driver-3.7.1.jar;C:\Users\admin\.m2\repository\org\seleniumhq\selenium\selenium-edge-driver\3.7.1\selenium-edge-driver-3.7.1.jar;C:\Users\admin\.m2\repository\org\seleniumhq\selenium\selenium-firefox-driver\3.7.1\selenium-firefox-driver-3.7.1.jar;C:\Users\admin\.m2\repository\org\seleniumhq\selenium\selenium-ie-driver\3.7.1\selenium-ie-driver-3.7.1.jar;C:\Users\admin\.m2\repository\org\seleniumhq\selenium\selenium-opera-driver\3.7.1\selenium-opera-driver-3.7.1.jar;C:\Users\admin\.m2\repository\org\seleniumhq\selenium\selenium-safari-driver\3.7.1\selenium-safari-driver-3.7.1.jar;C:\Users\admin\.m2\repository\org\seleniumhq\selenium\selenium-support\3.7.1\selenium-support-3.7.1.jar;C:\Users\admin\.m2\repository\net\bytebuddy\byte-buddy\1.7.5\byte-buddy-1.7.5.jar;C:\Users\admin\.m2\repository\org\apache\commons\commons-exec\1.3\commons-exec-1.3.jar;C:\Users\admin\.m2\repository\commons-codec\commons-codec\1.10\commons-codec-1.10.jar;C:\Users\admin\.m2\repository\commons-logging\commons-logging\1.2\commons-logging-1.2.jar;C:\Users\admin\.m2\repository\com\google\code\gson\gson\2.8.2\gson-2.8.2.jar;C:\Users\admin\.m2\repository\com\google\guava\guava\23.0\guava-23.0.jar;C:\Users\admin\.m2\repository\com\google\code\findbugs\jsr305\1.3.9\jsr305-1.3.9.jar;C:\Users\admin\.m2\repository\com\google\errorprone\error_prone_annotations\2.0.18\error_prone_annotations-2.0.18.jar;C:\Users\admin\.m2\repository\com\google\j2objc\j2objc-annotations\1.1\j2objc-annotations-1.1.jar;C:\Users\admin\.m2\repository\org\codehaus\mojo\animal-sniffer-annotations\1.14\animal-sniffer-annotations-1.14.jar;C:\Users\admin\.m2\repository\org\apache\httpcomponents\httpclient\4.5.3\httpclient-4.5.3.jar;C:\Users\admin\.m2\repository\org\apache\httpcomponents\httpcore\4.4.6\httpcore-4.4.6.jar;C:\Users\admin\.m2\repository\junit\junit\4.12\junit-4.12.jar;C:\Users\admin\.m2\repository\org\hamcrest\hamcrest-core\1.3\hamcrest-core-1.3.jar;C:\Users\admin\.m2\repository\info\cukes\cucumber-java\1.2.5\cucumber-java-1.2.5.jar;C:\Users\admin\.m2\repository\info\cukes\cucumber-core\1.2.5\cucumber-core-1.2.5.jar;C:\Users\admin\.m2\repository\info\cukes\cucumber-html\0.2.3\cucumber-html-0.2.3.jar;C:\Users\admin\.m2\repository\info\cukes\gherkin\2.12.2\gherkin-2.12.2.jar;C:\Users\admin\.m2\repository\info\cukes\cucumber-jvm-deps\1.0.5\cucumber-jvm-deps-1.0.5.jar;C:\Users\admin\.m2\repository\info\cukes\cucumber-junit\1.2.5\cucumber-junit-1.2.5.jar;C:\Users\admin\.m2\repository\com\vimalselvam\cucumber-extentsreport\3.0.2\cucumber-extentsreport-3.0.2.jar;C:\Users\admin\.m2\repository\com\aventstack\extentreports\3.1.2\extentreports-3.1.2.jar;C:\Users\admin\.m2\repository\org\freemarker\freemarker\2.3.23\freemarker-2.3.23.jar;C:\Users\admin\.m2\repository\org\mongodb\mongodb-driver\3.3.0\mongodb-driver-3.3.0.jar;C:\Users\admin\.m2\repository\org\mongodb\bson\3.3.0\bson-3.3.0.jar;C:\Users\admin\.m2\repository\org\mongodb\mongodb-driver-core\3.3.0\mongodb-driver-core-3.3.0.jar;C:\Users\admin\.m2\repository\org\apache\httpcomponents\httpmime\4.5.2\httpmime-4.5.2.jar;C:\Users\admin\.m2\repository\org\jsoup\jsoup\1.9.2\jsoup-1.9.2.jar;C:\Users\admin\.m2\repository\log4j\log4j\1.2.17\log4j-1.2.17.jar;C:\Users\admin\.m2\repository\org\seleniumhq\selenium\selenium-remote-driver\3.6.0\selenium-remote-driver-3.6.0.jar;C:\Users\admin\.m2\repository\net\java\dev\jna\jna\4.1.0\jna-4.1.0.jar;C:\Users\admin\.m2\repository\net\java\dev\jna\jna-platform\4.1.0\jna-platform-4.1.0.jar;"/>
    <property name="java.vm.vendor" value="Oracle Corporation"/>
    <property name="sun.arch.data.model" value="64"/>
    <property name="user.variant" value=""/>
    <property name="java.vendor.url" value="http://java.oracle.com/"/>
    <property name="user.timezone" value="Asia/Calcutta"/>
    <property name="java.vm.specification.version" value="1.8"/>
    <property name="os.name" value="Windows 7"/>
    <property name="user.country" value="US"/>
    <property name="sun.java.launcher" value="SUN_STANDARD"/>
    <property name="sun.boot.library.path" value="C:\Program Files\Java\jdk1.8.0_191\jre\bin"/>
    <property name="sun.java.command" value="C:\Users\admin\AppData\Local\Temp\surefire2333417268836638864\surefirebooter3465485415583101212.jar C:\Users\admin\AppData\Local\Temp\surefire2333417268836638864 2019-03-15T07-35-14_549-jvmRun1 surefire7981638502629571404tmp surefire_07281026290887948898tmp"/>
    <property name="surefire.test.class.path" value="D:\Selenium_Batch\CucumberSeleniumMavenProject\target\test-classes;D:\Selenium_Batch\CucumberSeleniumMavenProject\target\classes;C:\Users\admin\.m2\repository\org\seleniumhq\selenium\selenium-java\3.7.1\selenium-java-3.7.1.jar;C:\Users\admin\.m2\repository\org\seleniumhq\selenium\selenium-api\3.7.1\selenium-api-3.7.1.jar;C:\Users\admin\.m2\repository\org\seleniumhq\selenium\selenium-chrome-driver\3.7.1\selenium-chrome-driver-3.7.1.jar;C:\Users\admin\.m2\repository\org\seleniumhq\selenium\selenium-edge-driver\3.7.1\selenium-edge-driver-3.7.1.jar;C:\Users\admin\.m2\repository\org\seleniumhq\selenium\selenium-firefox-driver\3.7.1\selenium-firefox-driver-3.7.1.jar;C:\Users\admin\.m2\repository\org\seleniumhq\selenium\selenium-ie-driver\3.7.1\selenium-ie-driver-3.7.1.jar;C:\Users\admin\.m2\repository\org\seleniumhq\selenium\selenium-opera-driver\3.7.1\selenium-opera-driver-3.7.1.jar;C:\Users\admin\.m2\repository\org\seleniumhq\selenium\selenium-safari-driver\3.7.1\selenium-safari-driver-3.7.1.jar;C:\Users\admin\.m2\repository\org\seleniumhq\selenium\selenium-support\3.7.1\selenium-support-3.7.1.jar;C:\Users\admin\.m2\repository\net\bytebuddy\byte-buddy\1.7.5\byte-buddy-1.7.5.jar;C:\Users\admin\.m2\repository\org\apache\commons\commons-exec\1.3\commons-exec-1.3.jar;C:\Users\admin\.m2\repository\commons-codec\commons-codec\1.10\commons-codec-1.10.jar;C:\Users\admin\.m2\repository\commons-logging\commons-logging\1.2\commons-logging-1.2.jar;C:\Users\admin\.m2\repository\com\google\code\gson\gson\2.8.2\gson-2.8.2.jar;C:\Users\admin\.m2\repository\com\google\guava\guava\23.0\guava-23.0.jar;C:\Users\admin\.m2\repository\com\google\code\findbugs\jsr305\1.3.9\jsr305-1.3.9.jar;C:\Users\admin\.m2\repository\com\google\errorprone\error_prone_annotations\2.0.18\error_prone_annotations-2.0.18.jar;C:\Users\admin\.m2\repository\com\google\j2objc\j2objc-annotations\1.1\j2objc-annotations-1.1.jar;C:\Users\admin\.m2\repository\org\codehaus\mojo\animal-sniffer-annotations\1.14\animal-sniffer-annotations-1.14.jar;C:\Users\admin\.m2\repository\org\apache\httpcomponents\httpclient\4.5.3\httpclient-4.5.3.jar;C:\Users\admin\.m2\repository\org\apache\httpcomponents\httpcore\4.4.6\httpcore-4.4.6.jar;C:\Users\admin\.m2\repository\junit\junit\4.12\junit-4.12.jar;C:\Users\admin\.m2\repository\org\hamcrest\hamcrest-core\1.3\hamcrest-core-1.3.jar;C:\Users\admin\.m2\repository\info\cukes\cucumber-java\1.2.5\cucumber-java-1.2.5.jar;C:\Users\admin\.m2\repository\info\cukes\cucumber-core\1.2.5\cucumber-core-1.2.5.jar;C:\Users\admin\.m2\repository\info\cukes\cucumber-html\0.2.3\cucumber-html-0.2.3.jar;C:\Users\admin\.m2\repository\info\cukes\gherkin\2.12.2\gherkin-2.12.2.jar;C:\Users\admin\.m2\repository\info\cukes\cucumber-jvm-deps\1.0.5\cucumber-jvm-deps-1.0.5.jar;C:\Users\admin\.m2\repository\info\cukes\cucumber-junit\1.2.5\cucumber-junit-1.2.5.jar;C:\Users\admin\.m2\repository\com\vimalselvam\cucumber-extentsreport\3.0.2\cucumber-extentsreport-3.0.2.jar;C:\Users\admin\.m2\repository\com\aventstack\extentreports\3.1.2\extentreports-3.1.2.jar;C:\Users\admin\.m2\repository\org\freemarker\freemarker\2.3.23\freemarker-2.3.23.jar;C:\Users\admin\.m2\repository\org\mongodb\mongodb-driver\3.3.0\mongodb-driver-3.3.0.jar;C:\Users\admin\.m2\repository\org\mongodb\bson\3.3.0\bson-3.3.0.jar;C:\Users\admin\.m2\repository\org\mongodb\mongodb-driver-core\3.3.0\mongodb-driver-core-3.3.0.jar;C:\Users\admin\.m2\repository\org\apache\httpcomponents\httpmime\4.5.2\httpmime-4.5.2.jar;C:\Users\admin\.m2\repository\org\jsoup\jsoup\1.9.2\jsoup-1.9.2.jar;C:\Users\admin\.m2\repository\log4j\log4j\1.2.17\log4j-1.2.17.jar;C:\Users\admin\.m2\repository\org\seleniumhq\selenium\selenium-remote-driver\3.6.0\selenium-remote-driver-3.6.0.jar;C:\Users\admin\.m2\repository\net\java\dev\jna\jna\4.1.0\jna-4.1.0.jar;C:\Users\admin\.m2\repository\net\java\dev\jna\jna-platform\4.1.0\jna-platform-4.1.0.jar;"/>
    <property name="sun.cpu.endian" value="little"/>
    <property name="user.home" value="C:\Users\admin"/>
    <property name="user.language" value="en"/>
    <property name="java.specification.vendor" value="Oracle Corporation"/>
    <property name="java.home" value="C:\Program Files\Java\jdk1.8.0_191\jre"/>
    <property name="basedir" value="D:\Selenium_Batch\CucumberSeleniumMavenProject"/>
    <property name="file.separator" value="\"/>
    <property name="line.separator" value="&#10;"/>
    <property name="java.vm.specification.vendor" value="Oracle Corporation"/>
    <property name="java.specification.name" value="Java Platform API Specification"/>
    <property name="java.awt.graphicsenv" value="sun.awt.Win32GraphicsEnvironment"/>
    <property name="surefire.real.class.path" value="C:\Users\admin\AppData\Local\Temp\surefire2333417268836638864\surefirebooter3465485415583101212.jar"/>
    <property name="browse" value="chrome"/>
    <property name="sun.boot.class.path" value="C:\Program Files\Java\jdk1.8.0_191\jre\lib\resources.jar;C:\Program Files\Java\jdk1.8.0_191\jre\lib\rt.jar;C:\Program Files\Java\jdk1.8.0_191\jre\lib\sunrsasign.jar;C:\Program Files\Java\jdk1.8.0_191\jre\lib\jsse.jar;C:\Program Files\Java\jdk1.8.0_191\jre\lib\jce.jar;C:\Program Files\Java\jdk1.8.0_191\jre\lib\charsets.jar;C:\Program Files\Java\jdk1.8.0_191\jre\lib\jfr.jar;C:\Program Files\Java\jdk1.8.0_191\jre\classes"/>
    <property name="user.script" value=""/>
    <property name="sun.management.compiler" value="HotSpot 64-Bit Tiered Compilers"/>
    <property name="java.runtime.version" value="1.8.0_191-b12"/>
    <property name="user.name" value="admin"/>
    <property name="path.separator" value=";"/>
    <property name="os.version" value="6.1"/>
    <property name="java.endorsed.dirs" value="C:\Program Files\Java\jdk1.8.0_191\jre\lib\endorsed"/>
    <property name="java.runtime.name" value="Java(TM) SE Runtime Environment"/>
    <property name="file.encoding" value="Cp1252"/>
    <property name="java.vm.name" value="Java HotSpot(TM) 64-Bit Server VM"/>
    <property name="localRepository" value="C:\Users\admin\.m2\repository"/>
    <property name="java.vendor.url.bug" value="http://bugreport.sun.com/bugreport/"/>
    <property name="java.io.tmpdir" value="C:\Users\admin\AppData\Local\Temp\"/>
    <property name="java.version" value="1.8.0_191"/>
    <property name="user.dir" value="D:\Selenium_Batch\CucumberSeleniumMavenProject"/>
    <property name="os.arch" value="amd64"/>
    <property name="java.vm.specification.name" value="Java Virtual Machine Specification"/>
    <property name="java.awt.printerjob" value="sun.awt.windows.WPrinterJob"/>
    <property name="env" value="preProd"/>
    <property name="sun.os.patch.level" value="Service Pack 1"/>
    <property name="java.library.path" value="C:\Program Files\Java\jdk1.8.0_191\jre\bin;C:\Windows\Sun\Java\bin;C:\Windows\system32;C:\Windows;D:\Software\apache-maven-3.6.0-bin\apache-maven-3.6.0/bin;C:\Program Files\Java\jdk1.8.0_191/bin;C:\Program Files\Java\jdk1.8.0_191/bin;C:\Program Files (x86)\Common Files\Oracle\Java\javapath;C:\Windows\system32;C:\Windows;C:\Windows\System32\Wbem;C:\Windows\System32\WindowsPowerShell\v1.0\;C:\Program Files\Intel\WiFi\bin\;C:\Program Files\Common Files\Intel\WirelessCommon\;C:\Program Files\Java\jdk1.8.0_191\bin;C:\Program Files\Git\cmd;D:\Software\apache-maven-3.6.0-bin\apache-maven-3.6.0\bin;C:\Program Files\Intel\WiFi\bin\;C:\Program Files\Common Files\Intel\WirelessCommon\;C:\Program Files\Java\jdk1.8.0_191\bin;C:\Program Files\Git\bin;D:\Software\apache-maven-3.6.0-bin\apache-maven-3.6.0\bin;;."/>
    <property name="java.vm.info" value="mixed mode"/>
    <property name="java.vendor" value="Oracle Corporation"/>
    <property name="java.vm.version" value="25.191-b12"/>
    <property name="java.ext.dirs" value="C:\Program Files\Java\jdk1.8.0_191\jre\lib\ext;C:\Windows\Sun\Java\lib\ext"/>
    <property name="sun.io.unicode.encoding" value="UnicodeLittle"/>
    <property name="java.class.version" value="52.0"/>
  </properties>
  <testcase name="Scenario: validate product search" classname="Scenario: validate product search" time="65.005">
    <error message="Expected condition failed: waiting for visibility of [[ChromeDriver: chrome on XP (ebf5bc0b43e1892a4cd7f8272da29841)] -&gt; xpath: //*[@name=&apos;password&apos;]] (tried for 30 second(s) with 500 MILLISECONDS interval)&#10;Build info: version: &apos;3.7.1&apos;, revision: &apos;8a0099a&apos;, time: &apos;2017-11-06T21:01:39.354Z&apos;&#10;System info: host: &apos;ADMIN-PC&apos;, ip: &apos;192.168.43.81&apos;, os.name: &apos;Windows 7&apos;, os.arch: &apos;amd64&apos;, os.version: &apos;6.1&apos;, java.version: &apos;1.8.0_191&apos;&#10;Driver info: org.openqa.selenium.chrome.ChromeDriver&#10;Capabilities {acceptInsecureCerts: false, acceptSslCerts: false, applicationCacheEnabled: false, browserConnectionEnabled: false, browserName: chrome, chrome: {chromedriverVersion: 2.45.615291 (ec3682e3c9061c..., userDataDir: C:\Users\admin\AppData\Loca...}, cssSelectorsEnabled: true, databaseEnabled: false, goog:chromeOptions: {debuggerAddress: localhost:49704}, handlesAlerts: true, hasTouchScreen: false, javascriptEnabled: true, locationContextEnabled: true, mobileEmulationEnabled: false, nativeEvents: true, networkConnectionEnabled: false, pageLoadStrategy: normal, platform: XP, platformName: XP, proxy: Proxy(), rotatable: false, setWindowRect: true, strictFileInteractability: false, takesHeapSnapshot: true, takesScreenshot: true, timeouts: {implicit: 0, pageLoad: 300000, script: 30000}, unexpectedAlertBehaviour: ignore, unhandledPromptBehavior: ignore, version: 72.0.3626.121, webStorageEnabled: true}&#10;Session ID: ebf5bc0b43e1892a4cd7f8272da29841" type="org.openqa.selenium.TimeoutException">org.openqa.selenium.TimeoutException: 
Expected condition failed: waiting for visibility of [[ChromeDriver: chrome on XP (ebf5bc0b43e1892a4cd7f8272da29841)] -> xpath: //*[@name='password']] (tried for 30 second(s) with 500 MILLISECONDS interval)
Build info: version: '3.7.1', revision: '8a0099a', time: '2017-11-06T21:01:39.354Z'
System info: host: 'ADMIN-PC', ip: '192.168.43.81', os.name: 'Windows 7', os.arch: 'amd64', os.version: '6.1', java.version: '1.8.0_191'
Driver info: org.openqa.selenium.chrome.ChromeDriver
Capabilities {acceptInsecureCerts: false, acceptSslCerts: false, applicationCacheEnabled: false, browserConnectionEnabled: false, browserName: chrome, chrome: {chromedriverVersion: 2.45.615291 (ec3682e3c9061c..., userDataDir: C:\Users\admin\AppData\Loca...}, cssSelectorsEnabled: true, databaseEnabled: false, goog:chromeOptions: {debuggerAddress: localhost:49704}, handlesAlerts: true, hasTouchScreen: false, javascriptEnabled: true, locationContextEnabled: true, mobileEmulationEnabled: false, nativeEvents: true, networkConnectionEnabled: false, pageLoadStrategy: normal, platform: XP, platformName: XP, proxy: Proxy(), rotatable: false, setWindowRect: true, strictFileInteractability: false, takesHeapSnapshot: true, takesScreenshot: true, timeouts: {implicit: 0, pageLoad: 300000, script: 30000}, unexpectedAlertBehaviour: ignore, unhandledPromptBehavior: ignore, version: 72.0.3626.121, webStorageEnabled: true}
Session ID: ebf5bc0b43e1892a4cd7f8272da29841
</error>
    <system-out><![CDATA[browser : chrome
2019-03-15 07:35:31,101 [Forwarding newSession on session null to remote] DEBUG org.apache.http.client.protocol.RequestAddCookies - CookieSpec selected: default
2019-03-15 07:35:31,155 [Forwarding newSession on session null to remote] DEBUG org.apache.http.client.protocol.RequestAuthCache - Auth cache not set in the context
2019-03-15 07:35:31,164 [Forwarding newSession on session null to remote] DEBUG org.apache.http.impl.conn.PoolingHttpClientConnectionManager - Connection request: [route: {}->http://localhost:26602][total kept alive: 0; route allocated: 0 of 2000; total allocated: 0 of 2000]
2019-03-15 07:35:31,218 [Forwarding newSession on session null to remote] DEBUG org.apache.http.impl.conn.PoolingHttpClientConnectionManager - Connection leased: [id: 0][route: {}->http://localhost:26602][total kept alive: 0; route allocated: 1 of 2000; total allocated: 1 of 2000]
2019-03-15 07:35:31,226 [Forwarding newSession on session null to remote] DEBUG org.apache.http.impl.execchain.MainClientExec - Opening connection {}->http://localhost:26602
2019-03-15 07:35:31,231 [Forwarding newSession on session null to remote] DEBUG org.apache.http.impl.conn.DefaultHttpClientConnectionOperator - Connecting to localhost/127.0.0.1:26602
2019-03-15 07:35:31,234 [Forwarding newSession on session null to remote] DEBUG org.apache.http.impl.conn.DefaultHttpClientConnectionOperator - Connection established 127.0.0.1:49703<->127.0.0.1:26602
2019-03-15 07:35:31,235 [Forwarding newSession on session null to remote] DEBUG org.apache.http.impl.conn.DefaultManagedHttpClientConnection - http-outgoing-0: set socket timeout to 10800000
2019-03-15 07:35:31,235 [Forwarding newSession on session null to remote] DEBUG org.apache.http.impl.execchain.MainClientExec - Executing request POST /session HTTP/1.1
2019-03-15 07:35:31,236 [Forwarding newSession on session null to remote] DEBUG org.apache.http.impl.execchain.MainClientExec - Target auth state: UNCHALLENGED
2019-03-15 07:35:31,239 [Forwarding newSession on session null to remote] DEBUG org.apache.http.impl.execchain.MainClientExec - Proxy auth state: UNCHALLENGED
2019-03-15 07:35:31,250 [Forwarding newSession on session null to remote] DEBUG org.apache.http.headers - http-outgoing-0 >> POST /session HTTP/1.1
2019-03-15 07:35:31,251 [Forwarding newSession on session null to remote] DEBUG org.apache.http.headers - http-outgoing-0 >> Content-Type: application/json; charset=utf-8
2019-03-15 07:35:31,251 [Forwarding newSession on session null to remote] DEBUG org.apache.http.headers - http-outgoing-0 >> Content-Length: 667
2019-03-15 07:35:31,251 [Forwarding newSession on session null to remote] DEBUG org.apache.http.headers - http-outgoing-0 >> Host: localhost:26602
2019-03-15 07:35:31,252 [Forwarding newSession on session null to remote] DEBUG org.apache.http.headers - http-outgoing-0 >> Connection: Keep-Alive
2019-03-15 07:35:31,252 [Forwarding newSession on session null to remote] DEBUG org.apache.http.headers - http-outgoing-0 >> User-Agent: Apache-HttpClient/4.5.3 (Java/1.8.0_191)
2019-03-15 07:35:31,252 [Forwarding newSession on session null to remote] DEBUG org.apache.http.headers - http-outgoing-0 >> Accept-Encoding: gzip,deflate
2019-03-15 07:35:31,253 [Forwarding newSession on session null to remote] DEBUG org.apache.http.wire - http-outgoing-0 >> "POST /session HTTP/1.1[\r][\n]"
2019-03-15 07:35:31,253 [Forwarding newSession on session null to remote] DEBUG org.apache.http.wire - http-outgoing-0 >> "Content-Type: application/json; charset=utf-8[\r][\n]"
2019-03-15 07:35:31,253 [Forwarding newSession on session null to remote] DEBUG org.apache.http.wire - http-outgoing-0 >> "Content-Length: 667[\r][\n]"
2019-03-15 07:35:31,253 [Forwarding newSession on session null to remote] DEBUG org.apache.http.wire - http-outgoing-0 >> "Host: localhost:26602[\r][\n]"
2019-03-15 07:35:31,253 [Forwarding newSession on session null to remote] DEBUG org.apache.http.wire - http-outgoing-0 >> "Connection: Keep-Alive[\r][\n]"
2019-03-15 07:35:31,254 [Forwarding newSession on session null to remote] DEBUG org.apache.http.wire - http-outgoing-0 >> "User-Agent: Apache-HttpClient/4.5.3 (Java/1.8.0_191)[\r][\n]"
2019-03-15 07:35:31,254 [Forwarding newSession on session null to remote] DEBUG org.apache.http.wire - http-outgoing-0 >> "Accept-Encoding: gzip,deflate[\r][\n]"
2019-03-15 07:35:31,254 [Forwarding newSession on session null to remote] DEBUG org.apache.http.wire - http-outgoing-0 >> "[\r][\n]"
2019-03-15 07:35:31,254 [Forwarding newSession on session null to remote] DEBUG org.apache.http.wire - http-outgoing-0 >> "{[\n]"
2019-03-15 07:35:31,255 [Forwarding newSession on session null to remote] DEBUG org.apache.http.wire - http-outgoing-0 >> "  "desiredCapabilities": {[\n]"
2019-03-15 07:35:31,255 [Forwarding newSession on session null to remote] DEBUG org.apache.http.wire - http-outgoing-0 >> "    "browserName": "chrome",[\n]"
2019-03-15 07:35:31,255 [Forwarding newSession on session null to remote] DEBUG org.apache.http.wire - http-outgoing-0 >> "    "goog:chromeOptions": {[\n]"
2019-03-15 07:35:31,255 [Forwarding newSession on session null to remote] DEBUG org.apache.http.wire - http-outgoing-0 >> "      "args": [[\n]"
2019-03-15 07:35:31,255 [Forwarding newSession on session null to remote] DEBUG org.apache.http.wire - http-outgoing-0 >> "        "start-maximized"[\n]"
2019-03-15 07:35:31,255 [Forwarding newSession on session null to remote] DEBUG org.apache.http.wire - http-outgoing-0 >> "      ],[\n]"
2019-03-15 07:35:31,255 [Forwarding newSession on session null to remote] DEBUG org.apache.http.wire - http-outgoing-0 >> "      "extensions": [][\n]"
2019-03-15 07:35:31,255 [Forwarding newSession on session null to remote] DEBUG org.apache.http.wire - http-outgoing-0 >> "    }[\n]"
2019-03-15 07:35:31,255 [Forwarding newSession on session null to remote] DEBUG org.apache.http.wire - http-outgoing-0 >> "  },[\n]"
2019-03-15 07:35:31,255 [Forwarding newSession on session null to remote] DEBUG org.apache.http.wire - http-outgoing-0 >> "  "requiredCapabilities": {},[\n]"
2019-03-15 07:35:31,256 [Forwarding newSession on session null to remote] DEBUG org.apache.http.wire - http-outgoing-0 >> "  "capabilities": {[\n]"
2019-03-15 07:35:31,256 [Forwarding newSession on session null to remote] DEBUG org.apache.http.wire - http-outgoing-0 >> "    "desiredCapabilities": {[\n]"
2019-03-15 07:35:31,256 [Forwarding newSession on session null to remote] DEBUG org.apache.http.wire - http-outgoing-0 >> "      "browserName": "chrome",[\n]"
2019-03-15 07:35:31,256 [Forwarding newSession on session null to remote] DEBUG org.apache.http.wire - http-outgoing-0 >> "      "goog:chromeOptions": {[\n]"
2019-03-15 07:35:31,256 [Forwarding newSession on session null to remote] DEBUG org.apache.http.wire - http-outgoing-0 >> "        "args": [[\n]"
2019-03-15 07:35:31,256 [Forwarding newSession on session null to remote] DEBUG org.apache.http.wire - http-outgoing-0 >> "          "start-maximized"[\n]"
2019-03-15 07:35:31,257 [Forwarding newSession on session null to remote] DEBUG org.apache.http.wire - http-outgoing-0 >> "        ],[\n]"
2019-03-15 07:35:31,257 [Forwarding newSession on session null to remote] DEBUG org.apache.http.wire - http-outgoing-0 >> "        "extensions": [][\n]"
2019-03-15 07:35:31,257 [Forwarding newSession on session null to remote] DEBUG org.apache.http.wire - http-outgoing-0 >> "      }[\n]"
2019-03-15 07:35:31,257 [Forwarding newSession on session null to remote] DEBUG org.apache.http.wire - http-outgoing-0 >> "    },[\n]"
2019-03-15 07:35:31,258 [Forwarding newSession on session null to remote] DEBUG org.apache.http.wire - http-outgoing-0 >> "    "requiredCapabilities": {},[\n]"
2019-03-15 07:35:31,258 [Forwarding newSession on session null to remote] DEBUG org.apache.http.wire - http-outgoing-0 >> "    "alwaysMatch": {[\n]"
2019-03-15 07:35:31,258 [Forwarding newSession on session null to remote] DEBUG org.apache.http.wire - http-outgoing-0 >> "      "goog:chromeOptions": {[\n]"
2019-03-15 07:35:31,258 [Forwarding newSession on session null to remote] DEBUG org.apache.http.wire - http-outgoing-0 >> "        "args": [[\n]"
2019-03-15 07:35:31,258 [Forwarding newSession on session null to remote] DEBUG org.apache.http.wire - http-outgoing-0 >> "          "start-maximized"[\n]"
2019-03-15 07:35:31,278 [Forwarding newSession on session null to remote] DEBUG org.apache.http.wire - http-outgoing-0 >> "        ],[\n]"
2019-03-15 07:35:31,278 [Forwarding newSession on session null to remote] DEBUG org.apache.http.wire - http-outgoing-0 >> "        "extensions": [][\n]"
2019-03-15 07:35:31,278 [Forwarding newSession on session null to remote] DEBUG org.apache.http.wire - http-outgoing-0 >> "      }[\n]"
2019-03-15 07:35:31,278 [Forwarding newSession on session null to remote] DEBUG org.apache.http.wire - http-outgoing-0 >> "    },[\n]"
2019-03-15 07:35:31,278 [Forwarding newSession on session null to remote] DEBUG org.apache.http.wire - http-outgoing-0 >> "    "firstMatch": [[\n]"
2019-03-15 07:35:31,278 [Forwarding newSession on session null to remote] DEBUG org.apache.http.wire - http-outgoing-0 >> "      {[\n]"
2019-03-15 07:35:31,278 [Forwarding newSession on session null to remote] DEBUG org.apache.http.wire - http-outgoing-0 >> "        "browserName": "chrome"[\n]"
2019-03-15 07:35:31,279 [Forwarding newSession on session null to remote] DEBUG org.apache.http.wire - http-outgoing-0 >> "      }[\n]"
2019-03-15 07:35:31,279 [Forwarding newSession on session null to remote] DEBUG org.apache.http.wire - http-outgoing-0 >> "    ][\n]"
2019-03-15 07:35:31,279 [Forwarding newSession on session null to remote] DEBUG org.apache.http.wire - http-outgoing-0 >> "  }[\n]"
2019-03-15 07:35:31,279 [Forwarding newSession on session null to remote] DEBUG org.apache.http.wire - http-outgoing-0 >> "}"
2019-03-15 07:35:44,691 [Forwarding newSession on session null to remote] DEBUG org.apache.http.wire - http-outgoing-0 << "HTTP/1.1 200 OK[\r][\n]"
2019-03-15 07:35:44,692 [Forwarding newSession on session null to remote] DEBUG org.apache.http.wire - http-outgoing-0 << "Content-Length:997[\r][\n]"
2019-03-15 07:35:44,692 [Forwarding newSession on session null to remote] DEBUG org.apache.http.wire - http-outgoing-0 << "Content-Type:application/json; charset=utf-8[\r][\n]"
2019-03-15 07:35:44,692 [Forwarding newSession on session null to remote] DEBUG org.apache.http.wire - http-outgoing-0 << "[\r][\n]"
2019-03-15 07:35:44,692 [Forwarding newSession on session null to remote] DEBUG org.apache.http.wire - http-outgoing-0 << "{"sessionId":"ebf5bc0b43e1892a4cd7f8272da29841","status":0,"value":{"acceptInsecureCerts":false,"acceptSslCerts":false,"applicationCacheEnabled":false,"browserConnectionEnabled":false,"browserName":"chrome","chrome":{"chromedriverVersion":"2.45.615291 (ec3682e3c9061c10f26ea9e5cdcf3c53f3f74387)","userDataDir":"C:\\Users\\admin\\AppData\\Local\\Temp\\scoped_dir7584_1789"},"cssSelectorsEnabled":true,"databaseEnabled":false,"goog:chromeOptions":{"debuggerAddress":"localhost:49704"},"handlesAlerts":true,"hasTouchScreen":false,"javascriptEnabled":true,"locationContextEnabled":true,"mobileEmulationEnabled":false,"nativeEvents":true,"networkConnectionEnabled":false,"pageLoadStrategy":"normal","platform":"Windows NT","proxy":{},"rotatable":false,"setWindowRect":true,"strictFileInteractability":false,"takesHeapSnapshot":true,"takesScreenshot":true,"timeouts":{"implicit":0,"pageLoad":300000,"script":30000},"unexpectedAlertBehaviour":"ignore","version":"72.0.3626.121","webStorageEnabled":true}}"
2019-03-15 07:35:44,720 [Forwarding newSession on session null to remote] DEBUG org.apache.http.headers - http-outgoing-0 << HTTP/1.1 200 OK
2019-03-15 07:35:44,721 [Forwarding newSession on session null to remote] DEBUG org.apache.http.headers - http-outgoing-0 << Content-Length:997
2019-03-15 07:35:44,721 [Forwarding newSession on session null to remote] DEBUG org.apache.http.headers - http-outgoing-0 << Content-Type:application/json; charset=utf-8
2019-03-15 07:35:44,800 [Forwarding newSession on session null to remote] DEBUG org.apache.http.impl.execchain.MainClientExec - Connection can be kept alive indefinitely
2019-03-15 07:35:44,861 [Forwarding newSession on session null to remote] DEBUG org.apache.http.impl.conn.PoolingHttpClientConnectionManager - Connection [id: 0][route: {}->http://localhost:26602] can be kept alive indefinitely
2019-03-15 07:35:44,862 [Forwarding newSession on session null to remote] DEBUG org.apache.http.impl.conn.PoolingHttpClientConnectionManager - Connection released: [id: 0][route: {}->http://localhost:26602][total kept alive: 1; route allocated: 1 of 2000; total allocated: 1 of 2000]
current envrionment is : preProd
2019-03-15 07:35:45,557 [Forwarding get on session ebf5bc0b43e1892a4cd7f8272da29841 to remote] DEBUG org.apache.http.client.protocol.RequestAddCookies - CookieSpec selected: default
2019-03-15 07:35:45,558 [Forwarding get on session ebf5bc0b43e1892a4cd7f8272da29841 to remote] DEBUG org.apache.http.client.protocol.RequestAuthCache - Auth cache not set in the context
2019-03-15 07:35:45,559 [Forwarding get on session ebf5bc0b43e1892a4cd7f8272da29841 to remote] DEBUG org.apache.http.impl.conn.PoolingHttpClientConnectionManager - Connection request: [route: {}->http://localhost:26602][total kept alive: 1; route allocated: 1 of 2000; total allocated: 1 of 2000]
2019-03-15 07:35:45,560 [Forwarding get on session ebf5bc0b43e1892a4cd7f8272da29841 to remote] DEBUG org.apache.http.impl.conn.PoolingHttpClientConnectionManager - Connection leased: [id: 0][route: {}->http://localhost:26602][total kept alive: 0; route allocated: 1 of 2000; total allocated: 1 of 2000]
2019-03-15 07:35:45,560 [Forwarding get on session ebf5bc0b43e1892a4cd7f8272da29841 to remote] DEBUG org.apache.http.impl.execchain.MainClientExec - Stale connection check
2019-03-15 07:35:45,574 [Forwarding get on session ebf5bc0b43e1892a4cd7f8272da29841 to remote] DEBUG org.apache.http.wire - http-outgoing-0 << "[read] I/O error: Read timed out"
2019-03-15 07:35:45,575 [Forwarding get on session ebf5bc0b43e1892a4cd7f8272da29841 to remote] DEBUG org.apache.http.impl.conn.DefaultManagedHttpClientConnection - http-outgoing-0: set socket timeout to 10800000
2019-03-15 07:35:45,575 [Forwarding get on session ebf5bc0b43e1892a4cd7f8272da29841 to remote] DEBUG org.apache.http.impl.execchain.MainClientExec - Executing request POST /session/ebf5bc0b43e1892a4cd7f8272da29841/url HTTP/1.1
2019-03-15 07:35:45,575 [Forwarding get on session ebf5bc0b43e1892a4cd7f8272da29841 to remote] DEBUG org.apache.http.impl.execchain.MainClientExec - Target auth state: UNCHALLENGED
2019-03-15 07:35:45,575 [Forwarding get on session ebf5bc0b43e1892a4cd7f8272da29841 to remote] DEBUG org.apache.http.impl.execchain.MainClientExec - Proxy auth state: UNCHALLENGED
2019-03-15 07:35:45,577 [Forwarding get on session ebf5bc0b43e1892a4cd7f8272da29841 to remote] DEBUG org.apache.http.headers - http-outgoing-0 >> POST /session/ebf5bc0b43e1892a4cd7f8272da29841/url HTTP/1.1
2019-03-15 07:35:45,577 [Forwarding get on session ebf5bc0b43e1892a4cd7f8272da29841 to remote] DEBUG org.apache.http.headers - http-outgoing-0 >> Content-Type: application/json; charset=utf-8
2019-03-15 07:35:45,579 [Forwarding get on session ebf5bc0b43e1892a4cd7f8272da29841 to remote] DEBUG org.apache.http.headers - http-outgoing-0 >> Content-Length: 522
2019-03-15 07:35:45,579 [Forwarding get on session ebf5bc0b43e1892a4cd7f8272da29841 to remote] DEBUG org.apache.http.headers - http-outgoing-0 >> Host: localhost:26602
2019-03-15 07:35:45,579 [Forwarding get on session ebf5bc0b43e1892a4cd7f8272da29841 to remote] DEBUG org.apache.http.headers - http-outgoing-0 >> Connection: Keep-Alive
2019-03-15 07:35:45,579 [Forwarding get on session ebf5bc0b43e1892a4cd7f8272da29841 to remote] DEBUG org.apache.http.headers - http-outgoing-0 >> User-Agent: Apache-HttpClient/4.5.3 (Java/1.8.0_191)
2019-03-15 07:35:45,579 [Forwarding get on session ebf5bc0b43e1892a4cd7f8272da29841 to remote] DEBUG org.apache.http.headers - http-outgoing-0 >> Accept-Encoding: gzip,deflate
2019-03-15 07:35:45,580 [Forwarding get on session ebf5bc0b43e1892a4cd7f8272da29841 to remote] DEBUG org.apache.http.wire - http-outgoing-0 >> "POST /session/ebf5bc0b43e1892a4cd7f8272da29841/url HTTP/1.1[\r][\n]"
2019-03-15 07:35:45,580 [Forwarding get on session ebf5bc0b43e1892a4cd7f8272da29841 to remote] DEBUG org.apache.http.wire - http-outgoing-0 >> "Content-Type: application/json; charset=utf-8[\r][\n]"
2019-03-15 07:35:45,580 [Forwarding get on session ebf5bc0b43e1892a4cd7f8272da29841 to remote] DEBUG org.apache.http.wire - http-outgoing-0 >> "Content-Length: 522[\r][\n]"
2019-03-15 07:35:45,580 [Forwarding get on session ebf5bc0b43e1892a4cd7f8272da29841 to remote] DEBUG org.apache.http.wire - http-outgoing-0 >> "Host: localhost:26602[\r][\n]"
2019-03-15 07:35:45,580 [Forwarding get on session ebf5bc0b43e1892a4cd7f8272da29841 to remote] DEBUG org.apache.http.wire - http-outgoing-0 >> "Connection: Keep-Alive[\r][\n]"
2019-03-15 07:35:45,580 [Forwarding get on session ebf5bc0b43e1892a4cd7f8272da29841 to remote] DEBUG org.apache.http.wire - http-outgoing-0 >> "User-Agent: Apache-HttpClient/4.5.3 (Java/1.8.0_191)[\r][\n]"
2019-03-15 07:35:45,580 [Forwarding get on session ebf5bc0b43e1892a4cd7f8272da29841 to remote] DEBUG org.apache.http.wire - http-outgoing-0 >> "Accept-Encoding: gzip,deflate[\r][\n]"
2019-03-15 07:35:45,580 [Forwarding get on session ebf5bc0b43e1892a4cd7f8272da29841 to remote] DEBUG org.apache.http.wire - http-outgoing-0 >> "[\r][\n]"
2019-03-15 07:35:45,580 [Forwarding get on session ebf5bc0b43e1892a4cd7f8272da29841 to remote] DEBUG org.apache.http.wire - http-outgoing-0 >> "{"url":"https://www.amazon.in/ap/signin?_encoding=UTF8&ignoreAuthState=1&openid.assoc_handle=inflex&openid.claimed_id=http%3A%2F%2Fspecs.openid.net%2Fauth%2F2.0%2Fidentifier_select&openid.identity=http%3A%2F%2Fspecs.openid.net%2Fauth%2F2.0%2Fidentifier_select&openid.mode=checkid_setup&openid.ns=http%3A%2F%2Fspecs.openid.net%2Fauth%2F2.0&openid.ns.pape=http%3A%2F%2Fspecs.openid.net%2Fextensions%2Fpape%2F1.0&openid.pape.max_auth_age=0&openid.return_to=https%3A%2F%2Fwww.amazon.in%2F%3Fref_%3Dnav_signin&switch_account="}"
2019-03-15 07:35:57,590 [Forwarding get on session ebf5bc0b43e1892a4cd7f8272da29841 to remote] DEBUG org.apache.http.wire - http-outgoing-0 << "HTTP/1.1 200 OK[\r][\n]"
2019-03-15 07:35:57,590 [Forwarding get on session ebf5bc0b43e1892a4cd7f8272da29841 to remote] DEBUG org.apache.http.wire - http-outgoing-0 << "Content-Length:72[\r][\n]"
2019-03-15 07:35:57,590 [Forwarding get on session ebf5bc0b43e1892a4cd7f8272da29841 to remote] DEBUG org.apache.http.wire - http-outgoing-0 << "Content-Type:application/json; charset=utf-8[\r][\n]"
2019-03-15 07:35:57,593 [Forwarding get on session ebf5bc0b43e1892a4cd7f8272da29841 to remote] DEBUG org.apache.http.wire - http-outgoing-0 << "[\r][\n]"
2019-03-15 07:35:57,593 [Forwarding get on session ebf5bc0b43e1892a4cd7f8272da29841 to remote] DEBUG org.apache.http.wire - http-outgoing-0 << "{"sessionId":"ebf5bc0b43e1892a4cd7f8272da29841","status":0,"value":null}"
2019-03-15 07:35:57,594 [Forwarding get on session ebf5bc0b43e1892a4cd7f8272da29841 to remote] DEBUG org.apache.http.headers - http-outgoing-0 << HTTP/1.1 200 OK
2019-03-15 07:35:57,594 [Forwarding get on session ebf5bc0b43e1892a4cd7f8272da29841 to remote] DEBUG org.apache.http.headers - http-outgoing-0 << Content-Length:72
2019-03-15 07:35:57,594 [Forwarding get on session ebf5bc0b43e1892a4cd7f8272da29841 to remote] DEBUG org.apache.http.headers - http-outgoing-0 << Content-Type:application/json; charset=utf-8
2019-03-15 07:35:57,594 [Forwarding get on session ebf5bc0b43e1892a4cd7f8272da29841 to remote] DEBUG org.apache.http.impl.execchain.MainClientExec - Connection can be kept alive indefinitely
2019-03-15 07:35:57,594 [Forwarding get on session ebf5bc0b43e1892a4cd7f8272da29841 to remote] DEBUG org.apache.http.impl.conn.PoolingHttpClientConnectionManager - Connection [id: 0][route: {}->http://localhost:26602] can be kept alive indefinitely
2019-03-15 07:35:57,595 [Forwarding get on session ebf5bc0b43e1892a4cd7f8272da29841 to remote] DEBUG org.apache.http.impl.conn.PoolingHttpClientConnectionManager - Connection released: [id: 0][route: {}->http://localhost:26602][total kept alive: 1; route allocated: 1 of 2000; total allocated: 1 of 2000]
2019-03-15 07:35:57,808 [Forwarding findElement on session ebf5bc0b43e1892a4cd7f8272da29841 to remote] DEBUG org.apache.http.client.protocol.RequestAddCookies - CookieSpec selected: default
2019-03-15 07:35:57,808 [Forwarding findElement on session ebf5bc0b43e1892a4cd7f8272da29841 to remote] DEBUG org.apache.http.client.protocol.RequestAuthCache - Auth cache not set in the context
2019-03-15 07:35:57,808 [Forwarding findElement on session ebf5bc0b43e1892a4cd7f8272da29841 to remote] DEBUG org.apache.http.impl.conn.PoolingHttpClientConnectionManager - Connection request: [route: {}->http://localhost:26602][total kept alive: 1; route allocated: 1 of 2000; total allocated: 1 of 2000]
2019-03-15 07:35:57,808 [Forwarding findElement on session ebf5bc0b43e1892a4cd7f8272da29841 to remote] DEBUG org.apache.http.impl.conn.PoolingHttpClientConnectionManager - Connection leased: [id: 0][route: {}->http://localhost:26602][total kept alive: 0; route allocated: 1 of 2000; total allocated: 1 of 2000]
2019-03-15 07:35:57,808 [Forwarding findElement on session ebf5bc0b43e1892a4cd7f8272da29841 to remote] DEBUG org.apache.http.impl.execchain.MainClientExec - Stale connection check
2019-03-15 07:35:57,810 [Forwarding findElement on session ebf5bc0b43e1892a4cd7f8272da29841 to remote] DEBUG org.apache.http.wire - http-outgoing-0 << "[read] I/O error: Read timed out"
2019-03-15 07:35:57,810 [Forwarding findElement on session ebf5bc0b43e1892a4cd7f8272da29841 to remote] DEBUG org.apache.http.impl.conn.DefaultManagedHttpClientConnection - http-outgoing-0: set socket timeout to 10800000
2019-03-15 07:35:57,810 [Forwarding findElement on session ebf5bc0b43e1892a4cd7f8272da29841 to remote] DEBUG org.apache.http.impl.execchain.MainClientExec - Executing request POST /session/ebf5bc0b43e1892a4cd7f8272da29841/element HTTP/1.1
2019-03-15 07:35:57,810 [Forwarding findElement on session ebf5bc0b43e1892a4cd7f8272da29841 to remote] DEBUG org.apache.http.impl.execchain.MainClientExec - Target auth state: UNCHALLENGED
2019-03-15 07:35:57,810 [Forwarding findElement on session ebf5bc0b43e1892a4cd7f8272da29841 to remote] DEBUG org.apache.http.impl.execchain.MainClientExec - Proxy auth state: UNCHALLENGED
2019-03-15 07:35:57,810 [Forwarding findElement on session ebf5bc0b43e1892a4cd7f8272da29841 to remote] DEBUG org.apache.http.headers - http-outgoing-0 >> POST /session/ebf5bc0b43e1892a4cd7f8272da29841/element HTTP/1.1
2019-03-15 07:35:57,811 [Forwarding findElement on session ebf5bc0b43e1892a4cd7f8272da29841 to remote] DEBUG org.apache.http.headers - http-outgoing-0 >> Content-Type: application/json; charset=utf-8
2019-03-15 07:35:57,811 [Forwarding findElement on session ebf5bc0b43e1892a4cd7f8272da29841 to remote] DEBUG org.apache.http.headers - http-outgoing-0 >> Content-Length: 46
2019-03-15 07:35:57,811 [Forwarding findElement on session ebf5bc0b43e1892a4cd7f8272da29841 to remote] DEBUG org.apache.http.headers - http-outgoing-0 >> Host: localhost:26602
2019-03-15 07:35:57,811 [Forwarding findElement on session ebf5bc0b43e1892a4cd7f8272da29841 to remote] DEBUG org.apache.http.headers - http-outgoing-0 >> Connection: Keep-Alive
2019-03-15 07:35:57,811 [Forwarding findElement on session ebf5bc0b43e1892a4cd7f8272da29841 to remote] DEBUG org.apache.http.headers - http-outgoing-0 >> User-Agent: Apache-HttpClient/4.5.3 (Java/1.8.0_191)
2019-03-15 07:35:57,812 [Forwarding findElement on session ebf5bc0b43e1892a4cd7f8272da29841 to remote] DEBUG org.apache.http.headers - http-outgoing-0 >> Accept-Encoding: gzip,deflate
2019-03-15 07:35:57,813 [Forwarding findElement on session ebf5bc0b43e1892a4cd7f8272da29841 to remote] DEBUG org.apache.http.wire - http-outgoing-0 >> "POST /session/ebf5bc0b43e1892a4cd7f8272da29841/element HTTP/1.1[\r][\n]"
2019-03-15 07:35:57,813 [Forwarding findElement on session ebf5bc0b43e1892a4cd7f8272da29841 to remote] DEBUG org.apache.http.wire - http-outgoing-0 >> "Content-Type: application/json; charset=utf-8[\r][\n]"
2019-03-15 07:35:57,813 [Forwarding findElement on session ebf5bc0b43e1892a4cd7f8272da29841 to remote] DEBUG org.apache.http.wire - http-outgoing-0 >> "Content-Length: 46[\r][\n]"
2019-03-15 07:35:57,813 [Forwarding findElement on session ebf5bc0b43e1892a4cd7f8272da29841 to remote] DEBUG org.apache.http.wire - http-outgoing-0 >> "Host: localhost:26602[\r][\n]"
2019-03-15 07:35:57,813 [Forwarding findElement on session ebf5bc0b43e1892a4cd7f8272da29841 to remote] DEBUG org.apache.http.wire - http-outgoing-0 >> "Connection: Keep-Alive[\r][\n]"
2019-03-15 07:35:57,815 [Forwarding findElement on session ebf5bc0b43e1892a4cd7f8272da29841 to remote] DEBUG org.apache.http.wire - http-outgoing-0 >> "User-Agent: Apache-HttpClient/4.5.3 (Java/1.8.0_191)[\r][\n]"
2019-03-15 07:35:57,815 [Forwarding findElement on session ebf5bc0b43e1892a4cd7f8272da29841 to remote] DEBUG org.apache.http.wire - http-outgoing-0 >> "Accept-Encoding: gzip,deflate[\r][\n]"
2019-03-15 07:35:57,815 [Forwarding findElement on session ebf5bc0b43e1892a4cd7f8272da29841 to remote] DEBUG org.apache.http.wire - http-outgoing-0 >> "[\r][\n]"
2019-03-15 07:35:57,815 [Forwarding findElement on session ebf5bc0b43e1892a4cd7f8272da29841 to remote] DEBUG org.apache.http.wire - http-outgoing-0 >> "{"using":"xpath","value":"//*[@name='email']"}"
2019-03-15 07:35:58,081 [Forwarding findElement on session ebf5bc0b43e1892a4cd7f8272da29841 to remote] DEBUG org.apache.http.wire - http-outgoing-0 << "HTTP/1.1 200 OK[\r][\n]"
2019-03-15 07:35:58,082 [Forwarding findElement on session ebf5bc0b43e1892a4cd7f8272da29841 to remote] DEBUG org.apache.http.wire - http-outgoing-0 << "Content-Length:102[\r][\n]"
2019-03-15 07:35:58,082 [Forwarding findElement on session ebf5bc0b43e1892a4cd7f8272da29841 to remote] DEBUG org.apache.http.wire - http-outgoing-0 << "Content-Type:application/json; charset=utf-8[\r][\n]"
2019-03-15 07:35:58,082 [Forwarding findElement on session ebf5bc0b43e1892a4cd7f8272da29841 to remote] DEBUG org.apache.http.wire - http-outgoing-0 << "[\r][\n]"
2019-03-15 07:35:58,082 [Forwarding findElement on session ebf5bc0b43e1892a4cd7f8272da29841 to remote] DEBUG org.apache.http.wire - http-outgoing-0 << "{"sessionId":"ebf5bc0b43e1892a4cd7f8272da29841","status":0,"value":{"ELEMENT":"0.5773009465583292-1"}}"
2019-03-15 07:35:58,083 [Forwarding findElement on session ebf5bc0b43e1892a4cd7f8272da29841 to remote] DEBUG org.apache.http.headers - http-outgoing-0 << HTTP/1.1 200 OK
2019-03-15 07:35:58,083 [Forwarding findElement on session ebf5bc0b43e1892a4cd7f8272da29841 to remote] DEBUG org.apache.http.headers - http-outgoing-0 << Content-Length:102
2019-03-15 07:35:58,083 [Forwarding findElement on session ebf5bc0b43e1892a4cd7f8272da29841 to remote] DEBUG org.apache.http.headers - http-outgoing-0 << Content-Type:application/json; charset=utf-8
2019-03-15 07:35:58,084 [Forwarding findElement on session ebf5bc0b43e1892a4cd7f8272da29841 to remote] DEBUG org.apache.http.impl.execchain.MainClientExec - Connection can be kept alive indefinitely
2019-03-15 07:35:58,084 [Forwarding findElement on session ebf5bc0b43e1892a4cd7f8272da29841 to remote] DEBUG org.apache.http.impl.conn.PoolingHttpClientConnectionManager - Connection [id: 0][route: {}->http://localhost:26602] can be kept alive indefinitely
2019-03-15 07:35:58,084 [Forwarding findElement on session ebf5bc0b43e1892a4cd7f8272da29841 to remote] DEBUG org.apache.http.impl.conn.PoolingHttpClientConnectionManager - Connection released: [id: 0][route: {}->http://localhost:26602][total kept alive: 1; route allocated: 1 of 2000; total allocated: 1 of 2000]
2019-03-15 07:35:58,125 [Forwarding sendKeysToElement on session ebf5bc0b43e1892a4cd7f8272da29841 to remote] DEBUG org.apache.http.client.protocol.RequestAddCookies - CookieSpec selected: default
2019-03-15 07:35:58,125 [Forwarding sendKeysToElement on session ebf5bc0b43e1892a4cd7f8272da29841 to remote] DEBUG org.apache.http.client.protocol.RequestAuthCache - Auth cache not set in the context
2019-03-15 07:35:58,125 [Forwarding sendKeysToElement on session ebf5bc0b43e1892a4cd7f8272da29841 to remote] DEBUG org.apache.http.impl.conn.PoolingHttpClientConnectionManager - Connection request: [route: {}->http://localhost:26602][total kept alive: 1; route allocated: 1 of 2000; total allocated: 1 of 2000]
2019-03-15 07:35:58,125 [Forwarding sendKeysToElement on session ebf5bc0b43e1892a4cd7f8272da29841 to remote] DEBUG org.apache.http.impl.conn.PoolingHttpClientConnectionManager - Connection leased: [id: 0][route: {}->http://localhost:26602][total kept alive: 0; route allocated: 1 of 2000; total allocated: 1 of 2000]
2019-03-15 07:35:58,125 [Forwarding sendKeysToElement on session ebf5bc0b43e1892a4cd7f8272da29841 to remote] DEBUG org.apache.http.impl.execchain.MainClientExec - Stale connection check
2019-03-15 07:35:58,127 [Forwarding sendKeysToElement on session ebf5bc0b43e1892a4cd7f8272da29841 to remote] DEBUG org.apache.http.wire - http-outgoing-0 << "[read] I/O error: Read timed out"
2019-03-15 07:35:58,127 [Forwarding sendKeysToElement on session ebf5bc0b43e1892a4cd7f8272da29841 to remote] DEBUG org.apache.http.impl.conn.DefaultManagedHttpClientConnection - http-outgoing-0: set socket timeout to 10800000
2019-03-15 07:35:58,127 [Forwarding sendKeysToElement on session ebf5bc0b43e1892a4cd7f8272da29841 to remote] DEBUG org.apache.http.impl.execchain.MainClientExec - Executing request POST /session/ebf5bc0b43e1892a4cd7f8272da29841/element/0.5773009465583292-1/value HTTP/1.1
2019-03-15 07:35:58,127 [Forwarding sendKeysToElement on session ebf5bc0b43e1892a4cd7f8272da29841 to remote] DEBUG org.apache.http.impl.execchain.MainClientExec - Target auth state: UNCHALLENGED
2019-03-15 07:35:58,128 [Forwarding sendKeysToElement on session ebf5bc0b43e1892a4cd7f8272da29841 to remote] DEBUG org.apache.http.impl.execchain.MainClientExec - Proxy auth state: UNCHALLENGED
2019-03-15 07:35:58,128 [Forwarding sendKeysToElement on session ebf5bc0b43e1892a4cd7f8272da29841 to remote] DEBUG org.apache.http.headers - http-outgoing-0 >> POST /session/ebf5bc0b43e1892a4cd7f8272da29841/element/0.5773009465583292-1/value HTTP/1.1
2019-03-15 07:35:58,128 [Forwarding sendKeysToElement on session ebf5bc0b43e1892a4cd7f8272da29841 to remote] DEBUG org.apache.http.headers - http-outgoing-0 >> Content-Type: application/json; charset=utf-8
2019-03-15 07:35:58,128 [Forwarding sendKeysToElement on session ebf5bc0b43e1892a4cd7f8272da29841 to remote] DEBUG org.apache.http.headers - http-outgoing-0 >> Content-Length: 51
2019-03-15 07:35:58,128 [Forwarding sendKeysToElement on session ebf5bc0b43e1892a4cd7f8272da29841 to remote] DEBUG org.apache.http.headers - http-outgoing-0 >> Host: localhost:26602
2019-03-15 07:35:58,128 [Forwarding sendKeysToElement on session ebf5bc0b43e1892a4cd7f8272da29841 to remote] DEBUG org.apache.http.headers - http-outgoing-0 >> Connection: Keep-Alive
2019-03-15 07:35:58,129 [Forwarding sendKeysToElement on session ebf5bc0b43e1892a4cd7f8272da29841 to remote] DEBUG org.apache.http.headers - http-outgoing-0 >> User-Agent: Apache-HttpClient/4.5.3 (Java/1.8.0_191)
2019-03-15 07:35:58,129 [Forwarding sendKeysToElement on session ebf5bc0b43e1892a4cd7f8272da29841 to remote] DEBUG org.apache.http.headers - http-outgoing-0 >> Accept-Encoding: gzip,deflate
2019-03-15 07:35:58,129 [Forwarding sendKeysToElement on session ebf5bc0b43e1892a4cd7f8272da29841 to remote] DEBUG org.apache.http.wire - http-outgoing-0 >> "POST /session/ebf5bc0b43e1892a4cd7f8272da29841/element/0.5773009465583292-1/value HTTP/1.1[\r][\n]"
2019-03-15 07:35:58,129 [Forwarding sendKeysToElement on session ebf5bc0b43e1892a4cd7f8272da29841 to remote] DEBUG org.apache.http.wire - http-outgoing-0 >> "Content-Type: application/json; charset=utf-8[\r][\n]"
2019-03-15 07:35:58,129 [Forwarding sendKeysToElement on session ebf5bc0b43e1892a4cd7f8272da29841 to remote] DEBUG org.apache.http.wire - http-outgoing-0 >> "Content-Length: 51[\r][\n]"
2019-03-15 07:35:58,129 [Forwarding sendKeysToElement on session ebf5bc0b43e1892a4cd7f8272da29841 to remote] DEBUG org.apache.http.wire - http-outgoing-0 >> "Host: localhost:26602[\r][\n]"
2019-03-15 07:35:58,129 [Forwarding sendKeysToElement on session ebf5bc0b43e1892a4cd7f8272da29841 to remote] DEBUG org.apache.http.wire - http-outgoing-0 >> "Connection: Keep-Alive[\r][\n]"
2019-03-15 07:35:58,129 [Forwarding sendKeysToElement on session ebf5bc0b43e1892a4cd7f8272da29841 to remote] DEBUG org.apache.http.wire - http-outgoing-0 >> "User-Agent: Apache-HttpClient/4.5.3 (Java/1.8.0_191)[\r][\n]"
2019-03-15 07:35:58,129 [Forwarding sendKeysToElement on session ebf5bc0b43e1892a4cd7f8272da29841 to remote] DEBUG org.apache.http.wire - http-outgoing-0 >> "Accept-Encoding: gzip,deflate[\r][\n]"
2019-03-15 07:35:58,129 [Forwarding sendKeysToElement on session ebf5bc0b43e1892a4cd7f8272da29841 to remote] DEBUG org.apache.http.wire - http-outgoing-0 >> "[\r][\n]"
2019-03-15 07:35:58,129 [Forwarding sendKeysToElement on session ebf5bc0b43e1892a4cd7f8272da29841 to remote] DEBUG org.apache.http.wire - http-outgoing-0 >> "{"id":"0.5773009465583292-1","value":["username1"]}"
2019-03-15 07:35:58,477 [Forwarding sendKeysToElement on session ebf5bc0b43e1892a4cd7f8272da29841 to remote] DEBUG org.apache.http.wire - http-outgoing-0 << "HTTP/1.1 200 OK[\r][\n]"
2019-03-15 07:35:58,477 [Forwarding sendKeysToElement on session ebf5bc0b43e1892a4cd7f8272da29841 to remote] DEBUG org.apache.http.wire - http-outgoing-0 << "Content-Length:72[\r][\n]"
2019-03-15 07:35:58,478 [Forwarding sendKeysToElement on session ebf5bc0b43e1892a4cd7f8272da29841 to remote] DEBUG org.apache.http.wire - http-outgoing-0 << "Content-Type:application/json; charset=utf-8[\r][\n]"
2019-03-15 07:35:58,478 [Forwarding sendKeysToElement on session ebf5bc0b43e1892a4cd7f8272da29841 to remote] DEBUG org.apache.http.wire - http-outgoing-0 << "[\r][\n]"
2019-03-15 07:35:58,478 [Forwarding sendKeysToElement on session ebf5bc0b43e1892a4cd7f8272da29841 to remote] DEBUG org.apache.http.wire - http-outgoing-0 << "{"sessionId":"ebf5bc0b43e1892a4cd7f8272da29841","status":0,"value":null}"
2019-03-15 07:35:58,478 [Forwarding sendKeysToElement on session ebf5bc0b43e1892a4cd7f8272da29841 to remote] DEBUG org.apache.http.headers - http-outgoing-0 << HTTP/1.1 200 OK
2019-03-15 07:35:58,478 [Forwarding sendKeysToElement on session ebf5bc0b43e1892a4cd7f8272da29841 to remote] DEBUG org.apache.http.headers - http-outgoing-0 << Content-Length:72
2019-03-15 07:35:58,478 [Forwarding sendKeysToElement on session ebf5bc0b43e1892a4cd7f8272da29841 to remote] DEBUG org.apache.http.headers - http-outgoing-0 << Content-Type:application/json; charset=utf-8
2019-03-15 07:35:58,480 [Forwarding sendKeysToElement on session ebf5bc0b43e1892a4cd7f8272da29841 to remote] DEBUG org.apache.http.impl.execchain.MainClientExec - Connection can be kept alive indefinitely
2019-03-15 07:35:58,480 [Forwarding sendKeysToElement on session ebf5bc0b43e1892a4cd7f8272da29841 to remote] DEBUG org.apache.http.impl.conn.PoolingHttpClientConnectionManager - Connection [id: 0][route: {}->http://localhost:26602] can be kept alive indefinitely
2019-03-15 07:35:58,481 [Forwarding sendKeysToElement on session ebf5bc0b43e1892a4cd7f8272da29841 to remote] DEBUG org.apache.http.impl.conn.PoolingHttpClientConnectionManager - Connection released: [id: 0][route: {}->http://localhost:26602][total kept alive: 1; route allocated: 1 of 2000; total allocated: 1 of 2000]
2019-03-15 07:35:58,485 [Forwarding findElement on session ebf5bc0b43e1892a4cd7f8272da29841 to remote] DEBUG org.apache.http.client.protocol.RequestAddCookies - CookieSpec selected: default
2019-03-15 07:35:58,485 [Forwarding findElement on session ebf5bc0b43e1892a4cd7f8272da29841 to remote] DEBUG org.apache.http.client.protocol.RequestAuthCache - Auth cache not set in the context
2019-03-15 07:35:58,485 [Forwarding findElement on session ebf5bc0b43e1892a4cd7f8272da29841 to remote] DEBUG org.apache.http.impl.conn.PoolingHttpClientConnectionManager - Connection request: [route: {}->http://localhost:26602][total kept alive: 1; route allocated: 1 of 2000; total allocated: 1 of 2000]
2019-03-15 07:35:58,485 [Forwarding findElement on session ebf5bc0b43e1892a4cd7f8272da29841 to remote] DEBUG org.apache.http.impl.conn.PoolingHttpClientConnectionManager - Connection leased: [id: 0][route: {}->http://localhost:26602][total kept alive: 0; route allocated: 1 of 2000; total allocated: 1 of 2000]
2019-03-15 07:35:58,485 [Forwarding findElement on session ebf5bc0b43e1892a4cd7f8272da29841 to remote] DEBUG org.apache.http.impl.execchain.MainClientExec - Stale connection check
2019-03-15 07:35:58,487 [Forwarding findElement on session ebf5bc0b43e1892a4cd7f8272da29841 to remote] DEBUG org.apache.http.wire - http-outgoing-0 << "[read] I/O error: Read timed out"
2019-03-15 07:35:58,487 [Forwarding findElement on session ebf5bc0b43e1892a4cd7f8272da29841 to remote] DEBUG org.apache.http.impl.conn.DefaultManagedHttpClientConnection - http-outgoing-0: set socket timeout to 10800000
2019-03-15 07:35:58,487 [Forwarding findElement on session ebf5bc0b43e1892a4cd7f8272da29841 to remote] DEBUG org.apache.http.impl.execchain.MainClientExec - Executing request POST /session/ebf5bc0b43e1892a4cd7f8272da29841/element HTTP/1.1
2019-03-15 07:35:58,487 [Forwarding findElement on session ebf5bc0b43e1892a4cd7f8272da29841 to remote] DEBUG org.apache.http.impl.execchain.MainClientExec - Target auth state: UNCHALLENGED
2019-03-15 07:35:58,487 [Forwarding findElement on session ebf5bc0b43e1892a4cd7f8272da29841 to remote] DEBUG org.apache.http.impl.execchain.MainClientExec - Proxy auth state: UNCHALLENGED
2019-03-15 07:35:58,487 [Forwarding findElement on session ebf5bc0b43e1892a4cd7f8272da29841 to remote] DEBUG org.apache.http.headers - http-outgoing-0 >> POST /session/ebf5bc0b43e1892a4cd7f8272da29841/element HTTP/1.1
2019-03-15 07:35:58,487 [Forwarding findElement on session ebf5bc0b43e1892a4cd7f8272da29841 to remote] DEBUG org.apache.http.headers - http-outgoing-0 >> Content-Type: application/json; charset=utf-8
2019-03-15 07:35:58,488 [Forwarding findElement on session ebf5bc0b43e1892a4cd7f8272da29841 to remote] DEBUG org.apache.http.headers - http-outgoing-0 >> Content-Length: 47
2019-03-15 07:35:58,488 [Forwarding findElement on session ebf5bc0b43e1892a4cd7f8272da29841 to remote] DEBUG org.apache.http.headers - http-outgoing-0 >> Host: localhost:26602
2019-03-15 07:35:58,488 [Forwarding findElement on session ebf5bc0b43e1892a4cd7f8272da29841 to remote] DEBUG org.apache.http.headers - http-outgoing-0 >> Connection: Keep-Alive
2019-03-15 07:35:58,488 [Forwarding findElement on session ebf5bc0b43e1892a4cd7f8272da29841 to remote] DEBUG org.apache.http.headers - http-outgoing-0 >> User-Agent: Apache-HttpClient/4.5.3 (Java/1.8.0_191)
2019-03-15 07:35:58,488 [Forwarding findElement on session ebf5bc0b43e1892a4cd7f8272da29841 to remote] DEBUG org.apache.http.headers - http-outgoing-0 >> Accept-Encoding: gzip,deflate
2019-03-15 07:35:58,488 [Forwarding findElement on session ebf5bc0b43e1892a4cd7f8272da29841 to remote] DEBUG org.apache.http.wire - http-outgoing-0 >> "POST /session/ebf5bc0b43e1892a4cd7f8272da29841/element HTTP/1.1[\r][\n]"
2019-03-15 07:35:58,488 [Forwarding findElement on session ebf5bc0b43e1892a4cd7f8272da29841 to remote] DEBUG org.apache.http.wire - http-outgoing-0 >> "Content-Type: application/json; charset=utf-8[\r][\n]"
2019-03-15 07:35:58,488 [Forwarding findElement on session ebf5bc0b43e1892a4cd7f8272da29841 to remote] DEBUG org.apache.http.wire - http-outgoing-0 >> "Content-Length: 47[\r][\n]"
2019-03-15 07:35:58,488 [Forwarding findElement on session ebf5bc0b43e1892a4cd7f8272da29841 to remote] DEBUG org.apache.http.wire - http-outgoing-0 >> "Host: localhost:26602[\r][\n]"
2019-03-15 07:35:58,488 [Forwarding findElement on session ebf5bc0b43e1892a4cd7f8272da29841 to remote] DEBUG org.apache.http.wire - http-outgoing-0 >> "Connection: Keep-Alive[\r][\n]"
2019-03-15 07:35:58,488 [Forwarding findElement on session ebf5bc0b43e1892a4cd7f8272da29841 to remote] DEBUG org.apache.http.wire - http-outgoing-0 >> "User-Agent: Apache-HttpClient/4.5.3 (Java/1.8.0_191)[\r][\n]"
2019-03-15 07:35:58,488 [Forwarding findElement on session ebf5bc0b43e1892a4cd7f8272da29841 to remote] DEBUG org.apache.http.wire - http-outgoing-0 >> "Accept-Encoding: gzip,deflate[\r][\n]"
2019-03-15 07:35:58,488 [Forwarding findElement on session ebf5bc0b43e1892a4cd7f8272da29841 to remote] DEBUG org.apache.http.wire - http-outgoing-0 >> "[\r][\n]"
2019-03-15 07:35:58,488 [Forwarding findElement on session ebf5bc0b43e1892a4cd7f8272da29841 to remote] DEBUG org.apache.http.wire - http-outgoing-0 >> "{"using":"xpath","value":"//*[@id='continue']"}"
2019-03-15 07:35:58,620 [Forwarding findElement on session ebf5bc0b43e1892a4cd7f8272da29841 to remote] DEBUG org.apache.http.wire - http-outgoing-0 << "HTTP/1.1 200 OK[\r][\n]"
2019-03-15 07:35:58,620 [Forwarding findElement on session ebf5bc0b43e1892a4cd7f8272da29841 to remote] DEBUG org.apache.http.wire - http-outgoing-0 << "Content-Length:102[\r][\n]"
2019-03-15 07:35:58,621 [Forwarding findElement on session ebf5bc0b43e1892a4cd7f8272da29841 to remote] DEBUG org.apache.http.wire - http-outgoing-0 << "Content-Type:application/json; charset=utf-8[\r][\n]"
2019-03-15 07:35:58,621 [Forwarding findElement on session ebf5bc0b43e1892a4cd7f8272da29841 to remote] DEBUG org.apache.http.wire - http-outgoing-0 << "[\r][\n]"
2019-03-15 07:35:58,621 [Forwarding findElement on session ebf5bc0b43e1892a4cd7f8272da29841 to remote] DEBUG org.apache.http.wire - http-outgoing-0 << "{"sessionId":"ebf5bc0b43e1892a4cd7f8272da29841","status":0,"value":{"ELEMENT":"0.5773009465583292-2"}}"
2019-03-15 07:35:58,621 [Forwarding findElement on session ebf5bc0b43e1892a4cd7f8272da29841 to remote] DEBUG org.apache.http.headers - http-outgoing-0 << HTTP/1.1 200 OK
2019-03-15 07:35:58,621 [Forwarding findElement on session ebf5bc0b43e1892a4cd7f8272da29841 to remote] DEBUG org.apache.http.headers - http-outgoing-0 << Content-Length:102
2019-03-15 07:35:58,622 [Forwarding findElement on session ebf5bc0b43e1892a4cd7f8272da29841 to remote] DEBUG org.apache.http.headers - http-outgoing-0 << Content-Type:application/json; charset=utf-8
2019-03-15 07:35:58,622 [Forwarding findElement on session ebf5bc0b43e1892a4cd7f8272da29841 to remote] DEBUG org.apache.http.impl.execchain.MainClientExec - Connection can be kept alive indefinitely
2019-03-15 07:35:58,623 [Forwarding findElement on session ebf5bc0b43e1892a4cd7f8272da29841 to remote] DEBUG org.apache.http.impl.conn.PoolingHttpClientConnectionManager - Connection [id: 0][route: {}->http://localhost:26602] can be kept alive indefinitely
2019-03-15 07:35:58,623 [Forwarding findElement on session ebf5bc0b43e1892a4cd7f8272da29841 to remote] DEBUG org.apache.http.impl.conn.PoolingHttpClientConnectionManager - Connection released: [id: 0][route: {}->http://localhost:26602][total kept alive: 1; route allocated: 1 of 2000; total allocated: 1 of 2000]
2019-03-15 07:35:58,626 [Forwarding clickElement on session ebf5bc0b43e1892a4cd7f8272da29841 to remote] DEBUG org.apache.http.client.protocol.RequestAddCookies - CookieSpec selected: default
2019-03-15 07:35:58,626 [Forwarding clickElement on session ebf5bc0b43e1892a4cd7f8272da29841 to remote] DEBUG org.apache.http.client.protocol.RequestAuthCache - Auth cache not set in the context
2019-03-15 07:35:58,626 [Forwarding clickElement on session ebf5bc0b43e1892a4cd7f8272da29841 to remote] DEBUG org.apache.http.impl.conn.PoolingHttpClientConnectionManager - Connection request: [route: {}->http://localhost:26602][total kept alive: 1; route allocated: 1 of 2000; total allocated: 1 of 2000]
2019-03-15 07:35:58,627 [Forwarding clickElement on session ebf5bc0b43e1892a4cd7f8272da29841 to remote] DEBUG org.apache.http.impl.conn.PoolingHttpClientConnectionManager - Connection leased: [id: 0][route: {}->http://localhost:26602][total kept alive: 0; route allocated: 1 of 2000; total allocated: 1 of 2000]
2019-03-15 07:35:58,627 [Forwarding clickElement on session ebf5bc0b43e1892a4cd7f8272da29841 to remote] DEBUG org.apache.http.impl.execchain.MainClientExec - Stale connection check
2019-03-15 07:35:58,628 [Forwarding clickElement on session ebf5bc0b43e1892a4cd7f8272da29841 to remote] DEBUG org.apache.http.wire - http-outgoing-0 << "[read] I/O error: Read timed out"
2019-03-15 07:35:58,628 [Forwarding clickElement on session ebf5bc0b43e1892a4cd7f8272da29841 to remote] DEBUG org.apache.http.impl.conn.DefaultManagedHttpClientConnection - http-outgoing-0: set socket timeout to 10800000
2019-03-15 07:35:58,628 [Forwarding clickElement on session ebf5bc0b43e1892a4cd7f8272da29841 to remote] DEBUG org.apache.http.impl.execchain.MainClientExec - Executing request POST /session/ebf5bc0b43e1892a4cd7f8272da29841/element/0.5773009465583292-2/click HTTP/1.1
2019-03-15 07:35:58,628 [Forwarding clickElement on session ebf5bc0b43e1892a4cd7f8272da29841 to remote] DEBUG org.apache.http.impl.execchain.MainClientExec - Target auth state: UNCHALLENGED
2019-03-15 07:35:58,628 [Forwarding clickElement on session ebf5bc0b43e1892a4cd7f8272da29841 to remote] DEBUG org.apache.http.impl.execchain.MainClientExec - Proxy auth state: UNCHALLENGED
2019-03-15 07:35:58,629 [Forwarding clickElement on session ebf5bc0b43e1892a4cd7f8272da29841 to remote] DEBUG org.apache.http.headers - http-outgoing-0 >> POST /session/ebf5bc0b43e1892a4cd7f8272da29841/element/0.5773009465583292-2/click HTTP/1.1
2019-03-15 07:35:58,629 [Forwarding clickElement on session ebf5bc0b43e1892a4cd7f8272da29841 to remote] DEBUG org.apache.http.headers - http-outgoing-0 >> Content-Type: application/json; charset=utf-8
2019-03-15 07:35:58,629 [Forwarding clickElement on session ebf5bc0b43e1892a4cd7f8272da29841 to remote] DEBUG org.apache.http.headers - http-outgoing-0 >> Content-Length: 29
2019-03-15 07:35:58,629 [Forwarding clickElement on session ebf5bc0b43e1892a4cd7f8272da29841 to remote] DEBUG org.apache.http.headers - http-outgoing-0 >> Host: localhost:26602
2019-03-15 07:35:58,629 [Forwarding clickElement on session ebf5bc0b43e1892a4cd7f8272da29841 to remote] DEBUG org.apache.http.headers - http-outgoing-0 >> Connection: Keep-Alive
2019-03-15 07:35:58,629 [Forwarding clickElement on session ebf5bc0b43e1892a4cd7f8272da29841 to remote] DEBUG org.apache.http.headers - http-outgoing-0 >> User-Agent: Apache-HttpClient/4.5.3 (Java/1.8.0_191)
2019-03-15 07:35:58,629 [Forwarding clickElement on session ebf5bc0b43e1892a4cd7f8272da29841 to remote] DEBUG org.apache.http.headers - http-outgoing-0 >> Accept-Encoding: gzip,deflate
2019-03-15 07:35:58,629 [Forwarding clickElement on session ebf5bc0b43e1892a4cd7f8272da29841 to remote] DEBUG org.apache.http.wire - http-outgoing-0 >> "POST /session/ebf5bc0b43e1892a4cd7f8272da29841/element/0.5773009465583292-2/click HTTP/1.1[\r][\n]"
2019-03-15 07:35:58,629 [Forwarding clickElement on session ebf5bc0b43e1892a4cd7f8272da29841 to remote] DEBUG org.apache.http.wire - http-outgoing-0 >> "Content-Type: application/json; charset=utf-8[\r][\n]"
2019-03-15 07:35:58,629 [Forwarding clickElement on session ebf5bc0b43e1892a4cd7f8272da29841 to remote] DEBUG org.apache.http.wire - http-outgoing-0 >> "Content-Length: 29[\r][\n]"
2019-03-15 07:35:58,629 [Forwarding clickElement on session ebf5bc0b43e1892a4cd7f8272da29841 to remote] DEBUG org.apache.http.wire - http-outgoing-0 >> "Host: localhost:26602[\r][\n]"
2019-03-15 07:35:58,629 [Forwarding clickElement on session ebf5bc0b43e1892a4cd7f8272da29841 to remote] DEBUG org.apache.http.wire - http-outgoing-0 >> "Connection: Keep-Alive[\r][\n]"
2019-03-15 07:35:58,630 [Forwarding clickElement on session ebf5bc0b43e1892a4cd7f8272da29841 to remote] DEBUG org.apache.http.wire - http-outgoing-0 >> "User-Agent: Apache-HttpClient/4.5.3 (Java/1.8.0_191)[\r][\n]"
2019-03-15 07:35:58,630 [Forwarding clickElement on session ebf5bc0b43e1892a4cd7f8272da29841 to remote] DEBUG org.apache.http.wire - http-outgoing-0 >> "Accept-Encoding: gzip,deflate[\r][\n]"
2019-03-15 07:35:58,630 [Forwarding clickElement on session ebf5bc0b43e1892a4cd7f8272da29841 to remote] DEBUG org.apache.http.wire - http-outgoing-0 >> "[\r][\n]"
2019-03-15 07:35:58,630 [Forwarding clickElement on session ebf5bc0b43e1892a4cd7f8272da29841 to remote] DEBUG org.apache.http.wire - http-outgoing-0 >> "{"id":"0.5773009465583292-2"}"
2019-03-15 07:36:00,709 [Forwarding clickElement on session ebf5bc0b43e1892a4cd7f8272da29841 to remote] DEBUG org.apache.http.wire - http-outgoing-0 << "HTTP/1.1 200 OK[\r][\n]"
2019-03-15 07:36:00,709 [Forwarding clickElement on session ebf5bc0b43e1892a4cd7f8272da29841 to remote] DEBUG org.apache.http.wire - http-outgoing-0 << "Content-Length:72[\r][\n]"
2019-03-15 07:36:00,710 [Forwarding clickElement on session ebf5bc0b43e1892a4cd7f8272da29841 to remote] DEBUG org.apache.http.wire - http-outgoing-0 << "Content-Type:application/json; charset=utf-8[\r][\n]"
2019-03-15 07:36:00,710 [Forwarding clickElement on session ebf5bc0b43e1892a4cd7f8272da29841 to remote] DEBUG org.apache.http.wire - http-outgoing-0 << "[\r][\n]"
2019-03-15 07:36:00,710 [Forwarding clickElement on session ebf5bc0b43e1892a4cd7f8272da29841 to remote] DEBUG org.apache.http.wire - http-outgoing-0 << "{"sessionId":"ebf5bc0b43e1892a4cd7f8272da29841","status":0,"value":null}"
2019-03-15 07:36:00,710 [Forwarding clickElement on session ebf5bc0b43e1892a4cd7f8272da29841 to remote] DEBUG org.apache.http.headers - http-outgoing-0 << HTTP/1.1 200 OK
2019-03-15 07:36:00,713 [Forwarding clickElement on session ebf5bc0b43e1892a4cd7f8272da29841 to remote] DEBUG org.apache.http.headers - http-outgoing-0 << Content-Length:72
2019-03-15 07:36:00,716 [Forwarding clickElement on session ebf5bc0b43e1892a4cd7f8272da29841 to remote] DEBUG org.apache.http.headers - http-outgoing-0 << Content-Type:application/json; charset=utf-8
2019-03-15 07:36:00,723 [Forwarding clickElement on session ebf5bc0b43e1892a4cd7f8272da29841 to remote] DEBUG org.apache.http.impl.execchain.MainClientExec - Connection can be kept alive indefinitely
2019-03-15 07:36:00,723 [Forwarding clickElement on session ebf5bc0b43e1892a4cd7f8272da29841 to remote] DEBUG org.apache.http.impl.conn.PoolingHttpClientConnectionManager - Connection [id: 0][route: {}->http://localhost:26602] can be kept alive indefinitely
2019-03-15 07:36:00,724 [Forwarding clickElement on session ebf5bc0b43e1892a4cd7f8272da29841 to remote] DEBUG org.apache.http.impl.conn.PoolingHttpClientConnectionManager - Connection released: [id: 0][route: {}->http://localhost:26602][total kept alive: 1; route allocated: 1 of 2000; total allocated: 1 of 2000]
2019-03-15 07:36:00,746 [Forwarding findElement on session ebf5bc0b43e1892a4cd7f8272da29841 to remote] DEBUG org.apache.http.client.protocol.RequestAddCookies - CookieSpec selected: default
2019-03-15 07:36:00,746 [Forwarding findElement on session ebf5bc0b43e1892a4cd7f8272da29841 to remote] DEBUG org.apache.http.client.protocol.RequestAuthCache - Auth cache not set in the context
2019-03-15 07:36:00,746 [Forwarding findElement on session ebf5bc0b43e1892a4cd7f8272da29841 to remote] DEBUG org.apache.http.impl.conn.PoolingHttpClientConnectionManager - Connection request: [route: {}->http://localhost:26602][total kept alive: 1; route allocated: 1 of 2000; total allocated: 1 of 2000]
2019-03-15 07:36:00,746 [Forwarding findElement on session ebf5bc0b43e1892a4cd7f8272da29841 to remote] DEBUG org.apache.http.impl.conn.PoolingHttpClientConnectionManager - Connection leased: [id: 0][route: {}->http://localhost:26602][total kept alive: 0; route allocated: 1 of 2000; total allocated: 1 of 2000]
2019-03-15 07:36:00,746 [Forwarding findElement on session ebf5bc0b43e1892a4cd7f8272da29841 to remote] DEBUG org.apache.http.impl.execchain.MainClientExec - Stale connection check
2019-03-15 07:36:00,747 [Forwarding findElement on session ebf5bc0b43e1892a4cd7f8272da29841 to remote] DEBUG org.apache.http.wire - http-outgoing-0 << "[read] I/O error: Read timed out"
2019-03-15 07:36:00,747 [Forwarding findElement on session ebf5bc0b43e1892a4cd7f8272da29841 to remote] DEBUG org.apache.http.impl.conn.DefaultManagedHttpClientConnection - http-outgoing-0: set socket timeout to 10800000
2019-03-15 07:36:00,747 [Forwarding findElement on session ebf5bc0b43e1892a4cd7f8272da29841 to remote] DEBUG org.apache.http.impl.execchain.MainClientExec - Executing request POST /session/ebf5bc0b43e1892a4cd7f8272da29841/element HTTP/1.1
2019-03-15 07:36:00,747 [Forwarding findElement on session ebf5bc0b43e1892a4cd7f8272da29841 to remote] DEBUG org.apache.http.impl.execchain.MainClientExec - Target auth state: UNCHALLENGED
2019-03-15 07:36:00,747 [Forwarding findElement on session ebf5bc0b43e1892a4cd7f8272da29841 to remote] DEBUG org.apache.http.impl.execchain.MainClientExec - Proxy auth state: UNCHALLENGED
2019-03-15 07:36:00,747 [Forwarding findElement on session ebf5bc0b43e1892a4cd7f8272da29841 to remote] DEBUG org.apache.http.headers - http-outgoing-0 >> POST /session/ebf5bc0b43e1892a4cd7f8272da29841/element HTTP/1.1
2019-03-15 07:36:00,747 [Forwarding findElement on session ebf5bc0b43e1892a4cd7f8272da29841 to remote] DEBUG org.apache.http.headers - http-outgoing-0 >> Content-Type: application/json; charset=utf-8
2019-03-15 07:36:00,747 [Forwarding findElement on session ebf5bc0b43e1892a4cd7f8272da29841 to remote] DEBUG org.apache.http.headers - http-outgoing-0 >> Content-Length: 49
2019-03-15 07:36:00,748 [Forwarding findElement on session ebf5bc0b43e1892a4cd7f8272da29841 to remote] DEBUG org.apache.http.headers - http-outgoing-0 >> Host: localhost:26602
2019-03-15 07:36:00,748 [Forwarding findElement on session ebf5bc0b43e1892a4cd7f8272da29841 to remote] DEBUG org.apache.http.headers - http-outgoing-0 >> Connection: Keep-Alive
2019-03-15 07:36:00,748 [Forwarding findElement on session ebf5bc0b43e1892a4cd7f8272da29841 to remote] DEBUG org.apache.http.headers - http-outgoing-0 >> User-Agent: Apache-HttpClient/4.5.3 (Java/1.8.0_191)
2019-03-15 07:36:00,748 [Forwarding findElement on session ebf5bc0b43e1892a4cd7f8272da29841 to remote] DEBUG org.apache.http.headers - http-outgoing-0 >> Accept-Encoding: gzip,deflate
2019-03-15 07:36:00,748 [Forwarding findElement on session ebf5bc0b43e1892a4cd7f8272da29841 to remote] DEBUG org.apache.http.wire - http-outgoing-0 >> "POST /session/ebf5bc0b43e1892a4cd7f8272da29841/element HTTP/1.1[\r][\n]"
2019-03-15 07:36:00,748 [Forwarding findElement on session ebf5bc0b43e1892a4cd7f8272da29841 to remote] DEBUG org.apache.http.wire - http-outgoing-0 >> "Content-Type: application/json; charset=utf-8[\r][\n]"
2019-03-15 07:36:00,765 [Forwarding findElement on session ebf5bc0b43e1892a4cd7f8272da29841 to remote] DEBUG org.apache.http.wire - http-outgoing-0 >> "Content-Length: 49[\r][\n]"
2019-03-15 07:36:00,765 [Forwarding findElement on session ebf5bc0b43e1892a4cd7f8272da29841 to remote] DEBUG org.apache.http.wire - http-outgoing-0 >> "Host: localhost:26602[\r][\n]"
2019-03-15 07:36:00,765 [Forwarding findElement on session ebf5bc0b43e1892a4cd7f8272da29841 to remote] DEBUG org.apache.http.wire - http-outgoing-0 >> "Connection: Keep-Alive[\r][\n]"
2019-03-15 07:36:00,766 [Forwarding findElement on session ebf5bc0b43e1892a4cd7f8272da29841 to remote] DEBUG org.apache.http.wire - http-outgoing-0 >> "User-Agent: Apache-HttpClient/4.5.3 (Java/1.8.0_191)[\r][\n]"
2019-03-15 07:36:00,766 [Forwarding findElement on session ebf5bc0b43e1892a4cd7f8272da29841 to remote] DEBUG org.apache.http.wire - http-outgoing-0 >> "Accept-Encoding: gzip,deflate[\r][\n]"
2019-03-15 07:36:00,766 [Forwarding findElement on session ebf5bc0b43e1892a4cd7f8272da29841 to remote] DEBUG org.apache.http.wire - http-outgoing-0 >> "[\r][\n]"
2019-03-15 07:36:00,766 [Forwarding findElement on session ebf5bc0b43e1892a4cd7f8272da29841 to remote] DEBUG org.apache.http.wire - http-outgoing-0 >> "{"using":"xpath","value":"//*[@name='password']"}"
2019-03-15 07:36:00,852 [Forwarding findElement on session ebf5bc0b43e1892a4cd7f8272da29841 to remote] DEBUG org.apache.http.wire - http-outgoing-0 << "HTTP/1.1 200 OK[\r][\n]"
2019-03-15 07:36:00,852 [Forwarding findElement on session ebf5bc0b43e1892a4cd7f8272da29841 to remote] DEBUG org.apache.http.wire - http-outgoing-0 << "Content-Length:102[\r][\n]"
2019-03-15 07:36:00,852 [Forwarding findElement on session ebf5bc0b43e1892a4cd7f8272da29841 to remote] DEBUG org.apache.http.wire - http-outgoing-0 << "Content-Type:application/json; charset=utf-8[\r][\n]"
2019-03-15 07:36:00,852 [Forwarding findElement on session ebf5bc0b43e1892a4cd7f8272da29841 to remote] DEBUG org.apache.http.wire - http-outgoing-0 << "[\r][\n]"
2019-03-15 07:36:00,853 [Forwarding findElement on session ebf5bc0b43e1892a4cd7f8272da29841 to remote] DEBUG org.apache.http.wire - http-outgoing-0 << "{"sessionId":"ebf5bc0b43e1892a4cd7f8272da29841","status":0,"value":{"ELEMENT":"0.5793661813061162-1"}}"
2019-03-15 07:36:00,853 [Forwarding findElement on session ebf5bc0b43e1892a4cd7f8272da29841 to remote] DEBUG org.apache.http.headers - http-outgoing-0 << HTTP/1.1 200 OK
2019-03-15 07:36:00,853 [Forwarding findElement on session ebf5bc0b43e1892a4cd7f8272da29841 to remote] DEBUG org.apache.http.headers - http-outgoing-0 << Content-Length:102
2019-03-15 07:36:00,853 [Forwarding findElement on session ebf5bc0b43e1892a4cd7f8272da29841 to remote] DEBUG org.apache.http.headers - http-outgoing-0 << Content-Type:application/json; charset=utf-8
2019-03-15 07:36:00,853 [Forwarding findElement on session ebf5bc0b43e1892a4cd7f8272da29841 to remote] DEBUG org.apache.http.impl.execchain.MainClientExec - Connection can be kept alive indefinitely
2019-03-15 07:36:00,853 [Forwarding findElement on session ebf5bc0b43e1892a4cd7f8272da29841 to remote] DEBUG org.apache.http.impl.conn.PoolingHttpClientConnectionManager - Connection [id: 0][route: {}->http://localhost:26602] can be kept alive indefinitely
2019-03-15 07:36:00,853 [Forwarding findElement on session ebf5bc0b43e1892a4cd7f8272da29841 to remote] DEBUG org.apache.http.impl.conn.PoolingHttpClientConnectionManager - Connection released: [id: 0][route: {}->http://localhost:26602][total kept alive: 1; route allocated: 1 of 2000; total allocated: 1 of 2000]
2019-03-15 07:36:00,858 [Forwarding isElementDisplayed on session ebf5bc0b43e1892a4cd7f8272da29841 to remote] DEBUG org.apache.http.client.protocol.RequestAddCookies - CookieSpec selected: default
2019-03-15 07:36:00,858 [Forwarding isElementDisplayed on session ebf5bc0b43e1892a4cd7f8272da29841 to remote] DEBUG org.apache.http.client.protocol.RequestAuthCache - Auth cache not set in the context
2019-03-15 07:36:00,858 [Forwarding isElementDisplayed on session ebf5bc0b43e1892a4cd7f8272da29841 to remote] DEBUG org.apache.http.impl.conn.PoolingHttpClientConnectionManager - Connection request: [route: {}->http://localhost:26602][total kept alive: 1; route allocated: 1 of 2000; total allocated: 1 of 2000]
2019-03-15 07:36:00,859 [Forwarding isElementDisplayed on session ebf5bc0b43e1892a4cd7f8272da29841 to remote] DEBUG org.apache.http.impl.conn.PoolingHttpClientConnectionManager - Connection leased: [id: 0][route: {}->http://localhost:26602][total kept alive: 0; route allocated: 1 of 2000; total allocated: 1 of 2000]
2019-03-15 07:36:00,859 [Forwarding isElementDisplayed on session ebf5bc0b43e1892a4cd7f8272da29841 to remote] DEBUG org.apache.http.impl.execchain.MainClientExec - Stale connection check
2019-03-15 07:36:00,861 [Forwarding isElementDisplayed on session ebf5bc0b43e1892a4cd7f8272da29841 to remote] DEBUG org.apache.http.wire - http-outgoing-0 << "[read] I/O error: Read timed out"
2019-03-15 07:36:00,861 [Forwarding isElementDisplayed on session ebf5bc0b43e1892a4cd7f8272da29841 to remote] DEBUG org.apache.http.impl.conn.DefaultManagedHttpClientConnection - http-outgoing-0: set socket timeout to 10800000
2019-03-15 07:36:00,861 [Forwarding isElementDisplayed on session ebf5bc0b43e1892a4cd7f8272da29841 to remote] DEBUG org.apache.http.impl.execchain.MainClientExec - Executing request GET /session/ebf5bc0b43e1892a4cd7f8272da29841/element/0.5793661813061162-1/displayed HTTP/1.1
2019-03-15 07:36:00,861 [Forwarding isElementDisplayed on session ebf5bc0b43e1892a4cd7f8272da29841 to remote] DEBUG org.apache.http.impl.execchain.MainClientExec - Target auth state: UNCHALLENGED
2019-03-15 07:36:00,861 [Forwarding isElementDisplayed on session ebf5bc0b43e1892a4cd7f8272da29841 to remote] DEBUG org.apache.http.impl.execchain.MainClientExec - Proxy auth state: UNCHALLENGED
2019-03-15 07:36:00,861 [Forwarding isElementDisplayed on session ebf5bc0b43e1892a4cd7f8272da29841 to remote] DEBUG org.apache.http.headers - http-outgoing-0 >> GET /session/ebf5bc0b43e1892a4cd7f8272da29841/element/0.5793661813061162-1/displayed HTTP/1.1
2019-03-15 07:36:00,861 [Forwarding isElementDisplayed on session ebf5bc0b43e1892a4cd7f8272da29841 to remote] DEBUG org.apache.http.headers - http-outgoing-0 >> Cache-Control: no-cache
2019-03-15 07:36:00,861 [Forwarding isElementDisplayed on session ebf5bc0b43e1892a4cd7f8272da29841 to remote] DEBUG org.apache.http.headers - http-outgoing-0 >> Host: localhost:26602
2019-03-15 07:36:00,861 [Forwarding isElementDisplayed on session ebf5bc0b43e1892a4cd7f8272da29841 to remote] DEBUG org.apache.http.headers - http-outgoing-0 >> Connection: Keep-Alive
2019-03-15 07:36:00,862 [Forwarding isElementDisplayed on session ebf5bc0b43e1892a4cd7f8272da29841 to remote] DEBUG org.apache.http.headers - http-outgoing-0 >> User-Agent: Apache-HttpClient/4.5.3 (Java/1.8.0_191)
2019-03-15 07:36:00,862 [Forwarding isElementDisplayed on session ebf5bc0b43e1892a4cd7f8272da29841 to remote] DEBUG org.apache.http.headers - http-outgoing-0 >> Accept-Encoding: gzip,deflate
2019-03-15 07:36:00,862 [Forwarding isElementDisplayed on session ebf5bc0b43e1892a4cd7f8272da29841 to remote] DEBUG org.apache.http.wire - http-outgoing-0 >> "GET /session/ebf5bc0b43e1892a4cd7f8272da29841/element/0.5793661813061162-1/displayed HTTP/1.1[\r][\n]"
2019-03-15 07:36:00,862 [Forwarding isElementDisplayed on session ebf5bc0b43e1892a4cd7f8272da29841 to remote] DEBUG org.apache.http.wire - http-outgoing-0 >> "Cache-Control: no-cache[\r][\n]"
2019-03-15 07:36:00,862 [Forwarding isElementDisplayed on session ebf5bc0b43e1892a4cd7f8272da29841 to remote] DEBUG org.apache.http.wire - http-outgoing-0 >> "Host: localhost:26602[\r][\n]"
2019-03-15 07:36:00,862 [Forwarding isElementDisplayed on session ebf5bc0b43e1892a4cd7f8272da29841 to remote] DEBUG org.apache.http.wire - http-outgoing-0 >> "Connection: Keep-Alive[\r][\n]"
2019-03-15 07:36:00,862 [Forwarding isElementDisplayed on session ebf5bc0b43e1892a4cd7f8272da29841 to remote] DEBUG org.apache.http.wire - http-outgoing-0 >> "User-Agent: Apache-HttpClient/4.5.3 (Java/1.8.0_191)[\r][\n]"
2019-03-15 07:36:00,862 [Forwarding isElementDisplayed on session ebf5bc0b43e1892a4cd7f8272da29841 to remote] DEBUG org.apache.http.wire - http-outgoing-0 >> "Accept-Encoding: gzip,deflate[\r][\n]"
2019-03-15 07:36:00,862 [Forwarding isElementDisplayed on session ebf5bc0b43e1892a4cd7f8272da29841 to remote] DEBUG org.apache.http.wire - http-outgoing-0 >> "[\r][\n]"
2019-03-15 07:36:00,919 [Forwarding isElementDisplayed on session ebf5bc0b43e1892a4cd7f8272da29841 to remote] DEBUG org.apache.http.wire - http-outgoing-0 << "HTTP/1.1 200 OK[\r][\n]"
2019-03-15 07:36:00,919 [Forwarding isElementDisplayed on session ebf5bc0b43e1892a4cd7f8272da29841 to remote] DEBUG org.apache.http.wire - http-outgoing-0 << "Content-Length:73[\r][\n]"
2019-03-15 07:36:00,919 [Forwarding isElementDisplayed on session ebf5bc0b43e1892a4cd7f8272da29841 to remote] DEBUG org.apache.http.wire - http-outgoing-0 << "Content-Type:application/json; charset=utf-8[\r][\n]"
2019-03-15 07:36:00,919 [Forwarding isElementDisplayed on session ebf5bc0b43e1892a4cd7f8272da29841 to remote] DEBUG org.apache.http.wire - http-outgoing-0 << "[\r][\n]"
2019-03-15 07:36:00,919 [Forwarding isElementDisplayed on session ebf5bc0b43e1892a4cd7f8272da29841 to remote] DEBUG org.apache.http.wire - http-outgoing-0 << "{"sessionId":"ebf5bc0b43e1892a4cd7f8272da29841","status":0,"value":false}"
2019-03-15 07:36:00,919 [Forwarding isElementDisplayed on session ebf5bc0b43e1892a4cd7f8272da29841 to remote] DEBUG org.apache.http.headers - http-outgoing-0 << HTTP/1.1 200 OK
2019-03-15 07:36:00,919 [Forwarding isElementDisplayed on session ebf5bc0b43e1892a4cd7f8272da29841 to remote] DEBUG org.apache.http.headers - http-outgoing-0 << Content-Length:73
2019-03-15 07:36:00,919 [Forwarding isElementDisplayed on session ebf5bc0b43e1892a4cd7f8272da29841 to remote] DEBUG org.apache.http.headers - http-outgoing-0 << Content-Type:application/json; charset=utf-8
2019-03-15 07:36:00,919 [Forwarding isElementDisplayed on session ebf5bc0b43e1892a4cd7f8272da29841 to remote] DEBUG org.apache.http.impl.execchain.MainClientExec - Connection can be kept alive indefinitely
2019-03-15 07:36:00,920 [Forwarding isElementDisplayed on session ebf5bc0b43e1892a4cd7f8272da29841 to remote] DEBUG org.apache.http.impl.conn.PoolingHttpClientConnectionManager - Connection [id: 0][route: {}->http://localhost:26602] can be kept alive indefinitely
2019-03-15 07:36:00,920 [Forwarding isElementDisplayed on session ebf5bc0b43e1892a4cd7f8272da29841 to remote] DEBUG org.apache.http.impl.conn.PoolingHttpClientConnectionManager - Connection released: [id: 0][route: {}->http://localhost:26602][total kept alive: 1; route allocated: 1 of 2000; total allocated: 1 of 2000]
2019-03-15 07:36:01,423 [Forwarding findElement on session ebf5bc0b43e1892a4cd7f8272da29841 to remote] DEBUG org.apache.http.client.protocol.RequestAddCookies - CookieSpec selected: default
2019-03-15 07:36:01,423 [Forwarding findElement on session ebf5bc0b43e1892a4cd7f8272da29841 to remote] DEBUG org.apache.http.client.protocol.RequestAuthCache - Auth cache not set in the context
2019-03-15 07:36:01,423 [Forwarding findElement on session ebf5bc0b43e1892a4cd7f8272da29841 to remote] DEBUG org.apache.http.impl.conn.PoolingHttpClientConnectionManager - Connection request: [route: {}->http://localhost:26602][total kept alive: 1; route allocated: 1 of 2000; total allocated: 1 of 2000]
2019-03-15 07:36:01,424 [Forwarding findElement on session ebf5bc0b43e1892a4cd7f8272da29841 to remote] DEBUG org.apache.http.impl.conn.PoolingHttpClientConnectionManager - Connection leased: [id: 0][route: {}->http://localhost:26602][total kept alive: 0; route allocated: 1 of 2000; total allocated: 1 of 2000]
2019-03-15 07:36:01,424 [Forwarding findElement on session ebf5bc0b43e1892a4cd7f8272da29841 to remote] DEBUG org.apache.http.impl.execchain.MainClientExec - Stale connection check
2019-03-15 07:36:01,425 [Forwarding findElement on session ebf5bc0b43e1892a4cd7f8272da29841 to remote] DEBUG org.apache.http.wire - http-outgoing-0 << "[read] I/O error: Read timed out"
2019-03-15 07:36:01,425 [Forwarding findElement on session ebf5bc0b43e1892a4cd7f8272da29841 to remote] DEBUG org.apache.http.impl.conn.DefaultManagedHttpClientConnection - http-outgoing-0: set socket timeout to 10800000
2019-03-15 07:36:01,425 [Forwarding findElement on session ebf5bc0b43e1892a4cd7f8272da29841 to remote] DEBUG org.apache.http.impl.execchain.MainClientExec - Executing request POST /session/ebf5bc0b43e1892a4cd7f8272da29841/element HTTP/1.1
2019-03-15 07:36:01,425 [Forwarding findElement on session ebf5bc0b43e1892a4cd7f8272da29841 to remote] DEBUG org.apache.http.impl.execchain.MainClientExec - Target auth state: UNCHALLENGED
2019-03-15 07:36:01,425 [Forwarding findElement on session ebf5bc0b43e1892a4cd7f8272da29841 to remote] DEBUG org.apache.http.impl.execchain.MainClientExec - Proxy auth state: UNCHALLENGED
2019-03-15 07:36:01,425 [Forwarding findElement on session ebf5bc0b43e1892a4cd7f8272da29841 to remote] DEBUG org.apache.http.headers - http-outgoing-0 >> POST /session/ebf5bc0b43e1892a4cd7f8272da29841/element HTTP/1.1
2019-03-15 07:36:01,425 [Forwarding findElement on session ebf5bc0b43e1892a4cd7f8272da29841 to remote] DEBUG org.apache.http.headers - http-outgoing-0 >> Content-Type: application/json; charset=utf-8
2019-03-15 07:36:01,425 [Forwarding findElement on session ebf5bc0b43e1892a4cd7f8272da29841 to remote] DEBUG org.apache.http.headers - http-outgoing-0 >> Content-Length: 49
2019-03-15 07:36:01,425 [Forwarding findElement on session ebf5bc0b43e1892a4cd7f8272da29841 to remote] DEBUG org.apache.http.headers - http-outgoing-0 >> Host: localhost:26602
2019-03-15 07:36:01,425 [Forwarding findElement on session ebf5bc0b43e1892a4cd7f8272da29841 to remote] DEBUG org.apache.http.headers - http-outgoing-0 >> Connection: Keep-Alive
2019-03-15 07:36:01,426 [Forwarding findElement on session ebf5bc0b43e1892a4cd7f8272da29841 to remote] DEBUG org.apache.http.headers - http-outgoing-0 >> User-Agent: Apache-HttpClient/4.5.3 (Java/1.8.0_191)
2019-03-15 07:36:01,426 [Forwarding findElement on session ebf5bc0b43e1892a4cd7f8272da29841 to remote] DEBUG org.apache.http.headers - http-outgoing-0 >> Accept-Encoding: gzip,deflate
2019-03-15 07:36:01,426 [Forwarding findElement on session ebf5bc0b43e1892a4cd7f8272da29841 to remote] DEBUG org.apache.http.wire - http-outgoing-0 >> "POST /session/ebf5bc0b43e1892a4cd7f8272da29841/element HTTP/1.1[\r][\n]"
2019-03-15 07:36:01,426 [Forwarding findElement on session ebf5bc0b43e1892a4cd7f8272da29841 to remote] DEBUG org.apache.http.wire - http-outgoing-0 >> "Content-Type: application/json; charset=utf-8[\r][\n]"
2019-03-15 07:36:01,426 [Forwarding findElement on session ebf5bc0b43e1892a4cd7f8272da29841 to remote] DEBUG org.apache.http.wire - http-outgoing-0 >> "Content-Length: 49[\r][\n]"
2019-03-15 07:36:01,426 [Forwarding findElement on session ebf5bc0b43e1892a4cd7f8272da29841 to remote] DEBUG org.apache.http.wire - http-outgoing-0 >> "Host: localhost:26602[\r][\n]"
2019-03-15 07:36:01,426 [Forwarding findElement on session ebf5bc0b43e1892a4cd7f8272da29841 to remote] DEBUG org.apache.http.wire - http-outgoing-0 >> "Connection: Keep-Alive[\r][\n]"
2019-03-15 07:36:01,426 [Forwarding findElement on session ebf5bc0b43e1892a4cd7f8272da29841 to remote] DEBUG org.apache.http.wire - http-outgoing-0 >> "User-Agent: Apache-HttpClient/4.5.3 (Java/1.8.0_191)[\r][\n]"
2019-03-15 07:36:01,426 [Forwarding findElement on session ebf5bc0b43e1892a4cd7f8272da29841 to remote] DEBUG org.apache.http.wire - http-outgoing-0 >> "Accept-Encoding: gzip,deflate[\r][\n]"
2019-03-15 07:36:01,426 [Forwarding findElement on session ebf5bc0b43e1892a4cd7f8272da29841 to remote] DEBUG org.apache.http.wire - http-outgoing-0 >> "[\r][\n]"
2019-03-15 07:36:01,426 [Forwarding findElement on session ebf5bc0b43e1892a4cd7f8272da29841 to remote] DEBUG org.apache.http.wire - http-outgoing-0 >> "{"using":"xpath","value":"//*[@name='password']"}"
2019-03-15 07:36:01,445 [Forwarding findElement on session ebf5bc0b43e1892a4cd7f8272da29841 to remote] DEBUG org.apache.http.wire - http-outgoing-0 << "HTTP/1.1 200 OK[\r][\n]"
2019-03-15 07:36:01,445 [Forwarding findElement on session ebf5bc0b43e1892a4cd7f8272da29841 to remote] DEBUG org.apache.http.wire - http-outgoing-0 << "Content-Length:102[\r][\n]"
2019-03-15 07:36:01,446 [Forwarding findElement on session ebf5bc0b43e1892a4cd7f8272da29841 to remote] DEBUG org.apache.http.wire - http-outgoing-0 << "Content-Type:application/json; charset=utf-8[\r][\n]"
2019-03-15 07:36:01,446 [Forwarding findElement on session ebf5bc0b43e1892a4cd7f8272da29841 to remote] DEBUG org.apache.http.wire - http-outgoing-0 << "[\r][\n]"
2019-03-15 07:36:01,446 [Forwarding findElement on session ebf5bc0b43e1892a4cd7f8272da29841 to remote] DEBUG org.apache.http.wire - http-outgoing-0 << "{"sessionId":"ebf5bc0b43e1892a4cd7f8272da29841","status":0,"value":{"ELEMENT":"0.5793661813061162-1"}}"
2019-03-15 07:36:01,446 [Forwarding findElement on session ebf5bc0b43e1892a4cd7f8272da29841 to remote] DEBUG org.apache.http.headers - http-outgoing-0 << HTTP/1.1 200 OK
2019-03-15 07:36:01,446 [Forwarding findElement on session ebf5bc0b43e1892a4cd7f8272da29841 to remote] DEBUG org.apache.http.headers - http-outgoing-0 << Content-Length:102
2019-03-15 07:36:01,446 [Forwarding findElement on session ebf5bc0b43e1892a4cd7f8272da29841 to remote] DEBUG org.apache.http.headers - http-outgoing-0 << Content-Type:application/json; charset=utf-8
2019-03-15 07:36:01,446 [Forwarding findElement on session ebf5bc0b43e1892a4cd7f8272da29841 to remote] DEBUG org.apache.http.impl.execchain.MainClientExec - Connection can be kept alive indefinitely
2019-03-15 07:36:01,446 [Forwarding findElement on session ebf5bc0b43e1892a4cd7f8272da29841 to remote] DEBUG org.apache.http.impl.conn.PoolingHttpClientConnectionManager - Connection [id: 0][route: {}->http://localhost:26602] can be kept alive indefinitely
2019-03-15 07:36:01,447 [Forwarding findElement on session ebf5bc0b43e1892a4cd7f8272da29841 to remote] DEBUG org.apache.http.impl.conn.PoolingHttpClientConnectionManager - Connection released: [id: 0][route: {}->http://localhost:26602][total kept alive: 1; route allocated: 1 of 2000; total allocated: 1 of 2000]
2019-03-15 07:36:01,452 [Forwarding isElementDisplayed on session ebf5bc0b43e1892a4cd7f8272da29841 to remote] DEBUG org.apache.http.client.protocol.RequestAddCookies - CookieSpec selected: default
2019-03-15 07:36:01,452 [Forwarding isElementDisplayed on session ebf5bc0b43e1892a4cd7f8272da29841 to remote] DEBUG org.apache.http.client.protocol.RequestAuthCache - Auth cache not set in the context
2019-03-15 07:36:01,452 [Forwarding isElementDisplayed on session ebf5bc0b43e1892a4cd7f8272da29841 to remote] DEBUG org.apache.http.impl.conn.PoolingHttpClientConnectionManager - Connection request: [route: {}->http://localhost:26602][total kept alive: 1; route allocated: 1 of 2000; total allocated: 1 of 2000]
2019-03-15 07:36:01,452 [Forwarding isElementDisplayed on session ebf5bc0b43e1892a4cd7f8272da29841 to remote] DEBUG org.apache.http.impl.conn.PoolingHttpClientConnectionManager - Connection leased: [id: 0][route: {}->http://localhost:26602][total kept alive: 0; route allocated: 1 of 2000; total allocated: 1 of 2000]
2019-03-15 07:36:01,452 [Forwarding isElementDisplayed on session ebf5bc0b43e1892a4cd7f8272da29841 to remote] DEBUG org.apache.http.impl.execchain.MainClientExec - Stale connection check
2019-03-15 07:36:01,453 [Forwarding isElementDisplayed on session ebf5bc0b43e1892a4cd7f8272da29841 to remote] DEBUG org.apache.http.wire - http-outgoing-0 << "[read] I/O error: Read timed out"
2019-03-15 07:36:01,453 [Forwarding isElementDisplayed on session ebf5bc0b43e1892a4cd7f8272da29841 to remote] DEBUG org.apache.http.impl.conn.DefaultManagedHttpClientConnection - http-outgoing-0: set socket timeout to 10800000
2019-03-15 07:36:01,453 [Forwarding isElementDisplayed on session ebf5bc0b43e1892a4cd7f8272da29841 to remote] DEBUG org.apache.http.impl.execchain.MainClientExec - Executing request GET /session/ebf5bc0b43e1892a4cd7f8272da29841/element/0.5793661813061162-1/displayed HTTP/1.1
2019-03-15 07:36:01,453 [Forwarding isElementDisplayed on session ebf5bc0b43e1892a4cd7f8272da29841 to remote] DEBUG org.apache.http.impl.execchain.MainClientExec - Target auth state: UNCHALLENGED
2019-03-15 07:36:01,453 [Forwarding isElementDisplayed on session ebf5bc0b43e1892a4cd7f8272da29841 to remote] DEBUG org.apache.http.impl.execchain.MainClientExec - Proxy auth state: UNCHALLENGED
2019-03-15 07:36:01,454 [Forwarding isElementDisplayed on session ebf5bc0b43e1892a4cd7f8272da29841 to remote] DEBUG org.apache.http.headers - http-outgoing-0 >> GET /session/ebf5bc0b43e1892a4cd7f8272da29841/element/0.5793661813061162-1/displayed HTTP/1.1
2019-03-15 07:36:01,454 [Forwarding isElementDisplayed on session ebf5bc0b43e1892a4cd7f8272da29841 to remote] DEBUG org.apache.http.headers - http-outgoing-0 >> Cache-Control: no-cache
2019-03-15 07:36:01,454 [Forwarding isElementDisplayed on session ebf5bc0b43e1892a4cd7f8272da29841 to remote] DEBUG org.apache.http.headers - http-outgoing-0 >> Host: localhost:26602
2019-03-15 07:36:01,454 [Forwarding isElementDisplayed on session ebf5bc0b43e1892a4cd7f8272da29841 to remote] DEBUG org.apache.http.headers - http-outgoing-0 >> Connection: Keep-Alive
2019-03-15 07:36:01,454 [Forwarding isElementDisplayed on session ebf5bc0b43e1892a4cd7f8272da29841 to remote] DEBUG org.apache.http.headers - http-outgoing-0 >> User-Agent: Apache-HttpClient/4.5.3 (Java/1.8.0_191)
2019-03-15 07:36:01,454 [Forwarding isElementDisplayed on session ebf5bc0b43e1892a4cd7f8272da29841 to remote] DEBUG org.apache.http.headers - http-outgoing-0 >> Accept-Encoding: gzip,deflate
2019-03-15 07:36:01,454 [Forwarding isElementDisplayed on session ebf5bc0b43e1892a4cd7f8272da29841 to remote] DEBUG org.apache.http.wire - http-outgoing-0 >> "GET /session/ebf5bc0b43e1892a4cd7f8272da29841/element/0.5793661813061162-1/displayed HTTP/1.1[\r][\n]"
2019-03-15 07:36:01,454 [Forwarding isElementDisplayed on session ebf5bc0b43e1892a4cd7f8272da29841 to remote] DEBUG org.apache.http.wire - http-outgoing-0 >> "Cache-Control: no-cache[\r][\n]"
2019-03-15 07:36:01,454 [Forwarding isElementDisplayed on session ebf5bc0b43e1892a4cd7f8272da29841 to remote] DEBUG org.apache.http.wire - http-outgoing-0 >> "Host: localhost:26602[\r][\n]"
2019-03-15 07:36:01,454 [Forwarding isElementDisplayed on session ebf5bc0b43e1892a4cd7f8272da29841 to remote] DEBUG org.apache.http.wire - http-outgoing-0 >> "Connection: Keep-Alive[\r][\n]"
2019-03-15 07:36:01,454 [Forwarding isElementDisplayed on session ebf5bc0b43e1892a4cd7f8272da29841 to remote] DEBUG org.apache.http.wire - http-outgoing-0 >> "User-Agent: Apache-HttpClient/4.5.3 (Java/1.8.0_191)[\r][\n]"
2019-03-15 07:36:01,454 [Forwarding isElementDisplayed on session ebf5bc0b43e1892a4cd7f8272da29841 to remote] DEBUG org.apache.http.wire - http-outgoing-0 >> "Accept-Encoding: gzip,deflate[\r][\n]"
2019-03-15 07:36:01,454 [Forwarding isElementDisplayed on session ebf5bc0b43e1892a4cd7f8272da29841 to remote] DEBUG org.apache.http.wire - http-outgoing-0 >> "[\r][\n]"
2019-03-15 07:36:01,483 [Forwarding isElementDisplayed on session ebf5bc0b43e1892a4cd7f8272da29841 to remote] DEBUG org.apache.http.wire - http-outgoing-0 << "HTTP/1.1 200 OK[\r][\n]"
2019-03-15 07:36:01,483 [Forwarding isElementDisplayed on session ebf5bc0b43e1892a4cd7f8272da29841 to remote] DEBUG org.apache.http.wire - http-outgoing-0 << "Content-Length:73[\r][\n]"
2019-03-15 07:36:01,483 [Forwarding isElementDisplayed on session ebf5bc0b43e1892a4cd7f8272da29841 to remote] DEBUG org.apache.http.wire - http-outgoing-0 << "Content-Type:application/json; charset=utf-8[\r][\n]"
2019-03-15 07:36:01,483 [Forwarding isElementDisplayed on session ebf5bc0b43e1892a4cd7f8272da29841 to remote] DEBUG org.apache.http.wire - http-outgoing-0 << "[\r][\n]"
2019-03-15 07:36:01,483 [Forwarding isElementDisplayed on session ebf5bc0b43e1892a4cd7f8272da29841 to remote] DEBUG org.apache.http.wire - http-outgoing-0 << "{"sessionId":"ebf5bc0b43e1892a4cd7f8272da29841","status":0,"value":false}"
2019-03-15 07:36:01,483 [Forwarding isElementDisplayed on session ebf5bc0b43e1892a4cd7f8272da29841 to remote] DEBUG org.apache.http.headers - http-outgoing-0 << HTTP/1.1 200 OK
2019-03-15 07:36:01,483 [Forwarding isElementDisplayed on session ebf5bc0b43e1892a4cd7f8272da29841 to remote] DEBUG org.apache.http.headers - http-outgoing-0 << Content-Length:73
2019-03-15 07:36:01,483 [Forwarding isElementDisplayed on session ebf5bc0b43e1892a4cd7f8272da29841 to remote] DEBUG org.apache.http.headers - http-outgoing-0 << Content-Type:application/json; charset=utf-8
2019-03-15 07:36:01,484 [Forwarding isElementDisplayed on session ebf5bc0b43e1892a4cd7f8272da29841 to remote] DEBUG org.apache.http.impl.execchain.MainClientExec - Connection can be kept alive indefinitely
2019-03-15 07:36:01,484 [Forwarding isElementDisplayed on session ebf5bc0b43e1892a4cd7f8272da29841 to remote] DEBUG org.apache.http.impl.conn.PoolingHttpClientConnectionManager - Connection [id: 0][route: {}->http://localhost:26602] can be kept alive indefinitely
2019-03-15 07:36:01,484 [Forwarding isElementDisplayed on session ebf5bc0b43e1892a4cd7f8272da29841 to remote] DEBUG org.apache.http.impl.conn.PoolingHttpClientConnectionManager - Connection released: [id: 0][route: {}->http://localhost:26602][total kept alive: 1; route allocated: 1 of 2000; total allocated: 1 of 2000]
2019-03-15 07:36:01,994 [Forwarding findElement on session ebf5bc0b43e1892a4cd7f8272da29841 to remote] DEBUG org.apache.http.client.protocol.RequestAddCookies - CookieSpec selected: default
2019-03-15 07:36:01,997 [Forwarding findElement on session ebf5bc0b43e1892a4cd7f8272da29841 to remote] DEBUG org.apache.http.client.protocol.RequestAuthCache - Auth cache not set in the context
2019-03-15 07:36:01,997 [Forwarding findElement on session ebf5bc0b43e1892a4cd7f8272da29841 to remote] DEBUG org.apache.http.impl.conn.PoolingHttpClientConnectionManager - Connection request: [route: {}->http://localhost:26602][total kept alive: 1; route allocated: 1 of 2000; total allocated: 1 of 2000]
2019-03-15 07:36:01,997 [Forwarding findElement on session ebf5bc0b43e1892a4cd7f8272da29841 to remote] DEBUG org.apache.http.impl.conn.PoolingHttpClientConnectionManager - Connection leased: [id: 0][route: {}->http://localhost:26602][total kept alive: 0; route allocated: 1 of 2000; total allocated: 1 of 2000]
2019-03-15 07:36:01,997 [Forwarding findElement on session ebf5bc0b43e1892a4cd7f8272da29841 to remote] DEBUG org.apache.http.impl.execchain.MainClientExec - Stale connection check
2019-03-15 07:36:01,999 [Forwarding findElement on session ebf5bc0b43e1892a4cd7f8272da29841 to remote] DEBUG org.apache.http.wire - http-outgoing-0 << "[read] I/O error: Read timed out"
2019-03-15 07:36:01,999 [Forwarding findElement on session ebf5bc0b43e1892a4cd7f8272da29841 to remote] DEBUG org.apache.http.impl.conn.DefaultManagedHttpClientConnection - http-outgoing-0: set socket timeout to 10800000
2019-03-15 07:36:01,999 [Forwarding findElement on session ebf5bc0b43e1892a4cd7f8272da29841 to remote] DEBUG org.apache.http.impl.execchain.MainClientExec - Executing request POST /session/ebf5bc0b43e1892a4cd7f8272da29841/element HTTP/1.1
2019-03-15 07:36:01,999 [Forwarding findElement on session ebf5bc0b43e1892a4cd7f8272da29841 to remote] DEBUG org.apache.http.impl.execchain.MainClientExec - Target auth state: UNCHALLENGED
2019-03-15 07:36:01,999 [Forwarding findElement on session ebf5bc0b43e1892a4cd7f8272da29841 to remote] DEBUG org.apache.http.impl.execchain.MainClientExec - Proxy auth state: UNCHALLENGED
2019-03-15 07:36:02,000 [Forwarding findElement on session ebf5bc0b43e1892a4cd7f8272da29841 to remote] DEBUG org.apache.http.headers - http-outgoing-0 >> POST /session/ebf5bc0b43e1892a4cd7f8272da29841/element HTTP/1.1
2019-03-15 07:36:02,000 [Forwarding findElement on session ebf5bc0b43e1892a4cd7f8272da29841 to remote] DEBUG org.apache.http.headers - http-outgoing-0 >> Content-Type: application/json; charset=utf-8
2019-03-15 07:36:02,000 [Forwarding findElement on session ebf5bc0b43e1892a4cd7f8272da29841 to remote] DEBUG org.apache.http.headers - http-outgoing-0 >> Content-Length: 49
2019-03-15 07:36:02,000 [Forwarding findElement on session ebf5bc0b43e1892a4cd7f8272da29841 to remote] DEBUG org.apache.http.headers - http-outgoing-0 >> Host: localhost:26602
2019-03-15 07:36:02,000 [Forwarding findElement on session ebf5bc0b43e1892a4cd7f8272da29841 to remote] DEBUG org.apache.http.headers - http-outgoing-0 >> Connection: Keep-Alive
2019-03-15 07:36:02,001 [Forwarding findElement on session ebf5bc0b43e1892a4cd7f8272da29841 to remote] DEBUG org.apache.http.headers - http-outgoing-0 >> User-Agent: Apache-HttpClient/4.5.3 (Java/1.8.0_191)
2019-03-15 07:36:02,001 [Forwarding findElement on session ebf5bc0b43e1892a4cd7f8272da29841 to remote] DEBUG org.apache.http.headers - http-outgoing-0 >> Accept-Encoding: gzip,deflate
2019-03-15 07:36:02,001 [Forwarding findElement on session ebf5bc0b43e1892a4cd7f8272da29841 to remote] DEBUG org.apache.http.wire - http-outgoing-0 >> "POST /session/ebf5bc0b43e1892a4cd7f8272da29841/element HTTP/1.1[\r][\n]"
2019-03-15 07:36:02,001 [Forwarding findElement on session ebf5bc0b43e1892a4cd7f8272da29841 to remote] DEBUG org.apache.http.wire - http-outgoing-0 >> "Content-Type: application/json; charset=utf-8[\r][\n]"
2019-03-15 07:36:02,001 [Forwarding findElement on session ebf5bc0b43e1892a4cd7f8272da29841 to remote] DEBUG org.apache.http.wire - http-outgoing-0 >> "Content-Length: 49[\r][\n]"
2019-03-15 07:36:02,001 [Forwarding findElement on session ebf5bc0b43e1892a4cd7f8272da29841 to remote] DEBUG org.apache.http.wire - http-outgoing-0 >> "Host: localhost:26602[\r][\n]"
2019-03-15 07:36:02,001 [Forwarding findElement on session ebf5bc0b43e1892a4cd7f8272da29841 to remote] DEBUG org.apache.http.wire - http-outgoing-0 >> "Connection: Keep-Alive[\r][\n]"
2019-03-15 07:36:02,001 [Forwarding findElement on session ebf5bc0b43e1892a4cd7f8272da29841 to remote] DEBUG org.apache.http.wire - http-outgoing-0 >> "User-Agent: Apache-HttpClient/4.5.3 (Java/1.8.0_191)[\r][\n]"
2019-03-15 07:36:02,002 [Forwarding findElement on session ebf5bc0b43e1892a4cd7f8272da29841 to remote] DEBUG org.apache.http.wire - http-outgoing-0 >> "Accept-Encoding: gzip,deflate[\r][\n]"
2019-03-15 07:36:02,002 [Forwarding findElement on session ebf5bc0b43e1892a4cd7f8272da29841 to remote] DEBUG org.apache.http.wire - http-outgoing-0 >> "[\r][\n]"
2019-03-15 07:36:02,002 [Forwarding findElement on session ebf5bc0b43e1892a4cd7f8272da29841 to remote] DEBUG org.apache.http.wire - http-outgoing-0 >> "{"using":"xpath","value":"//*[@name='password']"}"
2019-03-15 07:36:02,060 [Forwarding findElement on session ebf5bc0b43e1892a4cd7f8272da29841 to remote] DEBUG org.apache.http.wire - http-outgoing-0 << "HTTP/1.1 200 OK[\r][\n]"
2019-03-15 07:36:02,060 [Forwarding findElement on session ebf5bc0b43e1892a4cd7f8272da29841 to remote] DEBUG org.apache.http.wire - http-outgoing-0 << "Content-Length:102[\r][\n]"
2019-03-15 07:36:02,060 [Forwarding findElement on session ebf5bc0b43e1892a4cd7f8272da29841 to remote] DEBUG org.apache.http.wire - http-outgoing-0 << "Content-Type:application/json; charset=utf-8[\r][\n]"
2019-03-15 07:36:02,060 [Forwarding findElement on session ebf5bc0b43e1892a4cd7f8272da29841 to remote] DEBUG org.apache.http.wire - http-outgoing-0 << "[\r][\n]"
2019-03-15 07:36:02,060 [Forwarding findElement on session ebf5bc0b43e1892a4cd7f8272da29841 to remote] DEBUG org.apache.http.wire - http-outgoing-0 << "{"sessionId":"ebf5bc0b43e1892a4cd7f8272da29841","status":0,"value":{"ELEMENT":"0.5793661813061162-1"}}"
2019-03-15 07:36:02,061 [Forwarding findElement on session ebf5bc0b43e1892a4cd7f8272da29841 to remote] DEBUG org.apache.http.headers - http-outgoing-0 << HTTP/1.1 200 OK
2019-03-15 07:36:02,061 [Forwarding findElement on session ebf5bc0b43e1892a4cd7f8272da29841 to remote] DEBUG org.apache.http.headers - http-outgoing-0 << Content-Length:102
2019-03-15 07:36:02,061 [Forwarding findElement on session ebf5bc0b43e1892a4cd7f8272da29841 to remote] DEBUG org.apache.http.headers - http-outgoing-0 << Content-Type:application/json; charset=utf-8
2019-03-15 07:36:02,061 [Forwarding findElement on session ebf5bc0b43e1892a4cd7f8272da29841 to remote] DEBUG org.apache.http.impl.execchain.MainClientExec - Connection can be kept alive indefinitely
2019-03-15 07:36:02,063 [Forwarding findElement on session ebf5bc0b43e1892a4cd7f8272da29841 to remote] DEBUG org.apache.http.impl.conn.PoolingHttpClientConnectionManager - Connection [id: 0][route: {}->http://localhost:26602] can be kept alive indefinitely
2019-03-15 07:36:02,063 [Forwarding findElement on session ebf5bc0b43e1892a4cd7f8272da29841 to remote] DEBUG org.apache.http.impl.conn.PoolingHttpClientConnectionManager - Connection released: [id: 0][route: {}->http://localhost:26602][total kept alive: 1; route allocated: 1 of 2000; total allocated: 1 of 2000]
2019-03-15 07:36:02,075 [Forwarding isElementDisplayed on session ebf5bc0b43e1892a4cd7f8272da29841 to remote] DEBUG org.apache.http.client.protocol.RequestAddCookies - CookieSpec selected: default
2019-03-15 07:36:02,075 [Forwarding isElementDisplayed on session ebf5bc0b43e1892a4cd7f8272da29841 to remote] DEBUG org.apache.http.client.protocol.RequestAuthCache - Auth cache not set in the context
2019-03-15 07:36:02,075 [Forwarding isElementDisplayed on session ebf5bc0b43e1892a4cd7f8272da29841 to remote] DEBUG org.apache.http.impl.conn.PoolingHttpClientConnectionManager - Connection request: [route: {}->http://localhost:26602][total kept alive: 1; route allocated: 1 of 2000; total allocated: 1 of 2000]
2019-03-15 07:36:02,075 [Forwarding isElementDisplayed on session ebf5bc0b43e1892a4cd7f8272da29841 to remote] DEBUG org.apache.http.impl.conn.PoolingHttpClientConnectionManager - Connection leased: [id: 0][route: {}->http://localhost:26602][total kept alive: 0; route allocated: 1 of 2000; total allocated: 1 of 2000]
2019-03-15 07:36:02,075 [Forwarding isElementDisplayed on session ebf5bc0b43e1892a4cd7f8272da29841 to remote] DEBUG org.apache.http.impl.execchain.MainClientExec - Stale connection check
2019-03-15 07:36:02,076 [Forwarding isElementDisplayed on session ebf5bc0b43e1892a4cd7f8272da29841 to remote] DEBUG org.apache.http.wire - http-outgoing-0 << "[read] I/O error: Read timed out"
2019-03-15 07:36:02,076 [Forwarding isElementDisplayed on session ebf5bc0b43e1892a4cd7f8272da29841 to remote] DEBUG org.apache.http.impl.conn.DefaultManagedHttpClientConnection - http-outgoing-0: set socket timeout to 10800000
2019-03-15 07:36:02,076 [Forwarding isElementDisplayed on session ebf5bc0b43e1892a4cd7f8272da29841 to remote] DEBUG org.apache.http.impl.execchain.MainClientExec - Executing request GET /session/ebf5bc0b43e1892a4cd7f8272da29841/element/0.5793661813061162-1/displayed HTTP/1.1
2019-03-15 07:36:02,076 [Forwarding isElementDisplayed on session ebf5bc0b43e1892a4cd7f8272da29841 to remote] DEBUG org.apache.http.impl.execchain.MainClientExec - Target auth state: UNCHALLENGED
2019-03-15 07:36:02,076 [Forwarding isElementDisplayed on session ebf5bc0b43e1892a4cd7f8272da29841 to remote] DEBUG org.apache.http.impl.execchain.MainClientExec - Proxy auth state: UNCHALLENGED
2019-03-15 07:36:02,077 [Forwarding isElementDisplayed on session ebf5bc0b43e1892a4cd7f8272da29841 to remote] DEBUG org.apache.http.headers - http-outgoing-0 >> GET /session/ebf5bc0b43e1892a4cd7f8272da29841/element/0.5793661813061162-1/displayed HTTP/1.1
2019-03-15 07:36:02,077 [Forwarding isElementDisplayed on session ebf5bc0b43e1892a4cd7f8272da29841 to remote] DEBUG org.apache.http.headers - http-outgoing-0 >> Cache-Control: no-cache
2019-03-15 07:36:02,077 [Forwarding isElementDisplayed on session ebf5bc0b43e1892a4cd7f8272da29841 to remote] DEBUG org.apache.http.headers - http-outgoing-0 >> Host: localhost:26602
2019-03-15 07:36:02,077 [Forwarding isElementDisplayed on session ebf5bc0b43e1892a4cd7f8272da29841 to remote] DEBUG org.apache.http.headers - http-outgoing-0 >> Connection: Keep-Alive
2019-03-15 07:36:02,077 [Forwarding isElementDisplayed on session ebf5bc0b43e1892a4cd7f8272da29841 to remote] DEBUG org.apache.http.headers - http-outgoing-0 >> User-Agent: Apache-HttpClient/4.5.3 (Java/1.8.0_191)
2019-03-15 07:36:02,077 [Forwarding isElementDisplayed on session ebf5bc0b43e1892a4cd7f8272da29841 to remote] DEBUG org.apache.http.headers - http-outgoing-0 >> Accept-Encoding: gzip,deflate
2019-03-15 07:36:02,077 [Forwarding isElementDisplayed on session ebf5bc0b43e1892a4cd7f8272da29841 to remote] DEBUG org.apache.http.wire - http-outgoing-0 >> "GET /session/ebf5bc0b43e1892a4cd7f8272da29841/element/0.5793661813061162-1/displayed HTTP/1.1[\r][\n]"
2019-03-15 07:36:02,077 [Forwarding isElementDisplayed on session ebf5bc0b43e1892a4cd7f8272da29841 to remote] DEBUG org.apache.http.wire - http-outgoing-0 >> "Cache-Control: no-cache[\r][\n]"
2019-03-15 07:36:02,077 [Forwarding isElementDisplayed on session ebf5bc0b43e1892a4cd7f8272da29841 to remote] DEBUG org.apache.http.wire - http-outgoing-0 >> "Host: localhost:26602[\r][\n]"
2019-03-15 07:36:02,077 [Forwarding isElementDisplayed on session ebf5bc0b43e1892a4cd7f8272da29841 to remote] DEBUG org.apache.http.wire - http-outgoing-0 >> "Connection: Keep-Alive[\r][\n]"
2019-03-15 07:36:02,077 [Forwarding isElementDisplayed on session ebf5bc0b43e1892a4cd7f8272da29841 to remote] DEBUG org.apache.http.wire - http-outgoing-0 >> "User-Agent: Apache-HttpClient/4.5.3 (Java/1.8.0_191)[\r][\n]"
2019-03-15 07:36:02,077 [Forwarding isElementDisplayed on session ebf5bc0b43e1892a4cd7f8272da29841 to remote] DEBUG org.apache.http.wire - http-outgoing-0 >> "Accept-Encoding: gzip,deflate[\r][\n]"
2019-03-15 07:36:02,077 [Forwarding isElementDisplayed on session ebf5bc0b43e1892a4cd7f8272da29841 to remote] DEBUG org.apache.http.wire - http-outgoing-0 >> "[\r][\n]"
2019-03-15 07:36:02,104 [Forwarding isElementDisplayed on session ebf5bc0b43e1892a4cd7f8272da29841 to remote] DEBUG org.apache.http.wire - http-outgoing-0 << "HTTP/1.1 200 OK[\r][\n]"
2019-03-15 07:36:02,104 [Forwarding isElementDisplayed on session ebf5bc0b43e1892a4cd7f8272da29841 to remote] DEBUG org.apache.http.wire - http-outgoing-0 << "Content-Length:73[\r][\n]"
2019-03-15 07:36:02,104 [Forwarding isElementDisplayed on session ebf5bc0b43e1892a4cd7f8272da29841 to remote] DEBUG org.apache.http.wire - http-outgoing-0 << "Content-Type:application/json; charset=utf-8[\r][\n]"
2019-03-15 07:36:02,104 [Forwarding isElementDisplayed on session ebf5bc0b43e1892a4cd7f8272da29841 to remote] DEBUG org.apache.http.wire - http-outgoing-0 << "[\r][\n]"
2019-03-15 07:36:02,104 [Forwarding isElementDisplayed on session ebf5bc0b43e1892a4cd7f8272da29841 to remote] DEBUG org.apache.http.wire - http-outgoing-0 << "{"sessionId":"ebf5bc0b43e1892a4cd7f8272da29841","status":0,"value":false}"
2019-03-15 07:36:02,105 [Forwarding isElementDisplayed on session ebf5bc0b43e1892a4cd7f8272da29841 to remote] DEBUG org.apache.http.headers - http-outgoing-0 << HTTP/1.1 200 OK
2019-03-15 07:36:02,105 [Forwarding isElementDisplayed on session ebf5bc0b43e1892a4cd7f8272da29841 to remote] DEBUG org.apache.http.headers - http-outgoing-0 << Content-Length:73
2019-03-15 07:36:02,105 [Forwarding isElementDisplayed on session ebf5bc0b43e1892a4cd7f8272da29841 to remote] DEBUG org.apache.http.headers - http-outgoing-0 << Content-Type:application/json; charset=utf-8
2019-03-15 07:36:02,105 [Forwarding isElementDisplayed on session ebf5bc0b43e1892a4cd7f8272da29841 to remote] DEBUG org.apache.http.impl.execchain.MainClientExec - Connection can be kept alive indefinitely
2019-03-15 07:36:02,106 [Forwarding isElementDisplayed on session ebf5bc0b43e1892a4cd7f8272da29841 to remote] DEBUG org.apache.http.impl.conn.PoolingHttpClientConnectionManager - Connection [id: 0][route: {}->http://localhost:26602] can be kept alive indefinitely
2019-03-15 07:36:02,106 [Forwarding isElementDisplayed on session ebf5bc0b43e1892a4cd7f8272da29841 to remote] DEBUG org.apache.http.impl.conn.PoolingHttpClientConnectionManager - Connection released: [id: 0][route: {}->http://localhost:26602][total kept alive: 1; route allocated: 1 of 2000; total allocated: 1 of 2000]
2019-03-15 07:36:02,610 [Forwarding findElement on session ebf5bc0b43e1892a4cd7f8272da29841 to remote] DEBUG org.apache.http.client.protocol.RequestAddCookies - CookieSpec selected: default
2019-03-15 07:36:02,610 [Forwarding findElement on session ebf5bc0b43e1892a4cd7f8272da29841 to remote] DEBUG org.apache.http.client.protocol.RequestAuthCache - Auth cache not set in the context
2019-03-15 07:36:02,610 [Forwarding findElement on session ebf5bc0b43e1892a4cd7f8272da29841 to remote] DEBUG org.apache.http.impl.conn.PoolingHttpClientConnectionManager - Connection request: [route: {}->http://localhost:26602][total kept alive: 1; route allocated: 1 of 2000; total allocated: 1 of 2000]
2019-03-15 07:36:02,610 [Forwarding findElement on session ebf5bc0b43e1892a4cd7f8272da29841 to remote] DEBUG org.apache.http.impl.conn.PoolingHttpClientConnectionManager - Connection leased: [id: 0][route: {}->http://localhost:26602][total kept alive: 0; route allocated: 1 of 2000; total allocated: 1 of 2000]
2019-03-15 07:36:02,611 [Forwarding findElement on session ebf5bc0b43e1892a4cd7f8272da29841 to remote] DEBUG org.apache.http.impl.execchain.MainClientExec - Stale connection check
2019-03-15 07:36:02,612 [Forwarding findElement on session ebf5bc0b43e1892a4cd7f8272da29841 to remote] DEBUG org.apache.http.wire - http-outgoing-0 << "[read] I/O error: Read timed out"
2019-03-15 07:36:02,612 [Forwarding findElement on session ebf5bc0b43e1892a4cd7f8272da29841 to remote] DEBUG org.apache.http.impl.conn.DefaultManagedHttpClientConnection - http-outgoing-0: set socket timeout to 10800000
2019-03-15 07:36:02,612 [Forwarding findElement on session ebf5bc0b43e1892a4cd7f8272da29841 to remote] DEBUG org.apache.http.impl.execchain.MainClientExec - Executing request POST /session/ebf5bc0b43e1892a4cd7f8272da29841/element HTTP/1.1
2019-03-15 07:36:02,612 [Forwarding findElement on session ebf5bc0b43e1892a4cd7f8272da29841 to remote] DEBUG org.apache.http.impl.execchain.MainClientExec - Target auth state: UNCHALLENGED
2019-03-15 07:36:02,612 [Forwarding findElement on session ebf5bc0b43e1892a4cd7f8272da29841 to remote] DEBUG org.apache.http.impl.execchain.MainClientExec - Proxy auth state: UNCHALLENGED
2019-03-15 07:36:02,613 [Forwarding findElement on session ebf5bc0b43e1892a4cd7f8272da29841 to remote] DEBUG org.apache.http.headers - http-outgoing-0 >> POST /session/ebf5bc0b43e1892a4cd7f8272da29841/element HTTP/1.1
2019-03-15 07:36:02,613 [Forwarding findElement on session ebf5bc0b43e1892a4cd7f8272da29841 to remote] DEBUG org.apache.http.headers - http-outgoing-0 >> Content-Type: application/json; charset=utf-8
2019-03-15 07:36:02,613 [Forwarding findElement on session ebf5bc0b43e1892a4cd7f8272da29841 to remote] DEBUG org.apache.http.headers - http-outgoing-0 >> Content-Length: 49
2019-03-15 07:36:02,613 [Forwarding findElement on session ebf5bc0b43e1892a4cd7f8272da29841 to remote] DEBUG org.apache.http.headers - http-outgoing-0 >> Host: localhost:26602
2019-03-15 07:36:02,613 [Forwarding findElement on session ebf5bc0b43e1892a4cd7f8272da29841 to remote] DEBUG org.apache.http.headers - http-outgoing-0 >> Connection: Keep-Alive
2019-03-15 07:36:02,613 [Forwarding findElement on session ebf5bc0b43e1892a4cd7f8272da29841 to remote] DEBUG org.apache.http.headers - http-outgoing-0 >> User-Agent: Apache-HttpClient/4.5.3 (Java/1.8.0_191)
2019-03-15 07:36:02,613 [Forwarding findElement on session ebf5bc0b43e1892a4cd7f8272da29841 to remote] DEBUG org.apache.http.headers - http-outgoing-0 >> Accept-Encoding: gzip,deflate
2019-03-15 07:36:02,613 [Forwarding findElement on session ebf5bc0b43e1892a4cd7f8272da29841 to remote] DEBUG org.apache.http.wire - http-outgoing-0 >> "POST /session/ebf5bc0b43e1892a4cd7f8272da29841/element HTTP/1.1[\r][\n]"
2019-03-15 07:36:02,613 [Forwarding findElement on session ebf5bc0b43e1892a4cd7f8272da29841 to remote] DEBUG org.apache.http.wire - http-outgoing-0 >> "Content-Type: application/json; charset=utf-8[\r][\n]"
2019-03-15 07:36:02,613 [Forwarding findElement on session ebf5bc0b43e1892a4cd7f8272da29841 to remote] DEBUG org.apache.http.wire - http-outgoing-0 >> "Content-Length: 49[\r][\n]"
2019-03-15 07:36:02,613 [Forwarding findElement on session ebf5bc0b43e1892a4cd7f8272da29841 to remote] DEBUG org.apache.http.wire - http-outgoing-0 >> "Host: localhost:26602[\r][\n]"
2019-03-15 07:36:02,613 [Forwarding findElement on session ebf5bc0b43e1892a4cd7f8272da29841 to remote] DEBUG org.apache.http.wire - http-outgoing-0 >> "Connection: Keep-Alive[\r][\n]"
2019-03-15 07:36:02,613 [Forwarding findElement on session ebf5bc0b43e1892a4cd7f8272da29841 to remote] DEBUG org.apache.http.wire - http-outgoing-0 >> "User-Agent: Apache-HttpClient/4.5.3 (Java/1.8.0_191)[\r][\n]"
2019-03-15 07:36:02,613 [Forwarding findElement on session ebf5bc0b43e1892a4cd7f8272da29841 to remote] DEBUG org.apache.http.wire - http-outgoing-0 >> "Accept-Encoding: gzip,deflate[\r][\n]"
2019-03-15 07:36:02,613 [Forwarding findElement on session ebf5bc0b43e1892a4cd7f8272da29841 to remote] DEBUG org.apache.http.wire - http-outgoing-0 >> "[\r][\n]"
2019-03-15 07:36:02,614 [Forwarding findElement on session ebf5bc0b43e1892a4cd7f8272da29841 to remote] DEBUG org.apache.http.wire - http-outgoing-0 >> "{"using":"xpath","value":"//*[@name='password']"}"
2019-03-15 07:36:02,729 [Forwarding findElement on session ebf5bc0b43e1892a4cd7f8272da29841 to remote] DEBUG org.apache.http.wire - http-outgoing-0 << "HTTP/1.1 200 OK[\r][\n]"
2019-03-15 07:36:02,730 [Forwarding findElement on session ebf5bc0b43e1892a4cd7f8272da29841 to remote] DEBUG org.apache.http.wire - http-outgoing-0 << "Content-Length:102[\r][\n]"
2019-03-15 07:36:02,730 [Forwarding findElement on session ebf5bc0b43e1892a4cd7f8272da29841 to remote] DEBUG org.apache.http.wire - http-outgoing-0 << "Content-Type:application/json; charset=utf-8[\r][\n]"
2019-03-15 07:36:02,730 [Forwarding findElement on session ebf5bc0b43e1892a4cd7f8272da29841 to remote] DEBUG org.apache.http.wire - http-outgoing-0 << "[\r][\n]"
2019-03-15 07:36:02,730 [Forwarding findElement on session ebf5bc0b43e1892a4cd7f8272da29841 to remote] DEBUG org.apache.http.wire - http-outgoing-0 << "{"sessionId":"ebf5bc0b43e1892a4cd7f8272da29841","status":0,"value":{"ELEMENT":"0.5793661813061162-1"}}"
2019-03-15 07:36:02,730 [Forwarding findElement on session ebf5bc0b43e1892a4cd7f8272da29841 to remote] DEBUG org.apache.http.headers - http-outgoing-0 << HTTP/1.1 200 OK
2019-03-15 07:36:02,730 [Forwarding findElement on session ebf5bc0b43e1892a4cd7f8272da29841 to remote] DEBUG org.apache.http.headers - http-outgoing-0 << Content-Length:102
2019-03-15 07:36:02,730 [Forwarding findElement on session ebf5bc0b43e1892a4cd7f8272da29841 to remote] DEBUG org.apache.http.headers - http-outgoing-0 << Content-Type:application/json; charset=utf-8
2019-03-15 07:36:02,732 [Forwarding findElement on session ebf5bc0b43e1892a4cd7f8272da29841 to remote] DEBUG org.apache.http.impl.execchain.MainClientExec - Connection can be kept alive indefinitely
2019-03-15 07:36:02,732 [Forwarding findElement on session ebf5bc0b43e1892a4cd7f8272da29841 to remote] DEBUG org.apache.http.impl.conn.PoolingHttpClientConnectionManager - Connection [id: 0][route: {}->http://localhost:26602] can be kept alive indefinitely
2019-03-15 07:36:02,732 [Forwarding findElement on session ebf5bc0b43e1892a4cd7f8272da29841 to remote] DEBUG org.apache.http.impl.conn.PoolingHttpClientConnectionManager - Connection released: [id: 0][route: {}->http://localhost:26602][total kept alive: 1; route allocated: 1 of 2000; total allocated: 1 of 2000]
2019-03-15 07:36:02,742 [Forwarding isElementDisplayed on session ebf5bc0b43e1892a4cd7f8272da29841 to remote] DEBUG org.apache.http.client.protocol.RequestAddCookies - CookieSpec selected: default
2019-03-15 07:36:02,742 [Forwarding isElementDisplayed on session ebf5bc0b43e1892a4cd7f8272da29841 to remote] DEBUG org.apache.http.client.protocol.RequestAuthCache - Auth cache not set in the context
2019-03-15 07:36:02,746 [Forwarding isElementDisplayed on session ebf5bc0b43e1892a4cd7f8272da29841 to remote] DEBUG org.apache.http.impl.conn.PoolingHttpClientConnectionManager - Connection request: [route: {}->http://localhost:26602][total kept alive: 1; route allocated: 1 of 2000; total allocated: 1 of 2000]
2019-03-15 07:36:02,761 [Forwarding isElementDisplayed on session ebf5bc0b43e1892a4cd7f8272da29841 to remote] DEBUG org.apache.http.impl.conn.PoolingHttpClientConnectionManager - Connection leased: [id: 0][route: {}->http://localhost:26602][total kept alive: 0; route allocated: 1 of 2000; total allocated: 1 of 2000]
2019-03-15 07:36:02,761 [Forwarding isElementDisplayed on session ebf5bc0b43e1892a4cd7f8272da29841 to remote] DEBUG org.apache.http.impl.execchain.MainClientExec - Stale connection check
2019-03-15 07:36:02,762 [Forwarding isElementDisplayed on session ebf5bc0b43e1892a4cd7f8272da29841 to remote] DEBUG org.apache.http.wire - http-outgoing-0 << "[read] I/O error: Read timed out"
2019-03-15 07:36:02,762 [Forwarding isElementDisplayed on session ebf5bc0b43e1892a4cd7f8272da29841 to remote] DEBUG org.apache.http.impl.conn.DefaultManagedHttpClientConnection - http-outgoing-0: set socket timeout to 10800000
2019-03-15 07:36:02,762 [Forwarding isElementDisplayed on session ebf5bc0b43e1892a4cd7f8272da29841 to remote] DEBUG org.apache.http.impl.execchain.MainClientExec - Executing request GET /session/ebf5bc0b43e1892a4cd7f8272da29841/element/0.5793661813061162-1/displayed HTTP/1.1
2019-03-15 07:36:02,762 [Forwarding isElementDisplayed on session ebf5bc0b43e1892a4cd7f8272da29841 to remote] DEBUG org.apache.http.impl.execchain.MainClientExec - Target auth state: UNCHALLENGED
2019-03-15 07:36:02,762 [Forwarding isElementDisplayed on session ebf5bc0b43e1892a4cd7f8272da29841 to remote] DEBUG org.apache.http.impl.execchain.MainClientExec - Proxy auth state: UNCHALLENGED
2019-03-15 07:36:02,763 [Forwarding isElementDisplayed on session ebf5bc0b43e1892a4cd7f8272da29841 to remote] DEBUG org.apache.http.headers - http-outgoing-0 >> GET /session/ebf5bc0b43e1892a4cd7f8272da29841/element/0.5793661813061162-1/displayed HTTP/1.1
2019-03-15 07:36:02,763 [Forwarding isElementDisplayed on session ebf5bc0b43e1892a4cd7f8272da29841 to remote] DEBUG org.apache.http.headers - http-outgoing-0 >> Cache-Control: no-cache
2019-03-15 07:36:02,763 [Forwarding isElementDisplayed on session ebf5bc0b43e1892a4cd7f8272da29841 to remote] DEBUG org.apache.http.headers - http-outgoing-0 >> Host: localhost:26602
2019-03-15 07:36:02,763 [Forwarding isElementDisplayed on session ebf5bc0b43e1892a4cd7f8272da29841 to remote] DEBUG org.apache.http.headers - http-outgoing-0 >> Connection: Keep-Alive
2019-03-15 07:36:02,763 [Forwarding isElementDisplayed on session ebf5bc0b43e1892a4cd7f8272da29841 to remote] DEBUG org.apache.http.headers - http-outgoing-0 >> User-Agent: Apache-HttpClient/4.5.3 (Java/1.8.0_191)
2019-03-15 07:36:02,763 [Forwarding isElementDisplayed on session ebf5bc0b43e1892a4cd7f8272da29841 to remote] DEBUG org.apache.http.headers - http-outgoing-0 >> Accept-Encoding: gzip,deflate
2019-03-15 07:36:02,763 [Forwarding isElementDisplayed on session ebf5bc0b43e1892a4cd7f8272da29841 to remote] DEBUG org.apache.http.wire - http-outgoing-0 >> "GET /session/ebf5bc0b43e1892a4cd7f8272da29841/element/0.5793661813061162-1/displayed HTTP/1.1[\r][\n]"
2019-03-15 07:36:02,763 [Forwarding isElementDisplayed on session ebf5bc0b43e1892a4cd7f8272da29841 to remote] DEBUG org.apache.http.wire - http-outgoing-0 >> "Cache-Control: no-cache[\r][\n]"
2019-03-15 07:36:02,763 [Forwarding isElementDisplayed on session ebf5bc0b43e1892a4cd7f8272da29841 to remote] DEBUG org.apache.http.wire - http-outgoing-0 >> "Host: localhost:26602[\r][\n]"
2019-03-15 07:36:02,763 [Forwarding isElementDisplayed on session ebf5bc0b43e1892a4cd7f8272da29841 to remote] DEBUG org.apache.http.wire - http-outgoing-0 >> "Connection: Keep-Alive[\r][\n]"
2019-03-15 07:36:02,763 [Forwarding isElementDisplayed on session ebf5bc0b43e1892a4cd7f8272da29841 to remote] DEBUG org.apache.http.wire - http-outgoing-0 >> "User-Agent: Apache-HttpClient/4.5.3 (Java/1.8.0_191)[\r][\n]"
2019-03-15 07:36:02,763 [Forwarding isElementDisplayed on session ebf5bc0b43e1892a4cd7f8272da29841 to remote] DEBUG org.apache.http.wire - http-outgoing-0 >> "Accept-Encoding: gzip,deflate[\r][\n]"
2019-03-15 07:36:02,763 [Forwarding isElementDisplayed on session ebf5bc0b43e1892a4cd7f8272da29841 to remote] DEBUG org.apache.http.wire - http-outgoing-0 >> "[\r][\n]"
2019-03-15 07:36:02,823 [Forwarding isElementDisplayed on session ebf5bc0b43e1892a4cd7f8272da29841 to remote] DEBUG org.apache.http.wire - http-outgoing-0 << "HTTP/1.1 200 OK[\r][\n]"
2019-03-15 07:36:02,824 [Forwarding isElementDisplayed on session ebf5bc0b43e1892a4cd7f8272da29841 to remote] DEBUG org.apache.http.wire - http-outgoing-0 << "Content-Length:73[\r][\n]"
2019-03-15 07:36:02,824 [Forwarding isElementDisplayed on session ebf5bc0b43e1892a4cd7f8272da29841 to remote] DEBUG org.apache.http.wire - http-outgoing-0 << "Content-Type:application/json; charset=utf-8[\r][\n]"
2019-03-15 07:36:02,824 [Forwarding isElementDisplayed on session ebf5bc0b43e1892a4cd7f8272da29841 to remote] DEBUG org.apache.http.wire - http-outgoing-0 << "[\r][\n]"
2019-03-15 07:36:02,825 [Forwarding isElementDisplayed on session ebf5bc0b43e1892a4cd7f8272da29841 to remote] DEBUG org.apache.http.wire - http-outgoing-0 << "{"sessionId":"ebf5bc0b43e1892a4cd7f8272da29841","status":0,"value":false}"
2019-03-15 07:36:02,825 [Forwarding isElementDisplayed on session ebf5bc0b43e1892a4cd7f8272da29841 to remote] DEBUG org.apache.http.headers - http-outgoing-0 << HTTP/1.1 200 OK
2019-03-15 07:36:02,825 [Forwarding isElementDisplayed on session ebf5bc0b43e1892a4cd7f8272da29841 to remote] DEBUG org.apache.http.headers - http-outgoing-0 << Content-Length:73
2019-03-15 07:36:02,825 [Forwarding isElementDisplayed on session ebf5bc0b43e1892a4cd7f8272da29841 to remote] DEBUG org.apache.http.headers - http-outgoing-0 << Content-Type:application/json; charset=utf-8
2019-03-15 07:36:02,825 [Forwarding isElementDisplayed on session ebf5bc0b43e1892a4cd7f8272da29841 to remote] DEBUG org.apache.http.impl.execchain.MainClientExec - Connection can be kept alive indefinitely
2019-03-15 07:36:02,826 [Forwarding isElementDisplayed on session ebf5bc0b43e1892a4cd7f8272da29841 to remote] DEBUG org.apache.http.impl.conn.PoolingHttpClientConnectionManager - Connection [id: 0][route: {}->http://localhost:26602] can be kept alive indefinitely
2019-03-15 07:36:02,826 [Forwarding isElementDisplayed on session ebf5bc0b43e1892a4cd7f8272da29841 to remote] DEBUG org.apache.http.impl.conn.PoolingHttpClientConnectionManager - Connection released: [id: 0][route: {}->http://localhost:26602][total kept alive: 1; route allocated: 1 of 2000; total allocated: 1 of 2000]
2019-03-15 07:36:03,342 [Forwarding findElement on session ebf5bc0b43e1892a4cd7f8272da29841 to remote] DEBUG org.apache.http.client.protocol.RequestAddCookies - CookieSpec selected: default
2019-03-15 07:36:03,343 [Forwarding findElement on session ebf5bc0b43e1892a4cd7f8272da29841 to remote] DEBUG org.apache.http.client.protocol.RequestAuthCache - Auth cache not set in the context
2019-03-15 07:36:03,343 [Forwarding findElement on session ebf5bc0b43e1892a4cd7f8272da29841 to remote] DEBUG org.apache.http.impl.conn.PoolingHttpClientConnectionManager - Connection request: [route: {}->http://localhost:26602][total kept alive: 1; route allocated: 1 of 2000; total allocated: 1 of 2000]
2019-03-15 07:36:03,343 [Forwarding findElement on session ebf5bc0b43e1892a4cd7f8272da29841 to remote] DEBUG org.apache.http.impl.conn.PoolingHttpClientConnectionManager - Connection leased: [id: 0][route: {}->http://localhost:26602][total kept alive: 0; route allocated: 1 of 2000; total allocated: 1 of 2000]
2019-03-15 07:36:03,343 [Forwarding findElement on session ebf5bc0b43e1892a4cd7f8272da29841 to remote] DEBUG org.apache.http.impl.execchain.MainClientExec - Stale connection check
2019-03-15 07:36:03,344 [Forwarding findElement on session ebf5bc0b43e1892a4cd7f8272da29841 to remote] DEBUG org.apache.http.wire - http-outgoing-0 << "[read] I/O error: Read timed out"
2019-03-15 07:36:03,344 [Forwarding findElement on session ebf5bc0b43e1892a4cd7f8272da29841 to remote] DEBUG org.apache.http.impl.conn.DefaultManagedHttpClientConnection - http-outgoing-0: set socket timeout to 10800000
2019-03-15 07:36:03,344 [Forwarding findElement on session ebf5bc0b43e1892a4cd7f8272da29841 to remote] DEBUG org.apache.http.impl.execchain.MainClientExec - Executing request POST /session/ebf5bc0b43e1892a4cd7f8272da29841/element HTTP/1.1
2019-03-15 07:36:03,344 [Forwarding findElement on session ebf5bc0b43e1892a4cd7f8272da29841 to remote] DEBUG org.apache.http.impl.execchain.MainClientExec - Target auth state: UNCHALLENGED
2019-03-15 07:36:03,344 [Forwarding findElement on session ebf5bc0b43e1892a4cd7f8272da29841 to remote] DEBUG org.apache.http.impl.execchain.MainClientExec - Proxy auth state: UNCHALLENGED
2019-03-15 07:36:03,345 [Forwarding findElement on session ebf5bc0b43e1892a4cd7f8272da29841 to remote] DEBUG org.apache.http.headers - http-outgoing-0 >> POST /session/ebf5bc0b43e1892a4cd7f8272da29841/element HTTP/1.1
2019-03-15 07:36:03,345 [Forwarding findElement on session ebf5bc0b43e1892a4cd7f8272da29841 to remote] DEBUG org.apache.http.headers - http-outgoing-0 >> Content-Type: application/json; charset=utf-8
2019-03-15 07:36:03,345 [Forwarding findElement on session ebf5bc0b43e1892a4cd7f8272da29841 to remote] DEBUG org.apache.http.headers - http-outgoing-0 >> Content-Length: 49
2019-03-15 07:36:03,345 [Forwarding findElement on session ebf5bc0b43e1892a4cd7f8272da29841 to remote] DEBUG org.apache.http.headers - http-outgoing-0 >> Host: localhost:26602
2019-03-15 07:36:03,345 [Forwarding findElement on session ebf5bc0b43e1892a4cd7f8272da29841 to remote] DEBUG org.apache.http.headers - http-outgoing-0 >> Connection: Keep-Alive
2019-03-15 07:36:03,345 [Forwarding findElement on session ebf5bc0b43e1892a4cd7f8272da29841 to remote] DEBUG org.apache.http.headers - http-outgoing-0 >> User-Agent: Apache-HttpClient/4.5.3 (Java/1.8.0_191)
2019-03-15 07:36:03,345 [Forwarding findElement on session ebf5bc0b43e1892a4cd7f8272da29841 to remote] DEBUG org.apache.http.headers - http-outgoing-0 >> Accept-Encoding: gzip,deflate
2019-03-15 07:36:03,345 [Forwarding findElement on session ebf5bc0b43e1892a4cd7f8272da29841 to remote] DEBUG org.apache.http.wire - http-outgoing-0 >> "POST /session/ebf5bc0b43e1892a4cd7f8272da29841/element HTTP/1.1[\r][\n]"
2019-03-15 07:36:03,345 [Forwarding findElement on session ebf5bc0b43e1892a4cd7f8272da29841 to remote] DEBUG org.apache.http.wire - http-outgoing-0 >> "Content-Type: application/json; charset=utf-8[\r][\n]"
2019-03-15 07:36:03,345 [Forwarding findElement on session ebf5bc0b43e1892a4cd7f8272da29841 to remote] DEBUG org.apache.http.wire - http-outgoing-0 >> "Content-Length: 49[\r][\n]"
2019-03-15 07:36:03,345 [Forwarding findElement on session ebf5bc0b43e1892a4cd7f8272da29841 to remote] DEBUG org.apache.http.wire - http-outgoing-0 >> "Host: localhost:26602[\r][\n]"
2019-03-15 07:36:03,345 [Forwarding findElement on session ebf5bc0b43e1892a4cd7f8272da29841 to remote] DEBUG org.apache.http.wire - http-outgoing-0 >> "Connection: Keep-Alive[\r][\n]"
2019-03-15 07:36:03,345 [Forwarding findElement on session ebf5bc0b43e1892a4cd7f8272da29841 to remote] DEBUG org.apache.http.wire - http-outgoing-0 >> "User-Agent: Apache-HttpClient/4.5.3 (Java/1.8.0_191)[\r][\n]"
2019-03-15 07:36:03,345 [Forwarding findElement on session ebf5bc0b43e1892a4cd7f8272da29841 to remote] DEBUG org.apache.http.wire - http-outgoing-0 >> "Accept-Encoding: gzip,deflate[\r][\n]"
2019-03-15 07:36:03,345 [Forwarding findElement on session ebf5bc0b43e1892a4cd7f8272da29841 to remote] DEBUG org.apache.http.wire - http-outgoing-0 >> "[\r][\n]"
2019-03-15 07:36:03,345 [Forwarding findElement on session ebf5bc0b43e1892a4cd7f8272da29841 to remote] DEBUG org.apache.http.wire - http-outgoing-0 >> "{"using":"xpath","value":"//*[@name='password']"}"
2019-03-15 07:36:03,452 [Forwarding findElement on session ebf5bc0b43e1892a4cd7f8272da29841 to remote] DEBUG org.apache.http.wire - http-outgoing-0 << "HTTP/1.1 200 OK[\r][\n]"
2019-03-15 07:36:03,452 [Forwarding findElement on session ebf5bc0b43e1892a4cd7f8272da29841 to remote] DEBUG org.apache.http.wire - http-outgoing-0 << "Content-Length:102[\r][\n]"
2019-03-15 07:36:03,452 [Forwarding findElement on session ebf5bc0b43e1892a4cd7f8272da29841 to remote] DEBUG org.apache.http.wire - http-outgoing-0 << "Content-Type:application/json; charset=utf-8[\r][\n]"
2019-03-15 07:36:03,452 [Forwarding findElement on session ebf5bc0b43e1892a4cd7f8272da29841 to remote] DEBUG org.apache.http.wire - http-outgoing-0 << "[\r][\n]"
2019-03-15 07:36:03,452 [Forwarding findElement on session ebf5bc0b43e1892a4cd7f8272da29841 to remote] DEBUG org.apache.http.wire - http-outgoing-0 << "{"sessionId":"ebf5bc0b43e1892a4cd7f8272da29841","status":0,"value":{"ELEMENT":"0.5793661813061162-1"}}"
2019-03-15 07:36:03,452 [Forwarding findElement on session ebf5bc0b43e1892a4cd7f8272da29841 to remote] DEBUG org.apache.http.headers - http-outgoing-0 << HTTP/1.1 200 OK
2019-03-15 07:36:03,452 [Forwarding findElement on session ebf5bc0b43e1892a4cd7f8272da29841 to remote] DEBUG org.apache.http.headers - http-outgoing-0 << Content-Length:102
2019-03-15 07:36:03,453 [Forwarding findElement on session ebf5bc0b43e1892a4cd7f8272da29841 to remote] DEBUG org.apache.http.headers - http-outgoing-0 << Content-Type:application/json; charset=utf-8
2019-03-15 07:36:03,453 [Forwarding findElement on session ebf5bc0b43e1892a4cd7f8272da29841 to remote] DEBUG org.apache.http.impl.execchain.MainClientExec - Connection can be kept alive indefinitely
2019-03-15 07:36:03,453 [Forwarding findElement on session ebf5bc0b43e1892a4cd7f8272da29841 to remote] DEBUG org.apache.http.impl.conn.PoolingHttpClientConnectionManager - Connection [id: 0][route: {}->http://localhost:26602] can be kept alive indefinitely
2019-03-15 07:36:03,453 [Forwarding findElement on session ebf5bc0b43e1892a4cd7f8272da29841 to remote] DEBUG org.apache.http.impl.conn.PoolingHttpClientConnectionManager - Connection released: [id: 0][route: {}->http://localhost:26602][total kept alive: 1; route allocated: 1 of 2000; total allocated: 1 of 2000]
2019-03-15 07:36:03,457 [Forwarding isElementDisplayed on session ebf5bc0b43e1892a4cd7f8272da29841 to remote] DEBUG org.apache.http.client.protocol.RequestAddCookies - CookieSpec selected: default
2019-03-15 07:36:03,457 [Forwarding isElementDisplayed on session ebf5bc0b43e1892a4cd7f8272da29841 to remote] DEBUG org.apache.http.client.protocol.RequestAuthCache - Auth cache not set in the context
2019-03-15 07:36:03,457 [Forwarding isElementDisplayed on session ebf5bc0b43e1892a4cd7f8272da29841 to remote] DEBUG org.apache.http.impl.conn.PoolingHttpClientConnectionManager - Connection request: [route: {}->http://localhost:26602][total kept alive: 1; route allocated: 1 of 2000; total allocated: 1 of 2000]
2019-03-15 07:36:03,457 [Forwarding isElementDisplayed on session ebf5bc0b43e1892a4cd7f8272da29841 to remote] DEBUG org.apache.http.impl.conn.PoolingHttpClientConnectionManager - Connection leased: [id: 0][route: {}->http://localhost:26602][total kept alive: 0; route allocated: 1 of 2000; total allocated: 1 of 2000]
2019-03-15 07:36:03,457 [Forwarding isElementDisplayed on session ebf5bc0b43e1892a4cd7f8272da29841 to remote] DEBUG org.apache.http.impl.execchain.MainClientExec - Stale connection check
2019-03-15 07:36:03,467 [Forwarding isElementDisplayed on session ebf5bc0b43e1892a4cd7f8272da29841 to remote] DEBUG org.apache.http.wire - http-outgoing-0 << "[read] I/O error: Read timed out"
2019-03-15 07:36:03,467 [Forwarding isElementDisplayed on session ebf5bc0b43e1892a4cd7f8272da29841 to remote] DEBUG org.apache.http.impl.conn.DefaultManagedHttpClientConnection - http-outgoing-0: set socket timeout to 10800000
2019-03-15 07:36:03,467 [Forwarding isElementDisplayed on session ebf5bc0b43e1892a4cd7f8272da29841 to remote] DEBUG org.apache.http.impl.execchain.MainClientExec - Executing request GET /session/ebf5bc0b43e1892a4cd7f8272da29841/element/0.5793661813061162-1/displayed HTTP/1.1
2019-03-15 07:36:03,467 [Forwarding isElementDisplayed on session ebf5bc0b43e1892a4cd7f8272da29841 to remote] DEBUG org.apache.http.impl.execchain.MainClientExec - Target auth state: UNCHALLENGED
2019-03-15 07:36:03,467 [Forwarding isElementDisplayed on session ebf5bc0b43e1892a4cd7f8272da29841 to remote] DEBUG org.apache.http.impl.execchain.MainClientExec - Proxy auth state: UNCHALLENGED
2019-03-15 07:36:03,468 [Forwarding isElementDisplayed on session ebf5bc0b43e1892a4cd7f8272da29841 to remote] DEBUG org.apache.http.headers - http-outgoing-0 >> GET /session/ebf5bc0b43e1892a4cd7f8272da29841/element/0.5793661813061162-1/displayed HTTP/1.1
2019-03-15 07:36:03,468 [Forwarding isElementDisplayed on session ebf5bc0b43e1892a4cd7f8272da29841 to remote] DEBUG org.apache.http.headers - http-outgoing-0 >> Cache-Control: no-cache
2019-03-15 07:36:03,468 [Forwarding isElementDisplayed on session ebf5bc0b43e1892a4cd7f8272da29841 to remote] DEBUG org.apache.http.headers - http-outgoing-0 >> Host: localhost:26602
2019-03-15 07:36:03,468 [Forwarding isElementDisplayed on session ebf5bc0b43e1892a4cd7f8272da29841 to remote] DEBUG org.apache.http.headers - http-outgoing-0 >> Connection: Keep-Alive
2019-03-15 07:36:03,468 [Forwarding isElementDisplayed on session ebf5bc0b43e1892a4cd7f8272da29841 to remote] DEBUG org.apache.http.headers - http-outgoing-0 >> User-Agent: Apache-HttpClient/4.5.3 (Java/1.8.0_191)
2019-03-15 07:36:03,468 [Forwarding isElementDisplayed on session ebf5bc0b43e1892a4cd7f8272da29841 to remote] DEBUG org.apache.http.headers - http-outgoing-0 >> Accept-Encoding: gzip,deflate
2019-03-15 07:36:03,468 [Forwarding isElementDisplayed on session ebf5bc0b43e1892a4cd7f8272da29841 to remote] DEBUG org.apache.http.wire - http-outgoing-0 >> "GET /session/ebf5bc0b43e1892a4cd7f8272da29841/element/0.5793661813061162-1/displayed HTTP/1.1[\r][\n]"
2019-03-15 07:36:03,468 [Forwarding isElementDisplayed on session ebf5bc0b43e1892a4cd7f8272da29841 to remote] DEBUG org.apache.http.wire - http-outgoing-0 >> "Cache-Control: no-cache[\r][\n]"
2019-03-15 07:36:03,468 [Forwarding isElementDisplayed on session ebf5bc0b43e1892a4cd7f8272da29841 to remote] DEBUG org.apache.http.wire - http-outgoing-0 >> "Host: localhost:26602[\r][\n]"
2019-03-15 07:36:03,468 [Forwarding isElementDisplayed on session ebf5bc0b43e1892a4cd7f8272da29841 to remote] DEBUG org.apache.http.wire - http-outgoing-0 >> "Connection: Keep-Alive[\r][\n]"
2019-03-15 07:36:03,468 [Forwarding isElementDisplayed on session ebf5bc0b43e1892a4cd7f8272da29841 to remote] DEBUG org.apache.http.wire - http-outgoing-0 >> "User-Agent: Apache-HttpClient/4.5.3 (Java/1.8.0_191)[\r][\n]"
2019-03-15 07:36:03,468 [Forwarding isElementDisplayed on session ebf5bc0b43e1892a4cd7f8272da29841 to remote] DEBUG org.apache.http.wire - http-outgoing-0 >> "Accept-Encoding: gzip,deflate[\r][\n]"
2019-03-15 07:36:03,468 [Forwarding isElementDisplayed on session ebf5bc0b43e1892a4cd7f8272da29841 to remote] DEBUG org.apache.http.wire - http-outgoing-0 >> "[\r][\n]"
2019-03-15 07:36:03,546 [Forwarding isElementDisplayed on session ebf5bc0b43e1892a4cd7f8272da29841 to remote] DEBUG org.apache.http.wire - http-outgoing-0 << "HTTP/1.1 200 OK[\r][\n]"
2019-03-15 07:36:03,546 [Forwarding isElementDisplayed on session ebf5bc0b43e1892a4cd7f8272da29841 to remote] DEBUG org.apache.http.wire - http-outgoing-0 << "Content-Length:73[\r][\n]"
2019-03-15 07:36:03,546 [Forwarding isElementDisplayed on session ebf5bc0b43e1892a4cd7f8272da29841 to remote] DEBUG org.apache.http.wire - http-outgoing-0 << "Content-Type:application/json; charset=utf-8[\r][\n]"
2019-03-15 07:36:03,546 [Forwarding isElementDisplayed on session ebf5bc0b43e1892a4cd7f8272da29841 to remote] DEBUG org.apache.http.wire - http-outgoing-0 << "[\r][\n]"
2019-03-15 07:36:03,546 [Forwarding isElementDisplayed on session ebf5bc0b43e1892a4cd7f8272da29841 to remote] DEBUG org.apache.http.wire - http-outgoing-0 << "{"sessionId":"ebf5bc0b43e1892a4cd7f8272da29841","status":0,"value":false}"
2019-03-15 07:36:03,546 [Forwarding isElementDisplayed on session ebf5bc0b43e1892a4cd7f8272da29841 to remote] DEBUG org.apache.http.headers - http-outgoing-0 << HTTP/1.1 200 OK
2019-03-15 07:36:03,546 [Forwarding isElementDisplayed on session ebf5bc0b43e1892a4cd7f8272da29841 to remote] DEBUG org.apache.http.headers - http-outgoing-0 << Content-Length:73
2019-03-15 07:36:03,546 [Forwarding isElementDisplayed on session ebf5bc0b43e1892a4cd7f8272da29841 to remote] DEBUG org.apache.http.headers - http-outgoing-0 << Content-Type:application/json; charset=utf-8
2019-03-15 07:36:03,546 [Forwarding isElementDisplayed on session ebf5bc0b43e1892a4cd7f8272da29841 to remote] DEBUG org.apache.http.impl.execchain.MainClientExec - Connection can be kept alive indefinitely
2019-03-15 07:36:03,547 [Forwarding isElementDisplayed on session ebf5bc0b43e1892a4cd7f8272da29841 to remote] DEBUG org.apache.http.impl.conn.PoolingHttpClientConnectionManager - Connection [id: 0][route: {}->http://localhost:26602] can be kept alive indefinitely
2019-03-15 07:36:03,547 [Forwarding isElementDisplayed on session ebf5bc0b43e1892a4cd7f8272da29841 to remote] DEBUG org.apache.http.impl.conn.PoolingHttpClientConnectionManager - Connection released: [id: 0][route: {}->http://localhost:26602][total kept alive: 1; route allocated: 1 of 2000; total allocated: 1 of 2000]
2019-03-15 07:36:04,053 [Forwarding findElement on session ebf5bc0b43e1892a4cd7f8272da29841 to remote] DEBUG org.apache.http.client.protocol.RequestAddCookies - CookieSpec selected: default
2019-03-15 07:36:04,054 [Forwarding findElement on session ebf5bc0b43e1892a4cd7f8272da29841 to remote] DEBUG org.apache.http.client.protocol.RequestAuthCache - Auth cache not set in the context
2019-03-15 07:36:04,054 [Forwarding findElement on session ebf5bc0b43e1892a4cd7f8272da29841 to remote] DEBUG org.apache.http.impl.conn.PoolingHttpClientConnectionManager - Connection request: [route: {}->http://localhost:26602][total kept alive: 1; route allocated: 1 of 2000; total allocated: 1 of 2000]
2019-03-15 07:36:04,055 [Forwarding findElement on session ebf5bc0b43e1892a4cd7f8272da29841 to remote] DEBUG org.apache.http.impl.conn.PoolingHttpClientConnectionManager - Connection leased: [id: 0][route: {}->http://localhost:26602][total kept alive: 0; route allocated: 1 of 2000; total allocated: 1 of 2000]
2019-03-15 07:36:04,055 [Forwarding findElement on session ebf5bc0b43e1892a4cd7f8272da29841 to remote] DEBUG org.apache.http.impl.execchain.MainClientExec - Stale connection check
2019-03-15 07:36:04,056 [Forwarding findElement on session ebf5bc0b43e1892a4cd7f8272da29841 to remote] DEBUG org.apache.http.wire - http-outgoing-0 << "[read] I/O error: Read timed out"
2019-03-15 07:36:04,056 [Forwarding findElement on session ebf5bc0b43e1892a4cd7f8272da29841 to remote] DEBUG org.apache.http.impl.conn.DefaultManagedHttpClientConnection - http-outgoing-0: set socket timeout to 10800000
2019-03-15 07:36:04,056 [Forwarding findElement on session ebf5bc0b43e1892a4cd7f8272da29841 to remote] DEBUG org.apache.http.impl.execchain.MainClientExec - Executing request POST /session/ebf5bc0b43e1892a4cd7f8272da29841/element HTTP/1.1
2019-03-15 07:36:04,056 [Forwarding findElement on session ebf5bc0b43e1892a4cd7f8272da29841 to remote] DEBUG org.apache.http.impl.execchain.MainClientExec - Target auth state: UNCHALLENGED
2019-03-15 07:36:04,056 [Forwarding findElement on session ebf5bc0b43e1892a4cd7f8272da29841 to remote] DEBUG org.apache.http.impl.execchain.MainClientExec - Proxy auth state: UNCHALLENGED
2019-03-15 07:36:04,060 [Forwarding findElement on session ebf5bc0b43e1892a4cd7f8272da29841 to remote] DEBUG org.apache.http.headers - http-outgoing-0 >> POST /session/ebf5bc0b43e1892a4cd7f8272da29841/element HTTP/1.1
2019-03-15 07:36:04,060 [Forwarding findElement on session ebf5bc0b43e1892a4cd7f8272da29841 to remote] DEBUG org.apache.http.headers - http-outgoing-0 >> Content-Type: application/json; charset=utf-8
2019-03-15 07:36:04,060 [Forwarding findElement on session ebf5bc0b43e1892a4cd7f8272da29841 to remote] DEBUG org.apache.http.headers - http-outgoing-0 >> Content-Length: 49
2019-03-15 07:36:04,060 [Forwarding findElement on session ebf5bc0b43e1892a4cd7f8272da29841 to remote] DEBUG org.apache.http.headers - http-outgoing-0 >> Host: localhost:26602
2019-03-15 07:36:04,060 [Forwarding findElement on session ebf5bc0b43e1892a4cd7f8272da29841 to remote] DEBUG org.apache.http.headers - http-outgoing-0 >> Connection: Keep-Alive
2019-03-15 07:36:04,060 [Forwarding findElement on session ebf5bc0b43e1892a4cd7f8272da29841 to remote] DEBUG org.apache.http.headers - http-outgoing-0 >> User-Agent: Apache-HttpClient/4.5.3 (Java/1.8.0_191)
2019-03-15 07:36:04,060 [Forwarding findElement on session ebf5bc0b43e1892a4cd7f8272da29841 to remote] DEBUG org.apache.http.headers - http-outgoing-0 >> Accept-Encoding: gzip,deflate
2019-03-15 07:36:04,060 [Forwarding findElement on session ebf5bc0b43e1892a4cd7f8272da29841 to remote] DEBUG org.apache.http.wire - http-outgoing-0 >> "POST /session/ebf5bc0b43e1892a4cd7f8272da29841/element HTTP/1.1[\r][\n]"
2019-03-15 07:36:04,060 [Forwarding findElement on session ebf5bc0b43e1892a4cd7f8272da29841 to remote] DEBUG org.apache.http.wire - http-outgoing-0 >> "Content-Type: application/json; charset=utf-8[\r][\n]"
2019-03-15 07:36:04,061 [Forwarding findElement on session ebf5bc0b43e1892a4cd7f8272da29841 to remote] DEBUG org.apache.http.wire - http-outgoing-0 >> "Content-Length: 49[\r][\n]"
2019-03-15 07:36:04,061 [Forwarding findElement on session ebf5bc0b43e1892a4cd7f8272da29841 to remote] DEBUG org.apache.http.wire - http-outgoing-0 >> "Host: localhost:26602[\r][\n]"
2019-03-15 07:36:04,061 [Forwarding findElement on session ebf5bc0b43e1892a4cd7f8272da29841 to remote] DEBUG org.apache.http.wire - http-outgoing-0 >> "Connection: Keep-Alive[\r][\n]"
2019-03-15 07:36:04,061 [Forwarding findElement on session ebf5bc0b43e1892a4cd7f8272da29841 to remote] DEBUG org.apache.http.wire - http-outgoing-0 >> "User-Agent: Apache-HttpClient/4.5.3 (Java/1.8.0_191)[\r][\n]"
2019-03-15 07:36:04,061 [Forwarding findElement on session ebf5bc0b43e1892a4cd7f8272da29841 to remote] DEBUG org.apache.http.wire - http-outgoing-0 >> "Accept-Encoding: gzip,deflate[\r][\n]"
2019-03-15 07:36:04,061 [Forwarding findElement on session ebf5bc0b43e1892a4cd7f8272da29841 to remote] DEBUG org.apache.http.wire - http-outgoing-0 >> "[\r][\n]"
2019-03-15 07:36:04,061 [Forwarding findElement on session ebf5bc0b43e1892a4cd7f8272da29841 to remote] DEBUG org.apache.http.wire - http-outgoing-0 >> "{"using":"xpath","value":"//*[@name='password']"}"
2019-03-15 07:36:04,192 [Forwarding findElement on session ebf5bc0b43e1892a4cd7f8272da29841 to remote] DEBUG org.apache.http.wire - http-outgoing-0 << "HTTP/1.1 200 OK[\r][\n]"
2019-03-15 07:36:04,192 [Forwarding findElement on session ebf5bc0b43e1892a4cd7f8272da29841 to remote] DEBUG org.apache.http.wire - http-outgoing-0 << "Content-Length:102[\r][\n]"
2019-03-15 07:36:04,192 [Forwarding findElement on session ebf5bc0b43e1892a4cd7f8272da29841 to remote] DEBUG org.apache.http.wire - http-outgoing-0 << "Content-Type:application/json; charset=utf-8[\r][\n]"
2019-03-15 07:36:04,192 [Forwarding findElement on session ebf5bc0b43e1892a4cd7f8272da29841 to remote] DEBUG org.apache.http.wire - http-outgoing-0 << "[\r][\n]"
2019-03-15 07:36:04,192 [Forwarding findElement on session ebf5bc0b43e1892a4cd7f8272da29841 to remote] DEBUG org.apache.http.wire - http-outgoing-0 << "{"sessionId":"ebf5bc0b43e1892a4cd7f8272da29841","status":0,"value":{"ELEMENT":"0.5793661813061162-1"}}"
2019-03-15 07:36:04,193 [Forwarding findElement on session ebf5bc0b43e1892a4cd7f8272da29841 to remote] DEBUG org.apache.http.headers - http-outgoing-0 << HTTP/1.1 200 OK
2019-03-15 07:36:04,193 [Forwarding findElement on session ebf5bc0b43e1892a4cd7f8272da29841 to remote] DEBUG org.apache.http.headers - http-outgoing-0 << Content-Length:102
2019-03-15 07:36:04,193 [Forwarding findElement on session ebf5bc0b43e1892a4cd7f8272da29841 to remote] DEBUG org.apache.http.headers - http-outgoing-0 << Content-Type:application/json; charset=utf-8
2019-03-15 07:36:04,193 [Forwarding findElement on session ebf5bc0b43e1892a4cd7f8272da29841 to remote] DEBUG org.apache.http.impl.execchain.MainClientExec - Connection can be kept alive indefinitely
2019-03-15 07:36:04,193 [Forwarding findElement on session ebf5bc0b43e1892a4cd7f8272da29841 to remote] DEBUG org.apache.http.impl.conn.PoolingHttpClientConnectionManager - Connection [id: 0][route: {}->http://localhost:26602] can be kept alive indefinitely
2019-03-15 07:36:04,193 [Forwarding findElement on session ebf5bc0b43e1892a4cd7f8272da29841 to remote] DEBUG org.apache.http.impl.conn.PoolingHttpClientConnectionManager - Connection released: [id: 0][route: {}->http://localhost:26602][total kept alive: 1; route allocated: 1 of 2000; total allocated: 1 of 2000]
2019-03-15 07:36:04,198 [Forwarding isElementDisplayed on session ebf5bc0b43e1892a4cd7f8272da29841 to remote] DEBUG org.apache.http.client.protocol.RequestAddCookies - CookieSpec selected: default
2019-03-15 07:36:04,199 [Forwarding isElementDisplayed on session ebf5bc0b43e1892a4cd7f8272da29841 to remote] DEBUG org.apache.http.client.protocol.RequestAuthCache - Auth cache not set in the context
2019-03-15 07:36:04,199 [Forwarding isElementDisplayed on session ebf5bc0b43e1892a4cd7f8272da29841 to remote] DEBUG org.apache.http.impl.conn.PoolingHttpClientConnectionManager - Connection request: [route: {}->http://localhost:26602][total kept alive: 1; route allocated: 1 of 2000; total allocated: 1 of 2000]
2019-03-15 07:36:04,199 [Forwarding isElementDisplayed on session ebf5bc0b43e1892a4cd7f8272da29841 to remote] DEBUG org.apache.http.impl.conn.PoolingHttpClientConnectionManager - Connection leased: [id: 0][route: {}->http://localhost:26602][total kept alive: 0; route allocated: 1 of 2000; total allocated: 1 of 2000]
2019-03-15 07:36:04,199 [Forwarding isElementDisplayed on session ebf5bc0b43e1892a4cd7f8272da29841 to remote] DEBUG org.apache.http.impl.execchain.MainClientExec - Stale connection check
2019-03-15 07:36:04,200 [Forwarding isElementDisplayed on session ebf5bc0b43e1892a4cd7f8272da29841 to remote] DEBUG org.apache.http.wire - http-outgoing-0 << "[read] I/O error: Read timed out"
2019-03-15 07:36:04,200 [Forwarding isElementDisplayed on session ebf5bc0b43e1892a4cd7f8272da29841 to remote] DEBUG org.apache.http.impl.conn.DefaultManagedHttpClientConnection - http-outgoing-0: set socket timeout to 10800000
2019-03-15 07:36:04,200 [Forwarding isElementDisplayed on session ebf5bc0b43e1892a4cd7f8272da29841 to remote] DEBUG org.apache.http.impl.execchain.MainClientExec - Executing request GET /session/ebf5bc0b43e1892a4cd7f8272da29841/element/0.5793661813061162-1/displayed HTTP/1.1
2019-03-15 07:36:04,200 [Forwarding isElementDisplayed on session ebf5bc0b43e1892a4cd7f8272da29841 to remote] DEBUG org.apache.http.impl.execchain.MainClientExec - Target auth state: UNCHALLENGED
2019-03-15 07:36:04,200 [Forwarding isElementDisplayed on session ebf5bc0b43e1892a4cd7f8272da29841 to remote] DEBUG org.apache.http.impl.execchain.MainClientExec - Proxy auth state: UNCHALLENGED
2019-03-15 07:36:04,201 [Forwarding isElementDisplayed on session ebf5bc0b43e1892a4cd7f8272da29841 to remote] DEBUG org.apache.http.headers - http-outgoing-0 >> GET /session/ebf5bc0b43e1892a4cd7f8272da29841/element/0.5793661813061162-1/displayed HTTP/1.1
2019-03-15 07:36:04,201 [Forwarding isElementDisplayed on session ebf5bc0b43e1892a4cd7f8272da29841 to remote] DEBUG org.apache.http.headers - http-outgoing-0 >> Cache-Control: no-cache
2019-03-15 07:36:04,201 [Forwarding isElementDisplayed on session ebf5bc0b43e1892a4cd7f8272da29841 to remote] DEBUG org.apache.http.headers - http-outgoing-0 >> Host: localhost:26602
2019-03-15 07:36:04,201 [Forwarding isElementDisplayed on session ebf5bc0b43e1892a4cd7f8272da29841 to remote] DEBUG org.apache.http.headers - http-outgoing-0 >> Connection: Keep-Alive
2019-03-15 07:36:04,201 [Forwarding isElementDisplayed on session ebf5bc0b43e1892a4cd7f8272da29841 to remote] DEBUG org.apache.http.headers - http-outgoing-0 >> User-Agent: Apache-HttpClient/4.5.3 (Java/1.8.0_191)
2019-03-15 07:36:04,201 [Forwarding isElementDisplayed on session ebf5bc0b43e1892a4cd7f8272da29841 to remote] DEBUG org.apache.http.headers - http-outgoing-0 >> Accept-Encoding: gzip,deflate
2019-03-15 07:36:04,201 [Forwarding isElementDisplayed on session ebf5bc0b43e1892a4cd7f8272da29841 to remote] DEBUG org.apache.http.wire - http-outgoing-0 >> "GET /session/ebf5bc0b43e1892a4cd7f8272da29841/element/0.5793661813061162-1/displayed HTTP/1.1[\r][\n]"
2019-03-15 07:36:04,201 [Forwarding isElementDisplayed on session ebf5bc0b43e1892a4cd7f8272da29841 to remote] DEBUG org.apache.http.wire - http-outgoing-0 >> "Cache-Control: no-cache[\r][\n]"
2019-03-15 07:36:04,201 [Forwarding isElementDisplayed on session ebf5bc0b43e1892a4cd7f8272da29841 to remote] DEBUG org.apache.http.wire - http-outgoing-0 >> "Host: localhost:26602[\r][\n]"
2019-03-15 07:36:04,201 [Forwarding isElementDisplayed on session ebf5bc0b43e1892a4cd7f8272da29841 to remote] DEBUG org.apache.http.wire - http-outgoing-0 >> "Connection: Keep-Alive[\r][\n]"
2019-03-15 07:36:04,201 [Forwarding isElementDisplayed on session ebf5bc0b43e1892a4cd7f8272da29841 to remote] DEBUG org.apache.http.wire - http-outgoing-0 >> "User-Agent: Apache-HttpClient/4.5.3 (Java/1.8.0_191)[\r][\n]"
2019-03-15 07:36:04,201 [Forwarding isElementDisplayed on session ebf5bc0b43e1892a4cd7f8272da29841 to remote] DEBUG org.apache.http.wire - http-outgoing-0 >> "Accept-Encoding: gzip,deflate[\r][\n]"
2019-03-15 07:36:04,201 [Forwarding isElementDisplayed on session ebf5bc0b43e1892a4cd7f8272da29841 to remote] DEBUG org.apache.http.wire - http-outgoing-0 >> "[\r][\n]"
2019-03-15 07:36:04,275 [Forwarding isElementDisplayed on session ebf5bc0b43e1892a4cd7f8272da29841 to remote] DEBUG org.apache.http.wire - http-outgoing-0 << "HTTP/1.1 200 OK[\r][\n]"
2019-03-15 07:36:04,275 [Forwarding isElementDisplayed on session ebf5bc0b43e1892a4cd7f8272da29841 to remote] DEBUG org.apache.http.wire - http-outgoing-0 << "Content-Length:73[\r][\n]"
2019-03-15 07:36:04,275 [Forwarding isElementDisplayed on session ebf5bc0b43e1892a4cd7f8272da29841 to remote] DEBUG org.apache.http.wire - http-outgoing-0 << "Content-Type:application/json; charset=utf-8[\r][\n]"
2019-03-15 07:36:04,275 [Forwarding isElementDisplayed on session ebf5bc0b43e1892a4cd7f8272da29841 to remote] DEBUG org.apache.http.wire - http-outgoing-0 << "[\r][\n]"
2019-03-15 07:36:04,275 [Forwarding isElementDisplayed on session ebf5bc0b43e1892a4cd7f8272da29841 to remote] DEBUG org.apache.http.wire - http-outgoing-0 << "{"sessionId":"ebf5bc0b43e1892a4cd7f8272da29841","status":0,"value":false}"
2019-03-15 07:36:04,275 [Forwarding isElementDisplayed on session ebf5bc0b43e1892a4cd7f8272da29841 to remote] DEBUG org.apache.http.headers - http-outgoing-0 << HTTP/1.1 200 OK
2019-03-15 07:36:04,275 [Forwarding isElementDisplayed on session ebf5bc0b43e1892a4cd7f8272da29841 to remote] DEBUG org.apache.http.headers - http-outgoing-0 << Content-Length:73
2019-03-15 07:36:04,276 [Forwarding isElementDisplayed on session ebf5bc0b43e1892a4cd7f8272da29841 to remote] DEBUG org.apache.http.headers - http-outgoing-0 << Content-Type:application/json; charset=utf-8
2019-03-15 07:36:04,276 [Forwarding isElementDisplayed on session ebf5bc0b43e1892a4cd7f8272da29841 to remote] DEBUG org.apache.http.impl.execchain.MainClientExec - Connection can be kept alive indefinitely
2019-03-15 07:36:04,276 [Forwarding isElementDisplayed on session ebf5bc0b43e1892a4cd7f8272da29841 to remote] DEBUG org.apache.http.impl.conn.PoolingHttpClientConnectionManager - Connection [id: 0][route: {}->http://localhost:26602] can be kept alive indefinitely
2019-03-15 07:36:04,276 [Forwarding isElementDisplayed on session ebf5bc0b43e1892a4cd7f8272da29841 to remote] DEBUG org.apache.http.impl.conn.PoolingHttpClientConnectionManager - Connection released: [id: 0][route: {}->http://localhost:26602][total kept alive: 1; route allocated: 1 of 2000; total allocated: 1 of 2000]
2019-03-15 07:36:04,781 [Forwarding findElement on session ebf5bc0b43e1892a4cd7f8272da29841 to remote] DEBUG org.apache.http.client.protocol.RequestAddCookies - CookieSpec selected: default
2019-03-15 07:36:04,781 [Forwarding findElement on session ebf5bc0b43e1892a4cd7f8272da29841 to remote] DEBUG org.apache.http.client.protocol.RequestAuthCache - Auth cache not set in the context
2019-03-15 07:36:04,781 [Forwarding findElement on session ebf5bc0b43e1892a4cd7f8272da29841 to remote] DEBUG org.apache.http.impl.conn.PoolingHttpClientConnectionManager - Connection request: [route: {}->http://localhost:26602][total kept alive: 1; route allocated: 1 of 2000; total allocated: 1 of 2000]
2019-03-15 07:36:04,781 [Forwarding findElement on session ebf5bc0b43e1892a4cd7f8272da29841 to remote] DEBUG org.apache.http.impl.conn.PoolingHttpClientConnectionManager - Connection leased: [id: 0][route: {}->http://localhost:26602][total kept alive: 0; route allocated: 1 of 2000; total allocated: 1 of 2000]
2019-03-15 07:36:04,781 [Forwarding findElement on session ebf5bc0b43e1892a4cd7f8272da29841 to remote] DEBUG org.apache.http.impl.execchain.MainClientExec - Stale connection check
2019-03-15 07:36:04,782 [Forwarding findElement on session ebf5bc0b43e1892a4cd7f8272da29841 to remote] DEBUG org.apache.http.wire - http-outgoing-0 << "[read] I/O error: Read timed out"
2019-03-15 07:36:04,782 [Forwarding findElement on session ebf5bc0b43e1892a4cd7f8272da29841 to remote] DEBUG org.apache.http.impl.conn.DefaultManagedHttpClientConnection - http-outgoing-0: set socket timeout to 10800000
2019-03-15 07:36:04,782 [Forwarding findElement on session ebf5bc0b43e1892a4cd7f8272da29841 to remote] DEBUG org.apache.http.impl.execchain.MainClientExec - Executing request POST /session/ebf5bc0b43e1892a4cd7f8272da29841/element HTTP/1.1
2019-03-15 07:36:04,782 [Forwarding findElement on session ebf5bc0b43e1892a4cd7f8272da29841 to remote] DEBUG org.apache.http.impl.execchain.MainClientExec - Target auth state: UNCHALLENGED
2019-03-15 07:36:04,782 [Forwarding findElement on session ebf5bc0b43e1892a4cd7f8272da29841 to remote] DEBUG org.apache.http.impl.execchain.MainClientExec - Proxy auth state: UNCHALLENGED
2019-03-15 07:36:04,782 [Forwarding findElement on session ebf5bc0b43e1892a4cd7f8272da29841 to remote] DEBUG org.apache.http.headers - http-outgoing-0 >> POST /session/ebf5bc0b43e1892a4cd7f8272da29841/element HTTP/1.1
2019-03-15 07:36:04,782 [Forwarding findElement on session ebf5bc0b43e1892a4cd7f8272da29841 to remote] DEBUG org.apache.http.headers - http-outgoing-0 >> Content-Type: application/json; charset=utf-8
2019-03-15 07:36:04,782 [Forwarding findElement on session ebf5bc0b43e1892a4cd7f8272da29841 to remote] DEBUG org.apache.http.headers - http-outgoing-0 >> Content-Length: 49
2019-03-15 07:36:04,782 [Forwarding findElement on session ebf5bc0b43e1892a4cd7f8272da29841 to remote] DEBUG org.apache.http.headers - http-outgoing-0 >> Host: localhost:26602
2019-03-15 07:36:04,782 [Forwarding findElement on session ebf5bc0b43e1892a4cd7f8272da29841 to remote] DEBUG org.apache.http.headers - http-outgoing-0 >> Connection: Keep-Alive
2019-03-15 07:36:04,782 [Forwarding findElement on session ebf5bc0b43e1892a4cd7f8272da29841 to remote] DEBUG org.apache.http.headers - http-outgoing-0 >> User-Agent: Apache-HttpClient/4.5.3 (Java/1.8.0_191)
2019-03-15 07:36:04,782 [Forwarding findElement on session ebf5bc0b43e1892a4cd7f8272da29841 to remote] DEBUG org.apache.http.headers - http-outgoing-0 >> Accept-Encoding: gzip,deflate
2019-03-15 07:36:04,782 [Forwarding findElement on session ebf5bc0b43e1892a4cd7f8272da29841 to remote] DEBUG org.apache.http.wire - http-outgoing-0 >> "POST /session/ebf5bc0b43e1892a4cd7f8272da29841/element HTTP/1.1[\r][\n]"
2019-03-15 07:36:04,782 [Forwarding findElement on session ebf5bc0b43e1892a4cd7f8272da29841 to remote] DEBUG org.apache.http.wire - http-outgoing-0 >> "Content-Type: application/json; charset=utf-8[\r][\n]"
2019-03-15 07:36:04,782 [Forwarding findElement on session ebf5bc0b43e1892a4cd7f8272da29841 to remote] DEBUG org.apache.http.wire - http-outgoing-0 >> "Content-Length: 49[\r][\n]"
2019-03-15 07:36:04,783 [Forwarding findElement on session ebf5bc0b43e1892a4cd7f8272da29841 to remote] DEBUG org.apache.http.wire - http-outgoing-0 >> "Host: localhost:26602[\r][\n]"
2019-03-15 07:36:04,783 [Forwarding findElement on session ebf5bc0b43e1892a4cd7f8272da29841 to remote] DEBUG org.apache.http.wire - http-outgoing-0 >> "Connection: Keep-Alive[\r][\n]"
2019-03-15 07:36:04,783 [Forwarding findElement on session ebf5bc0b43e1892a4cd7f8272da29841 to remote] DEBUG org.apache.http.wire - http-outgoing-0 >> "User-Agent: Apache-HttpClient/4.5.3 (Java/1.8.0_191)[\r][\n]"
2019-03-15 07:36:04,783 [Forwarding findElement on session ebf5bc0b43e1892a4cd7f8272da29841 to remote] DEBUG org.apache.http.wire - http-outgoing-0 >> "Accept-Encoding: gzip,deflate[\r][\n]"
2019-03-15 07:36:04,783 [Forwarding findElement on session ebf5bc0b43e1892a4cd7f8272da29841 to remote] DEBUG org.apache.http.wire - http-outgoing-0 >> "[\r][\n]"
2019-03-15 07:36:04,783 [Forwarding findElement on session ebf5bc0b43e1892a4cd7f8272da29841 to remote] DEBUG org.apache.http.wire - http-outgoing-0 >> "{"using":"xpath","value":"//*[@name='password']"}"
2019-03-15 07:36:04,816 [Forwarding findElement on session ebf5bc0b43e1892a4cd7f8272da29841 to remote] DEBUG org.apache.http.wire - http-outgoing-0 << "HTTP/1.1 200 OK[\r][\n]"
2019-03-15 07:36:04,816 [Forwarding findElement on session ebf5bc0b43e1892a4cd7f8272da29841 to remote] DEBUG org.apache.http.wire - http-outgoing-0 << "Content-Length:102[\r][\n]"
2019-03-15 07:36:04,816 [Forwarding findElement on session ebf5bc0b43e1892a4cd7f8272da29841 to remote] DEBUG org.apache.http.wire - http-outgoing-0 << "Content-Type:application/json; charset=utf-8[\r][\n]"
2019-03-15 07:36:04,816 [Forwarding findElement on session ebf5bc0b43e1892a4cd7f8272da29841 to remote] DEBUG org.apache.http.wire - http-outgoing-0 << "[\r][\n]"
2019-03-15 07:36:04,817 [Forwarding findElement on session ebf5bc0b43e1892a4cd7f8272da29841 to remote] DEBUG org.apache.http.wire - http-outgoing-0 << "{"sessionId":"ebf5bc0b43e1892a4cd7f8272da29841","status":0,"value":{"ELEMENT":"0.5793661813061162-1"}}"
2019-03-15 07:36:04,817 [Forwarding findElement on session ebf5bc0b43e1892a4cd7f8272da29841 to remote] DEBUG org.apache.http.headers - http-outgoing-0 << HTTP/1.1 200 OK
2019-03-15 07:36:04,817 [Forwarding findElement on session ebf5bc0b43e1892a4cd7f8272da29841 to remote] DEBUG org.apache.http.headers - http-outgoing-0 << Content-Length:102
2019-03-15 07:36:04,817 [Forwarding findElement on session ebf5bc0b43e1892a4cd7f8272da29841 to remote] DEBUG org.apache.http.headers - http-outgoing-0 << Content-Type:application/json; charset=utf-8
2019-03-15 07:36:04,817 [Forwarding findElement on session ebf5bc0b43e1892a4cd7f8272da29841 to remote] DEBUG org.apache.http.impl.execchain.MainClientExec - Connection can be kept alive indefinitely
2019-03-15 07:36:04,817 [Forwarding findElement on session ebf5bc0b43e1892a4cd7f8272da29841 to remote] DEBUG org.apache.http.impl.conn.PoolingHttpClientConnectionManager - Connection [id: 0][route: {}->http://localhost:26602] can be kept alive indefinitely
2019-03-15 07:36:04,817 [Forwarding findElement on session ebf5bc0b43e1892a4cd7f8272da29841 to remote] DEBUG org.apache.http.impl.conn.PoolingHttpClientConnectionManager - Connection released: [id: 0][route: {}->http://localhost:26602][total kept alive: 1; route allocated: 1 of 2000; total allocated: 1 of 2000]
2019-03-15 07:36:04,822 [Forwarding isElementDisplayed on session ebf5bc0b43e1892a4cd7f8272da29841 to remote] DEBUG org.apache.http.client.protocol.RequestAddCookies - CookieSpec selected: default
2019-03-15 07:36:04,822 [Forwarding isElementDisplayed on session ebf5bc0b43e1892a4cd7f8272da29841 to remote] DEBUG org.apache.http.client.protocol.RequestAuthCache - Auth cache not set in the context
2019-03-15 07:36:04,822 [Forwarding isElementDisplayed on session ebf5bc0b43e1892a4cd7f8272da29841 to remote] DEBUG org.apache.http.impl.conn.PoolingHttpClientConnectionManager - Connection request: [route: {}->http://localhost:26602][total kept alive: 1; route allocated: 1 of 2000; total allocated: 1 of 2000]
2019-03-15 07:36:04,822 [Forwarding isElementDisplayed on session ebf5bc0b43e1892a4cd7f8272da29841 to remote] DEBUG org.apache.http.impl.conn.PoolingHttpClientConnectionManager - Connection leased: [id: 0][route: {}->http://localhost:26602][total kept alive: 0; route allocated: 1 of 2000; total allocated: 1 of 2000]
2019-03-15 07:36:04,822 [Forwarding isElementDisplayed on session ebf5bc0b43e1892a4cd7f8272da29841 to remote] DEBUG org.apache.http.impl.execchain.MainClientExec - Stale connection check
2019-03-15 07:36:04,823 [Forwarding isElementDisplayed on session ebf5bc0b43e1892a4cd7f8272da29841 to remote] DEBUG org.apache.http.wire - http-outgoing-0 << "[read] I/O error: Read timed out"
2019-03-15 07:36:04,823 [Forwarding isElementDisplayed on session ebf5bc0b43e1892a4cd7f8272da29841 to remote] DEBUG org.apache.http.impl.conn.DefaultManagedHttpClientConnection - http-outgoing-0: set socket timeout to 10800000
2019-03-15 07:36:04,823 [Forwarding isElementDisplayed on session ebf5bc0b43e1892a4cd7f8272da29841 to remote] DEBUG org.apache.http.impl.execchain.MainClientExec - Executing request GET /session/ebf5bc0b43e1892a4cd7f8272da29841/element/0.5793661813061162-1/displayed HTTP/1.1
2019-03-15 07:36:04,824 [Forwarding isElementDisplayed on session ebf5bc0b43e1892a4cd7f8272da29841 to remote] DEBUG org.apache.http.impl.execchain.MainClientExec - Target auth state: UNCHALLENGED
2019-03-15 07:36:04,824 [Forwarding isElementDisplayed on session ebf5bc0b43e1892a4cd7f8272da29841 to remote] DEBUG org.apache.http.impl.execchain.MainClientExec - Proxy auth state: UNCHALLENGED
2019-03-15 07:36:04,825 [Forwarding isElementDisplayed on session ebf5bc0b43e1892a4cd7f8272da29841 to remote] DEBUG org.apache.http.headers - http-outgoing-0 >> GET /session/ebf5bc0b43e1892a4cd7f8272da29841/element/0.5793661813061162-1/displayed HTTP/1.1
2019-03-15 07:36:04,825 [Forwarding isElementDisplayed on session ebf5bc0b43e1892a4cd7f8272da29841 to remote] DEBUG org.apache.http.headers - http-outgoing-0 >> Cache-Control: no-cache
2019-03-15 07:36:04,825 [Forwarding isElementDisplayed on session ebf5bc0b43e1892a4cd7f8272da29841 to remote] DEBUG org.apache.http.headers - http-outgoing-0 >> Host: localhost:26602
2019-03-15 07:36:04,825 [Forwarding isElementDisplayed on session ebf5bc0b43e1892a4cd7f8272da29841 to remote] DEBUG org.apache.http.headers - http-outgoing-0 >> Connection: Keep-Alive
2019-03-15 07:36:04,825 [Forwarding isElementDisplayed on session ebf5bc0b43e1892a4cd7f8272da29841 to remote] DEBUG org.apache.http.headers - http-outgoing-0 >> User-Agent: Apache-HttpClient/4.5.3 (Java/1.8.0_191)
2019-03-15 07:36:04,825 [Forwarding isElementDisplayed on session ebf5bc0b43e1892a4cd7f8272da29841 to remote] DEBUG org.apache.http.headers - http-outgoing-0 >> Accept-Encoding: gzip,deflate
2019-03-15 07:36:04,825 [Forwarding isElementDisplayed on session ebf5bc0b43e1892a4cd7f8272da29841 to remote] DEBUG org.apache.http.wire - http-outgoing-0 >> "GET /session/ebf5bc0b43e1892a4cd7f8272da29841/element/0.5793661813061162-1/displayed HTTP/1.1[\r][\n]"
2019-03-15 07:36:04,825 [Forwarding isElementDisplayed on session ebf5bc0b43e1892a4cd7f8272da29841 to remote] DEBUG org.apache.http.wire - http-outgoing-0 >> "Cache-Control: no-cache[\r][\n]"
2019-03-15 07:36:04,825 [Forwarding isElementDisplayed on session ebf5bc0b43e1892a4cd7f8272da29841 to remote] DEBUG org.apache.http.wire - http-outgoing-0 >> "Host: localhost:26602[\r][\n]"
2019-03-15 07:36:04,825 [Forwarding isElementDisplayed on session ebf5bc0b43e1892a4cd7f8272da29841 to remote] DEBUG org.apache.http.wire - http-outgoing-0 >> "Connection: Keep-Alive[\r][\n]"
2019-03-15 07:36:04,825 [Forwarding isElementDisplayed on session ebf5bc0b43e1892a4cd7f8272da29841 to remote] DEBUG org.apache.http.wire - http-outgoing-0 >> "User-Agent: Apache-HttpClient/4.5.3 (Java/1.8.0_191)[\r][\n]"
2019-03-15 07:36:04,825 [Forwarding isElementDisplayed on session ebf5bc0b43e1892a4cd7f8272da29841 to remote] DEBUG org.apache.http.wire - http-outgoing-0 >> "Accept-Encoding: gzip,deflate[\r][\n]"
2019-03-15 07:36:04,825 [Forwarding isElementDisplayed on session ebf5bc0b43e1892a4cd7f8272da29841 to remote] DEBUG org.apache.http.wire - http-outgoing-0 >> "[\r][\n]"
2019-03-15 07:36:04,852 [Forwarding isElementDisplayed on session ebf5bc0b43e1892a4cd7f8272da29841 to remote] DEBUG org.apache.http.wire - http-outgoing-0 << "HTTP/1.1 200 OK[\r][\n]"
2019-03-15 07:36:04,852 [Forwarding isElementDisplayed on session ebf5bc0b43e1892a4cd7f8272da29841 to remote] DEBUG org.apache.http.wire - http-outgoing-0 << "Content-Length:73[\r][\n]"
2019-03-15 07:36:04,852 [Forwarding isElementDisplayed on session ebf5bc0b43e1892a4cd7f8272da29841 to remote] DEBUG org.apache.http.wire - http-outgoing-0 << "Content-Type:application/json; charset=utf-8[\r][\n]"
2019-03-15 07:36:04,852 [Forwarding isElementDisplayed on session ebf5bc0b43e1892a4cd7f8272da29841 to remote] DEBUG org.apache.http.wire - http-outgoing-0 << "[\r][\n]"
2019-03-15 07:36:04,852 [Forwarding isElementDisplayed on session ebf5bc0b43e1892a4cd7f8272da29841 to remote] DEBUG org.apache.http.wire - http-outgoing-0 << "{"sessionId":"ebf5bc0b43e1892a4cd7f8272da29841","status":0,"value":false}"
2019-03-15 07:36:04,853 [Forwarding isElementDisplayed on session ebf5bc0b43e1892a4cd7f8272da29841 to remote] DEBUG org.apache.http.headers - http-outgoing-0 << HTTP/1.1 200 OK
2019-03-15 07:36:04,853 [Forwarding isElementDisplayed on session ebf5bc0b43e1892a4cd7f8272da29841 to remote] DEBUG org.apache.http.headers - http-outgoing-0 << Content-Length:73
2019-03-15 07:36:04,853 [Forwarding isElementDisplayed on session ebf5bc0b43e1892a4cd7f8272da29841 to remote] DEBUG org.apache.http.headers - http-outgoing-0 << Content-Type:application/json; charset=utf-8
2019-03-15 07:36:04,853 [Forwarding isElementDisplayed on session ebf5bc0b43e1892a4cd7f8272da29841 to remote] DEBUG org.apache.http.impl.execchain.MainClientExec - Connection can be kept alive indefinitely
2019-03-15 07:36:04,853 [Forwarding isElementDisplayed on session ebf5bc0b43e1892a4cd7f8272da29841 to remote] DEBUG org.apache.http.impl.conn.PoolingHttpClientConnectionManager - Connection [id: 0][route: {}->http://localhost:26602] can be kept alive indefinitely
2019-03-15 07:36:04,853 [Forwarding isElementDisplayed on session ebf5bc0b43e1892a4cd7f8272da29841 to remote] DEBUG org.apache.http.impl.conn.PoolingHttpClientConnectionManager - Connection released: [id: 0][route: {}->http://localhost:26602][total kept alive: 1; route allocated: 1 of 2000; total allocated: 1 of 2000]
2019-03-15 07:36:05,358 [Forwarding findElement on session ebf5bc0b43e1892a4cd7f8272da29841 to remote] DEBUG org.apache.http.client.protocol.RequestAddCookies - CookieSpec selected: default
2019-03-15 07:36:05,359 [Forwarding findElement on session ebf5bc0b43e1892a4cd7f8272da29841 to remote] DEBUG org.apache.http.client.protocol.RequestAuthCache - Auth cache not set in the context
2019-03-15 07:36:05,359 [Forwarding findElement on session ebf5bc0b43e1892a4cd7f8272da29841 to remote] DEBUG org.apache.http.impl.conn.PoolingHttpClientConnectionManager - Connection request: [route: {}->http://localhost:26602][total kept alive: 1; route allocated: 1 of 2000; total allocated: 1 of 2000]
2019-03-15 07:36:05,359 [Forwarding findElement on session ebf5bc0b43e1892a4cd7f8272da29841 to remote] DEBUG org.apache.http.impl.conn.PoolingHttpClientConnectionManager - Connection leased: [id: 0][route: {}->http://localhost:26602][total kept alive: 0; route allocated: 1 of 2000; total allocated: 1 of 2000]
2019-03-15 07:36:05,359 [Forwarding findElement on session ebf5bc0b43e1892a4cd7f8272da29841 to remote] DEBUG org.apache.http.impl.execchain.MainClientExec - Stale connection check
2019-03-15 07:36:05,361 [Forwarding findElement on session ebf5bc0b43e1892a4cd7f8272da29841 to remote] DEBUG org.apache.http.wire - http-outgoing-0 << "[read] I/O error: Read timed out"
2019-03-15 07:36:05,361 [Forwarding findElement on session ebf5bc0b43e1892a4cd7f8272da29841 to remote] DEBUG org.apache.http.impl.conn.DefaultManagedHttpClientConnection - http-outgoing-0: set socket timeout to 10800000
2019-03-15 07:36:05,361 [Forwarding findElement on session ebf5bc0b43e1892a4cd7f8272da29841 to remote] DEBUG org.apache.http.impl.execchain.MainClientExec - Executing request POST /session/ebf5bc0b43e1892a4cd7f8272da29841/element HTTP/1.1
2019-03-15 07:36:05,361 [Forwarding findElement on session ebf5bc0b43e1892a4cd7f8272da29841 to remote] DEBUG org.apache.http.impl.execchain.MainClientExec - Target auth state: UNCHALLENGED
2019-03-15 07:36:05,361 [Forwarding findElement on session ebf5bc0b43e1892a4cd7f8272da29841 to remote] DEBUG org.apache.http.impl.execchain.MainClientExec - Proxy auth state: UNCHALLENGED
2019-03-15 07:36:05,362 [Forwarding findElement on session ebf5bc0b43e1892a4cd7f8272da29841 to remote] DEBUG org.apache.http.headers - http-outgoing-0 >> POST /session/ebf5bc0b43e1892a4cd7f8272da29841/element HTTP/1.1
2019-03-15 07:36:05,362 [Forwarding findElement on session ebf5bc0b43e1892a4cd7f8272da29841 to remote] DEBUG org.apache.http.headers - http-outgoing-0 >> Content-Type: application/json; charset=utf-8
2019-03-15 07:36:05,362 [Forwarding findElement on session ebf5bc0b43e1892a4cd7f8272da29841 to remote] DEBUG org.apache.http.headers - http-outgoing-0 >> Content-Length: 49
2019-03-15 07:36:05,362 [Forwarding findElement on session ebf5bc0b43e1892a4cd7f8272da29841 to remote] DEBUG org.apache.http.headers - http-outgoing-0 >> Host: localhost:26602
2019-03-15 07:36:05,362 [Forwarding findElement on session ebf5bc0b43e1892a4cd7f8272da29841 to remote] DEBUG org.apache.http.headers - http-outgoing-0 >> Connection: Keep-Alive
2019-03-15 07:36:05,362 [Forwarding findElement on session ebf5bc0b43e1892a4cd7f8272da29841 to remote] DEBUG org.apache.http.headers - http-outgoing-0 >> User-Agent: Apache-HttpClient/4.5.3 (Java/1.8.0_191)
2019-03-15 07:36:05,362 [Forwarding findElement on session ebf5bc0b43e1892a4cd7f8272da29841 to remote] DEBUG org.apache.http.headers - http-outgoing-0 >> Accept-Encoding: gzip,deflate
2019-03-15 07:36:05,363 [Forwarding findElement on session ebf5bc0b43e1892a4cd7f8272da29841 to remote] DEBUG org.apache.http.wire - http-outgoing-0 >> "POST /session/ebf5bc0b43e1892a4cd7f8272da29841/element HTTP/1.1[\r][\n]"
2019-03-15 07:36:05,363 [Forwarding findElement on session ebf5bc0b43e1892a4cd7f8272da29841 to remote] DEBUG org.apache.http.wire - http-outgoing-0 >> "Content-Type: application/json; charset=utf-8[\r][\n]"
2019-03-15 07:36:05,363 [Forwarding findElement on session ebf5bc0b43e1892a4cd7f8272da29841 to remote] DEBUG org.apache.http.wire - http-outgoing-0 >> "Content-Length: 49[\r][\n]"
2019-03-15 07:36:05,363 [Forwarding findElement on session ebf5bc0b43e1892a4cd7f8272da29841 to remote] DEBUG org.apache.http.wire - http-outgoing-0 >> "Host: localhost:26602[\r][\n]"
2019-03-15 07:36:05,363 [Forwarding findElement on session ebf5bc0b43e1892a4cd7f8272da29841 to remote] DEBUG org.apache.http.wire - http-outgoing-0 >> "Connection: Keep-Alive[\r][\n]"
2019-03-15 07:36:05,363 [Forwarding findElement on session ebf5bc0b43e1892a4cd7f8272da29841 to remote] DEBUG org.apache.http.wire - http-outgoing-0 >> "User-Agent: Apache-HttpClient/4.5.3 (Java/1.8.0_191)[\r][\n]"
2019-03-15 07:36:05,363 [Forwarding findElement on session ebf5bc0b43e1892a4cd7f8272da29841 to remote] DEBUG org.apache.http.wire - http-outgoing-0 >> "Accept-Encoding: gzip,deflate[\r][\n]"
2019-03-15 07:36:05,363 [Forwarding findElement on session ebf5bc0b43e1892a4cd7f8272da29841 to remote] DEBUG org.apache.http.wire - http-outgoing-0 >> "[\r][\n]"
2019-03-15 07:36:05,363 [Forwarding findElement on session ebf5bc0b43e1892a4cd7f8272da29841 to remote] DEBUG org.apache.http.wire - http-outgoing-0 >> "{"using":"xpath","value":"//*[@name='password']"}"
2019-03-15 07:36:05,393 [Forwarding findElement on session ebf5bc0b43e1892a4cd7f8272da29841 to remote] DEBUG org.apache.http.wire - http-outgoing-0 << "HTTP/1.1 200 OK[\r][\n]"
2019-03-15 07:36:05,393 [Forwarding findElement on session ebf5bc0b43e1892a4cd7f8272da29841 to remote] DEBUG org.apache.http.wire - http-outgoing-0 << "Content-Length:102[\r][\n]"
2019-03-15 07:36:05,393 [Forwarding findElement on session ebf5bc0b43e1892a4cd7f8272da29841 to remote] DEBUG org.apache.http.wire - http-outgoing-0 << "Content-Type:application/json; charset=utf-8[\r][\n]"
2019-03-15 07:36:05,393 [Forwarding findElement on session ebf5bc0b43e1892a4cd7f8272da29841 to remote] DEBUG org.apache.http.wire - http-outgoing-0 << "[\r][\n]"
2019-03-15 07:36:05,393 [Forwarding findElement on session ebf5bc0b43e1892a4cd7f8272da29841 to remote] DEBUG org.apache.http.wire - http-outgoing-0 << "{"sessionId":"ebf5bc0b43e1892a4cd7f8272da29841","status":0,"value":{"ELEMENT":"0.5793661813061162-1"}}"
2019-03-15 07:36:05,393 [Forwarding findElement on session ebf5bc0b43e1892a4cd7f8272da29841 to remote] DEBUG org.apache.http.headers - http-outgoing-0 << HTTP/1.1 200 OK
2019-03-15 07:36:05,393 [Forwarding findElement on session ebf5bc0b43e1892a4cd7f8272da29841 to remote] DEBUG org.apache.http.headers - http-outgoing-0 << Content-Length:102
2019-03-15 07:36:05,393 [Forwarding findElement on session ebf5bc0b43e1892a4cd7f8272da29841 to remote] DEBUG org.apache.http.headers - http-outgoing-0 << Content-Type:application/json; charset=utf-8
2019-03-15 07:36:05,394 [Forwarding findElement on session ebf5bc0b43e1892a4cd7f8272da29841 to remote] DEBUG org.apache.http.impl.execchain.MainClientExec - Connection can be kept alive indefinitely
2019-03-15 07:36:05,394 [Forwarding findElement on session ebf5bc0b43e1892a4cd7f8272da29841 to remote] DEBUG org.apache.http.impl.conn.PoolingHttpClientConnectionManager - Connection [id: 0][route: {}->http://localhost:26602] can be kept alive indefinitely
2019-03-15 07:36:05,394 [Forwarding findElement on session ebf5bc0b43e1892a4cd7f8272da29841 to remote] DEBUG org.apache.http.impl.conn.PoolingHttpClientConnectionManager - Connection released: [id: 0][route: {}->http://localhost:26602][total kept alive: 1; route allocated: 1 of 2000; total allocated: 1 of 2000]
2019-03-15 07:36:05,398 [Forwarding isElementDisplayed on session ebf5bc0b43e1892a4cd7f8272da29841 to remote] DEBUG org.apache.http.client.protocol.RequestAddCookies - CookieSpec selected: default
2019-03-15 07:36:05,399 [Forwarding isElementDisplayed on session ebf5bc0b43e1892a4cd7f8272da29841 to remote] DEBUG org.apache.http.client.protocol.RequestAuthCache - Auth cache not set in the context
2019-03-15 07:36:05,399 [Forwarding isElementDisplayed on session ebf5bc0b43e1892a4cd7f8272da29841 to remote] DEBUG org.apache.http.impl.conn.PoolingHttpClientConnectionManager - Connection request: [route: {}->http://localhost:26602][total kept alive: 1; route allocated: 1 of 2000; total allocated: 1 of 2000]
2019-03-15 07:36:05,399 [Forwarding isElementDisplayed on session ebf5bc0b43e1892a4cd7f8272da29841 to remote] DEBUG org.apache.http.impl.conn.PoolingHttpClientConnectionManager - Connection leased: [id: 0][route: {}->http://localhost:26602][total kept alive: 0; route allocated: 1 of 2000; total allocated: 1 of 2000]
2019-03-15 07:36:05,399 [Forwarding isElementDisplayed on session ebf5bc0b43e1892a4cd7f8272da29841 to remote] DEBUG org.apache.http.impl.execchain.MainClientExec - Stale connection check
2019-03-15 07:36:05,400 [Forwarding isElementDisplayed on session ebf5bc0b43e1892a4cd7f8272da29841 to remote] DEBUG org.apache.http.wire - http-outgoing-0 << "[read] I/O error: Read timed out"
2019-03-15 07:36:05,400 [Forwarding isElementDisplayed on session ebf5bc0b43e1892a4cd7f8272da29841 to remote] DEBUG org.apache.http.impl.conn.DefaultManagedHttpClientConnection - http-outgoing-0: set socket timeout to 10800000
2019-03-15 07:36:05,400 [Forwarding isElementDisplayed on session ebf5bc0b43e1892a4cd7f8272da29841 to remote] DEBUG org.apache.http.impl.execchain.MainClientExec - Executing request GET /session/ebf5bc0b43e1892a4cd7f8272da29841/element/0.5793661813061162-1/displayed HTTP/1.1
2019-03-15 07:36:05,400 [Forwarding isElementDisplayed on session ebf5bc0b43e1892a4cd7f8272da29841 to remote] DEBUG org.apache.http.impl.execchain.MainClientExec - Target auth state: UNCHALLENGED
2019-03-15 07:36:05,400 [Forwarding isElementDisplayed on session ebf5bc0b43e1892a4cd7f8272da29841 to remote] DEBUG org.apache.http.impl.execchain.MainClientExec - Proxy auth state: UNCHALLENGED
2019-03-15 07:36:05,400 [Forwarding isElementDisplayed on session ebf5bc0b43e1892a4cd7f8272da29841 to remote] DEBUG org.apache.http.headers - http-outgoing-0 >> GET /session/ebf5bc0b43e1892a4cd7f8272da29841/element/0.5793661813061162-1/displayed HTTP/1.1
2019-03-15 07:36:05,400 [Forwarding isElementDisplayed on session ebf5bc0b43e1892a4cd7f8272da29841 to remote] DEBUG org.apache.http.headers - http-outgoing-0 >> Cache-Control: no-cache
2019-03-15 07:36:05,400 [Forwarding isElementDisplayed on session ebf5bc0b43e1892a4cd7f8272da29841 to remote] DEBUG org.apache.http.headers - http-outgoing-0 >> Host: localhost:26602
2019-03-15 07:36:05,400 [Forwarding isElementDisplayed on session ebf5bc0b43e1892a4cd7f8272da29841 to remote] DEBUG org.apache.http.headers - http-outgoing-0 >> Connection: Keep-Alive
2019-03-15 07:36:05,401 [Forwarding isElementDisplayed on session ebf5bc0b43e1892a4cd7f8272da29841 to remote] DEBUG org.apache.http.headers - http-outgoing-0 >> User-Agent: Apache-HttpClient/4.5.3 (Java/1.8.0_191)
2019-03-15 07:36:05,401 [Forwarding isElementDisplayed on session ebf5bc0b43e1892a4cd7f8272da29841 to remote] DEBUG org.apache.http.headers - http-outgoing-0 >> Accept-Encoding: gzip,deflate
2019-03-15 07:36:05,401 [Forwarding isElementDisplayed on session ebf5bc0b43e1892a4cd7f8272da29841 to remote] DEBUG org.apache.http.wire - http-outgoing-0 >> "GET /session/ebf5bc0b43e1892a4cd7f8272da29841/element/0.5793661813061162-1/displayed HTTP/1.1[\r][\n]"
2019-03-15 07:36:05,401 [Forwarding isElementDisplayed on session ebf5bc0b43e1892a4cd7f8272da29841 to remote] DEBUG org.apache.http.wire - http-outgoing-0 >> "Cache-Control: no-cache[\r][\n]"
2019-03-15 07:36:05,401 [Forwarding isElementDisplayed on session ebf5bc0b43e1892a4cd7f8272da29841 to remote] DEBUG org.apache.http.wire - http-outgoing-0 >> "Host: localhost:26602[\r][\n]"
2019-03-15 07:36:05,401 [Forwarding isElementDisplayed on session ebf5bc0b43e1892a4cd7f8272da29841 to remote] DEBUG org.apache.http.wire - http-outgoing-0 >> "Connection: Keep-Alive[\r][\n]"
2019-03-15 07:36:05,401 [Forwarding isElementDisplayed on session ebf5bc0b43e1892a4cd7f8272da29841 to remote] DEBUG org.apache.http.wire - http-outgoing-0 >> "User-Agent: Apache-HttpClient/4.5.3 (Java/1.8.0_191)[\r][\n]"
2019-03-15 07:36:05,401 [Forwarding isElementDisplayed on session ebf5bc0b43e1892a4cd7f8272da29841 to remote] DEBUG org.apache.http.wire - http-outgoing-0 >> "Accept-Encoding: gzip,deflate[\r][\n]"
2019-03-15 07:36:05,401 [Forwarding isElementDisplayed on session ebf5bc0b43e1892a4cd7f8272da29841 to remote] DEBUG org.apache.http.wire - http-outgoing-0 >> "[\r][\n]"
2019-03-15 07:36:05,437 [Forwarding isElementDisplayed on session ebf5bc0b43e1892a4cd7f8272da29841 to remote] DEBUG org.apache.http.wire - http-outgoing-0 << "HTTP/1.1 200 OK[\r][\n]"
2019-03-15 07:36:05,437 [Forwarding isElementDisplayed on session ebf5bc0b43e1892a4cd7f8272da29841 to remote] DEBUG org.apache.http.wire - http-outgoing-0 << "Content-Length:73[\r][\n]"
2019-03-15 07:36:05,437 [Forwarding isElementDisplayed on session ebf5bc0b43e1892a4cd7f8272da29841 to remote] DEBUG org.apache.http.wire - http-outgoing-0 << "Content-Type:application/json; charset=utf-8[\r][\n]"
2019-03-15 07:36:05,437 [Forwarding isElementDisplayed on session ebf5bc0b43e1892a4cd7f8272da29841 to remote] DEBUG org.apache.http.wire - http-outgoing-0 << "[\r][\n]"
2019-03-15 07:36:05,437 [Forwarding isElementDisplayed on session ebf5bc0b43e1892a4cd7f8272da29841 to remote] DEBUG org.apache.http.wire - http-outgoing-0 << "{"sessionId":"ebf5bc0b43e1892a4cd7f8272da29841","status":0,"value":false}"
2019-03-15 07:36:05,438 [Forwarding isElementDisplayed on session ebf5bc0b43e1892a4cd7f8272da29841 to remote] DEBUG org.apache.http.headers - http-outgoing-0 << HTTP/1.1 200 OK
2019-03-15 07:36:05,438 [Forwarding isElementDisplayed on session ebf5bc0b43e1892a4cd7f8272da29841 to remote] DEBUG org.apache.http.headers - http-outgoing-0 << Content-Length:73
2019-03-15 07:36:05,438 [Forwarding isElementDisplayed on session ebf5bc0b43e1892a4cd7f8272da29841 to remote] DEBUG org.apache.http.headers - http-outgoing-0 << Content-Type:application/json; charset=utf-8
2019-03-15 07:36:05,439 [Forwarding isElementDisplayed on session ebf5bc0b43e1892a4cd7f8272da29841 to remote] DEBUG org.apache.http.impl.execchain.MainClientExec - Connection can be kept alive indefinitely
2019-03-15 07:36:05,439 [Forwarding isElementDisplayed on session ebf5bc0b43e1892a4cd7f8272da29841 to remote] DEBUG org.apache.http.impl.conn.PoolingHttpClientConnectionManager - Connection [id: 0][route: {}->http://localhost:26602] can be kept alive indefinitely
2019-03-15 07:36:05,440 [Forwarding isElementDisplayed on session ebf5bc0b43e1892a4cd7f8272da29841 to remote] DEBUG org.apache.http.impl.conn.PoolingHttpClientConnectionManager - Connection released: [id: 0][route: {}->http://localhost:26602][total kept alive: 1; route allocated: 1 of 2000; total allocated: 1 of 2000]
2019-03-15 07:36:05,949 [Forwarding findElement on session ebf5bc0b43e1892a4cd7f8272da29841 to remote] DEBUG org.apache.http.client.protocol.RequestAddCookies - CookieSpec selected: default
2019-03-15 07:36:05,949 [Forwarding findElement on session ebf5bc0b43e1892a4cd7f8272da29841 to remote] DEBUG org.apache.http.client.protocol.RequestAuthCache - Auth cache not set in the context
2019-03-15 07:36:05,952 [Forwarding findElement on session ebf5bc0b43e1892a4cd7f8272da29841 to remote] DEBUG org.apache.http.impl.conn.PoolingHttpClientConnectionManager - Connection request: [route: {}->http://localhost:26602][total kept alive: 1; route allocated: 1 of 2000; total allocated: 1 of 2000]
2019-03-15 07:36:05,952 [Forwarding findElement on session ebf5bc0b43e1892a4cd7f8272da29841 to remote] DEBUG org.apache.http.impl.conn.PoolingHttpClientConnectionManager - Connection leased: [id: 0][route: {}->http://localhost:26602][total kept alive: 0; route allocated: 1 of 2000; total allocated: 1 of 2000]
2019-03-15 07:36:05,952 [Forwarding findElement on session ebf5bc0b43e1892a4cd7f8272da29841 to remote] DEBUG org.apache.http.impl.execchain.MainClientExec - Stale connection check
2019-03-15 07:36:05,953 [Forwarding findElement on session ebf5bc0b43e1892a4cd7f8272da29841 to remote] DEBUG org.apache.http.wire - http-outgoing-0 << "[read] I/O error: Read timed out"
2019-03-15 07:36:05,953 [Forwarding findElement on session ebf5bc0b43e1892a4cd7f8272da29841 to remote] DEBUG org.apache.http.impl.conn.DefaultManagedHttpClientConnection - http-outgoing-0: set socket timeout to 10800000
2019-03-15 07:36:05,953 [Forwarding findElement on session ebf5bc0b43e1892a4cd7f8272da29841 to remote] DEBUG org.apache.http.impl.execchain.MainClientExec - Executing request POST /session/ebf5bc0b43e1892a4cd7f8272da29841/element HTTP/1.1
2019-03-15 07:36:05,953 [Forwarding findElement on session ebf5bc0b43e1892a4cd7f8272da29841 to remote] DEBUG org.apache.http.impl.execchain.MainClientExec - Target auth state: UNCHALLENGED
2019-03-15 07:36:05,953 [Forwarding findElement on session ebf5bc0b43e1892a4cd7f8272da29841 to remote] DEBUG org.apache.http.impl.execchain.MainClientExec - Proxy auth state: UNCHALLENGED
2019-03-15 07:36:05,953 [Forwarding findElement on session ebf5bc0b43e1892a4cd7f8272da29841 to remote] DEBUG org.apache.http.headers - http-outgoing-0 >> POST /session/ebf5bc0b43e1892a4cd7f8272da29841/element HTTP/1.1
2019-03-15 07:36:05,953 [Forwarding findElement on session ebf5bc0b43e1892a4cd7f8272da29841 to remote] DEBUG org.apache.http.headers - http-outgoing-0 >> Content-Type: application/json; charset=utf-8
2019-03-15 07:36:05,953 [Forwarding findElement on session ebf5bc0b43e1892a4cd7f8272da29841 to remote] DEBUG org.apache.http.headers - http-outgoing-0 >> Content-Length: 49
2019-03-15 07:36:05,953 [Forwarding findElement on session ebf5bc0b43e1892a4cd7f8272da29841 to remote] DEBUG org.apache.http.headers - http-outgoing-0 >> Host: localhost:26602
2019-03-15 07:36:05,953 [Forwarding findElement on session ebf5bc0b43e1892a4cd7f8272da29841 to remote] DEBUG org.apache.http.headers - http-outgoing-0 >> Connection: Keep-Alive
2019-03-15 07:36:05,953 [Forwarding findElement on session ebf5bc0b43e1892a4cd7f8272da29841 to remote] DEBUG org.apache.http.headers - http-outgoing-0 >> User-Agent: Apache-HttpClient/4.5.3 (Java/1.8.0_191)
2019-03-15 07:36:05,953 [Forwarding findElement on session ebf5bc0b43e1892a4cd7f8272da29841 to remote] DEBUG org.apache.http.headers - http-outgoing-0 >> Accept-Encoding: gzip,deflate
2019-03-15 07:36:05,953 [Forwarding findElement on session ebf5bc0b43e1892a4cd7f8272da29841 to remote] DEBUG org.apache.http.wire - http-outgoing-0 >> "POST /session/ebf5bc0b43e1892a4cd7f8272da29841/element HTTP/1.1[\r][\n]"
2019-03-15 07:36:05,954 [Forwarding findElement on session ebf5bc0b43e1892a4cd7f8272da29841 to remote] DEBUG org.apache.http.wire - http-outgoing-0 >> "Content-Type: application/json; charset=utf-8[\r][\n]"
2019-03-15 07:36:05,954 [Forwarding findElement on session ebf5bc0b43e1892a4cd7f8272da29841 to remote] DEBUG org.apache.http.wire - http-outgoing-0 >> "Content-Length: 49[\r][\n]"
2019-03-15 07:36:05,954 [Forwarding findElement on session ebf5bc0b43e1892a4cd7f8272da29841 to remote] DEBUG org.apache.http.wire - http-outgoing-0 >> "Host: localhost:26602[\r][\n]"
2019-03-15 07:36:05,954 [Forwarding findElement on session ebf5bc0b43e1892a4cd7f8272da29841 to remote] DEBUG org.apache.http.wire - http-outgoing-0 >> "Connection: Keep-Alive[\r][\n]"
2019-03-15 07:36:05,954 [Forwarding findElement on session ebf5bc0b43e1892a4cd7f8272da29841 to remote] DEBUG org.apache.http.wire - http-outgoing-0 >> "User-Agent: Apache-HttpClient/4.5.3 (Java/1.8.0_191)[\r][\n]"
2019-03-15 07:36:05,954 [Forwarding findElement on session ebf5bc0b43e1892a4cd7f8272da29841 to remote] DEBUG org.apache.http.wire - http-outgoing-0 >> "Accept-Encoding: gzip,deflate[\r][\n]"
2019-03-15 07:36:05,954 [Forwarding findElement on session ebf5bc0b43e1892a4cd7f8272da29841 to remote] DEBUG org.apache.http.wire - http-outgoing-0 >> "[\r][\n]"
2019-03-15 07:36:05,954 [Forwarding findElement on session ebf5bc0b43e1892a4cd7f8272da29841 to remote] DEBUG org.apache.http.wire - http-outgoing-0 >> "{"using":"xpath","value":"//*[@name='password']"}"
2019-03-15 07:36:06,033 [Forwarding findElement on session ebf5bc0b43e1892a4cd7f8272da29841 to remote] DEBUG org.apache.http.wire - http-outgoing-0 << "HTTP/1.1 200 OK[\r][\n]"
2019-03-15 07:36:06,033 [Forwarding findElement on session ebf5bc0b43e1892a4cd7f8272da29841 to remote] DEBUG org.apache.http.wire - http-outgoing-0 << "Content-Length:102[\r][\n]"
2019-03-15 07:36:06,033 [Forwarding findElement on session ebf5bc0b43e1892a4cd7f8272da29841 to remote] DEBUG org.apache.http.wire - http-outgoing-0 << "Content-Type:application/json; charset=utf-8[\r][\n]"
2019-03-15 07:36:06,033 [Forwarding findElement on session ebf5bc0b43e1892a4cd7f8272da29841 to remote] DEBUG org.apache.http.wire - http-outgoing-0 << "[\r][\n]"
2019-03-15 07:36:06,033 [Forwarding findElement on session ebf5bc0b43e1892a4cd7f8272da29841 to remote] DEBUG org.apache.http.wire - http-outgoing-0 << "{"sessionId":"ebf5bc0b43e1892a4cd7f8272da29841","status":0,"value":{"ELEMENT":"0.5793661813061162-1"}}"
2019-03-15 07:36:06,033 [Forwarding findElement on session ebf5bc0b43e1892a4cd7f8272da29841 to remote] DEBUG org.apache.http.headers - http-outgoing-0 << HTTP/1.1 200 OK
2019-03-15 07:36:06,034 [Forwarding findElement on session ebf5bc0b43e1892a4cd7f8272da29841 to remote] DEBUG org.apache.http.headers - http-outgoing-0 << Content-Length:102
2019-03-15 07:36:06,034 [Forwarding findElement on session ebf5bc0b43e1892a4cd7f8272da29841 to remote] DEBUG org.apache.http.headers - http-outgoing-0 << Content-Type:application/json; charset=utf-8
2019-03-15 07:36:06,034 [Forwarding findElement on session ebf5bc0b43e1892a4cd7f8272da29841 to remote] DEBUG org.apache.http.impl.execchain.MainClientExec - Connection can be kept alive indefinitely
2019-03-15 07:36:06,034 [Forwarding findElement on session ebf5bc0b43e1892a4cd7f8272da29841 to remote] DEBUG org.apache.http.impl.conn.PoolingHttpClientConnectionManager - Connection [id: 0][route: {}->http://localhost:26602] can be kept alive indefinitely
2019-03-15 07:36:06,034 [Forwarding findElement on session ebf5bc0b43e1892a4cd7f8272da29841 to remote] DEBUG org.apache.http.impl.conn.PoolingHttpClientConnectionManager - Connection released: [id: 0][route: {}->http://localhost:26602][total kept alive: 1; route allocated: 1 of 2000; total allocated: 1 of 2000]
2019-03-15 07:36:06,040 [Forwarding isElementDisplayed on session ebf5bc0b43e1892a4cd7f8272da29841 to remote] DEBUG org.apache.http.client.protocol.RequestAddCookies - CookieSpec selected: default
2019-03-15 07:36:06,040 [Forwarding isElementDisplayed on session ebf5bc0b43e1892a4cd7f8272da29841 to remote] DEBUG org.apache.http.client.protocol.RequestAuthCache - Auth cache not set in the context
2019-03-15 07:36:06,040 [Forwarding isElementDisplayed on session ebf5bc0b43e1892a4cd7f8272da29841 to remote] DEBUG org.apache.http.impl.conn.PoolingHttpClientConnectionManager - Connection request: [route: {}->http://localhost:26602][total kept alive: 1; route allocated: 1 of 2000; total allocated: 1 of 2000]
2019-03-15 07:36:06,040 [Forwarding isElementDisplayed on session ebf5bc0b43e1892a4cd7f8272da29841 to remote] DEBUG org.apache.http.impl.conn.PoolingHttpClientConnectionManager - Connection leased: [id: 0][route: {}->http://localhost:26602][total kept alive: 0; route allocated: 1 of 2000; total allocated: 1 of 2000]
2019-03-15 07:36:06,040 [Forwarding isElementDisplayed on session ebf5bc0b43e1892a4cd7f8272da29841 to remote] DEBUG org.apache.http.impl.execchain.MainClientExec - Stale connection check
2019-03-15 07:36:06,042 [Forwarding isElementDisplayed on session ebf5bc0b43e1892a4cd7f8272da29841 to remote] DEBUG org.apache.http.wire - http-outgoing-0 << "[read] I/O error: Read timed out"
2019-03-15 07:36:06,042 [Forwarding isElementDisplayed on session ebf5bc0b43e1892a4cd7f8272da29841 to remote] DEBUG org.apache.http.impl.conn.DefaultManagedHttpClientConnection - http-outgoing-0: set socket timeout to 10800000
2019-03-15 07:36:06,042 [Forwarding isElementDisplayed on session ebf5bc0b43e1892a4cd7f8272da29841 to remote] DEBUG org.apache.http.impl.execchain.MainClientExec - Executing request GET /session/ebf5bc0b43e1892a4cd7f8272da29841/element/0.5793661813061162-1/displayed HTTP/1.1
2019-03-15 07:36:06,042 [Forwarding isElementDisplayed on session ebf5bc0b43e1892a4cd7f8272da29841 to remote] DEBUG org.apache.http.impl.execchain.MainClientExec - Target auth state: UNCHALLENGED
2019-03-15 07:36:06,042 [Forwarding isElementDisplayed on session ebf5bc0b43e1892a4cd7f8272da29841 to remote] DEBUG org.apache.http.impl.execchain.MainClientExec - Proxy auth state: UNCHALLENGED
2019-03-15 07:36:06,042 [Forwarding isElementDisplayed on session ebf5bc0b43e1892a4cd7f8272da29841 to remote] DEBUG org.apache.http.headers - http-outgoing-0 >> GET /session/ebf5bc0b43e1892a4cd7f8272da29841/element/0.5793661813061162-1/displayed HTTP/1.1
2019-03-15 07:36:06,042 [Forwarding isElementDisplayed on session ebf5bc0b43e1892a4cd7f8272da29841 to remote] DEBUG org.apache.http.headers - http-outgoing-0 >> Cache-Control: no-cache
2019-03-15 07:36:06,042 [Forwarding isElementDisplayed on session ebf5bc0b43e1892a4cd7f8272da29841 to remote] DEBUG org.apache.http.headers - http-outgoing-0 >> Host: localhost:26602
2019-03-15 07:36:06,042 [Forwarding isElementDisplayed on session ebf5bc0b43e1892a4cd7f8272da29841 to remote] DEBUG org.apache.http.headers - http-outgoing-0 >> Connection: Keep-Alive
2019-03-15 07:36:06,042 [Forwarding isElementDisplayed on session ebf5bc0b43e1892a4cd7f8272da29841 to remote] DEBUG org.apache.http.headers - http-outgoing-0 >> User-Agent: Apache-HttpClient/4.5.3 (Java/1.8.0_191)
2019-03-15 07:36:06,042 [Forwarding isElementDisplayed on session ebf5bc0b43e1892a4cd7f8272da29841 to remote] DEBUG org.apache.http.headers - http-outgoing-0 >> Accept-Encoding: gzip,deflate
2019-03-15 07:36:06,042 [Forwarding isElementDisplayed on session ebf5bc0b43e1892a4cd7f8272da29841 to remote] DEBUG org.apache.http.wire - http-outgoing-0 >> "GET /session/ebf5bc0b43e1892a4cd7f8272da29841/element/0.5793661813061162-1/displayed HTTP/1.1[\r][\n]"
2019-03-15 07:36:06,043 [Forwarding isElementDisplayed on session ebf5bc0b43e1892a4cd7f8272da29841 to remote] DEBUG org.apache.http.wire - http-outgoing-0 >> "Cache-Control: no-cache[\r][\n]"
2019-03-15 07:36:06,043 [Forwarding isElementDisplayed on session ebf5bc0b43e1892a4cd7f8272da29841 to remote] DEBUG org.apache.http.wire - http-outgoing-0 >> "Host: localhost:26602[\r][\n]"
2019-03-15 07:36:06,043 [Forwarding isElementDisplayed on session ebf5bc0b43e1892a4cd7f8272da29841 to remote] DEBUG org.apache.http.wire - http-outgoing-0 >> "Connection: Keep-Alive[\r][\n]"
2019-03-15 07:36:06,043 [Forwarding isElementDisplayed on session ebf5bc0b43e1892a4cd7f8272da29841 to remote] DEBUG org.apache.http.wire - http-outgoing-0 >> "User-Agent: Apache-HttpClient/4.5.3 (Java/1.8.0_191)[\r][\n]"
2019-03-15 07:36:06,043 [Forwarding isElementDisplayed on session ebf5bc0b43e1892a4cd7f8272da29841 to remote] DEBUG org.apache.http.wire - http-outgoing-0 >> "Accept-Encoding: gzip,deflate[\r][\n]"
2019-03-15 07:36:06,043 [Forwarding isElementDisplayed on session ebf5bc0b43e1892a4cd7f8272da29841 to remote] DEBUG org.apache.http.wire - http-outgoing-0 >> "[\r][\n]"
2019-03-15 07:36:06,073 [Forwarding isElementDisplayed on session ebf5bc0b43e1892a4cd7f8272da29841 to remote] DEBUG org.apache.http.wire - http-outgoing-0 << "HTTP/1.1 200 OK[\r][\n]"
2019-03-15 07:36:06,073 [Forwarding isElementDisplayed on session ebf5bc0b43e1892a4cd7f8272da29841 to remote] DEBUG org.apache.http.wire - http-outgoing-0 << "Content-Length:73[\r][\n]"
2019-03-15 07:36:06,073 [Forwarding isElementDisplayed on session ebf5bc0b43e1892a4cd7f8272da29841 to remote] DEBUG org.apache.http.wire - http-outgoing-0 << "Content-Type:application/json; charset=utf-8[\r][\n]"
2019-03-15 07:36:06,073 [Forwarding isElementDisplayed on session ebf5bc0b43e1892a4cd7f8272da29841 to remote] DEBUG org.apache.http.wire - http-outgoing-0 << "[\r][\n]"
2019-03-15 07:36:06,073 [Forwarding isElementDisplayed on session ebf5bc0b43e1892a4cd7f8272da29841 to remote] DEBUG org.apache.http.wire - http-outgoing-0 << "{"sessionId":"ebf5bc0b43e1892a4cd7f8272da29841","status":0,"value":false}"
2019-03-15 07:36:06,074 [Forwarding isElementDisplayed on session ebf5bc0b43e1892a4cd7f8272da29841 to remote] DEBUG org.apache.http.headers - http-outgoing-0 << HTTP/1.1 200 OK
2019-03-15 07:36:06,074 [Forwarding isElementDisplayed on session ebf5bc0b43e1892a4cd7f8272da29841 to remote] DEBUG org.apache.http.headers - http-outgoing-0 << Content-Length:73
2019-03-15 07:36:06,074 [Forwarding isElementDisplayed on session ebf5bc0b43e1892a4cd7f8272da29841 to remote] DEBUG org.apache.http.headers - http-outgoing-0 << Content-Type:application/json; charset=utf-8
2019-03-15 07:36:06,076 [Forwarding isElementDisplayed on session ebf5bc0b43e1892a4cd7f8272da29841 to remote] DEBUG org.apache.http.impl.execchain.MainClientExec - Connection can be kept alive indefinitely
2019-03-15 07:36:06,076 [Forwarding isElementDisplayed on session ebf5bc0b43e1892a4cd7f8272da29841 to remote] DEBUG org.apache.http.impl.conn.PoolingHttpClientConnectionManager - Connection [id: 0][route: {}->http://localhost:26602] can be kept alive indefinitely
2019-03-15 07:36:06,076 [Forwarding isElementDisplayed on session ebf5bc0b43e1892a4cd7f8272da29841 to remote] DEBUG org.apache.http.impl.conn.PoolingHttpClientConnectionManager - Connection released: [id: 0][route: {}->http://localhost:26602][total kept alive: 1; route allocated: 1 of 2000; total allocated: 1 of 2000]
2019-03-15 07:36:06,581 [Forwarding findElement on session ebf5bc0b43e1892a4cd7f8272da29841 to remote] DEBUG org.apache.http.client.protocol.RequestAddCookies - CookieSpec selected: default
2019-03-15 07:36:06,581 [Forwarding findElement on session ebf5bc0b43e1892a4cd7f8272da29841 to remote] DEBUG org.apache.http.client.protocol.RequestAuthCache - Auth cache not set in the context
2019-03-15 07:36:06,581 [Forwarding findElement on session ebf5bc0b43e1892a4cd7f8272da29841 to remote] DEBUG org.apache.http.impl.conn.PoolingHttpClientConnectionManager - Connection request: [route: {}->http://localhost:26602][total kept alive: 1; route allocated: 1 of 2000; total allocated: 1 of 2000]
2019-03-15 07:36:06,582 [Forwarding findElement on session ebf5bc0b43e1892a4cd7f8272da29841 to remote] DEBUG org.apache.http.impl.conn.PoolingHttpClientConnectionManager - Connection leased: [id: 0][route: {}->http://localhost:26602][total kept alive: 0; route allocated: 1 of 2000; total allocated: 1 of 2000]
2019-03-15 07:36:06,582 [Forwarding findElement on session ebf5bc0b43e1892a4cd7f8272da29841 to remote] DEBUG org.apache.http.impl.execchain.MainClientExec - Stale connection check
2019-03-15 07:36:06,583 [Forwarding findElement on session ebf5bc0b43e1892a4cd7f8272da29841 to remote] DEBUG org.apache.http.wire - http-outgoing-0 << "[read] I/O error: Read timed out"
2019-03-15 07:36:06,583 [Forwarding findElement on session ebf5bc0b43e1892a4cd7f8272da29841 to remote] DEBUG org.apache.http.impl.conn.DefaultManagedHttpClientConnection - http-outgoing-0: set socket timeout to 10800000
2019-03-15 07:36:06,583 [Forwarding findElement on session ebf5bc0b43e1892a4cd7f8272da29841 to remote] DEBUG org.apache.http.impl.execchain.MainClientExec - Executing request POST /session/ebf5bc0b43e1892a4cd7f8272da29841/element HTTP/1.1
2019-03-15 07:36:06,583 [Forwarding findElement on session ebf5bc0b43e1892a4cd7f8272da29841 to remote] DEBUG org.apache.http.impl.execchain.MainClientExec - Target auth state: UNCHALLENGED
2019-03-15 07:36:06,583 [Forwarding findElement on session ebf5bc0b43e1892a4cd7f8272da29841 to remote] DEBUG org.apache.http.impl.execchain.MainClientExec - Proxy auth state: UNCHALLENGED
2019-03-15 07:36:06,583 [Forwarding findElement on session ebf5bc0b43e1892a4cd7f8272da29841 to remote] DEBUG org.apache.http.headers - http-outgoing-0 >> POST /session/ebf5bc0b43e1892a4cd7f8272da29841/element HTTP/1.1
2019-03-15 07:36:06,583 [Forwarding findElement on session ebf5bc0b43e1892a4cd7f8272da29841 to remote] DEBUG org.apache.http.headers - http-outgoing-0 >> Content-Type: application/json; charset=utf-8
2019-03-15 07:36:06,583 [Forwarding findElement on session ebf5bc0b43e1892a4cd7f8272da29841 to remote] DEBUG org.apache.http.headers - http-outgoing-0 >> Content-Length: 49
2019-03-15 07:36:06,583 [Forwarding findElement on session ebf5bc0b43e1892a4cd7f8272da29841 to remote] DEBUG org.apache.http.headers - http-outgoing-0 >> Host: localhost:26602
2019-03-15 07:36:06,583 [Forwarding findElement on session ebf5bc0b43e1892a4cd7f8272da29841 to remote] DEBUG org.apache.http.headers - http-outgoing-0 >> Connection: Keep-Alive
2019-03-15 07:36:06,583 [Forwarding findElement on session ebf5bc0b43e1892a4cd7f8272da29841 to remote] DEBUG org.apache.http.headers - http-outgoing-0 >> User-Agent: Apache-HttpClient/4.5.3 (Java/1.8.0_191)
2019-03-15 07:36:06,583 [Forwarding findElement on session ebf5bc0b43e1892a4cd7f8272da29841 to remote] DEBUG org.apache.http.headers - http-outgoing-0 >> Accept-Encoding: gzip,deflate
2019-03-15 07:36:06,583 [Forwarding findElement on session ebf5bc0b43e1892a4cd7f8272da29841 to remote] DEBUG org.apache.http.wire - http-outgoing-0 >> "POST /session/ebf5bc0b43e1892a4cd7f8272da29841/element HTTP/1.1[\r][\n]"
2019-03-15 07:36:06,583 [Forwarding findElement on session ebf5bc0b43e1892a4cd7f8272da29841 to remote] DEBUG org.apache.http.wire - http-outgoing-0 >> "Content-Type: application/json; charset=utf-8[\r][\n]"
2019-03-15 07:36:06,584 [Forwarding findElement on session ebf5bc0b43e1892a4cd7f8272da29841 to remote] DEBUG org.apache.http.wire - http-outgoing-0 >> "Content-Length: 49[\r][\n]"
2019-03-15 07:36:06,584 [Forwarding findElement on session ebf5bc0b43e1892a4cd7f8272da29841 to remote] DEBUG org.apache.http.wire - http-outgoing-0 >> "Host: localhost:26602[\r][\n]"
2019-03-15 07:36:06,584 [Forwarding findElement on session ebf5bc0b43e1892a4cd7f8272da29841 to remote] DEBUG org.apache.http.wire - http-outgoing-0 >> "Connection: Keep-Alive[\r][\n]"
2019-03-15 07:36:06,584 [Forwarding findElement on session ebf5bc0b43e1892a4cd7f8272da29841 to remote] DEBUG org.apache.http.wire - http-outgoing-0 >> "User-Agent: Apache-HttpClient/4.5.3 (Java/1.8.0_191)[\r][\n]"
2019-03-15 07:36:06,584 [Forwarding findElement on session ebf5bc0b43e1892a4cd7f8272da29841 to remote] DEBUG org.apache.http.wire - http-outgoing-0 >> "Accept-Encoding: gzip,deflate[\r][\n]"
2019-03-15 07:36:06,584 [Forwarding findElement on session ebf5bc0b43e1892a4cd7f8272da29841 to remote] DEBUG org.apache.http.wire - http-outgoing-0 >> "[\r][\n]"
2019-03-15 07:36:06,584 [Forwarding findElement on session ebf5bc0b43e1892a4cd7f8272da29841 to remote] DEBUG org.apache.http.wire - http-outgoing-0 >> "{"using":"xpath","value":"//*[@name='password']"}"
2019-03-15 07:36:06,620 [Forwarding findElement on session ebf5bc0b43e1892a4cd7f8272da29841 to remote] DEBUG org.apache.http.wire - http-outgoing-0 << "HTTP/1.1 200 OK[\r][\n]"
2019-03-15 07:36:06,620 [Forwarding findElement on session ebf5bc0b43e1892a4cd7f8272da29841 to remote] DEBUG org.apache.http.wire - http-outgoing-0 << "Content-Length:102[\r][\n]"
2019-03-15 07:36:06,620 [Forwarding findElement on session ebf5bc0b43e1892a4cd7f8272da29841 to remote] DEBUG org.apache.http.wire - http-outgoing-0 << "Content-Type:application/json; charset=utf-8[\r][\n]"
2019-03-15 07:36:06,621 [Forwarding findElement on session ebf5bc0b43e1892a4cd7f8272da29841 to remote] DEBUG org.apache.http.wire - http-outgoing-0 << "[\r][\n]"
2019-03-15 07:36:06,621 [Forwarding findElement on session ebf5bc0b43e1892a4cd7f8272da29841 to remote] DEBUG org.apache.http.wire - http-outgoing-0 << "{"sessionId":"ebf5bc0b43e1892a4cd7f8272da29841","status":0,"value":{"ELEMENT":"0.5793661813061162-1"}}"
2019-03-15 07:36:06,621 [Forwarding findElement on session ebf5bc0b43e1892a4cd7f8272da29841 to remote] DEBUG org.apache.http.headers - http-outgoing-0 << HTTP/1.1 200 OK
2019-03-15 07:36:06,621 [Forwarding findElement on session ebf5bc0b43e1892a4cd7f8272da29841 to remote] DEBUG org.apache.http.headers - http-outgoing-0 << Content-Length:102
2019-03-15 07:36:06,621 [Forwarding findElement on session ebf5bc0b43e1892a4cd7f8272da29841 to remote] DEBUG org.apache.http.headers - http-outgoing-0 << Content-Type:application/json; charset=utf-8
2019-03-15 07:36:06,621 [Forwarding findElement on session ebf5bc0b43e1892a4cd7f8272da29841 to remote] DEBUG org.apache.http.impl.execchain.MainClientExec - Connection can be kept alive indefinitely
2019-03-15 07:36:06,621 [Forwarding findElement on session ebf5bc0b43e1892a4cd7f8272da29841 to remote] DEBUG org.apache.http.impl.conn.PoolingHttpClientConnectionManager - Connection [id: 0][route: {}->http://localhost:26602] can be kept alive indefinitely
2019-03-15 07:36:06,622 [Forwarding findElement on session ebf5bc0b43e1892a4cd7f8272da29841 to remote] DEBUG org.apache.http.impl.conn.PoolingHttpClientConnectionManager - Connection released: [id: 0][route: {}->http://localhost:26602][total kept alive: 1; route allocated: 1 of 2000; total allocated: 1 of 2000]
2019-03-15 07:36:06,633 [Forwarding isElementDisplayed on session ebf5bc0b43e1892a4cd7f8272da29841 to remote] DEBUG org.apache.http.client.protocol.RequestAddCookies - CookieSpec selected: default
2019-03-15 07:36:06,633 [Forwarding isElementDisplayed on session ebf5bc0b43e1892a4cd7f8272da29841 to remote] DEBUG org.apache.http.client.protocol.RequestAuthCache - Auth cache not set in the context
2019-03-15 07:36:06,633 [Forwarding isElementDisplayed on session ebf5bc0b43e1892a4cd7f8272da29841 to remote] DEBUG org.apache.http.impl.conn.PoolingHttpClientConnectionManager - Connection request: [route: {}->http://localhost:26602][total kept alive: 1; route allocated: 1 of 2000; total allocated: 1 of 2000]
2019-03-15 07:36:06,633 [Forwarding isElementDisplayed on session ebf5bc0b43e1892a4cd7f8272da29841 to remote] DEBUG org.apache.http.impl.conn.PoolingHttpClientConnectionManager - Connection leased: [id: 0][route: {}->http://localhost:26602][total kept alive: 0; route allocated: 1 of 2000; total allocated: 1 of 2000]
2019-03-15 07:36:06,633 [Forwarding isElementDisplayed on session ebf5bc0b43e1892a4cd7f8272da29841 to remote] DEBUG org.apache.http.impl.execchain.MainClientExec - Stale connection check
2019-03-15 07:36:06,634 [Forwarding isElementDisplayed on session ebf5bc0b43e1892a4cd7f8272da29841 to remote] DEBUG org.apache.http.wire - http-outgoing-0 << "[read] I/O error: Read timed out"
2019-03-15 07:36:06,634 [Forwarding isElementDisplayed on session ebf5bc0b43e1892a4cd7f8272da29841 to remote] DEBUG org.apache.http.impl.conn.DefaultManagedHttpClientConnection - http-outgoing-0: set socket timeout to 10800000
2019-03-15 07:36:06,634 [Forwarding isElementDisplayed on session ebf5bc0b43e1892a4cd7f8272da29841 to remote] DEBUG org.apache.http.impl.execchain.MainClientExec - Executing request GET /session/ebf5bc0b43e1892a4cd7f8272da29841/element/0.5793661813061162-1/displayed HTTP/1.1
2019-03-15 07:36:06,634 [Forwarding isElementDisplayed on session ebf5bc0b43e1892a4cd7f8272da29841 to remote] DEBUG org.apache.http.impl.execchain.MainClientExec - Target auth state: UNCHALLENGED
2019-03-15 07:36:06,635 [Forwarding isElementDisplayed on session ebf5bc0b43e1892a4cd7f8272da29841 to remote] DEBUG org.apache.http.impl.execchain.MainClientExec - Proxy auth state: UNCHALLENGED
2019-03-15 07:36:06,635 [Forwarding isElementDisplayed on session ebf5bc0b43e1892a4cd7f8272da29841 to remote] DEBUG org.apache.http.headers - http-outgoing-0 >> GET /session/ebf5bc0b43e1892a4cd7f8272da29841/element/0.5793661813061162-1/displayed HTTP/1.1
2019-03-15 07:36:06,635 [Forwarding isElementDisplayed on session ebf5bc0b43e1892a4cd7f8272da29841 to remote] DEBUG org.apache.http.headers - http-outgoing-0 >> Cache-Control: no-cache
2019-03-15 07:36:06,635 [Forwarding isElementDisplayed on session ebf5bc0b43e1892a4cd7f8272da29841 to remote] DEBUG org.apache.http.headers - http-outgoing-0 >> Host: localhost:26602
2019-03-15 07:36:06,635 [Forwarding isElementDisplayed on session ebf5bc0b43e1892a4cd7f8272da29841 to remote] DEBUG org.apache.http.headers - http-outgoing-0 >> Connection: Keep-Alive
2019-03-15 07:36:06,635 [Forwarding isElementDisplayed on session ebf5bc0b43e1892a4cd7f8272da29841 to remote] DEBUG org.apache.http.headers - http-outgoing-0 >> User-Agent: Apache-HttpClient/4.5.3 (Java/1.8.0_191)
2019-03-15 07:36:06,635 [Forwarding isElementDisplayed on session ebf5bc0b43e1892a4cd7f8272da29841 to remote] DEBUG org.apache.http.headers - http-outgoing-0 >> Accept-Encoding: gzip,deflate
2019-03-15 07:36:06,635 [Forwarding isElementDisplayed on session ebf5bc0b43e1892a4cd7f8272da29841 to remote] DEBUG org.apache.http.wire - http-outgoing-0 >> "GET /session/ebf5bc0b43e1892a4cd7f8272da29841/element/0.5793661813061162-1/displayed HTTP/1.1[\r][\n]"
2019-03-15 07:36:06,635 [Forwarding isElementDisplayed on session ebf5bc0b43e1892a4cd7f8272da29841 to remote] DEBUG org.apache.http.wire - http-outgoing-0 >> "Cache-Control: no-cache[\r][\n]"
2019-03-15 07:36:06,635 [Forwarding isElementDisplayed on session ebf5bc0b43e1892a4cd7f8272da29841 to remote] DEBUG org.apache.http.wire - http-outgoing-0 >> "Host: localhost:26602[\r][\n]"
2019-03-15 07:36:06,635 [Forwarding isElementDisplayed on session ebf5bc0b43e1892a4cd7f8272da29841 to remote] DEBUG org.apache.http.wire - http-outgoing-0 >> "Connection: Keep-Alive[\r][\n]"
2019-03-15 07:36:06,635 [Forwarding isElementDisplayed on session ebf5bc0b43e1892a4cd7f8272da29841 to remote] DEBUG org.apache.http.wire - http-outgoing-0 >> "User-Agent: Apache-HttpClient/4.5.3 (Java/1.8.0_191)[\r][\n]"
2019-03-15 07:36:06,635 [Forwarding isElementDisplayed on session ebf5bc0b43e1892a4cd7f8272da29841 to remote] DEBUG org.apache.http.wire - http-outgoing-0 >> "Accept-Encoding: gzip,deflate[\r][\n]"
2019-03-15 07:36:06,635 [Forwarding isElementDisplayed on session ebf5bc0b43e1892a4cd7f8272da29841 to remote] DEBUG org.apache.http.wire - http-outgoing-0 >> "[\r][\n]"
2019-03-15 07:36:06,671 [Forwarding isElementDisplayed on session ebf5bc0b43e1892a4cd7f8272da29841 to remote] DEBUG org.apache.http.wire - http-outgoing-0 << "HTTP/1.1 200 OK[\r][\n]"
2019-03-15 07:36:06,671 [Forwarding isElementDisplayed on session ebf5bc0b43e1892a4cd7f8272da29841 to remote] DEBUG org.apache.http.wire - http-outgoing-0 << "Content-Length:73[\r][\n]"
2019-03-15 07:36:06,671 [Forwarding isElementDisplayed on session ebf5bc0b43e1892a4cd7f8272da29841 to remote] DEBUG org.apache.http.wire - http-outgoing-0 << "Content-Type:application/json; charset=utf-8[\r][\n]"
2019-03-15 07:36:06,672 [Forwarding isElementDisplayed on session ebf5bc0b43e1892a4cd7f8272da29841 to remote] DEBUG org.apache.http.wire - http-outgoing-0 << "[\r][\n]"
2019-03-15 07:36:06,672 [Forwarding isElementDisplayed on session ebf5bc0b43e1892a4cd7f8272da29841 to remote] DEBUG org.apache.http.wire - http-outgoing-0 << "{"sessionId":"ebf5bc0b43e1892a4cd7f8272da29841","status":0,"value":false}"
2019-03-15 07:36:06,672 [Forwarding isElementDisplayed on session ebf5bc0b43e1892a4cd7f8272da29841 to remote] DEBUG org.apache.http.headers - http-outgoing-0 << HTTP/1.1 200 OK
2019-03-15 07:36:06,672 [Forwarding isElementDisplayed on session ebf5bc0b43e1892a4cd7f8272da29841 to remote] DEBUG org.apache.http.headers - http-outgoing-0 << Content-Length:73
2019-03-15 07:36:06,672 [Forwarding isElementDisplayed on session ebf5bc0b43e1892a4cd7f8272da29841 to remote] DEBUG org.apache.http.headers - http-outgoing-0 << Content-Type:application/json; charset=utf-8
2019-03-15 07:36:06,672 [Forwarding isElementDisplayed on session ebf5bc0b43e1892a4cd7f8272da29841 to remote] DEBUG org.apache.http.impl.execchain.MainClientExec - Connection can be kept alive indefinitely
2019-03-15 07:36:06,672 [Forwarding isElementDisplayed on session ebf5bc0b43e1892a4cd7f8272da29841 to remote] DEBUG org.apache.http.impl.conn.PoolingHttpClientConnectionManager - Connection [id: 0][route: {}->http://localhost:26602] can be kept alive indefinitely
2019-03-15 07:36:06,672 [Forwarding isElementDisplayed on session ebf5bc0b43e1892a4cd7f8272da29841 to remote] DEBUG org.apache.http.impl.conn.PoolingHttpClientConnectionManager - Connection released: [id: 0][route: {}->http://localhost:26602][total kept alive: 1; route allocated: 1 of 2000; total allocated: 1 of 2000]
2019-03-15 07:36:07,178 [Forwarding findElement on session ebf5bc0b43e1892a4cd7f8272da29841 to remote] DEBUG org.apache.http.client.protocol.RequestAddCookies - CookieSpec selected: default
2019-03-15 07:36:07,182 [Forwarding findElement on session ebf5bc0b43e1892a4cd7f8272da29841 to remote] DEBUG org.apache.http.client.protocol.RequestAuthCache - Auth cache not set in the context
2019-03-15 07:36:07,186 [Forwarding findElement on session ebf5bc0b43e1892a4cd7f8272da29841 to remote] DEBUG org.apache.http.impl.conn.PoolingHttpClientConnectionManager - Connection request: [route: {}->http://localhost:26602][total kept alive: 1; route allocated: 1 of 2000; total allocated: 1 of 2000]
2019-03-15 07:36:07,186 [Forwarding findElement on session ebf5bc0b43e1892a4cd7f8272da29841 to remote] DEBUG org.apache.http.impl.conn.PoolingHttpClientConnectionManager - Connection leased: [id: 0][route: {}->http://localhost:26602][total kept alive: 0; route allocated: 1 of 2000; total allocated: 1 of 2000]
2019-03-15 07:36:07,186 [Forwarding findElement on session ebf5bc0b43e1892a4cd7f8272da29841 to remote] DEBUG org.apache.http.impl.execchain.MainClientExec - Stale connection check
2019-03-15 07:36:07,187 [Forwarding findElement on session ebf5bc0b43e1892a4cd7f8272da29841 to remote] DEBUG org.apache.http.wire - http-outgoing-0 << "[read] I/O error: Read timed out"
2019-03-15 07:36:07,187 [Forwarding findElement on session ebf5bc0b43e1892a4cd7f8272da29841 to remote] DEBUG org.apache.http.impl.conn.DefaultManagedHttpClientConnection - http-outgoing-0: set socket timeout to 10800000
2019-03-15 07:36:07,187 [Forwarding findElement on session ebf5bc0b43e1892a4cd7f8272da29841 to remote] DEBUG org.apache.http.impl.execchain.MainClientExec - Executing request POST /session/ebf5bc0b43e1892a4cd7f8272da29841/element HTTP/1.1
2019-03-15 07:36:07,187 [Forwarding findElement on session ebf5bc0b43e1892a4cd7f8272da29841 to remote] DEBUG org.apache.http.impl.execchain.MainClientExec - Target auth state: UNCHALLENGED
2019-03-15 07:36:07,187 [Forwarding findElement on session ebf5bc0b43e1892a4cd7f8272da29841 to remote] DEBUG org.apache.http.impl.execchain.MainClientExec - Proxy auth state: UNCHALLENGED
2019-03-15 07:36:07,187 [Forwarding findElement on session ebf5bc0b43e1892a4cd7f8272da29841 to remote] DEBUG org.apache.http.headers - http-outgoing-0 >> POST /session/ebf5bc0b43e1892a4cd7f8272da29841/element HTTP/1.1
2019-03-15 07:36:07,187 [Forwarding findElement on session ebf5bc0b43e1892a4cd7f8272da29841 to remote] DEBUG org.apache.http.headers - http-outgoing-0 >> Content-Type: application/json; charset=utf-8
2019-03-15 07:36:07,187 [Forwarding findElement on session ebf5bc0b43e1892a4cd7f8272da29841 to remote] DEBUG org.apache.http.headers - http-outgoing-0 >> Content-Length: 49
2019-03-15 07:36:07,187 [Forwarding findElement on session ebf5bc0b43e1892a4cd7f8272da29841 to remote] DEBUG org.apache.http.headers - http-outgoing-0 >> Host: localhost:26602
2019-03-15 07:36:07,187 [Forwarding findElement on session ebf5bc0b43e1892a4cd7f8272da29841 to remote] DEBUG org.apache.http.headers - http-outgoing-0 >> Connection: Keep-Alive
2019-03-15 07:36:07,187 [Forwarding findElement on session ebf5bc0b43e1892a4cd7f8272da29841 to remote] DEBUG org.apache.http.headers - http-outgoing-0 >> User-Agent: Apache-HttpClient/4.5.3 (Java/1.8.0_191)
2019-03-15 07:36:07,187 [Forwarding findElement on session ebf5bc0b43e1892a4cd7f8272da29841 to remote] DEBUG org.apache.http.headers - http-outgoing-0 >> Accept-Encoding: gzip,deflate
2019-03-15 07:36:07,187 [Forwarding findElement on session ebf5bc0b43e1892a4cd7f8272da29841 to remote] DEBUG org.apache.http.wire - http-outgoing-0 >> "POST /session/ebf5bc0b43e1892a4cd7f8272da29841/element HTTP/1.1[\r][\n]"
2019-03-15 07:36:07,188 [Forwarding findElement on session ebf5bc0b43e1892a4cd7f8272da29841 to remote] DEBUG org.apache.http.wire - http-outgoing-0 >> "Content-Type: application/json; charset=utf-8[\r][\n]"
2019-03-15 07:36:07,188 [Forwarding findElement on session ebf5bc0b43e1892a4cd7f8272da29841 to remote] DEBUG org.apache.http.wire - http-outgoing-0 >> "Content-Length: 49[\r][\n]"
2019-03-15 07:36:07,188 [Forwarding findElement on session ebf5bc0b43e1892a4cd7f8272da29841 to remote] DEBUG org.apache.http.wire - http-outgoing-0 >> "Host: localhost:26602[\r][\n]"
2019-03-15 07:36:07,188 [Forwarding findElement on session ebf5bc0b43e1892a4cd7f8272da29841 to remote] DEBUG org.apache.http.wire - http-outgoing-0 >> "Connection: Keep-Alive[\r][\n]"
2019-03-15 07:36:07,188 [Forwarding findElement on session ebf5bc0b43e1892a4cd7f8272da29841 to remote] DEBUG org.apache.http.wire - http-outgoing-0 >> "User-Agent: Apache-HttpClient/4.5.3 (Java/1.8.0_191)[\r][\n]"
2019-03-15 07:36:07,188 [Forwarding findElement on session ebf5bc0b43e1892a4cd7f8272da29841 to remote] DEBUG org.apache.http.wire - http-outgoing-0 >> "Accept-Encoding: gzip,deflate[\r][\n]"
2019-03-15 07:36:07,188 [Forwarding findElement on session ebf5bc0b43e1892a4cd7f8272da29841 to remote] DEBUG org.apache.http.wire - http-outgoing-0 >> "[\r][\n]"
2019-03-15 07:36:07,188 [Forwarding findElement on session ebf5bc0b43e1892a4cd7f8272da29841 to remote] DEBUG org.apache.http.wire - http-outgoing-0 >> "{"using":"xpath","value":"//*[@name='password']"}"
2019-03-15 07:36:07,409 [Forwarding findElement on session ebf5bc0b43e1892a4cd7f8272da29841 to remote] DEBUG org.apache.http.wire - http-outgoing-0 << "HTTP/1.1 200 OK[\r][\n]"
2019-03-15 07:36:07,409 [Forwarding findElement on session ebf5bc0b43e1892a4cd7f8272da29841 to remote] DEBUG org.apache.http.wire - http-outgoing-0 << "Content-Length:102[\r][\n]"
2019-03-15 07:36:07,409 [Forwarding findElement on session ebf5bc0b43e1892a4cd7f8272da29841 to remote] DEBUG org.apache.http.wire - http-outgoing-0 << "Content-Type:application/json; charset=utf-8[\r][\n]"
2019-03-15 07:36:07,409 [Forwarding findElement on session ebf5bc0b43e1892a4cd7f8272da29841 to remote] DEBUG org.apache.http.wire - http-outgoing-0 << "[\r][\n]"
2019-03-15 07:36:07,409 [Forwarding findElement on session ebf5bc0b43e1892a4cd7f8272da29841 to remote] DEBUG org.apache.http.wire - http-outgoing-0 << "{"sessionId":"ebf5bc0b43e1892a4cd7f8272da29841","status":0,"value":{"ELEMENT":"0.5793661813061162-1"}}"
2019-03-15 07:36:07,413 [Forwarding findElement on session ebf5bc0b43e1892a4cd7f8272da29841 to remote] DEBUG org.apache.http.headers - http-outgoing-0 << HTTP/1.1 200 OK
2019-03-15 07:36:07,413 [Forwarding findElement on session ebf5bc0b43e1892a4cd7f8272da29841 to remote] DEBUG org.apache.http.headers - http-outgoing-0 << Content-Length:102
2019-03-15 07:36:07,413 [Forwarding findElement on session ebf5bc0b43e1892a4cd7f8272da29841 to remote] DEBUG org.apache.http.headers - http-outgoing-0 << Content-Type:application/json; charset=utf-8
2019-03-15 07:36:07,414 [Forwarding findElement on session ebf5bc0b43e1892a4cd7f8272da29841 to remote] DEBUG org.apache.http.impl.execchain.MainClientExec - Connection can be kept alive indefinitely
2019-03-15 07:36:07,420 [Forwarding findElement on session ebf5bc0b43e1892a4cd7f8272da29841 to remote] DEBUG org.apache.http.impl.conn.PoolingHttpClientConnectionManager - Connection [id: 0][route: {}->http://localhost:26602] can be kept alive indefinitely
2019-03-15 07:36:07,420 [Forwarding findElement on session ebf5bc0b43e1892a4cd7f8272da29841 to remote] DEBUG org.apache.http.impl.conn.PoolingHttpClientConnectionManager - Connection released: [id: 0][route: {}->http://localhost:26602][total kept alive: 1; route allocated: 1 of 2000; total allocated: 1 of 2000]
2019-03-15 07:36:07,432 [Forwarding isElementDisplayed on session ebf5bc0b43e1892a4cd7f8272da29841 to remote] DEBUG org.apache.http.client.protocol.RequestAddCookies - CookieSpec selected: default
2019-03-15 07:36:07,432 [Forwarding isElementDisplayed on session ebf5bc0b43e1892a4cd7f8272da29841 to remote] DEBUG org.apache.http.client.protocol.RequestAuthCache - Auth cache not set in the context
2019-03-15 07:36:07,432 [Forwarding isElementDisplayed on session ebf5bc0b43e1892a4cd7f8272da29841 to remote] DEBUG org.apache.http.impl.conn.PoolingHttpClientConnectionManager - Connection request: [route: {}->http://localhost:26602][total kept alive: 1; route allocated: 1 of 2000; total allocated: 1 of 2000]
2019-03-15 07:36:07,432 [Forwarding isElementDisplayed on session ebf5bc0b43e1892a4cd7f8272da29841 to remote] DEBUG org.apache.http.impl.conn.PoolingHttpClientConnectionManager - Connection leased: [id: 0][route: {}->http://localhost:26602][total kept alive: 0; route allocated: 1 of 2000; total allocated: 1 of 2000]
2019-03-15 07:36:07,432 [Forwarding isElementDisplayed on session ebf5bc0b43e1892a4cd7f8272da29841 to remote] DEBUG org.apache.http.impl.execchain.MainClientExec - Stale connection check
2019-03-15 07:36:07,435 [Forwarding isElementDisplayed on session ebf5bc0b43e1892a4cd7f8272da29841 to remote] DEBUG org.apache.http.wire - http-outgoing-0 << "[read] I/O error: Read timed out"
2019-03-15 07:36:07,435 [Forwarding isElementDisplayed on session ebf5bc0b43e1892a4cd7f8272da29841 to remote] DEBUG org.apache.http.impl.conn.DefaultManagedHttpClientConnection - http-outgoing-0: set socket timeout to 10800000
2019-03-15 07:36:07,435 [Forwarding isElementDisplayed on session ebf5bc0b43e1892a4cd7f8272da29841 to remote] DEBUG org.apache.http.impl.execchain.MainClientExec - Executing request GET /session/ebf5bc0b43e1892a4cd7f8272da29841/element/0.5793661813061162-1/displayed HTTP/1.1
2019-03-15 07:36:07,435 [Forwarding isElementDisplayed on session ebf5bc0b43e1892a4cd7f8272da29841 to remote] DEBUG org.apache.http.impl.execchain.MainClientExec - Target auth state: UNCHALLENGED
2019-03-15 07:36:07,435 [Forwarding isElementDisplayed on session ebf5bc0b43e1892a4cd7f8272da29841 to remote] DEBUG org.apache.http.impl.execchain.MainClientExec - Proxy auth state: UNCHALLENGED
2019-03-15 07:36:07,436 [Forwarding isElementDisplayed on session ebf5bc0b43e1892a4cd7f8272da29841 to remote] DEBUG org.apache.http.headers - http-outgoing-0 >> GET /session/ebf5bc0b43e1892a4cd7f8272da29841/element/0.5793661813061162-1/displayed HTTP/1.1
2019-03-15 07:36:07,436 [Forwarding isElementDisplayed on session ebf5bc0b43e1892a4cd7f8272da29841 to remote] DEBUG org.apache.http.headers - http-outgoing-0 >> Cache-Control: no-cache
2019-03-15 07:36:07,436 [Forwarding isElementDisplayed on session ebf5bc0b43e1892a4cd7f8272da29841 to remote] DEBUG org.apache.http.headers - http-outgoing-0 >> Host: localhost:26602
2019-03-15 07:36:07,436 [Forwarding isElementDisplayed on session ebf5bc0b43e1892a4cd7f8272da29841 to remote] DEBUG org.apache.http.headers - http-outgoing-0 >> Connection: Keep-Alive
2019-03-15 07:36:07,436 [Forwarding isElementDisplayed on session ebf5bc0b43e1892a4cd7f8272da29841 to remote] DEBUG org.apache.http.headers - http-outgoing-0 >> User-Agent: Apache-HttpClient/4.5.3 (Java/1.8.0_191)
2019-03-15 07:36:07,436 [Forwarding isElementDisplayed on session ebf5bc0b43e1892a4cd7f8272da29841 to remote] DEBUG org.apache.http.headers - http-outgoing-0 >> Accept-Encoding: gzip,deflate
2019-03-15 07:36:07,436 [Forwarding isElementDisplayed on session ebf5bc0b43e1892a4cd7f8272da29841 to remote] DEBUG org.apache.http.wire - http-outgoing-0 >> "GET /session/ebf5bc0b43e1892a4cd7f8272da29841/element/0.5793661813061162-1/displayed HTTP/1.1[\r][\n]"
2019-03-15 07:36:07,436 [Forwarding isElementDisplayed on session ebf5bc0b43e1892a4cd7f8272da29841 to remote] DEBUG org.apache.http.wire - http-outgoing-0 >> "Cache-Control: no-cache[\r][\n]"
2019-03-15 07:36:07,436 [Forwarding isElementDisplayed on session ebf5bc0b43e1892a4cd7f8272da29841 to remote] DEBUG org.apache.http.wire - http-outgoing-0 >> "Host: localhost:26602[\r][\n]"
2019-03-15 07:36:07,436 [Forwarding isElementDisplayed on session ebf5bc0b43e1892a4cd7f8272da29841 to remote] DEBUG org.apache.http.wire - http-outgoing-0 >> "Connection: Keep-Alive[\r][\n]"
2019-03-15 07:36:07,436 [Forwarding isElementDisplayed on session ebf5bc0b43e1892a4cd7f8272da29841 to remote] DEBUG org.apache.http.wire - http-outgoing-0 >> "User-Agent: Apache-HttpClient/4.5.3 (Java/1.8.0_191)[\r][\n]"
2019-03-15 07:36:07,436 [Forwarding isElementDisplayed on session ebf5bc0b43e1892a4cd7f8272da29841 to remote] DEBUG org.apache.http.wire - http-outgoing-0 >> "Accept-Encoding: gzip,deflate[\r][\n]"
2019-03-15 07:36:07,436 [Forwarding isElementDisplayed on session ebf5bc0b43e1892a4cd7f8272da29841 to remote] DEBUG org.apache.http.wire - http-outgoing-0 >> "[\r][\n]"
2019-03-15 07:36:07,638 [Forwarding isElementDisplayed on session ebf5bc0b43e1892a4cd7f8272da29841 to remote] DEBUG org.apache.http.wire - http-outgoing-0 << "HTTP/1.1 200 OK[\r][\n]"
2019-03-15 07:36:07,639 [Forwarding isElementDisplayed on session ebf5bc0b43e1892a4cd7f8272da29841 to remote] DEBUG org.apache.http.wire - http-outgoing-0 << "Content-Length:73[\r][\n]"
2019-03-15 07:36:07,639 [Forwarding isElementDisplayed on session ebf5bc0b43e1892a4cd7f8272da29841 to remote] DEBUG org.apache.http.wire - http-outgoing-0 << "Content-Type:application/json; charset=utf-8[\r][\n]"
2019-03-15 07:36:07,639 [Forwarding isElementDisplayed on session ebf5bc0b43e1892a4cd7f8272da29841 to remote] DEBUG org.apache.http.wire - http-outgoing-0 << "[\r][\n]"
2019-03-15 07:36:07,639 [Forwarding isElementDisplayed on session ebf5bc0b43e1892a4cd7f8272da29841 to remote] DEBUG org.apache.http.wire - http-outgoing-0 << "{"sessionId":"ebf5bc0b43e1892a4cd7f8272da29841","status":0,"value":false}"
2019-03-15 07:36:07,641 [Forwarding isElementDisplayed on session ebf5bc0b43e1892a4cd7f8272da29841 to remote] DEBUG org.apache.http.headers - http-outgoing-0 << HTTP/1.1 200 OK
2019-03-15 07:36:07,641 [Forwarding isElementDisplayed on session ebf5bc0b43e1892a4cd7f8272da29841 to remote] DEBUG org.apache.http.headers - http-outgoing-0 << Content-Length:73
2019-03-15 07:36:07,641 [Forwarding isElementDisplayed on session ebf5bc0b43e1892a4cd7f8272da29841 to remote] DEBUG org.apache.http.headers - http-outgoing-0 << Content-Type:application/json; charset=utf-8
2019-03-15 07:36:07,641 [Forwarding isElementDisplayed on session ebf5bc0b43e1892a4cd7f8272da29841 to remote] DEBUG org.apache.http.impl.execchain.MainClientExec - Connection can be kept alive indefinitely
2019-03-15 07:36:07,642 [Forwarding isElementDisplayed on session ebf5bc0b43e1892a4cd7f8272da29841 to remote] DEBUG org.apache.http.impl.conn.PoolingHttpClientConnectionManager - Connection [id: 0][route: {}->http://localhost:26602] can be kept alive indefinitely
2019-03-15 07:36:07,642 [Forwarding isElementDisplayed on session ebf5bc0b43e1892a4cd7f8272da29841 to remote] DEBUG org.apache.http.impl.conn.PoolingHttpClientConnectionManager - Connection released: [id: 0][route: {}->http://localhost:26602][total kept alive: 1; route allocated: 1 of 2000; total allocated: 1 of 2000]
2019-03-15 07:36:08,149 [Forwarding findElement on session ebf5bc0b43e1892a4cd7f8272da29841 to remote] DEBUG org.apache.http.client.protocol.RequestAddCookies - CookieSpec selected: default
2019-03-15 07:36:08,149 [Forwarding findElement on session ebf5bc0b43e1892a4cd7f8272da29841 to remote] DEBUG org.apache.http.client.protocol.RequestAuthCache - Auth cache not set in the context
2019-03-15 07:36:08,149 [Forwarding findElement on session ebf5bc0b43e1892a4cd7f8272da29841 to remote] DEBUG org.apache.http.impl.conn.PoolingHttpClientConnectionManager - Connection request: [route: {}->http://localhost:26602][total kept alive: 1; route allocated: 1 of 2000; total allocated: 1 of 2000]
2019-03-15 07:36:08,149 [Forwarding findElement on session ebf5bc0b43e1892a4cd7f8272da29841 to remote] DEBUG org.apache.http.impl.conn.PoolingHttpClientConnectionManager - Connection leased: [id: 0][route: {}->http://localhost:26602][total kept alive: 0; route allocated: 1 of 2000; total allocated: 1 of 2000]
2019-03-15 07:36:08,150 [Forwarding findElement on session ebf5bc0b43e1892a4cd7f8272da29841 to remote] DEBUG org.apache.http.impl.execchain.MainClientExec - Stale connection check
2019-03-15 07:36:08,155 [Forwarding findElement on session ebf5bc0b43e1892a4cd7f8272da29841 to remote] DEBUG org.apache.http.wire - http-outgoing-0 << "[read] I/O error: Read timed out"
2019-03-15 07:36:08,155 [Forwarding findElement on session ebf5bc0b43e1892a4cd7f8272da29841 to remote] DEBUG org.apache.http.impl.conn.DefaultManagedHttpClientConnection - http-outgoing-0: set socket timeout to 10800000
2019-03-15 07:36:08,155 [Forwarding findElement on session ebf5bc0b43e1892a4cd7f8272da29841 to remote] DEBUG org.apache.http.impl.execchain.MainClientExec - Executing request POST /session/ebf5bc0b43e1892a4cd7f8272da29841/element HTTP/1.1
2019-03-15 07:36:08,155 [Forwarding findElement on session ebf5bc0b43e1892a4cd7f8272da29841 to remote] DEBUG org.apache.http.impl.execchain.MainClientExec - Target auth state: UNCHALLENGED
2019-03-15 07:36:08,155 [Forwarding findElement on session ebf5bc0b43e1892a4cd7f8272da29841 to remote] DEBUG org.apache.http.impl.execchain.MainClientExec - Proxy auth state: UNCHALLENGED
2019-03-15 07:36:08,155 [Forwarding findElement on session ebf5bc0b43e1892a4cd7f8272da29841 to remote] DEBUG org.apache.http.headers - http-outgoing-0 >> POST /session/ebf5bc0b43e1892a4cd7f8272da29841/element HTTP/1.1
2019-03-15 07:36:08,155 [Forwarding findElement on session ebf5bc0b43e1892a4cd7f8272da29841 to remote] DEBUG org.apache.http.headers - http-outgoing-0 >> Content-Type: application/json; charset=utf-8
2019-03-15 07:36:08,155 [Forwarding findElement on session ebf5bc0b43e1892a4cd7f8272da29841 to remote] DEBUG org.apache.http.headers - http-outgoing-0 >> Content-Length: 49
2019-03-15 07:36:08,155 [Forwarding findElement on session ebf5bc0b43e1892a4cd7f8272da29841 to remote] DEBUG org.apache.http.headers - http-outgoing-0 >> Host: localhost:26602
2019-03-15 07:36:08,155 [Forwarding findElement on session ebf5bc0b43e1892a4cd7f8272da29841 to remote] DEBUG org.apache.http.headers - http-outgoing-0 >> Connection: Keep-Alive
2019-03-15 07:36:08,155 [Forwarding findElement on session ebf5bc0b43e1892a4cd7f8272da29841 to remote] DEBUG org.apache.http.headers - http-outgoing-0 >> User-Agent: Apache-HttpClient/4.5.3 (Java/1.8.0_191)
2019-03-15 07:36:08,155 [Forwarding findElement on session ebf5bc0b43e1892a4cd7f8272da29841 to remote] DEBUG org.apache.http.headers - http-outgoing-0 >> Accept-Encoding: gzip,deflate
2019-03-15 07:36:08,155 [Forwarding findElement on session ebf5bc0b43e1892a4cd7f8272da29841 to remote] DEBUG org.apache.http.wire - http-outgoing-0 >> "POST /session/ebf5bc0b43e1892a4cd7f8272da29841/element HTTP/1.1[\r][\n]"
2019-03-15 07:36:08,155 [Forwarding findElement on session ebf5bc0b43e1892a4cd7f8272da29841 to remote] DEBUG org.apache.http.wire - http-outgoing-0 >> "Content-Type: application/json; charset=utf-8[\r][\n]"
2019-03-15 07:36:08,155 [Forwarding findElement on session ebf5bc0b43e1892a4cd7f8272da29841 to remote] DEBUG org.apache.http.wire - http-outgoing-0 >> "Content-Length: 49[\r][\n]"
2019-03-15 07:36:08,155 [Forwarding findElement on session ebf5bc0b43e1892a4cd7f8272da29841 to remote] DEBUG org.apache.http.wire - http-outgoing-0 >> "Host: localhost:26602[\r][\n]"
2019-03-15 07:36:08,156 [Forwarding findElement on session ebf5bc0b43e1892a4cd7f8272da29841 to remote] DEBUG org.apache.http.wire - http-outgoing-0 >> "Connection: Keep-Alive[\r][\n]"
2019-03-15 07:36:08,156 [Forwarding findElement on session ebf5bc0b43e1892a4cd7f8272da29841 to remote] DEBUG org.apache.http.wire - http-outgoing-0 >> "User-Agent: Apache-HttpClient/4.5.3 (Java/1.8.0_191)[\r][\n]"
2019-03-15 07:36:08,156 [Forwarding findElement on session ebf5bc0b43e1892a4cd7f8272da29841 to remote] DEBUG org.apache.http.wire - http-outgoing-0 >> "Accept-Encoding: gzip,deflate[\r][\n]"
2019-03-15 07:36:08,156 [Forwarding findElement on session ebf5bc0b43e1892a4cd7f8272da29841 to remote] DEBUG org.apache.http.wire - http-outgoing-0 >> "[\r][\n]"
2019-03-15 07:36:08,156 [Forwarding findElement on session ebf5bc0b43e1892a4cd7f8272da29841 to remote] DEBUG org.apache.http.wire - http-outgoing-0 >> "{"using":"xpath","value":"//*[@name='password']"}"
2019-03-15 07:36:08,177 [Forwarding findElement on session ebf5bc0b43e1892a4cd7f8272da29841 to remote] DEBUG org.apache.http.wire - http-outgoing-0 << "HTTP/1.1 200 OK[\r][\n]"
2019-03-15 07:36:08,177 [Forwarding findElement on session ebf5bc0b43e1892a4cd7f8272da29841 to remote] DEBUG org.apache.http.wire - http-outgoing-0 << "Content-Length:102[\r][\n]"
2019-03-15 07:36:08,177 [Forwarding findElement on session ebf5bc0b43e1892a4cd7f8272da29841 to remote] DEBUG org.apache.http.wire - http-outgoing-0 << "Content-Type:application/json; charset=utf-8[\r][\n]"
2019-03-15 07:36:08,177 [Forwarding findElement on session ebf5bc0b43e1892a4cd7f8272da29841 to remote] DEBUG org.apache.http.wire - http-outgoing-0 << "[\r][\n]"
2019-03-15 07:36:08,177 [Forwarding findElement on session ebf5bc0b43e1892a4cd7f8272da29841 to remote] DEBUG org.apache.http.wire - http-outgoing-0 << "{"sessionId":"ebf5bc0b43e1892a4cd7f8272da29841","status":0,"value":{"ELEMENT":"0.5793661813061162-1"}}"
2019-03-15 07:36:08,177 [Forwarding findElement on session ebf5bc0b43e1892a4cd7f8272da29841 to remote] DEBUG org.apache.http.headers - http-outgoing-0 << HTTP/1.1 200 OK
2019-03-15 07:36:08,177 [Forwarding findElement on session ebf5bc0b43e1892a4cd7f8272da29841 to remote] DEBUG org.apache.http.headers - http-outgoing-0 << Content-Length:102
2019-03-15 07:36:08,177 [Forwarding findElement on session ebf5bc0b43e1892a4cd7f8272da29841 to remote] DEBUG org.apache.http.headers - http-outgoing-0 << Content-Type:application/json; charset=utf-8
2019-03-15 07:36:08,177 [Forwarding findElement on session ebf5bc0b43e1892a4cd7f8272da29841 to remote] DEBUG org.apache.http.impl.execchain.MainClientExec - Connection can be kept alive indefinitely
2019-03-15 07:36:08,178 [Forwarding findElement on session ebf5bc0b43e1892a4cd7f8272da29841 to remote] DEBUG org.apache.http.impl.conn.PoolingHttpClientConnectionManager - Connection [id: 0][route: {}->http://localhost:26602] can be kept alive indefinitely
2019-03-15 07:36:08,178 [Forwarding findElement on session ebf5bc0b43e1892a4cd7f8272da29841 to remote] DEBUG org.apache.http.impl.conn.PoolingHttpClientConnectionManager - Connection released: [id: 0][route: {}->http://localhost:26602][total kept alive: 1; route allocated: 1 of 2000; total allocated: 1 of 2000]
2019-03-15 07:36:08,190 [Forwarding isElementDisplayed on session ebf5bc0b43e1892a4cd7f8272da29841 to remote] DEBUG org.apache.http.client.protocol.RequestAddCookies - CookieSpec selected: default
2019-03-15 07:36:08,191 [Forwarding isElementDisplayed on session ebf5bc0b43e1892a4cd7f8272da29841 to remote] DEBUG org.apache.http.client.protocol.RequestAuthCache - Auth cache not set in the context
2019-03-15 07:36:08,191 [Forwarding isElementDisplayed on session ebf5bc0b43e1892a4cd7f8272da29841 to remote] DEBUG org.apache.http.impl.conn.PoolingHttpClientConnectionManager - Connection request: [route: {}->http://localhost:26602][total kept alive: 1; route allocated: 1 of 2000; total allocated: 1 of 2000]
2019-03-15 07:36:08,192 [Forwarding isElementDisplayed on session ebf5bc0b43e1892a4cd7f8272da29841 to remote] DEBUG org.apache.http.impl.conn.PoolingHttpClientConnectionManager - Connection leased: [id: 0][route: {}->http://localhost:26602][total kept alive: 0; route allocated: 1 of 2000; total allocated: 1 of 2000]
2019-03-15 07:36:08,192 [Forwarding isElementDisplayed on session ebf5bc0b43e1892a4cd7f8272da29841 to remote] DEBUG org.apache.http.impl.execchain.MainClientExec - Stale connection check
2019-03-15 07:36:08,193 [Forwarding isElementDisplayed on session ebf5bc0b43e1892a4cd7f8272da29841 to remote] DEBUG org.apache.http.wire - http-outgoing-0 << "[read] I/O error: Read timed out"
2019-03-15 07:36:08,193 [Forwarding isElementDisplayed on session ebf5bc0b43e1892a4cd7f8272da29841 to remote] DEBUG org.apache.http.impl.conn.DefaultManagedHttpClientConnection - http-outgoing-0: set socket timeout to 10800000
2019-03-15 07:36:08,193 [Forwarding isElementDisplayed on session ebf5bc0b43e1892a4cd7f8272da29841 to remote] DEBUG org.apache.http.impl.execchain.MainClientExec - Executing request GET /session/ebf5bc0b43e1892a4cd7f8272da29841/element/0.5793661813061162-1/displayed HTTP/1.1
2019-03-15 07:36:08,193 [Forwarding isElementDisplayed on session ebf5bc0b43e1892a4cd7f8272da29841 to remote] DEBUG org.apache.http.impl.execchain.MainClientExec - Target auth state: UNCHALLENGED
2019-03-15 07:36:08,193 [Forwarding isElementDisplayed on session ebf5bc0b43e1892a4cd7f8272da29841 to remote] DEBUG org.apache.http.impl.execchain.MainClientExec - Proxy auth state: UNCHALLENGED
2019-03-15 07:36:08,193 [Forwarding isElementDisplayed on session ebf5bc0b43e1892a4cd7f8272da29841 to remote] DEBUG org.apache.http.headers - http-outgoing-0 >> GET /session/ebf5bc0b43e1892a4cd7f8272da29841/element/0.5793661813061162-1/displayed HTTP/1.1
2019-03-15 07:36:08,193 [Forwarding isElementDisplayed on session ebf5bc0b43e1892a4cd7f8272da29841 to remote] DEBUG org.apache.http.headers - http-outgoing-0 >> Cache-Control: no-cache
2019-03-15 07:36:08,193 [Forwarding isElementDisplayed on session ebf5bc0b43e1892a4cd7f8272da29841 to remote] DEBUG org.apache.http.headers - http-outgoing-0 >> Host: localhost:26602
2019-03-15 07:36:08,193 [Forwarding isElementDisplayed on session ebf5bc0b43e1892a4cd7f8272da29841 to remote] DEBUG org.apache.http.headers - http-outgoing-0 >> Connection: Keep-Alive
2019-03-15 07:36:08,193 [Forwarding isElementDisplayed on session ebf5bc0b43e1892a4cd7f8272da29841 to remote] DEBUG org.apache.http.headers - http-outgoing-0 >> User-Agent: Apache-HttpClient/4.5.3 (Java/1.8.0_191)
2019-03-15 07:36:08,193 [Forwarding isElementDisplayed on session ebf5bc0b43e1892a4cd7f8272da29841 to remote] DEBUG org.apache.http.headers - http-outgoing-0 >> Accept-Encoding: gzip,deflate
2019-03-15 07:36:08,193 [Forwarding isElementDisplayed on session ebf5bc0b43e1892a4cd7f8272da29841 to remote] DEBUG org.apache.http.wire - http-outgoing-0 >> "GET /session/ebf5bc0b43e1892a4cd7f8272da29841/element/0.5793661813061162-1/displayed HTTP/1.1[\r][\n]"
2019-03-15 07:36:08,193 [Forwarding isElementDisplayed on session ebf5bc0b43e1892a4cd7f8272da29841 to remote] DEBUG org.apache.http.wire - http-outgoing-0 >> "Cache-Control: no-cache[\r][\n]"
2019-03-15 07:36:08,193 [Forwarding isElementDisplayed on session ebf5bc0b43e1892a4cd7f8272da29841 to remote] DEBUG org.apache.http.wire - http-outgoing-0 >> "Host: localhost:26602[\r][\n]"
2019-03-15 07:36:08,194 [Forwarding isElementDisplayed on session ebf5bc0b43e1892a4cd7f8272da29841 to remote] DEBUG org.apache.http.wire - http-outgoing-0 >> "Connection: Keep-Alive[\r][\n]"
2019-03-15 07:36:08,194 [Forwarding isElementDisplayed on session ebf5bc0b43e1892a4cd7f8272da29841 to remote] DEBUG org.apache.http.wire - http-outgoing-0 >> "User-Agent: Apache-HttpClient/4.5.3 (Java/1.8.0_191)[\r][\n]"
2019-03-15 07:36:08,194 [Forwarding isElementDisplayed on session ebf5bc0b43e1892a4cd7f8272da29841 to remote] DEBUG org.apache.http.wire - http-outgoing-0 >> "Accept-Encoding: gzip,deflate[\r][\n]"
2019-03-15 07:36:08,194 [Forwarding isElementDisplayed on session ebf5bc0b43e1892a4cd7f8272da29841 to remote] DEBUG org.apache.http.wire - http-outgoing-0 >> "[\r][\n]"
2019-03-15 07:36:08,237 [Forwarding isElementDisplayed on session ebf5bc0b43e1892a4cd7f8272da29841 to remote] DEBUG org.apache.http.wire - http-outgoing-0 << "HTTP/1.1 200 OK[\r][\n]"
2019-03-15 07:36:08,237 [Forwarding isElementDisplayed on session ebf5bc0b43e1892a4cd7f8272da29841 to remote] DEBUG org.apache.http.wire - http-outgoing-0 << "Content-Length:73[\r][\n]"
2019-03-15 07:36:08,237 [Forwarding isElementDisplayed on session ebf5bc0b43e1892a4cd7f8272da29841 to remote] DEBUG org.apache.http.wire - http-outgoing-0 << "Content-Type:application/json; charset=utf-8[\r][\n]"
2019-03-15 07:36:08,237 [Forwarding isElementDisplayed on session ebf5bc0b43e1892a4cd7f8272da29841 to remote] DEBUG org.apache.http.wire - http-outgoing-0 << "[\r][\n]"
2019-03-15 07:36:08,237 [Forwarding isElementDisplayed on session ebf5bc0b43e1892a4cd7f8272da29841 to remote] DEBUG org.apache.http.wire - http-outgoing-0 << "{"sessionId":"ebf5bc0b43e1892a4cd7f8272da29841","status":0,"value":false}"
2019-03-15 07:36:08,237 [Forwarding isElementDisplayed on session ebf5bc0b43e1892a4cd7f8272da29841 to remote] DEBUG org.apache.http.headers - http-outgoing-0 << HTTP/1.1 200 OK
2019-03-15 07:36:08,237 [Forwarding isElementDisplayed on session ebf5bc0b43e1892a4cd7f8272da29841 to remote] DEBUG org.apache.http.headers - http-outgoing-0 << Content-Length:73
2019-03-15 07:36:08,237 [Forwarding isElementDisplayed on session ebf5bc0b43e1892a4cd7f8272da29841 to remote] DEBUG org.apache.http.headers - http-outgoing-0 << Content-Type:application/json; charset=utf-8
2019-03-15 07:36:08,237 [Forwarding isElementDisplayed on session ebf5bc0b43e1892a4cd7f8272da29841 to remote] DEBUG org.apache.http.impl.execchain.MainClientExec - Connection can be kept alive indefinitely
2019-03-15 07:36:08,238 [Forwarding isElementDisplayed on session ebf5bc0b43e1892a4cd7f8272da29841 to remote] DEBUG org.apache.http.impl.conn.PoolingHttpClientConnectionManager - Connection [id: 0][route: {}->http://localhost:26602] can be kept alive indefinitely
2019-03-15 07:36:08,238 [Forwarding isElementDisplayed on session ebf5bc0b43e1892a4cd7f8272da29841 to remote] DEBUG org.apache.http.impl.conn.PoolingHttpClientConnectionManager - Connection released: [id: 0][route: {}->http://localhost:26602][total kept alive: 1; route allocated: 1 of 2000; total allocated: 1 of 2000]
2019-03-15 07:36:08,741 [Forwarding findElement on session ebf5bc0b43e1892a4cd7f8272da29841 to remote] DEBUG org.apache.http.client.protocol.RequestAddCookies - CookieSpec selected: default
2019-03-15 07:36:08,741 [Forwarding findElement on session ebf5bc0b43e1892a4cd7f8272da29841 to remote] DEBUG org.apache.http.client.protocol.RequestAuthCache - Auth cache not set in the context
2019-03-15 07:36:08,741 [Forwarding findElement on session ebf5bc0b43e1892a4cd7f8272da29841 to remote] DEBUG org.apache.http.impl.conn.PoolingHttpClientConnectionManager - Connection request: [route: {}->http://localhost:26602][total kept alive: 1; route allocated: 1 of 2000; total allocated: 1 of 2000]
2019-03-15 07:36:08,741 [Forwarding findElement on session ebf5bc0b43e1892a4cd7f8272da29841 to remote] DEBUG org.apache.http.impl.conn.PoolingHttpClientConnectionManager - Connection leased: [id: 0][route: {}->http://localhost:26602][total kept alive: 0; route allocated: 1 of 2000; total allocated: 1 of 2000]
2019-03-15 07:36:08,741 [Forwarding findElement on session ebf5bc0b43e1892a4cd7f8272da29841 to remote] DEBUG org.apache.http.impl.execchain.MainClientExec - Stale connection check
2019-03-15 07:36:08,742 [Forwarding findElement on session ebf5bc0b43e1892a4cd7f8272da29841 to remote] DEBUG org.apache.http.wire - http-outgoing-0 << "[read] I/O error: Read timed out"
2019-03-15 07:36:08,742 [Forwarding findElement on session ebf5bc0b43e1892a4cd7f8272da29841 to remote] DEBUG org.apache.http.impl.conn.DefaultManagedHttpClientConnection - http-outgoing-0: set socket timeout to 10800000
2019-03-15 07:36:08,742 [Forwarding findElement on session ebf5bc0b43e1892a4cd7f8272da29841 to remote] DEBUG org.apache.http.impl.execchain.MainClientExec - Executing request POST /session/ebf5bc0b43e1892a4cd7f8272da29841/element HTTP/1.1
2019-03-15 07:36:08,742 [Forwarding findElement on session ebf5bc0b43e1892a4cd7f8272da29841 to remote] DEBUG org.apache.http.impl.execchain.MainClientExec - Target auth state: UNCHALLENGED
2019-03-15 07:36:08,742 [Forwarding findElement on session ebf5bc0b43e1892a4cd7f8272da29841 to remote] DEBUG org.apache.http.impl.execchain.MainClientExec - Proxy auth state: UNCHALLENGED
2019-03-15 07:36:08,742 [Forwarding findElement on session ebf5bc0b43e1892a4cd7f8272da29841 to remote] DEBUG org.apache.http.headers - http-outgoing-0 >> POST /session/ebf5bc0b43e1892a4cd7f8272da29841/element HTTP/1.1
2019-03-15 07:36:08,742 [Forwarding findElement on session ebf5bc0b43e1892a4cd7f8272da29841 to remote] DEBUG org.apache.http.headers - http-outgoing-0 >> Content-Type: application/json; charset=utf-8
2019-03-15 07:36:08,742 [Forwarding findElement on session ebf5bc0b43e1892a4cd7f8272da29841 to remote] DEBUG org.apache.http.headers - http-outgoing-0 >> Content-Length: 49
2019-03-15 07:36:08,742 [Forwarding findElement on session ebf5bc0b43e1892a4cd7f8272da29841 to remote] DEBUG org.apache.http.headers - http-outgoing-0 >> Host: localhost:26602
2019-03-15 07:36:08,742 [Forwarding findElement on session ebf5bc0b43e1892a4cd7f8272da29841 to remote] DEBUG org.apache.http.headers - http-outgoing-0 >> Connection: Keep-Alive
2019-03-15 07:36:08,742 [Forwarding findElement on session ebf5bc0b43e1892a4cd7f8272da29841 to remote] DEBUG org.apache.http.headers - http-outgoing-0 >> User-Agent: Apache-HttpClient/4.5.3 (Java/1.8.0_191)
2019-03-15 07:36:08,742 [Forwarding findElement on session ebf5bc0b43e1892a4cd7f8272da29841 to remote] DEBUG org.apache.http.headers - http-outgoing-0 >> Accept-Encoding: gzip,deflate
2019-03-15 07:36:08,742 [Forwarding findElement on session ebf5bc0b43e1892a4cd7f8272da29841 to remote] DEBUG org.apache.http.wire - http-outgoing-0 >> "POST /session/ebf5bc0b43e1892a4cd7f8272da29841/element HTTP/1.1[\r][\n]"
2019-03-15 07:36:08,742 [Forwarding findElement on session ebf5bc0b43e1892a4cd7f8272da29841 to remote] DEBUG org.apache.http.wire - http-outgoing-0 >> "Content-Type: application/json; charset=utf-8[\r][\n]"
2019-03-15 07:36:08,742 [Forwarding findElement on session ebf5bc0b43e1892a4cd7f8272da29841 to remote] DEBUG org.apache.http.wire - http-outgoing-0 >> "Content-Length: 49[\r][\n]"
2019-03-15 07:36:08,742 [Forwarding findElement on session ebf5bc0b43e1892a4cd7f8272da29841 to remote] DEBUG org.apache.http.wire - http-outgoing-0 >> "Host: localhost:26602[\r][\n]"
2019-03-15 07:36:08,742 [Forwarding findElement on session ebf5bc0b43e1892a4cd7f8272da29841 to remote] DEBUG org.apache.http.wire - http-outgoing-0 >> "Connection: Keep-Alive[\r][\n]"
2019-03-15 07:36:08,743 [Forwarding findElement on session ebf5bc0b43e1892a4cd7f8272da29841 to remote] DEBUG org.apache.http.wire - http-outgoing-0 >> "User-Agent: Apache-HttpClient/4.5.3 (Java/1.8.0_191)[\r][\n]"
2019-03-15 07:36:08,743 [Forwarding findElement on session ebf5bc0b43e1892a4cd7f8272da29841 to remote] DEBUG org.apache.http.wire - http-outgoing-0 >> "Accept-Encoding: gzip,deflate[\r][\n]"
2019-03-15 07:36:08,743 [Forwarding findElement on session ebf5bc0b43e1892a4cd7f8272da29841 to remote] DEBUG org.apache.http.wire - http-outgoing-0 >> "[\r][\n]"
2019-03-15 07:36:08,743 [Forwarding findElement on session ebf5bc0b43e1892a4cd7f8272da29841 to remote] DEBUG org.apache.http.wire - http-outgoing-0 >> "{"using":"xpath","value":"//*[@name='password']"}"
2019-03-15 07:36:08,771 [Forwarding findElement on session ebf5bc0b43e1892a4cd7f8272da29841 to remote] DEBUG org.apache.http.wire - http-outgoing-0 << "HTTP/1.1 200 OK[\r][\n]"
2019-03-15 07:36:08,771 [Forwarding findElement on session ebf5bc0b43e1892a4cd7f8272da29841 to remote] DEBUG org.apache.http.wire - http-outgoing-0 << "Content-Length:102[\r][\n]"
2019-03-15 07:36:08,771 [Forwarding findElement on session ebf5bc0b43e1892a4cd7f8272da29841 to remote] DEBUG org.apache.http.wire - http-outgoing-0 << "Content-Type:application/json; charset=utf-8[\r][\n]"
2019-03-15 07:36:08,771 [Forwarding findElement on session ebf5bc0b43e1892a4cd7f8272da29841 to remote] DEBUG org.apache.http.wire - http-outgoing-0 << "[\r][\n]"
2019-03-15 07:36:08,771 [Forwarding findElement on session ebf5bc0b43e1892a4cd7f8272da29841 to remote] DEBUG org.apache.http.wire - http-outgoing-0 << "{"sessionId":"ebf5bc0b43e1892a4cd7f8272da29841","status":0,"value":{"ELEMENT":"0.5793661813061162-1"}}"
2019-03-15 07:36:08,771 [Forwarding findElement on session ebf5bc0b43e1892a4cd7f8272da29841 to remote] DEBUG org.apache.http.headers - http-outgoing-0 << HTTP/1.1 200 OK
2019-03-15 07:36:08,771 [Forwarding findElement on session ebf5bc0b43e1892a4cd7f8272da29841 to remote] DEBUG org.apache.http.headers - http-outgoing-0 << Content-Length:102
2019-03-15 07:36:08,771 [Forwarding findElement on session ebf5bc0b43e1892a4cd7f8272da29841 to remote] DEBUG org.apache.http.headers - http-outgoing-0 << Content-Type:application/json; charset=utf-8
2019-03-15 07:36:08,772 [Forwarding findElement on session ebf5bc0b43e1892a4cd7f8272da29841 to remote] DEBUG org.apache.http.impl.execchain.MainClientExec - Connection can be kept alive indefinitely
2019-03-15 07:36:08,772 [Forwarding findElement on session ebf5bc0b43e1892a4cd7f8272da29841 to remote] DEBUG org.apache.http.impl.conn.PoolingHttpClientConnectionManager - Connection [id: 0][route: {}->http://localhost:26602] can be kept alive indefinitely
2019-03-15 07:36:08,772 [Forwarding findElement on session ebf5bc0b43e1892a4cd7f8272da29841 to remote] DEBUG org.apache.http.impl.conn.PoolingHttpClientConnectionManager - Connection released: [id: 0][route: {}->http://localhost:26602][total kept alive: 1; route allocated: 1 of 2000; total allocated: 1 of 2000]
2019-03-15 07:36:08,780 [Forwarding isElementDisplayed on session ebf5bc0b43e1892a4cd7f8272da29841 to remote] DEBUG org.apache.http.client.protocol.RequestAddCookies - CookieSpec selected: default
2019-03-15 07:36:08,780 [Forwarding isElementDisplayed on session ebf5bc0b43e1892a4cd7f8272da29841 to remote] DEBUG org.apache.http.client.protocol.RequestAuthCache - Auth cache not set in the context
2019-03-15 07:36:08,781 [Forwarding isElementDisplayed on session ebf5bc0b43e1892a4cd7f8272da29841 to remote] DEBUG org.apache.http.impl.conn.PoolingHttpClientConnectionManager - Connection request: [route: {}->http://localhost:26602][total kept alive: 1; route allocated: 1 of 2000; total allocated: 1 of 2000]
2019-03-15 07:36:08,781 [Forwarding isElementDisplayed on session ebf5bc0b43e1892a4cd7f8272da29841 to remote] DEBUG org.apache.http.impl.conn.PoolingHttpClientConnectionManager - Connection leased: [id: 0][route: {}->http://localhost:26602][total kept alive: 0; route allocated: 1 of 2000; total allocated: 1 of 2000]
2019-03-15 07:36:08,781 [Forwarding isElementDisplayed on session ebf5bc0b43e1892a4cd7f8272da29841 to remote] DEBUG org.apache.http.impl.execchain.MainClientExec - Stale connection check
2019-03-15 07:36:08,783 [Forwarding isElementDisplayed on session ebf5bc0b43e1892a4cd7f8272da29841 to remote] DEBUG org.apache.http.wire - http-outgoing-0 << "[read] I/O error: Read timed out"
2019-03-15 07:36:08,783 [Forwarding isElementDisplayed on session ebf5bc0b43e1892a4cd7f8272da29841 to remote] DEBUG org.apache.http.impl.conn.DefaultManagedHttpClientConnection - http-outgoing-0: set socket timeout to 10800000
2019-03-15 07:36:08,784 [Forwarding isElementDisplayed on session ebf5bc0b43e1892a4cd7f8272da29841 to remote] DEBUG org.apache.http.impl.execchain.MainClientExec - Executing request GET /session/ebf5bc0b43e1892a4cd7f8272da29841/element/0.5793661813061162-1/displayed HTTP/1.1
2019-03-15 07:36:08,784 [Forwarding isElementDisplayed on session ebf5bc0b43e1892a4cd7f8272da29841 to remote] DEBUG org.apache.http.impl.execchain.MainClientExec - Target auth state: UNCHALLENGED
2019-03-15 07:36:08,784 [Forwarding isElementDisplayed on session ebf5bc0b43e1892a4cd7f8272da29841 to remote] DEBUG org.apache.http.impl.execchain.MainClientExec - Proxy auth state: UNCHALLENGED
2019-03-15 07:36:08,785 [Forwarding isElementDisplayed on session ebf5bc0b43e1892a4cd7f8272da29841 to remote] DEBUG org.apache.http.headers - http-outgoing-0 >> GET /session/ebf5bc0b43e1892a4cd7f8272da29841/element/0.5793661813061162-1/displayed HTTP/1.1
2019-03-15 07:36:08,785 [Forwarding isElementDisplayed on session ebf5bc0b43e1892a4cd7f8272da29841 to remote] DEBUG org.apache.http.headers - http-outgoing-0 >> Cache-Control: no-cache
2019-03-15 07:36:08,786 [Forwarding isElementDisplayed on session ebf5bc0b43e1892a4cd7f8272da29841 to remote] DEBUG org.apache.http.headers - http-outgoing-0 >> Host: localhost:26602
2019-03-15 07:36:08,786 [Forwarding isElementDisplayed on session ebf5bc0b43e1892a4cd7f8272da29841 to remote] DEBUG org.apache.http.headers - http-outgoing-0 >> Connection: Keep-Alive
2019-03-15 07:36:08,786 [Forwarding isElementDisplayed on session ebf5bc0b43e1892a4cd7f8272da29841 to remote] DEBUG org.apache.http.headers - http-outgoing-0 >> User-Agent: Apache-HttpClient/4.5.3 (Java/1.8.0_191)
2019-03-15 07:36:08,786 [Forwarding isElementDisplayed on session ebf5bc0b43e1892a4cd7f8272da29841 to remote] DEBUG org.apache.http.headers - http-outgoing-0 >> Accept-Encoding: gzip,deflate
2019-03-15 07:36:08,786 [Forwarding isElementDisplayed on session ebf5bc0b43e1892a4cd7f8272da29841 to remote] DEBUG org.apache.http.wire - http-outgoing-0 >> "GET /session/ebf5bc0b43e1892a4cd7f8272da29841/element/0.5793661813061162-1/displayed HTTP/1.1[\r][\n]"
2019-03-15 07:36:08,786 [Forwarding isElementDisplayed on session ebf5bc0b43e1892a4cd7f8272da29841 to remote] DEBUG org.apache.http.wire - http-outgoing-0 >> "Cache-Control: no-cache[\r][\n]"
2019-03-15 07:36:08,787 [Forwarding isElementDisplayed on session ebf5bc0b43e1892a4cd7f8272da29841 to remote] DEBUG org.apache.http.wire - http-outgoing-0 >> "Host: localhost:26602[\r][\n]"
2019-03-15 07:36:08,787 [Forwarding isElementDisplayed on session ebf5bc0b43e1892a4cd7f8272da29841 to remote] DEBUG org.apache.http.wire - http-outgoing-0 >> "Connection: Keep-Alive[\r][\n]"
2019-03-15 07:36:08,787 [Forwarding isElementDisplayed on session ebf5bc0b43e1892a4cd7f8272da29841 to remote] DEBUG org.apache.http.wire - http-outgoing-0 >> "User-Agent: Apache-HttpClient/4.5.3 (Java/1.8.0_191)[\r][\n]"
2019-03-15 07:36:08,787 [Forwarding isElementDisplayed on session ebf5bc0b43e1892a4cd7f8272da29841 to remote] DEBUG org.apache.http.wire - http-outgoing-0 >> "Accept-Encoding: gzip,deflate[\r][\n]"
2019-03-15 07:36:08,787 [Forwarding isElementDisplayed on session ebf5bc0b43e1892a4cd7f8272da29841 to remote] DEBUG org.apache.http.wire - http-outgoing-0 >> "[\r][\n]"
2019-03-15 07:36:08,829 [Forwarding isElementDisplayed on session ebf5bc0b43e1892a4cd7f8272da29841 to remote] DEBUG org.apache.http.wire - http-outgoing-0 << "HTTP/1.1 200 OK[\r][\n]"
2019-03-15 07:36:08,829 [Forwarding isElementDisplayed on session ebf5bc0b43e1892a4cd7f8272da29841 to remote] DEBUG org.apache.http.wire - http-outgoing-0 << "Content-Length:73[\r][\n]"
2019-03-15 07:36:08,829 [Forwarding isElementDisplayed on session ebf5bc0b43e1892a4cd7f8272da29841 to remote] DEBUG org.apache.http.wire - http-outgoing-0 << "Content-Type:application/json; charset=utf-8[\r][\n]"
2019-03-15 07:36:08,829 [Forwarding isElementDisplayed on session ebf5bc0b43e1892a4cd7f8272da29841 to remote] DEBUG org.apache.http.wire - http-outgoing-0 << "[\r][\n]"
2019-03-15 07:36:08,829 [Forwarding isElementDisplayed on session ebf5bc0b43e1892a4cd7f8272da29841 to remote] DEBUG org.apache.http.wire - http-outgoing-0 << "{"sessionId":"ebf5bc0b43e1892a4cd7f8272da29841","status":0,"value":false}"
2019-03-15 07:36:08,829 [Forwarding isElementDisplayed on session ebf5bc0b43e1892a4cd7f8272da29841 to remote] DEBUG org.apache.http.headers - http-outgoing-0 << HTTP/1.1 200 OK
2019-03-15 07:36:08,829 [Forwarding isElementDisplayed on session ebf5bc0b43e1892a4cd7f8272da29841 to remote] DEBUG org.apache.http.headers - http-outgoing-0 << Content-Length:73
2019-03-15 07:36:08,830 [Forwarding isElementDisplayed on session ebf5bc0b43e1892a4cd7f8272da29841 to remote] DEBUG org.apache.http.headers - http-outgoing-0 << Content-Type:application/json; charset=utf-8
2019-03-15 07:36:08,830 [Forwarding isElementDisplayed on session ebf5bc0b43e1892a4cd7f8272da29841 to remote] DEBUG org.apache.http.impl.execchain.MainClientExec - Connection can be kept alive indefinitely
2019-03-15 07:36:08,830 [Forwarding isElementDisplayed on session ebf5bc0b43e1892a4cd7f8272da29841 to remote] DEBUG org.apache.http.impl.conn.PoolingHttpClientConnectionManager - Connection [id: 0][route: {}->http://localhost:26602] can be kept alive indefinitely
2019-03-15 07:36:08,831 [Forwarding isElementDisplayed on session ebf5bc0b43e1892a4cd7f8272da29841 to remote] DEBUG org.apache.http.impl.conn.PoolingHttpClientConnectionManager - Connection released: [id: 0][route: {}->http://localhost:26602][total kept alive: 1; route allocated: 1 of 2000; total allocated: 1 of 2000]
2019-03-15 07:36:09,347 [Forwarding findElement on session ebf5bc0b43e1892a4cd7f8272da29841 to remote] DEBUG org.apache.http.client.protocol.RequestAddCookies - CookieSpec selected: default
2019-03-15 07:36:09,347 [Forwarding findElement on session ebf5bc0b43e1892a4cd7f8272da29841 to remote] DEBUG org.apache.http.client.protocol.RequestAuthCache - Auth cache not set in the context
2019-03-15 07:36:09,347 [Forwarding findElement on session ebf5bc0b43e1892a4cd7f8272da29841 to remote] DEBUG org.apache.http.impl.conn.PoolingHttpClientConnectionManager - Connection request: [route: {}->http://localhost:26602][total kept alive: 1; route allocated: 1 of 2000; total allocated: 1 of 2000]
2019-03-15 07:36:09,347 [Forwarding findElement on session ebf5bc0b43e1892a4cd7f8272da29841 to remote] DEBUG org.apache.http.impl.conn.PoolingHttpClientConnectionManager - Connection leased: [id: 0][route: {}->http://localhost:26602][total kept alive: 0; route allocated: 1 of 2000; total allocated: 1 of 2000]
2019-03-15 07:36:09,347 [Forwarding findElement on session ebf5bc0b43e1892a4cd7f8272da29841 to remote] DEBUG org.apache.http.impl.execchain.MainClientExec - Stale connection check
2019-03-15 07:36:09,348 [Forwarding findElement on session ebf5bc0b43e1892a4cd7f8272da29841 to remote] DEBUG org.apache.http.wire - http-outgoing-0 << "[read] I/O error: Read timed out"
2019-03-15 07:36:09,348 [Forwarding findElement on session ebf5bc0b43e1892a4cd7f8272da29841 to remote] DEBUG org.apache.http.impl.conn.DefaultManagedHttpClientConnection - http-outgoing-0: set socket timeout to 10800000
2019-03-15 07:36:09,348 [Forwarding findElement on session ebf5bc0b43e1892a4cd7f8272da29841 to remote] DEBUG org.apache.http.impl.execchain.MainClientExec - Executing request POST /session/ebf5bc0b43e1892a4cd7f8272da29841/element HTTP/1.1
2019-03-15 07:36:09,348 [Forwarding findElement on session ebf5bc0b43e1892a4cd7f8272da29841 to remote] DEBUG org.apache.http.impl.execchain.MainClientExec - Target auth state: UNCHALLENGED
2019-03-15 07:36:09,348 [Forwarding findElement on session ebf5bc0b43e1892a4cd7f8272da29841 to remote] DEBUG org.apache.http.impl.execchain.MainClientExec - Proxy auth state: UNCHALLENGED
2019-03-15 07:36:09,348 [Forwarding findElement on session ebf5bc0b43e1892a4cd7f8272da29841 to remote] DEBUG org.apache.http.headers - http-outgoing-0 >> POST /session/ebf5bc0b43e1892a4cd7f8272da29841/element HTTP/1.1
2019-03-15 07:36:09,348 [Forwarding findElement on session ebf5bc0b43e1892a4cd7f8272da29841 to remote] DEBUG org.apache.http.headers - http-outgoing-0 >> Content-Type: application/json; charset=utf-8
2019-03-15 07:36:09,348 [Forwarding findElement on session ebf5bc0b43e1892a4cd7f8272da29841 to remote] DEBUG org.apache.http.headers - http-outgoing-0 >> Content-Length: 49
2019-03-15 07:36:09,348 [Forwarding findElement on session ebf5bc0b43e1892a4cd7f8272da29841 to remote] DEBUG org.apache.http.headers - http-outgoing-0 >> Host: localhost:26602
2019-03-15 07:36:09,348 [Forwarding findElement on session ebf5bc0b43e1892a4cd7f8272da29841 to remote] DEBUG org.apache.http.headers - http-outgoing-0 >> Connection: Keep-Alive
2019-03-15 07:36:09,348 [Forwarding findElement on session ebf5bc0b43e1892a4cd7f8272da29841 to remote] DEBUG org.apache.http.headers - http-outgoing-0 >> User-Agent: Apache-HttpClient/4.5.3 (Java/1.8.0_191)
2019-03-15 07:36:09,348 [Forwarding findElement on session ebf5bc0b43e1892a4cd7f8272da29841 to remote] DEBUG org.apache.http.headers - http-outgoing-0 >> Accept-Encoding: gzip,deflate
2019-03-15 07:36:09,348 [Forwarding findElement on session ebf5bc0b43e1892a4cd7f8272da29841 to remote] DEBUG org.apache.http.wire - http-outgoing-0 >> "POST /session/ebf5bc0b43e1892a4cd7f8272da29841/element HTTP/1.1[\r][\n]"
2019-03-15 07:36:09,348 [Forwarding findElement on session ebf5bc0b43e1892a4cd7f8272da29841 to remote] DEBUG org.apache.http.wire - http-outgoing-0 >> "Content-Type: application/json; charset=utf-8[\r][\n]"
2019-03-15 07:36:09,348 [Forwarding findElement on session ebf5bc0b43e1892a4cd7f8272da29841 to remote] DEBUG org.apache.http.wire - http-outgoing-0 >> "Content-Length: 49[\r][\n]"
2019-03-15 07:36:09,348 [Forwarding findElement on session ebf5bc0b43e1892a4cd7f8272da29841 to remote] DEBUG org.apache.http.wire - http-outgoing-0 >> "Host: localhost:26602[\r][\n]"
2019-03-15 07:36:09,348 [Forwarding findElement on session ebf5bc0b43e1892a4cd7f8272da29841 to remote] DEBUG org.apache.http.wire - http-outgoing-0 >> "Connection: Keep-Alive[\r][\n]"
2019-03-15 07:36:09,348 [Forwarding findElement on session ebf5bc0b43e1892a4cd7f8272da29841 to remote] DEBUG org.apache.http.wire - http-outgoing-0 >> "User-Agent: Apache-HttpClient/4.5.3 (Java/1.8.0_191)[\r][\n]"
2019-03-15 07:36:09,348 [Forwarding findElement on session ebf5bc0b43e1892a4cd7f8272da29841 to remote] DEBUG org.apache.http.wire - http-outgoing-0 >> "Accept-Encoding: gzip,deflate[\r][\n]"
2019-03-15 07:36:09,349 [Forwarding findElement on session ebf5bc0b43e1892a4cd7f8272da29841 to remote] DEBUG org.apache.http.wire - http-outgoing-0 >> "[\r][\n]"
2019-03-15 07:36:09,349 [Forwarding findElement on session ebf5bc0b43e1892a4cd7f8272da29841 to remote] DEBUG org.apache.http.wire - http-outgoing-0 >> "{"using":"xpath","value":"//*[@name='password']"}"
2019-03-15 07:36:09,472 [Forwarding findElement on session ebf5bc0b43e1892a4cd7f8272da29841 to remote] DEBUG org.apache.http.wire - http-outgoing-0 << "HTTP/1.1 200 OK[\r][\n]"
2019-03-15 07:36:09,472 [Forwarding findElement on session ebf5bc0b43e1892a4cd7f8272da29841 to remote] DEBUG org.apache.http.wire - http-outgoing-0 << "Content-Length:102[\r][\n]"
2019-03-15 07:36:09,472 [Forwarding findElement on session ebf5bc0b43e1892a4cd7f8272da29841 to remote] DEBUG org.apache.http.wire - http-outgoing-0 << "Content-Type:application/json; charset=utf-8[\r][\n]"
2019-03-15 07:36:09,472 [Forwarding findElement on session ebf5bc0b43e1892a4cd7f8272da29841 to remote] DEBUG org.apache.http.wire - http-outgoing-0 << "[\r][\n]"
2019-03-15 07:36:09,472 [Forwarding findElement on session ebf5bc0b43e1892a4cd7f8272da29841 to remote] DEBUG org.apache.http.wire - http-outgoing-0 << "{"sessionId":"ebf5bc0b43e1892a4cd7f8272da29841","status":0,"value":{"ELEMENT":"0.5793661813061162-1"}}"
2019-03-15 07:36:09,472 [Forwarding findElement on session ebf5bc0b43e1892a4cd7f8272da29841 to remote] DEBUG org.apache.http.headers - http-outgoing-0 << HTTP/1.1 200 OK
2019-03-15 07:36:09,472 [Forwarding findElement on session ebf5bc0b43e1892a4cd7f8272da29841 to remote] DEBUG org.apache.http.headers - http-outgoing-0 << Content-Length:102
2019-03-15 07:36:09,472 [Forwarding findElement on session ebf5bc0b43e1892a4cd7f8272da29841 to remote] DEBUG org.apache.http.headers - http-outgoing-0 << Content-Type:application/json; charset=utf-8
2019-03-15 07:36:09,474 [Forwarding findElement on session ebf5bc0b43e1892a4cd7f8272da29841 to remote] DEBUG org.apache.http.impl.execchain.MainClientExec - Connection can be kept alive indefinitely
2019-03-15 07:36:09,474 [Forwarding findElement on session ebf5bc0b43e1892a4cd7f8272da29841 to remote] DEBUG org.apache.http.impl.conn.PoolingHttpClientConnectionManager - Connection [id: 0][route: {}->http://localhost:26602] can be kept alive indefinitely
2019-03-15 07:36:09,474 [Forwarding findElement on session ebf5bc0b43e1892a4cd7f8272da29841 to remote] DEBUG org.apache.http.impl.conn.PoolingHttpClientConnectionManager - Connection released: [id: 0][route: {}->http://localhost:26602][total kept alive: 1; route allocated: 1 of 2000; total allocated: 1 of 2000]
2019-03-15 07:36:09,479 [Forwarding isElementDisplayed on session ebf5bc0b43e1892a4cd7f8272da29841 to remote] DEBUG org.apache.http.client.protocol.RequestAddCookies - CookieSpec selected: default
2019-03-15 07:36:09,479 [Forwarding isElementDisplayed on session ebf5bc0b43e1892a4cd7f8272da29841 to remote] DEBUG org.apache.http.client.protocol.RequestAuthCache - Auth cache not set in the context
2019-03-15 07:36:09,479 [Forwarding isElementDisplayed on session ebf5bc0b43e1892a4cd7f8272da29841 to remote] DEBUG org.apache.http.impl.conn.PoolingHttpClientConnectionManager - Connection request: [route: {}->http://localhost:26602][total kept alive: 1; route allocated: 1 of 2000; total allocated: 1 of 2000]
2019-03-15 07:36:09,479 [Forwarding isElementDisplayed on session ebf5bc0b43e1892a4cd7f8272da29841 to remote] DEBUG org.apache.http.impl.conn.PoolingHttpClientConnectionManager - Connection leased: [id: 0][route: {}->http://localhost:26602][total kept alive: 0; route allocated: 1 of 2000; total allocated: 1 of 2000]
2019-03-15 07:36:09,479 [Forwarding isElementDisplayed on session ebf5bc0b43e1892a4cd7f8272da29841 to remote] DEBUG org.apache.http.impl.execchain.MainClientExec - Stale connection check
2019-03-15 07:36:09,482 [Forwarding isElementDisplayed on session ebf5bc0b43e1892a4cd7f8272da29841 to remote] DEBUG org.apache.http.wire - http-outgoing-0 << "[read] I/O error: Read timed out"
2019-03-15 07:36:09,482 [Forwarding isElementDisplayed on session ebf5bc0b43e1892a4cd7f8272da29841 to remote] DEBUG org.apache.http.impl.conn.DefaultManagedHttpClientConnection - http-outgoing-0: set socket timeout to 10800000
2019-03-15 07:36:09,482 [Forwarding isElementDisplayed on session ebf5bc0b43e1892a4cd7f8272da29841 to remote] DEBUG org.apache.http.impl.execchain.MainClientExec - Executing request GET /session/ebf5bc0b43e1892a4cd7f8272da29841/element/0.5793661813061162-1/displayed HTTP/1.1
2019-03-15 07:36:09,482 [Forwarding isElementDisplayed on session ebf5bc0b43e1892a4cd7f8272da29841 to remote] DEBUG org.apache.http.impl.execchain.MainClientExec - Target auth state: UNCHALLENGED
2019-03-15 07:36:09,482 [Forwarding isElementDisplayed on session ebf5bc0b43e1892a4cd7f8272da29841 to remote] DEBUG org.apache.http.impl.execchain.MainClientExec - Proxy auth state: UNCHALLENGED
2019-03-15 07:36:09,484 [Forwarding isElementDisplayed on session ebf5bc0b43e1892a4cd7f8272da29841 to remote] DEBUG org.apache.http.headers - http-outgoing-0 >> GET /session/ebf5bc0b43e1892a4cd7f8272da29841/element/0.5793661813061162-1/displayed HTTP/1.1
2019-03-15 07:36:09,484 [Forwarding isElementDisplayed on session ebf5bc0b43e1892a4cd7f8272da29841 to remote] DEBUG org.apache.http.headers - http-outgoing-0 >> Cache-Control: no-cache
2019-03-15 07:36:09,485 [Forwarding isElementDisplayed on session ebf5bc0b43e1892a4cd7f8272da29841 to remote] DEBUG org.apache.http.headers - http-outgoing-0 >> Host: localhost:26602
2019-03-15 07:36:09,485 [Forwarding isElementDisplayed on session ebf5bc0b43e1892a4cd7f8272da29841 to remote] DEBUG org.apache.http.headers - http-outgoing-0 >> Connection: Keep-Alive
2019-03-15 07:36:09,485 [Forwarding isElementDisplayed on session ebf5bc0b43e1892a4cd7f8272da29841 to remote] DEBUG org.apache.http.headers - http-outgoing-0 >> User-Agent: Apache-HttpClient/4.5.3 (Java/1.8.0_191)
2019-03-15 07:36:09,485 [Forwarding isElementDisplayed on session ebf5bc0b43e1892a4cd7f8272da29841 to remote] DEBUG org.apache.http.headers - http-outgoing-0 >> Accept-Encoding: gzip,deflate
2019-03-15 07:36:09,485 [Forwarding isElementDisplayed on session ebf5bc0b43e1892a4cd7f8272da29841 to remote] DEBUG org.apache.http.wire - http-outgoing-0 >> "GET /session/ebf5bc0b43e1892a4cd7f8272da29841/element/0.5793661813061162-1/displayed HTTP/1.1[\r][\n]"
2019-03-15 07:36:09,485 [Forwarding isElementDisplayed on session ebf5bc0b43e1892a4cd7f8272da29841 to remote] DEBUG org.apache.http.wire - http-outgoing-0 >> "Cache-Control: no-cache[\r][\n]"
2019-03-15 07:36:09,491 [Forwarding isElementDisplayed on session ebf5bc0b43e1892a4cd7f8272da29841 to remote] DEBUG org.apache.http.wire - http-outgoing-0 >> "Host: localhost:26602[\r][\n]"
2019-03-15 07:36:09,491 [Forwarding isElementDisplayed on session ebf5bc0b43e1892a4cd7f8272da29841 to remote] DEBUG org.apache.http.wire - http-outgoing-0 >> "Connection: Keep-Alive[\r][\n]"
2019-03-15 07:36:09,491 [Forwarding isElementDisplayed on session ebf5bc0b43e1892a4cd7f8272da29841 to remote] DEBUG org.apache.http.wire - http-outgoing-0 >> "User-Agent: Apache-HttpClient/4.5.3 (Java/1.8.0_191)[\r][\n]"
2019-03-15 07:36:09,491 [Forwarding isElementDisplayed on session ebf5bc0b43e1892a4cd7f8272da29841 to remote] DEBUG org.apache.http.wire - http-outgoing-0 >> "Accept-Encoding: gzip,deflate[\r][\n]"
2019-03-15 07:36:09,491 [Forwarding isElementDisplayed on session ebf5bc0b43e1892a4cd7f8272da29841 to remote] DEBUG org.apache.http.wire - http-outgoing-0 >> "[\r][\n]"
2019-03-15 07:36:09,566 [Forwarding isElementDisplayed on session ebf5bc0b43e1892a4cd7f8272da29841 to remote] DEBUG org.apache.http.wire - http-outgoing-0 << "HTTP/1.1 200 OK[\r][\n]"
2019-03-15 07:36:09,566 [Forwarding isElementDisplayed on session ebf5bc0b43e1892a4cd7f8272da29841 to remote] DEBUG org.apache.http.wire - http-outgoing-0 << "Content-Length:73[\r][\n]"
2019-03-15 07:36:09,566 [Forwarding isElementDisplayed on session ebf5bc0b43e1892a4cd7f8272da29841 to remote] DEBUG org.apache.http.wire - http-outgoing-0 << "Content-Type:application/json; charset=utf-8[\r][\n]"
2019-03-15 07:36:09,566 [Forwarding isElementDisplayed on session ebf5bc0b43e1892a4cd7f8272da29841 to remote] DEBUG org.apache.http.wire - http-outgoing-0 << "[\r][\n]"
2019-03-15 07:36:09,566 [Forwarding isElementDisplayed on session ebf5bc0b43e1892a4cd7f8272da29841 to remote] DEBUG org.apache.http.wire - http-outgoing-0 << "{"sessionId":"ebf5bc0b43e1892a4cd7f8272da29841","status":0,"value":false}"
2019-03-15 07:36:09,566 [Forwarding isElementDisplayed on session ebf5bc0b43e1892a4cd7f8272da29841 to remote] DEBUG org.apache.http.headers - http-outgoing-0 << HTTP/1.1 200 OK
2019-03-15 07:36:09,566 [Forwarding isElementDisplayed on session ebf5bc0b43e1892a4cd7f8272da29841 to remote] DEBUG org.apache.http.headers - http-outgoing-0 << Content-Length:73
2019-03-15 07:36:09,566 [Forwarding isElementDisplayed on session ebf5bc0b43e1892a4cd7f8272da29841 to remote] DEBUG org.apache.http.headers - http-outgoing-0 << Content-Type:application/json; charset=utf-8
2019-03-15 07:36:09,566 [Forwarding isElementDisplayed on session ebf5bc0b43e1892a4cd7f8272da29841 to remote] DEBUG org.apache.http.impl.execchain.MainClientExec - Connection can be kept alive indefinitely
2019-03-15 07:36:09,567 [Forwarding isElementDisplayed on session ebf5bc0b43e1892a4cd7f8272da29841 to remote] DEBUG org.apache.http.impl.conn.PoolingHttpClientConnectionManager - Connection [id: 0][route: {}->http://localhost:26602] can be kept alive indefinitely
2019-03-15 07:36:09,568 [Forwarding isElementDisplayed on session ebf5bc0b43e1892a4cd7f8272da29841 to remote] DEBUG org.apache.http.impl.conn.PoolingHttpClientConnectionManager - Connection released: [id: 0][route: {}->http://localhost:26602][total kept alive: 1; route allocated: 1 of 2000; total allocated: 1 of 2000]
2019-03-15 07:36:10,072 [Forwarding findElement on session ebf5bc0b43e1892a4cd7f8272da29841 to remote] DEBUG org.apache.http.client.protocol.RequestAddCookies - CookieSpec selected: default
2019-03-15 07:36:10,072 [Forwarding findElement on session ebf5bc0b43e1892a4cd7f8272da29841 to remote] DEBUG org.apache.http.client.protocol.RequestAuthCache - Auth cache not set in the context
2019-03-15 07:36:10,072 [Forwarding findElement on session ebf5bc0b43e1892a4cd7f8272da29841 to remote] DEBUG org.apache.http.impl.conn.PoolingHttpClientConnectionManager - Connection request: [route: {}->http://localhost:26602][total kept alive: 1; route allocated: 1 of 2000; total allocated: 1 of 2000]
2019-03-15 07:36:10,072 [Forwarding findElement on session ebf5bc0b43e1892a4cd7f8272da29841 to remote] DEBUG org.apache.http.impl.conn.PoolingHttpClientConnectionManager - Connection leased: [id: 0][route: {}->http://localhost:26602][total kept alive: 0; route allocated: 1 of 2000; total allocated: 1 of 2000]
2019-03-15 07:36:10,072 [Forwarding findElement on session ebf5bc0b43e1892a4cd7f8272da29841 to remote] DEBUG org.apache.http.impl.execchain.MainClientExec - Stale connection check
2019-03-15 07:36:10,073 [Forwarding findElement on session ebf5bc0b43e1892a4cd7f8272da29841 to remote] DEBUG org.apache.http.wire - http-outgoing-0 << "[read] I/O error: Read timed out"
2019-03-15 07:36:10,073 [Forwarding findElement on session ebf5bc0b43e1892a4cd7f8272da29841 to remote] DEBUG org.apache.http.impl.conn.DefaultManagedHttpClientConnection - http-outgoing-0: set socket timeout to 10800000
2019-03-15 07:36:10,073 [Forwarding findElement on session ebf5bc0b43e1892a4cd7f8272da29841 to remote] DEBUG org.apache.http.impl.execchain.MainClientExec - Executing request POST /session/ebf5bc0b43e1892a4cd7f8272da29841/element HTTP/1.1
2019-03-15 07:36:10,073 [Forwarding findElement on session ebf5bc0b43e1892a4cd7f8272da29841 to remote] DEBUG org.apache.http.impl.execchain.MainClientExec - Target auth state: UNCHALLENGED
2019-03-15 07:36:10,073 [Forwarding findElement on session ebf5bc0b43e1892a4cd7f8272da29841 to remote] DEBUG org.apache.http.impl.execchain.MainClientExec - Proxy auth state: UNCHALLENGED
2019-03-15 07:36:10,073 [Forwarding findElement on session ebf5bc0b43e1892a4cd7f8272da29841 to remote] DEBUG org.apache.http.headers - http-outgoing-0 >> POST /session/ebf5bc0b43e1892a4cd7f8272da29841/element HTTP/1.1
2019-03-15 07:36:10,073 [Forwarding findElement on session ebf5bc0b43e1892a4cd7f8272da29841 to remote] DEBUG org.apache.http.headers - http-outgoing-0 >> Content-Type: application/json; charset=utf-8
2019-03-15 07:36:10,073 [Forwarding findElement on session ebf5bc0b43e1892a4cd7f8272da29841 to remote] DEBUG org.apache.http.headers - http-outgoing-0 >> Content-Length: 49
2019-03-15 07:36:10,074 [Forwarding findElement on session ebf5bc0b43e1892a4cd7f8272da29841 to remote] DEBUG org.apache.http.headers - http-outgoing-0 >> Host: localhost:26602
2019-03-15 07:36:10,074 [Forwarding findElement on session ebf5bc0b43e1892a4cd7f8272da29841 to remote] DEBUG org.apache.http.headers - http-outgoing-0 >> Connection: Keep-Alive
2019-03-15 07:36:10,074 [Forwarding findElement on session ebf5bc0b43e1892a4cd7f8272da29841 to remote] DEBUG org.apache.http.headers - http-outgoing-0 >> User-Agent: Apache-HttpClient/4.5.3 (Java/1.8.0_191)
2019-03-15 07:36:10,074 [Forwarding findElement on session ebf5bc0b43e1892a4cd7f8272da29841 to remote] DEBUG org.apache.http.headers - http-outgoing-0 >> Accept-Encoding: gzip,deflate
2019-03-15 07:36:10,074 [Forwarding findElement on session ebf5bc0b43e1892a4cd7f8272da29841 to remote] DEBUG org.apache.http.wire - http-outgoing-0 >> "POST /session/ebf5bc0b43e1892a4cd7f8272da29841/element HTTP/1.1[\r][\n]"
2019-03-15 07:36:10,074 [Forwarding findElement on session ebf5bc0b43e1892a4cd7f8272da29841 to remote] DEBUG org.apache.http.wire - http-outgoing-0 >> "Content-Type: application/json; charset=utf-8[\r][\n]"
2019-03-15 07:36:10,074 [Forwarding findElement on session ebf5bc0b43e1892a4cd7f8272da29841 to remote] DEBUG org.apache.http.wire - http-outgoing-0 >> "Content-Length: 49[\r][\n]"
2019-03-15 07:36:10,074 [Forwarding findElement on session ebf5bc0b43e1892a4cd7f8272da29841 to remote] DEBUG org.apache.http.wire - http-outgoing-0 >> "Host: localhost:26602[\r][\n]"
2019-03-15 07:36:10,075 [Forwarding findElement on session ebf5bc0b43e1892a4cd7f8272da29841 to remote] DEBUG org.apache.http.wire - http-outgoing-0 >> "Connection: Keep-Alive[\r][\n]"
2019-03-15 07:36:10,075 [Forwarding findElement on session ebf5bc0b43e1892a4cd7f8272da29841 to remote] DEBUG org.apache.http.wire - http-outgoing-0 >> "User-Agent: Apache-HttpClient/4.5.3 (Java/1.8.0_191)[\r][\n]"
2019-03-15 07:36:10,075 [Forwarding findElement on session ebf5bc0b43e1892a4cd7f8272da29841 to remote] DEBUG org.apache.http.wire - http-outgoing-0 >> "Accept-Encoding: gzip,deflate[\r][\n]"
2019-03-15 07:36:10,075 [Forwarding findElement on session ebf5bc0b43e1892a4cd7f8272da29841 to remote] DEBUG org.apache.http.wire - http-outgoing-0 >> "[\r][\n]"
2019-03-15 07:36:10,075 [Forwarding findElement on session ebf5bc0b43e1892a4cd7f8272da29841 to remote] DEBUG org.apache.http.wire - http-outgoing-0 >> "{"using":"xpath","value":"//*[@name='password']"}"
2019-03-15 07:36:10,096 [Forwarding findElement on session ebf5bc0b43e1892a4cd7f8272da29841 to remote] DEBUG org.apache.http.wire - http-outgoing-0 << "HTTP/1.1 200 OK[\r][\n]"
2019-03-15 07:36:10,096 [Forwarding findElement on session ebf5bc0b43e1892a4cd7f8272da29841 to remote] DEBUG org.apache.http.wire - http-outgoing-0 << "Content-Length:102[\r][\n]"
2019-03-15 07:36:10,096 [Forwarding findElement on session ebf5bc0b43e1892a4cd7f8272da29841 to remote] DEBUG org.apache.http.wire - http-outgoing-0 << "Content-Type:application/json; charset=utf-8[\r][\n]"
2019-03-15 07:36:10,096 [Forwarding findElement on session ebf5bc0b43e1892a4cd7f8272da29841 to remote] DEBUG org.apache.http.wire - http-outgoing-0 << "[\r][\n]"
2019-03-15 07:36:10,096 [Forwarding findElement on session ebf5bc0b43e1892a4cd7f8272da29841 to remote] DEBUG org.apache.http.wire - http-outgoing-0 << "{"sessionId":"ebf5bc0b43e1892a4cd7f8272da29841","status":0,"value":{"ELEMENT":"0.5793661813061162-1"}}"
2019-03-15 07:36:10,097 [Forwarding findElement on session ebf5bc0b43e1892a4cd7f8272da29841 to remote] DEBUG org.apache.http.headers - http-outgoing-0 << HTTP/1.1 200 OK
2019-03-15 07:36:10,097 [Forwarding findElement on session ebf5bc0b43e1892a4cd7f8272da29841 to remote] DEBUG org.apache.http.headers - http-outgoing-0 << Content-Length:102
2019-03-15 07:36:10,097 [Forwarding findElement on session ebf5bc0b43e1892a4cd7f8272da29841 to remote] DEBUG org.apache.http.headers - http-outgoing-0 << Content-Type:application/json; charset=utf-8
2019-03-15 07:36:10,097 [Forwarding findElement on session ebf5bc0b43e1892a4cd7f8272da29841 to remote] DEBUG org.apache.http.impl.execchain.MainClientExec - Connection can be kept alive indefinitely
2019-03-15 07:36:10,097 [Forwarding findElement on session ebf5bc0b43e1892a4cd7f8272da29841 to remote] DEBUG org.apache.http.impl.conn.PoolingHttpClientConnectionManager - Connection [id: 0][route: {}->http://localhost:26602] can be kept alive indefinitely
2019-03-15 07:36:10,097 [Forwarding findElement on session ebf5bc0b43e1892a4cd7f8272da29841 to remote] DEBUG org.apache.http.impl.conn.PoolingHttpClientConnectionManager - Connection released: [id: 0][route: {}->http://localhost:26602][total kept alive: 1; route allocated: 1 of 2000; total allocated: 1 of 2000]
2019-03-15 07:36:10,110 [Forwarding isElementDisplayed on session ebf5bc0b43e1892a4cd7f8272da29841 to remote] DEBUG org.apache.http.client.protocol.RequestAddCookies - CookieSpec selected: default
2019-03-15 07:36:10,110 [Forwarding isElementDisplayed on session ebf5bc0b43e1892a4cd7f8272da29841 to remote] DEBUG org.apache.http.client.protocol.RequestAuthCache - Auth cache not set in the context
2019-03-15 07:36:10,110 [Forwarding isElementDisplayed on session ebf5bc0b43e1892a4cd7f8272da29841 to remote] DEBUG org.apache.http.impl.conn.PoolingHttpClientConnectionManager - Connection request: [route: {}->http://localhost:26602][total kept alive: 1; route allocated: 1 of 2000; total allocated: 1 of 2000]
2019-03-15 07:36:10,110 [Forwarding isElementDisplayed on session ebf5bc0b43e1892a4cd7f8272da29841 to remote] DEBUG org.apache.http.impl.conn.PoolingHttpClientConnectionManager - Connection leased: [id: 0][route: {}->http://localhost:26602][total kept alive: 0; route allocated: 1 of 2000; total allocated: 1 of 2000]
2019-03-15 07:36:10,110 [Forwarding isElementDisplayed on session ebf5bc0b43e1892a4cd7f8272da29841 to remote] DEBUG org.apache.http.impl.execchain.MainClientExec - Stale connection check
2019-03-15 07:36:10,111 [Forwarding isElementDisplayed on session ebf5bc0b43e1892a4cd7f8272da29841 to remote] DEBUG org.apache.http.wire - http-outgoing-0 << "[read] I/O error: Read timed out"
2019-03-15 07:36:10,111 [Forwarding isElementDisplayed on session ebf5bc0b43e1892a4cd7f8272da29841 to remote] DEBUG org.apache.http.impl.conn.DefaultManagedHttpClientConnection - http-outgoing-0: set socket timeout to 10800000
2019-03-15 07:36:10,111 [Forwarding isElementDisplayed on session ebf5bc0b43e1892a4cd7f8272da29841 to remote] DEBUG org.apache.http.impl.execchain.MainClientExec - Executing request GET /session/ebf5bc0b43e1892a4cd7f8272da29841/element/0.5793661813061162-1/displayed HTTP/1.1
2019-03-15 07:36:10,111 [Forwarding isElementDisplayed on session ebf5bc0b43e1892a4cd7f8272da29841 to remote] DEBUG org.apache.http.impl.execchain.MainClientExec - Target auth state: UNCHALLENGED
2019-03-15 07:36:10,111 [Forwarding isElementDisplayed on session ebf5bc0b43e1892a4cd7f8272da29841 to remote] DEBUG org.apache.http.impl.execchain.MainClientExec - Proxy auth state: UNCHALLENGED
2019-03-15 07:36:10,111 [Forwarding isElementDisplayed on session ebf5bc0b43e1892a4cd7f8272da29841 to remote] DEBUG org.apache.http.headers - http-outgoing-0 >> GET /session/ebf5bc0b43e1892a4cd7f8272da29841/element/0.5793661813061162-1/displayed HTTP/1.1
2019-03-15 07:36:10,111 [Forwarding isElementDisplayed on session ebf5bc0b43e1892a4cd7f8272da29841 to remote] DEBUG org.apache.http.headers - http-outgoing-0 >> Cache-Control: no-cache
2019-03-15 07:36:10,111 [Forwarding isElementDisplayed on session ebf5bc0b43e1892a4cd7f8272da29841 to remote] DEBUG org.apache.http.headers - http-outgoing-0 >> Host: localhost:26602
2019-03-15 07:36:10,111 [Forwarding isElementDisplayed on session ebf5bc0b43e1892a4cd7f8272da29841 to remote] DEBUG org.apache.http.headers - http-outgoing-0 >> Connection: Keep-Alive
2019-03-15 07:36:10,111 [Forwarding isElementDisplayed on session ebf5bc0b43e1892a4cd7f8272da29841 to remote] DEBUG org.apache.http.headers - http-outgoing-0 >> User-Agent: Apache-HttpClient/4.5.3 (Java/1.8.0_191)
2019-03-15 07:36:10,111 [Forwarding isElementDisplayed on session ebf5bc0b43e1892a4cd7f8272da29841 to remote] DEBUG org.apache.http.headers - http-outgoing-0 >> Accept-Encoding: gzip,deflate
2019-03-15 07:36:10,111 [Forwarding isElementDisplayed on session ebf5bc0b43e1892a4cd7f8272da29841 to remote] DEBUG org.apache.http.wire - http-outgoing-0 >> "GET /session/ebf5bc0b43e1892a4cd7f8272da29841/element/0.5793661813061162-1/displayed HTTP/1.1[\r][\n]"
2019-03-15 07:36:10,111 [Forwarding isElementDisplayed on session ebf5bc0b43e1892a4cd7f8272da29841 to remote] DEBUG org.apache.http.wire - http-outgoing-0 >> "Cache-Control: no-cache[\r][\n]"
2019-03-15 07:36:10,120 [Forwarding isElementDisplayed on session ebf5bc0b43e1892a4cd7f8272da29841 to remote] DEBUG org.apache.http.wire - http-outgoing-0 >> "Host: localhost:26602[\r][\n]"
2019-03-15 07:36:10,120 [Forwarding isElementDisplayed on session ebf5bc0b43e1892a4cd7f8272da29841 to remote] DEBUG org.apache.http.wire - http-outgoing-0 >> "Connection: Keep-Alive[\r][\n]"
2019-03-15 07:36:10,127 [Forwarding isElementDisplayed on session ebf5bc0b43e1892a4cd7f8272da29841 to remote] DEBUG org.apache.http.wire - http-outgoing-0 >> "User-Agent: Apache-HttpClient/4.5.3 (Java/1.8.0_191)[\r][\n]"
2019-03-15 07:36:10,127 [Forwarding isElementDisplayed on session ebf5bc0b43e1892a4cd7f8272da29841 to remote] DEBUG org.apache.http.wire - http-outgoing-0 >> "Accept-Encoding: gzip,deflate[\r][\n]"
2019-03-15 07:36:10,127 [Forwarding isElementDisplayed on session ebf5bc0b43e1892a4cd7f8272da29841 to remote] DEBUG org.apache.http.wire - http-outgoing-0 >> "[\r][\n]"
2019-03-15 07:36:10,192 [Forwarding isElementDisplayed on session ebf5bc0b43e1892a4cd7f8272da29841 to remote] DEBUG org.apache.http.wire - http-outgoing-0 << "HTTP/1.1 200 OK[\r][\n]"
2019-03-15 07:36:10,192 [Forwarding isElementDisplayed on session ebf5bc0b43e1892a4cd7f8272da29841 to remote] DEBUG org.apache.http.wire - http-outgoing-0 << "Content-Length:73[\r][\n]"
2019-03-15 07:36:10,192 [Forwarding isElementDisplayed on session ebf5bc0b43e1892a4cd7f8272da29841 to remote] DEBUG org.apache.http.wire - http-outgoing-0 << "Content-Type:application/json; charset=utf-8[\r][\n]"
2019-03-15 07:36:10,192 [Forwarding isElementDisplayed on session ebf5bc0b43e1892a4cd7f8272da29841 to remote] DEBUG org.apache.http.wire - http-outgoing-0 << "[\r][\n]"
2019-03-15 07:36:10,192 [Forwarding isElementDisplayed on session ebf5bc0b43e1892a4cd7f8272da29841 to remote] DEBUG org.apache.http.wire - http-outgoing-0 << "{"sessionId":"ebf5bc0b43e1892a4cd7f8272da29841","status":0,"value":false}"
2019-03-15 07:36:10,192 [Forwarding isElementDisplayed on session ebf5bc0b43e1892a4cd7f8272da29841 to remote] DEBUG org.apache.http.headers - http-outgoing-0 << HTTP/1.1 200 OK
2019-03-15 07:36:10,192 [Forwarding isElementDisplayed on session ebf5bc0b43e1892a4cd7f8272da29841 to remote] DEBUG org.apache.http.headers - http-outgoing-0 << Content-Length:73
2019-03-15 07:36:10,192 [Forwarding isElementDisplayed on session ebf5bc0b43e1892a4cd7f8272da29841 to remote] DEBUG org.apache.http.headers - http-outgoing-0 << Content-Type:application/json; charset=utf-8
2019-03-15 07:36:10,193 [Forwarding isElementDisplayed on session ebf5bc0b43e1892a4cd7f8272da29841 to remote] DEBUG org.apache.http.impl.execchain.MainClientExec - Connection can be kept alive indefinitely
2019-03-15 07:36:10,193 [Forwarding isElementDisplayed on session ebf5bc0b43e1892a4cd7f8272da29841 to remote] DEBUG org.apache.http.impl.conn.PoolingHttpClientConnectionManager - Connection [id: 0][route: {}->http://localhost:26602] can be kept alive indefinitely
2019-03-15 07:36:10,193 [Forwarding isElementDisplayed on session ebf5bc0b43e1892a4cd7f8272da29841 to remote] DEBUG org.apache.http.impl.conn.PoolingHttpClientConnectionManager - Connection released: [id: 0][route: {}->http://localhost:26602][total kept alive: 1; route allocated: 1 of 2000; total allocated: 1 of 2000]
2019-03-15 07:36:10,696 [Forwarding findElement on session ebf5bc0b43e1892a4cd7f8272da29841 to remote] DEBUG org.apache.http.client.protocol.RequestAddCookies - CookieSpec selected: default
2019-03-15 07:36:10,696 [Forwarding findElement on session ebf5bc0b43e1892a4cd7f8272da29841 to remote] DEBUG org.apache.http.client.protocol.RequestAuthCache - Auth cache not set in the context
2019-03-15 07:36:10,696 [Forwarding findElement on session ebf5bc0b43e1892a4cd7f8272da29841 to remote] DEBUG org.apache.http.impl.conn.PoolingHttpClientConnectionManager - Connection request: [route: {}->http://localhost:26602][total kept alive: 1; route allocated: 1 of 2000; total allocated: 1 of 2000]
2019-03-15 07:36:10,696 [Forwarding findElement on session ebf5bc0b43e1892a4cd7f8272da29841 to remote] DEBUG org.apache.http.impl.conn.PoolingHttpClientConnectionManager - Connection leased: [id: 0][route: {}->http://localhost:26602][total kept alive: 0; route allocated: 1 of 2000; total allocated: 1 of 2000]
2019-03-15 07:36:10,696 [Forwarding findElement on session ebf5bc0b43e1892a4cd7f8272da29841 to remote] DEBUG org.apache.http.impl.execchain.MainClientExec - Stale connection check
2019-03-15 07:36:10,697 [Forwarding findElement on session ebf5bc0b43e1892a4cd7f8272da29841 to remote] DEBUG org.apache.http.wire - http-outgoing-0 << "[read] I/O error: Read timed out"
2019-03-15 07:36:10,697 [Forwarding findElement on session ebf5bc0b43e1892a4cd7f8272da29841 to remote] DEBUG org.apache.http.impl.conn.DefaultManagedHttpClientConnection - http-outgoing-0: set socket timeout to 10800000
2019-03-15 07:36:10,697 [Forwarding findElement on session ebf5bc0b43e1892a4cd7f8272da29841 to remote] DEBUG org.apache.http.impl.execchain.MainClientExec - Executing request POST /session/ebf5bc0b43e1892a4cd7f8272da29841/element HTTP/1.1
2019-03-15 07:36:10,697 [Forwarding findElement on session ebf5bc0b43e1892a4cd7f8272da29841 to remote] DEBUG org.apache.http.impl.execchain.MainClientExec - Target auth state: UNCHALLENGED
2019-03-15 07:36:10,697 [Forwarding findElement on session ebf5bc0b43e1892a4cd7f8272da29841 to remote] DEBUG org.apache.http.impl.execchain.MainClientExec - Proxy auth state: UNCHALLENGED
2019-03-15 07:36:10,697 [Forwarding findElement on session ebf5bc0b43e1892a4cd7f8272da29841 to remote] DEBUG org.apache.http.headers - http-outgoing-0 >> POST /session/ebf5bc0b43e1892a4cd7f8272da29841/element HTTP/1.1
2019-03-15 07:36:10,697 [Forwarding findElement on session ebf5bc0b43e1892a4cd7f8272da29841 to remote] DEBUG org.apache.http.headers - http-outgoing-0 >> Content-Type: application/json; charset=utf-8
2019-03-15 07:36:10,697 [Forwarding findElement on session ebf5bc0b43e1892a4cd7f8272da29841 to remote] DEBUG org.apache.http.headers - http-outgoing-0 >> Content-Length: 49
2019-03-15 07:36:10,697 [Forwarding findElement on session ebf5bc0b43e1892a4cd7f8272da29841 to remote] DEBUG org.apache.http.headers - http-outgoing-0 >> Host: localhost:26602
2019-03-15 07:36:10,697 [Forwarding findElement on session ebf5bc0b43e1892a4cd7f8272da29841 to remote] DEBUG org.apache.http.headers - http-outgoing-0 >> Connection: Keep-Alive
2019-03-15 07:36:10,697 [Forwarding findElement on session ebf5bc0b43e1892a4cd7f8272da29841 to remote] DEBUG org.apache.http.headers - http-outgoing-0 >> User-Agent: Apache-HttpClient/4.5.3 (Java/1.8.0_191)
2019-03-15 07:36:10,697 [Forwarding findElement on session ebf5bc0b43e1892a4cd7f8272da29841 to remote] DEBUG org.apache.http.headers - http-outgoing-0 >> Accept-Encoding: gzip,deflate
2019-03-15 07:36:10,697 [Forwarding findElement on session ebf5bc0b43e1892a4cd7f8272da29841 to remote] DEBUG org.apache.http.wire - http-outgoing-0 >> "POST /session/ebf5bc0b43e1892a4cd7f8272da29841/element HTTP/1.1[\r][\n]"
2019-03-15 07:36:10,697 [Forwarding findElement on session ebf5bc0b43e1892a4cd7f8272da29841 to remote] DEBUG org.apache.http.wire - http-outgoing-0 >> "Content-Type: application/json; charset=utf-8[\r][\n]"
2019-03-15 07:36:10,706 [Forwarding findElement on session ebf5bc0b43e1892a4cd7f8272da29841 to remote] DEBUG org.apache.http.wire - http-outgoing-0 >> "Content-Length: 49[\r][\n]"
2019-03-15 07:36:10,706 [Forwarding findElement on session ebf5bc0b43e1892a4cd7f8272da29841 to remote] DEBUG org.apache.http.wire - http-outgoing-0 >> "Host: localhost:26602[\r][\n]"
2019-03-15 07:36:10,706 [Forwarding findElement on session ebf5bc0b43e1892a4cd7f8272da29841 to remote] DEBUG org.apache.http.wire - http-outgoing-0 >> "Connection: Keep-Alive[\r][\n]"
2019-03-15 07:36:10,706 [Forwarding findElement on session ebf5bc0b43e1892a4cd7f8272da29841 to remote] DEBUG org.apache.http.wire - http-outgoing-0 >> "User-Agent: Apache-HttpClient/4.5.3 (Java/1.8.0_191)[\r][\n]"
2019-03-15 07:36:10,706 [Forwarding findElement on session ebf5bc0b43e1892a4cd7f8272da29841 to remote] DEBUG org.apache.http.wire - http-outgoing-0 >> "Accept-Encoding: gzip,deflate[\r][\n]"
2019-03-15 07:36:10,706 [Forwarding findElement on session ebf5bc0b43e1892a4cd7f8272da29841 to remote] DEBUG org.apache.http.wire - http-outgoing-0 >> "[\r][\n]"
2019-03-15 07:36:10,706 [Forwarding findElement on session ebf5bc0b43e1892a4cd7f8272da29841 to remote] DEBUG org.apache.http.wire - http-outgoing-0 >> "{"using":"xpath","value":"//*[@name='password']"}"
2019-03-15 07:36:10,776 [Forwarding findElement on session ebf5bc0b43e1892a4cd7f8272da29841 to remote] DEBUG org.apache.http.wire - http-outgoing-0 << "HTTP/1.1 200 OK[\r][\n]"
2019-03-15 07:36:10,776 [Forwarding findElement on session ebf5bc0b43e1892a4cd7f8272da29841 to remote] DEBUG org.apache.http.wire - http-outgoing-0 << "Content-Length:102[\r][\n]"
2019-03-15 07:36:10,776 [Forwarding findElement on session ebf5bc0b43e1892a4cd7f8272da29841 to remote] DEBUG org.apache.http.wire - http-outgoing-0 << "Content-Type:application/json; charset=utf-8[\r][\n]"
2019-03-15 07:36:10,776 [Forwarding findElement on session ebf5bc0b43e1892a4cd7f8272da29841 to remote] DEBUG org.apache.http.wire - http-outgoing-0 << "[\r][\n]"
2019-03-15 07:36:10,776 [Forwarding findElement on session ebf5bc0b43e1892a4cd7f8272da29841 to remote] DEBUG org.apache.http.wire - http-outgoing-0 << "{"sessionId":"ebf5bc0b43e1892a4cd7f8272da29841","status":0,"value":{"ELEMENT":"0.5793661813061162-1"}}"
2019-03-15 07:36:10,776 [Forwarding findElement on session ebf5bc0b43e1892a4cd7f8272da29841 to remote] DEBUG org.apache.http.headers - http-outgoing-0 << HTTP/1.1 200 OK
2019-03-15 07:36:10,776 [Forwarding findElement on session ebf5bc0b43e1892a4cd7f8272da29841 to remote] DEBUG org.apache.http.headers - http-outgoing-0 << Content-Length:102
2019-03-15 07:36:10,776 [Forwarding findElement on session ebf5bc0b43e1892a4cd7f8272da29841 to remote] DEBUG org.apache.http.headers - http-outgoing-0 << Content-Type:application/json; charset=utf-8
2019-03-15 07:36:10,777 [Forwarding findElement on session ebf5bc0b43e1892a4cd7f8272da29841 to remote] DEBUG org.apache.http.impl.execchain.MainClientExec - Connection can be kept alive indefinitely
2019-03-15 07:36:10,777 [Forwarding findElement on session ebf5bc0b43e1892a4cd7f8272da29841 to remote] DEBUG org.apache.http.impl.conn.PoolingHttpClientConnectionManager - Connection [id: 0][route: {}->http://localhost:26602] can be kept alive indefinitely
2019-03-15 07:36:10,777 [Forwarding findElement on session ebf5bc0b43e1892a4cd7f8272da29841 to remote] DEBUG org.apache.http.impl.conn.PoolingHttpClientConnectionManager - Connection released: [id: 0][route: {}->http://localhost:26602][total kept alive: 1; route allocated: 1 of 2000; total allocated: 1 of 2000]
2019-03-15 07:36:10,781 [Forwarding isElementDisplayed on session ebf5bc0b43e1892a4cd7f8272da29841 to remote] DEBUG org.apache.http.client.protocol.RequestAddCookies - CookieSpec selected: default
2019-03-15 07:36:10,781 [Forwarding isElementDisplayed on session ebf5bc0b43e1892a4cd7f8272da29841 to remote] DEBUG org.apache.http.client.protocol.RequestAuthCache - Auth cache not set in the context
2019-03-15 07:36:10,782 [Forwarding isElementDisplayed on session ebf5bc0b43e1892a4cd7f8272da29841 to remote] DEBUG org.apache.http.impl.conn.PoolingHttpClientConnectionManager - Connection request: [route: {}->http://localhost:26602][total kept alive: 1; route allocated: 1 of 2000; total allocated: 1 of 2000]
2019-03-15 07:36:10,782 [Forwarding isElementDisplayed on session ebf5bc0b43e1892a4cd7f8272da29841 to remote] DEBUG org.apache.http.impl.conn.PoolingHttpClientConnectionManager - Connection leased: [id: 0][route: {}->http://localhost:26602][total kept alive: 0; route allocated: 1 of 2000; total allocated: 1 of 2000]
2019-03-15 07:36:10,782 [Forwarding isElementDisplayed on session ebf5bc0b43e1892a4cd7f8272da29841 to remote] DEBUG org.apache.http.impl.execchain.MainClientExec - Stale connection check
2019-03-15 07:36:10,783 [Forwarding isElementDisplayed on session ebf5bc0b43e1892a4cd7f8272da29841 to remote] DEBUG org.apache.http.wire - http-outgoing-0 << "[read] I/O error: Read timed out"
2019-03-15 07:36:10,783 [Forwarding isElementDisplayed on session ebf5bc0b43e1892a4cd7f8272da29841 to remote] DEBUG org.apache.http.impl.conn.DefaultManagedHttpClientConnection - http-outgoing-0: set socket timeout to 10800000
2019-03-15 07:36:10,783 [Forwarding isElementDisplayed on session ebf5bc0b43e1892a4cd7f8272da29841 to remote] DEBUG org.apache.http.impl.execchain.MainClientExec - Executing request GET /session/ebf5bc0b43e1892a4cd7f8272da29841/element/0.5793661813061162-1/displayed HTTP/1.1
2019-03-15 07:36:10,783 [Forwarding isElementDisplayed on session ebf5bc0b43e1892a4cd7f8272da29841 to remote] DEBUG org.apache.http.impl.execchain.MainClientExec - Target auth state: UNCHALLENGED
2019-03-15 07:36:10,783 [Forwarding isElementDisplayed on session ebf5bc0b43e1892a4cd7f8272da29841 to remote] DEBUG org.apache.http.impl.execchain.MainClientExec - Proxy auth state: UNCHALLENGED
2019-03-15 07:36:10,783 [Forwarding isElementDisplayed on session ebf5bc0b43e1892a4cd7f8272da29841 to remote] DEBUG org.apache.http.headers - http-outgoing-0 >> GET /session/ebf5bc0b43e1892a4cd7f8272da29841/element/0.5793661813061162-1/displayed HTTP/1.1
2019-03-15 07:36:10,783 [Forwarding isElementDisplayed on session ebf5bc0b43e1892a4cd7f8272da29841 to remote] DEBUG org.apache.http.headers - http-outgoing-0 >> Cache-Control: no-cache
2019-03-15 07:36:10,783 [Forwarding isElementDisplayed on session ebf5bc0b43e1892a4cd7f8272da29841 to remote] DEBUG org.apache.http.headers - http-outgoing-0 >> Host: localhost:26602
2019-03-15 07:36:10,783 [Forwarding isElementDisplayed on session ebf5bc0b43e1892a4cd7f8272da29841 to remote] DEBUG org.apache.http.headers - http-outgoing-0 >> Connection: Keep-Alive
2019-03-15 07:36:10,783 [Forwarding isElementDisplayed on session ebf5bc0b43e1892a4cd7f8272da29841 to remote] DEBUG org.apache.http.headers - http-outgoing-0 >> User-Agent: Apache-HttpClient/4.5.3 (Java/1.8.0_191)
2019-03-15 07:36:10,783 [Forwarding isElementDisplayed on session ebf5bc0b43e1892a4cd7f8272da29841 to remote] DEBUG org.apache.http.headers - http-outgoing-0 >> Accept-Encoding: gzip,deflate
2019-03-15 07:36:10,783 [Forwarding isElementDisplayed on session ebf5bc0b43e1892a4cd7f8272da29841 to remote] DEBUG org.apache.http.wire - http-outgoing-0 >> "GET /session/ebf5bc0b43e1892a4cd7f8272da29841/element/0.5793661813061162-1/displayed HTTP/1.1[\r][\n]"
2019-03-15 07:36:10,783 [Forwarding isElementDisplayed on session ebf5bc0b43e1892a4cd7f8272da29841 to remote] DEBUG org.apache.http.wire - http-outgoing-0 >> "Cache-Control: no-cache[\r][\n]"
2019-03-15 07:36:10,783 [Forwarding isElementDisplayed on session ebf5bc0b43e1892a4cd7f8272da29841 to remote] DEBUG org.apache.http.wire - http-outgoing-0 >> "Host: localhost:26602[\r][\n]"
2019-03-15 07:36:10,783 [Forwarding isElementDisplayed on session ebf5bc0b43e1892a4cd7f8272da29841 to remote] DEBUG org.apache.http.wire - http-outgoing-0 >> "Connection: Keep-Alive[\r][\n]"
2019-03-15 07:36:10,783 [Forwarding isElementDisplayed on session ebf5bc0b43e1892a4cd7f8272da29841 to remote] DEBUG org.apache.http.wire - http-outgoing-0 >> "User-Agent: Apache-HttpClient/4.5.3 (Java/1.8.0_191)[\r][\n]"
2019-03-15 07:36:10,783 [Forwarding isElementDisplayed on session ebf5bc0b43e1892a4cd7f8272da29841 to remote] DEBUG org.apache.http.wire - http-outgoing-0 >> "Accept-Encoding: gzip,deflate[\r][\n]"
2019-03-15 07:36:10,783 [Forwarding isElementDisplayed on session ebf5bc0b43e1892a4cd7f8272da29841 to remote] DEBUG org.apache.http.wire - http-outgoing-0 >> "[\r][\n]"
2019-03-15 07:36:10,880 [Forwarding isElementDisplayed on session ebf5bc0b43e1892a4cd7f8272da29841 to remote] DEBUG org.apache.http.wire - http-outgoing-0 << "HTTP/1.1 200 OK[\r][\n]"
2019-03-15 07:36:10,881 [Forwarding isElementDisplayed on session ebf5bc0b43e1892a4cd7f8272da29841 to remote] DEBUG org.apache.http.wire - http-outgoing-0 << "Content-Length:73[\r][\n]"
2019-03-15 07:36:10,881 [Forwarding isElementDisplayed on session ebf5bc0b43e1892a4cd7f8272da29841 to remote] DEBUG org.apache.http.wire - http-outgoing-0 << "Content-Type:application/json; charset=utf-8[\r][\n]"
2019-03-15 07:36:10,881 [Forwarding isElementDisplayed on session ebf5bc0b43e1892a4cd7f8272da29841 to remote] DEBUG org.apache.http.wire - http-outgoing-0 << "[\r][\n]"
2019-03-15 07:36:10,881 [Forwarding isElementDisplayed on session ebf5bc0b43e1892a4cd7f8272da29841 to remote] DEBUG org.apache.http.wire - http-outgoing-0 << "{"sessionId":"ebf5bc0b43e1892a4cd7f8272da29841","status":0,"value":false}"
2019-03-15 07:36:10,881 [Forwarding isElementDisplayed on session ebf5bc0b43e1892a4cd7f8272da29841 to remote] DEBUG org.apache.http.headers - http-outgoing-0 << HTTP/1.1 200 OK
2019-03-15 07:36:10,881 [Forwarding isElementDisplayed on session ebf5bc0b43e1892a4cd7f8272da29841 to remote] DEBUG org.apache.http.headers - http-outgoing-0 << Content-Length:73
2019-03-15 07:36:10,881 [Forwarding isElementDisplayed on session ebf5bc0b43e1892a4cd7f8272da29841 to remote] DEBUG org.apache.http.headers - http-outgoing-0 << Content-Type:application/json; charset=utf-8
2019-03-15 07:36:10,881 [Forwarding isElementDisplayed on session ebf5bc0b43e1892a4cd7f8272da29841 to remote] DEBUG org.apache.http.impl.execchain.MainClientExec - Connection can be kept alive indefinitely
2019-03-15 07:36:10,881 [Forwarding isElementDisplayed on session ebf5bc0b43e1892a4cd7f8272da29841 to remote] DEBUG org.apache.http.impl.conn.PoolingHttpClientConnectionManager - Connection [id: 0][route: {}->http://localhost:26602] can be kept alive indefinitely
2019-03-15 07:36:10,881 [Forwarding isElementDisplayed on session ebf5bc0b43e1892a4cd7f8272da29841 to remote] DEBUG org.apache.http.impl.conn.PoolingHttpClientConnectionManager - Connection released: [id: 0][route: {}->http://localhost:26602][total kept alive: 1; route allocated: 1 of 2000; total allocated: 1 of 2000]
2019-03-15 07:36:11,388 [Forwarding findElement on session ebf5bc0b43e1892a4cd7f8272da29841 to remote] DEBUG org.apache.http.client.protocol.RequestAddCookies - CookieSpec selected: default
2019-03-15 07:36:11,388 [Forwarding findElement on session ebf5bc0b43e1892a4cd7f8272da29841 to remote] DEBUG org.apache.http.client.protocol.RequestAuthCache - Auth cache not set in the context
2019-03-15 07:36:11,388 [Forwarding findElement on session ebf5bc0b43e1892a4cd7f8272da29841 to remote] DEBUG org.apache.http.impl.conn.PoolingHttpClientConnectionManager - Connection request: [route: {}->http://localhost:26602][total kept alive: 1; route allocated: 1 of 2000; total allocated: 1 of 2000]
2019-03-15 07:36:11,388 [Forwarding findElement on session ebf5bc0b43e1892a4cd7f8272da29841 to remote] DEBUG org.apache.http.impl.conn.PoolingHttpClientConnectionManager - Connection leased: [id: 0][route: {}->http://localhost:26602][total kept alive: 0; route allocated: 1 of 2000; total allocated: 1 of 2000]
2019-03-15 07:36:11,388 [Forwarding findElement on session ebf5bc0b43e1892a4cd7f8272da29841 to remote] DEBUG org.apache.http.impl.execchain.MainClientExec - Stale connection check
2019-03-15 07:36:11,389 [Forwarding findElement on session ebf5bc0b43e1892a4cd7f8272da29841 to remote] DEBUG org.apache.http.wire - http-outgoing-0 << "[read] I/O error: Read timed out"
2019-03-15 07:36:11,389 [Forwarding findElement on session ebf5bc0b43e1892a4cd7f8272da29841 to remote] DEBUG org.apache.http.impl.conn.DefaultManagedHttpClientConnection - http-outgoing-0: set socket timeout to 10800000
2019-03-15 07:36:11,389 [Forwarding findElement on session ebf5bc0b43e1892a4cd7f8272da29841 to remote] DEBUG org.apache.http.impl.execchain.MainClientExec - Executing request POST /session/ebf5bc0b43e1892a4cd7f8272da29841/element HTTP/1.1
2019-03-15 07:36:11,389 [Forwarding findElement on session ebf5bc0b43e1892a4cd7f8272da29841 to remote] DEBUG org.apache.http.impl.execchain.MainClientExec - Target auth state: UNCHALLENGED
2019-03-15 07:36:11,389 [Forwarding findElement on session ebf5bc0b43e1892a4cd7f8272da29841 to remote] DEBUG org.apache.http.impl.execchain.MainClientExec - Proxy auth state: UNCHALLENGED
2019-03-15 07:36:11,389 [Forwarding findElement on session ebf5bc0b43e1892a4cd7f8272da29841 to remote] DEBUG org.apache.http.headers - http-outgoing-0 >> POST /session/ebf5bc0b43e1892a4cd7f8272da29841/element HTTP/1.1
2019-03-15 07:36:11,390 [Forwarding findElement on session ebf5bc0b43e1892a4cd7f8272da29841 to remote] DEBUG org.apache.http.headers - http-outgoing-0 >> Content-Type: application/json; charset=utf-8
2019-03-15 07:36:11,390 [Forwarding findElement on session ebf5bc0b43e1892a4cd7f8272da29841 to remote] DEBUG org.apache.http.headers - http-outgoing-0 >> Content-Length: 49
2019-03-15 07:36:11,390 [Forwarding findElement on session ebf5bc0b43e1892a4cd7f8272da29841 to remote] DEBUG org.apache.http.headers - http-outgoing-0 >> Host: localhost:26602
2019-03-15 07:36:11,390 [Forwarding findElement on session ebf5bc0b43e1892a4cd7f8272da29841 to remote] DEBUG org.apache.http.headers - http-outgoing-0 >> Connection: Keep-Alive
2019-03-15 07:36:11,390 [Forwarding findElement on session ebf5bc0b43e1892a4cd7f8272da29841 to remote] DEBUG org.apache.http.headers - http-outgoing-0 >> User-Agent: Apache-HttpClient/4.5.3 (Java/1.8.0_191)
2019-03-15 07:36:11,390 [Forwarding findElement on session ebf5bc0b43e1892a4cd7f8272da29841 to remote] DEBUG org.apache.http.headers - http-outgoing-0 >> Accept-Encoding: gzip,deflate
2019-03-15 07:36:11,390 [Forwarding findElement on session ebf5bc0b43e1892a4cd7f8272da29841 to remote] DEBUG org.apache.http.wire - http-outgoing-0 >> "POST /session/ebf5bc0b43e1892a4cd7f8272da29841/element HTTP/1.1[\r][\n]"
2019-03-15 07:36:11,390 [Forwarding findElement on session ebf5bc0b43e1892a4cd7f8272da29841 to remote] DEBUG org.apache.http.wire - http-outgoing-0 >> "Content-Type: application/json; charset=utf-8[\r][\n]"
2019-03-15 07:36:11,390 [Forwarding findElement on session ebf5bc0b43e1892a4cd7f8272da29841 to remote] DEBUG org.apache.http.wire - http-outgoing-0 >> "Content-Length: 49[\r][\n]"
2019-03-15 07:36:11,390 [Forwarding findElement on session ebf5bc0b43e1892a4cd7f8272da29841 to remote] DEBUG org.apache.http.wire - http-outgoing-0 >> "Host: localhost:26602[\r][\n]"
2019-03-15 07:36:11,390 [Forwarding findElement on session ebf5bc0b43e1892a4cd7f8272da29841 to remote] DEBUG org.apache.http.wire - http-outgoing-0 >> "Connection: Keep-Alive[\r][\n]"
2019-03-15 07:36:11,390 [Forwarding findElement on session ebf5bc0b43e1892a4cd7f8272da29841 to remote] DEBUG org.apache.http.wire - http-outgoing-0 >> "User-Agent: Apache-HttpClient/4.5.3 (Java/1.8.0_191)[\r][\n]"
2019-03-15 07:36:11,390 [Forwarding findElement on session ebf5bc0b43e1892a4cd7f8272da29841 to remote] DEBUG org.apache.http.wire - http-outgoing-0 >> "Accept-Encoding: gzip,deflate[\r][\n]"
2019-03-15 07:36:11,390 [Forwarding findElement on session ebf5bc0b43e1892a4cd7f8272da29841 to remote] DEBUG org.apache.http.wire - http-outgoing-0 >> "[\r][\n]"
2019-03-15 07:36:11,390 [Forwarding findElement on session ebf5bc0b43e1892a4cd7f8272da29841 to remote] DEBUG org.apache.http.wire - http-outgoing-0 >> "{"using":"xpath","value":"//*[@name='password']"}"
2019-03-15 07:36:11,413 [Forwarding findElement on session ebf5bc0b43e1892a4cd7f8272da29841 to remote] DEBUG org.apache.http.wire - http-outgoing-0 << "HTTP/1.1 200 OK[\r][\n]"
2019-03-15 07:36:11,413 [Forwarding findElement on session ebf5bc0b43e1892a4cd7f8272da29841 to remote] DEBUG org.apache.http.wire - http-outgoing-0 << "Content-Length:102[\r][\n]"
2019-03-15 07:36:11,413 [Forwarding findElement on session ebf5bc0b43e1892a4cd7f8272da29841 to remote] DEBUG org.apache.http.wire - http-outgoing-0 << "Content-Type:application/json; charset=utf-8[\r][\n]"
2019-03-15 07:36:11,413 [Forwarding findElement on session ebf5bc0b43e1892a4cd7f8272da29841 to remote] DEBUG org.apache.http.wire - http-outgoing-0 << "[\r][\n]"
2019-03-15 07:36:11,413 [Forwarding findElement on session ebf5bc0b43e1892a4cd7f8272da29841 to remote] DEBUG org.apache.http.wire - http-outgoing-0 << "{"sessionId":"ebf5bc0b43e1892a4cd7f8272da29841","status":0,"value":{"ELEMENT":"0.5793661813061162-1"}}"
2019-03-15 07:36:11,414 [Forwarding findElement on session ebf5bc0b43e1892a4cd7f8272da29841 to remote] DEBUG org.apache.http.headers - http-outgoing-0 << HTTP/1.1 200 OK
2019-03-15 07:36:11,414 [Forwarding findElement on session ebf5bc0b43e1892a4cd7f8272da29841 to remote] DEBUG org.apache.http.headers - http-outgoing-0 << Content-Length:102
2019-03-15 07:36:11,414 [Forwarding findElement on session ebf5bc0b43e1892a4cd7f8272da29841 to remote] DEBUG org.apache.http.headers - http-outgoing-0 << Content-Type:application/json; charset=utf-8
2019-03-15 07:36:11,414 [Forwarding findElement on session ebf5bc0b43e1892a4cd7f8272da29841 to remote] DEBUG org.apache.http.impl.execchain.MainClientExec - Connection can be kept alive indefinitely
2019-03-15 07:36:11,414 [Forwarding findElement on session ebf5bc0b43e1892a4cd7f8272da29841 to remote] DEBUG org.apache.http.impl.conn.PoolingHttpClientConnectionManager - Connection [id: 0][route: {}->http://localhost:26602] can be kept alive indefinitely
2019-03-15 07:36:11,414 [Forwarding findElement on session ebf5bc0b43e1892a4cd7f8272da29841 to remote] DEBUG org.apache.http.impl.conn.PoolingHttpClientConnectionManager - Connection released: [id: 0][route: {}->http://localhost:26602][total kept alive: 1; route allocated: 1 of 2000; total allocated: 1 of 2000]
2019-03-15 07:36:11,418 [Forwarding isElementDisplayed on session ebf5bc0b43e1892a4cd7f8272da29841 to remote] DEBUG org.apache.http.client.protocol.RequestAddCookies - CookieSpec selected: default
2019-03-15 07:36:11,418 [Forwarding isElementDisplayed on session ebf5bc0b43e1892a4cd7f8272da29841 to remote] DEBUG org.apache.http.client.protocol.RequestAuthCache - Auth cache not set in the context
2019-03-15 07:36:11,418 [Forwarding isElementDisplayed on session ebf5bc0b43e1892a4cd7f8272da29841 to remote] DEBUG org.apache.http.impl.conn.PoolingHttpClientConnectionManager - Connection request: [route: {}->http://localhost:26602][total kept alive: 1; route allocated: 1 of 2000; total allocated: 1 of 2000]
2019-03-15 07:36:11,418 [Forwarding isElementDisplayed on session ebf5bc0b43e1892a4cd7f8272da29841 to remote] DEBUG org.apache.http.impl.conn.PoolingHttpClientConnectionManager - Connection leased: [id: 0][route: {}->http://localhost:26602][total kept alive: 0; route allocated: 1 of 2000; total allocated: 1 of 2000]
2019-03-15 07:36:11,418 [Forwarding isElementDisplayed on session ebf5bc0b43e1892a4cd7f8272da29841 to remote] DEBUG org.apache.http.impl.execchain.MainClientExec - Stale connection check
2019-03-15 07:36:11,419 [Forwarding isElementDisplayed on session ebf5bc0b43e1892a4cd7f8272da29841 to remote] DEBUG org.apache.http.wire - http-outgoing-0 << "[read] I/O error: Read timed out"
2019-03-15 07:36:11,419 [Forwarding isElementDisplayed on session ebf5bc0b43e1892a4cd7f8272da29841 to remote] DEBUG org.apache.http.impl.conn.DefaultManagedHttpClientConnection - http-outgoing-0: set socket timeout to 10800000
2019-03-15 07:36:11,419 [Forwarding isElementDisplayed on session ebf5bc0b43e1892a4cd7f8272da29841 to remote] DEBUG org.apache.http.impl.execchain.MainClientExec - Executing request GET /session/ebf5bc0b43e1892a4cd7f8272da29841/element/0.5793661813061162-1/displayed HTTP/1.1
2019-03-15 07:36:11,419 [Forwarding isElementDisplayed on session ebf5bc0b43e1892a4cd7f8272da29841 to remote] DEBUG org.apache.http.impl.execchain.MainClientExec - Target auth state: UNCHALLENGED
2019-03-15 07:36:11,419 [Forwarding isElementDisplayed on session ebf5bc0b43e1892a4cd7f8272da29841 to remote] DEBUG org.apache.http.impl.execchain.MainClientExec - Proxy auth state: UNCHALLENGED
2019-03-15 07:36:11,419 [Forwarding isElementDisplayed on session ebf5bc0b43e1892a4cd7f8272da29841 to remote] DEBUG org.apache.http.headers - http-outgoing-0 >> GET /session/ebf5bc0b43e1892a4cd7f8272da29841/element/0.5793661813061162-1/displayed HTTP/1.1
2019-03-15 07:36:11,419 [Forwarding isElementDisplayed on session ebf5bc0b43e1892a4cd7f8272da29841 to remote] DEBUG org.apache.http.headers - http-outgoing-0 >> Cache-Control: no-cache
2019-03-15 07:36:11,419 [Forwarding isElementDisplayed on session ebf5bc0b43e1892a4cd7f8272da29841 to remote] DEBUG org.apache.http.headers - http-outgoing-0 >> Host: localhost:26602
2019-03-15 07:36:11,419 [Forwarding isElementDisplayed on session ebf5bc0b43e1892a4cd7f8272da29841 to remote] DEBUG org.apache.http.headers - http-outgoing-0 >> Connection: Keep-Alive
2019-03-15 07:36:11,419 [Forwarding isElementDisplayed on session ebf5bc0b43e1892a4cd7f8272da29841 to remote] DEBUG org.apache.http.headers - http-outgoing-0 >> User-Agent: Apache-HttpClient/4.5.3 (Java/1.8.0_191)
2019-03-15 07:36:11,419 [Forwarding isElementDisplayed on session ebf5bc0b43e1892a4cd7f8272da29841 to remote] DEBUG org.apache.http.headers - http-outgoing-0 >> Accept-Encoding: gzip,deflate
2019-03-15 07:36:11,419 [Forwarding isElementDisplayed on session ebf5bc0b43e1892a4cd7f8272da29841 to remote] DEBUG org.apache.http.wire - http-outgoing-0 >> "GET /session/ebf5bc0b43e1892a4cd7f8272da29841/element/0.5793661813061162-1/displayed HTTP/1.1[\r][\n]"
2019-03-15 07:36:11,419 [Forwarding isElementDisplayed on session ebf5bc0b43e1892a4cd7f8272da29841 to remote] DEBUG org.apache.http.wire - http-outgoing-0 >> "Cache-Control: no-cache[\r][\n]"
2019-03-15 07:36:11,419 [Forwarding isElementDisplayed on session ebf5bc0b43e1892a4cd7f8272da29841 to remote] DEBUG org.apache.http.wire - http-outgoing-0 >> "Host: localhost:26602[\r][\n]"
2019-03-15 07:36:11,419 [Forwarding isElementDisplayed on session ebf5bc0b43e1892a4cd7f8272da29841 to remote] DEBUG org.apache.http.wire - http-outgoing-0 >> "Connection: Keep-Alive[\r][\n]"
2019-03-15 07:36:11,419 [Forwarding isElementDisplayed on session ebf5bc0b43e1892a4cd7f8272da29841 to remote] DEBUG org.apache.http.wire - http-outgoing-0 >> "User-Agent: Apache-HttpClient/4.5.3 (Java/1.8.0_191)[\r][\n]"
2019-03-15 07:36:11,419 [Forwarding isElementDisplayed on session ebf5bc0b43e1892a4cd7f8272da29841 to remote] DEBUG org.apache.http.wire - http-outgoing-0 >> "Accept-Encoding: gzip,deflate[\r][\n]"
2019-03-15 07:36:11,419 [Forwarding isElementDisplayed on session ebf5bc0b43e1892a4cd7f8272da29841 to remote] DEBUG org.apache.http.wire - http-outgoing-0 >> "[\r][\n]"
2019-03-15 07:36:11,438 [Forwarding isElementDisplayed on session ebf5bc0b43e1892a4cd7f8272da29841 to remote] DEBUG org.apache.http.wire - http-outgoing-0 << "HTTP/1.1 200 OK[\r][\n]"
2019-03-15 07:36:11,439 [Forwarding isElementDisplayed on session ebf5bc0b43e1892a4cd7f8272da29841 to remote] DEBUG org.apache.http.wire - http-outgoing-0 << "Content-Length:73[\r][\n]"
2019-03-15 07:36:11,439 [Forwarding isElementDisplayed on session ebf5bc0b43e1892a4cd7f8272da29841 to remote] DEBUG org.apache.http.wire - http-outgoing-0 << "Content-Type:application/json; charset=utf-8[\r][\n]"
2019-03-15 07:36:11,439 [Forwarding isElementDisplayed on session ebf5bc0b43e1892a4cd7f8272da29841 to remote] DEBUG org.apache.http.wire - http-outgoing-0 << "[\r][\n]"
2019-03-15 07:36:11,439 [Forwarding isElementDisplayed on session ebf5bc0b43e1892a4cd7f8272da29841 to remote] DEBUG org.apache.http.wire - http-outgoing-0 << "{"sessionId":"ebf5bc0b43e1892a4cd7f8272da29841","status":0,"value":false}"
2019-03-15 07:36:11,439 [Forwarding isElementDisplayed on session ebf5bc0b43e1892a4cd7f8272da29841 to remote] DEBUG org.apache.http.headers - http-outgoing-0 << HTTP/1.1 200 OK
2019-03-15 07:36:11,439 [Forwarding isElementDisplayed on session ebf5bc0b43e1892a4cd7f8272da29841 to remote] DEBUG org.apache.http.headers - http-outgoing-0 << Content-Length:73
2019-03-15 07:36:11,439 [Forwarding isElementDisplayed on session ebf5bc0b43e1892a4cd7f8272da29841 to remote] DEBUG org.apache.http.headers - http-outgoing-0 << Content-Type:application/json; charset=utf-8
2019-03-15 07:36:11,439 [Forwarding isElementDisplayed on session ebf5bc0b43e1892a4cd7f8272da29841 to remote] DEBUG org.apache.http.impl.execchain.MainClientExec - Connection can be kept alive indefinitely
2019-03-15 07:36:11,440 [Forwarding isElementDisplayed on session ebf5bc0b43e1892a4cd7f8272da29841 to remote] DEBUG org.apache.http.impl.conn.PoolingHttpClientConnectionManager - Connection [id: 0][route: {}->http://localhost:26602] can be kept alive indefinitely
2019-03-15 07:36:11,440 [Forwarding isElementDisplayed on session ebf5bc0b43e1892a4cd7f8272da29841 to remote] DEBUG org.apache.http.impl.conn.PoolingHttpClientConnectionManager - Connection released: [id: 0][route: {}->http://localhost:26602][total kept alive: 1; route allocated: 1 of 2000; total allocated: 1 of 2000]
2019-03-15 07:36:11,946 [Forwarding findElement on session ebf5bc0b43e1892a4cd7f8272da29841 to remote] DEBUG org.apache.http.client.protocol.RequestAddCookies - CookieSpec selected: default
2019-03-15 07:36:11,946 [Forwarding findElement on session ebf5bc0b43e1892a4cd7f8272da29841 to remote] DEBUG org.apache.http.client.protocol.RequestAuthCache - Auth cache not set in the context
2019-03-15 07:36:11,946 [Forwarding findElement on session ebf5bc0b43e1892a4cd7f8272da29841 to remote] DEBUG org.apache.http.impl.conn.PoolingHttpClientConnectionManager - Connection request: [route: {}->http://localhost:26602][total kept alive: 1; route allocated: 1 of 2000; total allocated: 1 of 2000]
2019-03-15 07:36:11,946 [Forwarding findElement on session ebf5bc0b43e1892a4cd7f8272da29841 to remote] DEBUG org.apache.http.impl.conn.PoolingHttpClientConnectionManager - Connection leased: [id: 0][route: {}->http://localhost:26602][total kept alive: 0; route allocated: 1 of 2000; total allocated: 1 of 2000]
2019-03-15 07:36:11,946 [Forwarding findElement on session ebf5bc0b43e1892a4cd7f8272da29841 to remote] DEBUG org.apache.http.impl.execchain.MainClientExec - Stale connection check
2019-03-15 07:36:11,947 [Forwarding findElement on session ebf5bc0b43e1892a4cd7f8272da29841 to remote] DEBUG org.apache.http.wire - http-outgoing-0 << "[read] I/O error: Read timed out"
2019-03-15 07:36:11,947 [Forwarding findElement on session ebf5bc0b43e1892a4cd7f8272da29841 to remote] DEBUG org.apache.http.impl.conn.DefaultManagedHttpClientConnection - http-outgoing-0: set socket timeout to 10800000
2019-03-15 07:36:11,947 [Forwarding findElement on session ebf5bc0b43e1892a4cd7f8272da29841 to remote] DEBUG org.apache.http.impl.execchain.MainClientExec - Executing request POST /session/ebf5bc0b43e1892a4cd7f8272da29841/element HTTP/1.1
2019-03-15 07:36:11,947 [Forwarding findElement on session ebf5bc0b43e1892a4cd7f8272da29841 to remote] DEBUG org.apache.http.impl.execchain.MainClientExec - Target auth state: UNCHALLENGED
2019-03-15 07:36:11,947 [Forwarding findElement on session ebf5bc0b43e1892a4cd7f8272da29841 to remote] DEBUG org.apache.http.impl.execchain.MainClientExec - Proxy auth state: UNCHALLENGED
2019-03-15 07:36:11,947 [Forwarding findElement on session ebf5bc0b43e1892a4cd7f8272da29841 to remote] DEBUG org.apache.http.headers - http-outgoing-0 >> POST /session/ebf5bc0b43e1892a4cd7f8272da29841/element HTTP/1.1
2019-03-15 07:36:11,947 [Forwarding findElement on session ebf5bc0b43e1892a4cd7f8272da29841 to remote] DEBUG org.apache.http.headers - http-outgoing-0 >> Content-Type: application/json; charset=utf-8
2019-03-15 07:36:11,947 [Forwarding findElement on session ebf5bc0b43e1892a4cd7f8272da29841 to remote] DEBUG org.apache.http.headers - http-outgoing-0 >> Content-Length: 49
2019-03-15 07:36:11,947 [Forwarding findElement on session ebf5bc0b43e1892a4cd7f8272da29841 to remote] DEBUG org.apache.http.headers - http-outgoing-0 >> Host: localhost:26602
2019-03-15 07:36:11,947 [Forwarding findElement on session ebf5bc0b43e1892a4cd7f8272da29841 to remote] DEBUG org.apache.http.headers - http-outgoing-0 >> Connection: Keep-Alive
2019-03-15 07:36:11,947 [Forwarding findElement on session ebf5bc0b43e1892a4cd7f8272da29841 to remote] DEBUG org.apache.http.headers - http-outgoing-0 >> User-Agent: Apache-HttpClient/4.5.3 (Java/1.8.0_191)
2019-03-15 07:36:11,947 [Forwarding findElement on session ebf5bc0b43e1892a4cd7f8272da29841 to remote] DEBUG org.apache.http.headers - http-outgoing-0 >> Accept-Encoding: gzip,deflate
2019-03-15 07:36:11,947 [Forwarding findElement on session ebf5bc0b43e1892a4cd7f8272da29841 to remote] DEBUG org.apache.http.wire - http-outgoing-0 >> "POST /session/ebf5bc0b43e1892a4cd7f8272da29841/element HTTP/1.1[\r][\n]"
2019-03-15 07:36:11,947 [Forwarding findElement on session ebf5bc0b43e1892a4cd7f8272da29841 to remote] DEBUG org.apache.http.wire - http-outgoing-0 >> "Content-Type: application/json; charset=utf-8[\r][\n]"
2019-03-15 07:36:11,947 [Forwarding findElement on session ebf5bc0b43e1892a4cd7f8272da29841 to remote] DEBUG org.apache.http.wire - http-outgoing-0 >> "Content-Length: 49[\r][\n]"
2019-03-15 07:36:11,947 [Forwarding findElement on session ebf5bc0b43e1892a4cd7f8272da29841 to remote] DEBUG org.apache.http.wire - http-outgoing-0 >> "Host: localhost:26602[\r][\n]"
2019-03-15 07:36:11,947 [Forwarding findElement on session ebf5bc0b43e1892a4cd7f8272da29841 to remote] DEBUG org.apache.http.wire - http-outgoing-0 >> "Connection: Keep-Alive[\r][\n]"
2019-03-15 07:36:11,947 [Forwarding findElement on session ebf5bc0b43e1892a4cd7f8272da29841 to remote] DEBUG org.apache.http.wire - http-outgoing-0 >> "User-Agent: Apache-HttpClient/4.5.3 (Java/1.8.0_191)[\r][\n]"
2019-03-15 07:36:11,947 [Forwarding findElement on session ebf5bc0b43e1892a4cd7f8272da29841 to remote] DEBUG org.apache.http.wire - http-outgoing-0 >> "Accept-Encoding: gzip,deflate[\r][\n]"
2019-03-15 07:36:11,947 [Forwarding findElement on session ebf5bc0b43e1892a4cd7f8272da29841 to remote] DEBUG org.apache.http.wire - http-outgoing-0 >> "[\r][\n]"
2019-03-15 07:36:11,947 [Forwarding findElement on session ebf5bc0b43e1892a4cd7f8272da29841 to remote] DEBUG org.apache.http.wire - http-outgoing-0 >> "{"using":"xpath","value":"//*[@name='password']"}"
2019-03-15 07:36:11,979 [Forwarding findElement on session ebf5bc0b43e1892a4cd7f8272da29841 to remote] DEBUG org.apache.http.wire - http-outgoing-0 << "HTTP/1.1 200 OK[\r][\n]"
2019-03-15 07:36:11,979 [Forwarding findElement on session ebf5bc0b43e1892a4cd7f8272da29841 to remote] DEBUG org.apache.http.wire - http-outgoing-0 << "Content-Length:102[\r][\n]"
2019-03-15 07:36:11,979 [Forwarding findElement on session ebf5bc0b43e1892a4cd7f8272da29841 to remote] DEBUG org.apache.http.wire - http-outgoing-0 << "Content-Type:application/json; charset=utf-8[\r][\n]"
2019-03-15 07:36:11,979 [Forwarding findElement on session ebf5bc0b43e1892a4cd7f8272da29841 to remote] DEBUG org.apache.http.wire - http-outgoing-0 << "[\r][\n]"
2019-03-15 07:36:11,979 [Forwarding findElement on session ebf5bc0b43e1892a4cd7f8272da29841 to remote] DEBUG org.apache.http.wire - http-outgoing-0 << "{"sessionId":"ebf5bc0b43e1892a4cd7f8272da29841","status":0,"value":{"ELEMENT":"0.5793661813061162-1"}}"
2019-03-15 07:36:11,979 [Forwarding findElement on session ebf5bc0b43e1892a4cd7f8272da29841 to remote] DEBUG org.apache.http.headers - http-outgoing-0 << HTTP/1.1 200 OK
2019-03-15 07:36:11,979 [Forwarding findElement on session ebf5bc0b43e1892a4cd7f8272da29841 to remote] DEBUG org.apache.http.headers - http-outgoing-0 << Content-Length:102
2019-03-15 07:36:11,979 [Forwarding findElement on session ebf5bc0b43e1892a4cd7f8272da29841 to remote] DEBUG org.apache.http.headers - http-outgoing-0 << Content-Type:application/json; charset=utf-8
2019-03-15 07:36:11,979 [Forwarding findElement on session ebf5bc0b43e1892a4cd7f8272da29841 to remote] DEBUG org.apache.http.impl.execchain.MainClientExec - Connection can be kept alive indefinitely
2019-03-15 07:36:11,980 [Forwarding findElement on session ebf5bc0b43e1892a4cd7f8272da29841 to remote] DEBUG org.apache.http.impl.conn.PoolingHttpClientConnectionManager - Connection [id: 0][route: {}->http://localhost:26602] can be kept alive indefinitely
2019-03-15 07:36:11,980 [Forwarding findElement on session ebf5bc0b43e1892a4cd7f8272da29841 to remote] DEBUG org.apache.http.impl.conn.PoolingHttpClientConnectionManager - Connection released: [id: 0][route: {}->http://localhost:26602][total kept alive: 1; route allocated: 1 of 2000; total allocated: 1 of 2000]
2019-03-15 07:36:11,983 [Forwarding isElementDisplayed on session ebf5bc0b43e1892a4cd7f8272da29841 to remote] DEBUG org.apache.http.client.protocol.RequestAddCookies - CookieSpec selected: default
2019-03-15 07:36:11,983 [Forwarding isElementDisplayed on session ebf5bc0b43e1892a4cd7f8272da29841 to remote] DEBUG org.apache.http.client.protocol.RequestAuthCache - Auth cache not set in the context
2019-03-15 07:36:11,983 [Forwarding isElementDisplayed on session ebf5bc0b43e1892a4cd7f8272da29841 to remote] DEBUG org.apache.http.impl.conn.PoolingHttpClientConnectionManager - Connection request: [route: {}->http://localhost:26602][total kept alive: 1; route allocated: 1 of 2000; total allocated: 1 of 2000]
2019-03-15 07:36:11,983 [Forwarding isElementDisplayed on session ebf5bc0b43e1892a4cd7f8272da29841 to remote] DEBUG org.apache.http.impl.conn.PoolingHttpClientConnectionManager - Connection leased: [id: 0][route: {}->http://localhost:26602][total kept alive: 0; route allocated: 1 of 2000; total allocated: 1 of 2000]
2019-03-15 07:36:11,983 [Forwarding isElementDisplayed on session ebf5bc0b43e1892a4cd7f8272da29841 to remote] DEBUG org.apache.http.impl.execchain.MainClientExec - Stale connection check
2019-03-15 07:36:11,984 [Forwarding isElementDisplayed on session ebf5bc0b43e1892a4cd7f8272da29841 to remote] DEBUG org.apache.http.wire - http-outgoing-0 << "[read] I/O error: Read timed out"
2019-03-15 07:36:11,984 [Forwarding isElementDisplayed on session ebf5bc0b43e1892a4cd7f8272da29841 to remote] DEBUG org.apache.http.impl.conn.DefaultManagedHttpClientConnection - http-outgoing-0: set socket timeout to 10800000
2019-03-15 07:36:11,984 [Forwarding isElementDisplayed on session ebf5bc0b43e1892a4cd7f8272da29841 to remote] DEBUG org.apache.http.impl.execchain.MainClientExec - Executing request GET /session/ebf5bc0b43e1892a4cd7f8272da29841/element/0.5793661813061162-1/displayed HTTP/1.1
2019-03-15 07:36:11,984 [Forwarding isElementDisplayed on session ebf5bc0b43e1892a4cd7f8272da29841 to remote] DEBUG org.apache.http.impl.execchain.MainClientExec - Target auth state: UNCHALLENGED
2019-03-15 07:36:11,984 [Forwarding isElementDisplayed on session ebf5bc0b43e1892a4cd7f8272da29841 to remote] DEBUG org.apache.http.impl.execchain.MainClientExec - Proxy auth state: UNCHALLENGED
2019-03-15 07:36:11,984 [Forwarding isElementDisplayed on session ebf5bc0b43e1892a4cd7f8272da29841 to remote] DEBUG org.apache.http.headers - http-outgoing-0 >> GET /session/ebf5bc0b43e1892a4cd7f8272da29841/element/0.5793661813061162-1/displayed HTTP/1.1
2019-03-15 07:36:11,984 [Forwarding isElementDisplayed on session ebf5bc0b43e1892a4cd7f8272da29841 to remote] DEBUG org.apache.http.headers - http-outgoing-0 >> Cache-Control: no-cache
2019-03-15 07:36:11,984 [Forwarding isElementDisplayed on session ebf5bc0b43e1892a4cd7f8272da29841 to remote] DEBUG org.apache.http.headers - http-outgoing-0 >> Host: localhost:26602
2019-03-15 07:36:11,984 [Forwarding isElementDisplayed on session ebf5bc0b43e1892a4cd7f8272da29841 to remote] DEBUG org.apache.http.headers - http-outgoing-0 >> Connection: Keep-Alive
2019-03-15 07:36:11,984 [Forwarding isElementDisplayed on session ebf5bc0b43e1892a4cd7f8272da29841 to remote] DEBUG org.apache.http.headers - http-outgoing-0 >> User-Agent: Apache-HttpClient/4.5.3 (Java/1.8.0_191)
2019-03-15 07:36:11,984 [Forwarding isElementDisplayed on session ebf5bc0b43e1892a4cd7f8272da29841 to remote] DEBUG org.apache.http.headers - http-outgoing-0 >> Accept-Encoding: gzip,deflate
2019-03-15 07:36:11,984 [Forwarding isElementDisplayed on session ebf5bc0b43e1892a4cd7f8272da29841 to remote] DEBUG org.apache.http.wire - http-outgoing-0 >> "GET /session/ebf5bc0b43e1892a4cd7f8272da29841/element/0.5793661813061162-1/displayed HTTP/1.1[\r][\n]"
2019-03-15 07:36:11,984 [Forwarding isElementDisplayed on session ebf5bc0b43e1892a4cd7f8272da29841 to remote] DEBUG org.apache.http.wire - http-outgoing-0 >> "Cache-Control: no-cache[\r][\n]"
2019-03-15 07:36:11,984 [Forwarding isElementDisplayed on session ebf5bc0b43e1892a4cd7f8272da29841 to remote] DEBUG org.apache.http.wire - http-outgoing-0 >> "Host: localhost:26602[\r][\n]"
2019-03-15 07:36:11,984 [Forwarding isElementDisplayed on session ebf5bc0b43e1892a4cd7f8272da29841 to remote] DEBUG org.apache.http.wire - http-outgoing-0 >> "Connection: Keep-Alive[\r][\n]"
2019-03-15 07:36:11,984 [Forwarding isElementDisplayed on session ebf5bc0b43e1892a4cd7f8272da29841 to remote] DEBUG org.apache.http.wire - http-outgoing-0 >> "User-Agent: Apache-HttpClient/4.5.3 (Java/1.8.0_191)[\r][\n]"
2019-03-15 07:36:11,984 [Forwarding isElementDisplayed on session ebf5bc0b43e1892a4cd7f8272da29841 to remote] DEBUG org.apache.http.wire - http-outgoing-0 >> "Accept-Encoding: gzip,deflate[\r][\n]"
2019-03-15 07:36:11,984 [Forwarding isElementDisplayed on session ebf5bc0b43e1892a4cd7f8272da29841 to remote] DEBUG org.apache.http.wire - http-outgoing-0 >> "[\r][\n]"
2019-03-15 07:36:12,012 [Forwarding isElementDisplayed on session ebf5bc0b43e1892a4cd7f8272da29841 to remote] DEBUG org.apache.http.wire - http-outgoing-0 << "HTTP/1.1 200 OK[\r][\n]"
2019-03-15 07:36:12,012 [Forwarding isElementDisplayed on session ebf5bc0b43e1892a4cd7f8272da29841 to remote] DEBUG org.apache.http.wire - http-outgoing-0 << "Content-Length:73[\r][\n]"
2019-03-15 07:36:12,012 [Forwarding isElementDisplayed on session ebf5bc0b43e1892a4cd7f8272da29841 to remote] DEBUG org.apache.http.wire - http-outgoing-0 << "Content-Type:application/json; charset=utf-8[\r][\n]"
2019-03-15 07:36:12,012 [Forwarding isElementDisplayed on session ebf5bc0b43e1892a4cd7f8272da29841 to remote] DEBUG org.apache.http.wire - http-outgoing-0 << "[\r][\n]"
2019-03-15 07:36:12,013 [Forwarding isElementDisplayed on session ebf5bc0b43e1892a4cd7f8272da29841 to remote] DEBUG org.apache.http.wire - http-outgoing-0 << "{"sessionId":"ebf5bc0b43e1892a4cd7f8272da29841","status":0,"value":false}"
2019-03-15 07:36:12,013 [Forwarding isElementDisplayed on session ebf5bc0b43e1892a4cd7f8272da29841 to remote] DEBUG org.apache.http.headers - http-outgoing-0 << HTTP/1.1 200 OK
2019-03-15 07:36:12,013 [Forwarding isElementDisplayed on session ebf5bc0b43e1892a4cd7f8272da29841 to remote] DEBUG org.apache.http.headers - http-outgoing-0 << Content-Length:73
2019-03-15 07:36:12,013 [Forwarding isElementDisplayed on session ebf5bc0b43e1892a4cd7f8272da29841 to remote] DEBUG org.apache.http.headers - http-outgoing-0 << Content-Type:application/json; charset=utf-8
2019-03-15 07:36:12,013 [Forwarding isElementDisplayed on session ebf5bc0b43e1892a4cd7f8272da29841 to remote] DEBUG org.apache.http.impl.execchain.MainClientExec - Connection can be kept alive indefinitely
2019-03-15 07:36:12,013 [Forwarding isElementDisplayed on session ebf5bc0b43e1892a4cd7f8272da29841 to remote] DEBUG org.apache.http.impl.conn.PoolingHttpClientConnectionManager - Connection [id: 0][route: {}->http://localhost:26602] can be kept alive indefinitely
2019-03-15 07:36:12,013 [Forwarding isElementDisplayed on session ebf5bc0b43e1892a4cd7f8272da29841 to remote] DEBUG org.apache.http.impl.conn.PoolingHttpClientConnectionManager - Connection released: [id: 0][route: {}->http://localhost:26602][total kept alive: 1; route allocated: 1 of 2000; total allocated: 1 of 2000]
2019-03-15 07:36:12,520 [Forwarding findElement on session ebf5bc0b43e1892a4cd7f8272da29841 to remote] DEBUG org.apache.http.client.protocol.RequestAddCookies - CookieSpec selected: default
2019-03-15 07:36:12,520 [Forwarding findElement on session ebf5bc0b43e1892a4cd7f8272da29841 to remote] DEBUG org.apache.http.client.protocol.RequestAuthCache - Auth cache not set in the context
2019-03-15 07:36:12,520 [Forwarding findElement on session ebf5bc0b43e1892a4cd7f8272da29841 to remote] DEBUG org.apache.http.impl.conn.PoolingHttpClientConnectionManager - Connection request: [route: {}->http://localhost:26602][total kept alive: 1; route allocated: 1 of 2000; total allocated: 1 of 2000]
2019-03-15 07:36:12,520 [Forwarding findElement on session ebf5bc0b43e1892a4cd7f8272da29841 to remote] DEBUG org.apache.http.impl.conn.PoolingHttpClientConnectionManager - Connection leased: [id: 0][route: {}->http://localhost:26602][total kept alive: 0; route allocated: 1 of 2000; total allocated: 1 of 2000]
2019-03-15 07:36:12,520 [Forwarding findElement on session ebf5bc0b43e1892a4cd7f8272da29841 to remote] DEBUG org.apache.http.impl.execchain.MainClientExec - Stale connection check
2019-03-15 07:36:12,521 [Forwarding findElement on session ebf5bc0b43e1892a4cd7f8272da29841 to remote] DEBUG org.apache.http.wire - http-outgoing-0 << "[read] I/O error: Read timed out"
2019-03-15 07:36:12,521 [Forwarding findElement on session ebf5bc0b43e1892a4cd7f8272da29841 to remote] DEBUG org.apache.http.impl.conn.DefaultManagedHttpClientConnection - http-outgoing-0: set socket timeout to 10800000
2019-03-15 07:36:12,521 [Forwarding findElement on session ebf5bc0b43e1892a4cd7f8272da29841 to remote] DEBUG org.apache.http.impl.execchain.MainClientExec - Executing request POST /session/ebf5bc0b43e1892a4cd7f8272da29841/element HTTP/1.1
2019-03-15 07:36:12,521 [Forwarding findElement on session ebf5bc0b43e1892a4cd7f8272da29841 to remote] DEBUG org.apache.http.impl.execchain.MainClientExec - Target auth state: UNCHALLENGED
2019-03-15 07:36:12,521 [Forwarding findElement on session ebf5bc0b43e1892a4cd7f8272da29841 to remote] DEBUG org.apache.http.impl.execchain.MainClientExec - Proxy auth state: UNCHALLENGED
2019-03-15 07:36:12,521 [Forwarding findElement on session ebf5bc0b43e1892a4cd7f8272da29841 to remote] DEBUG org.apache.http.headers - http-outgoing-0 >> POST /session/ebf5bc0b43e1892a4cd7f8272da29841/element HTTP/1.1
2019-03-15 07:36:12,521 [Forwarding findElement on session ebf5bc0b43e1892a4cd7f8272da29841 to remote] DEBUG org.apache.http.headers - http-outgoing-0 >> Content-Type: application/json; charset=utf-8
2019-03-15 07:36:12,521 [Forwarding findElement on session ebf5bc0b43e1892a4cd7f8272da29841 to remote] DEBUG org.apache.http.headers - http-outgoing-0 >> Content-Length: 49
2019-03-15 07:36:12,521 [Forwarding findElement on session ebf5bc0b43e1892a4cd7f8272da29841 to remote] DEBUG org.apache.http.headers - http-outgoing-0 >> Host: localhost:26602
2019-03-15 07:36:12,521 [Forwarding findElement on session ebf5bc0b43e1892a4cd7f8272da29841 to remote] DEBUG org.apache.http.headers - http-outgoing-0 >> Connection: Keep-Alive
2019-03-15 07:36:12,521 [Forwarding findElement on session ebf5bc0b43e1892a4cd7f8272da29841 to remote] DEBUG org.apache.http.headers - http-outgoing-0 >> User-Agent: Apache-HttpClient/4.5.3 (Java/1.8.0_191)
2019-03-15 07:36:12,521 [Forwarding findElement on session ebf5bc0b43e1892a4cd7f8272da29841 to remote] DEBUG org.apache.http.headers - http-outgoing-0 >> Accept-Encoding: gzip,deflate
2019-03-15 07:36:12,521 [Forwarding findElement on session ebf5bc0b43e1892a4cd7f8272da29841 to remote] DEBUG org.apache.http.wire - http-outgoing-0 >> "POST /session/ebf5bc0b43e1892a4cd7f8272da29841/element HTTP/1.1[\r][\n]"
2019-03-15 07:36:12,521 [Forwarding findElement on session ebf5bc0b43e1892a4cd7f8272da29841 to remote] DEBUG org.apache.http.wire - http-outgoing-0 >> "Content-Type: application/json; charset=utf-8[\r][\n]"
2019-03-15 07:36:12,521 [Forwarding findElement on session ebf5bc0b43e1892a4cd7f8272da29841 to remote] DEBUG org.apache.http.wire - http-outgoing-0 >> "Content-Length: 49[\r][\n]"
2019-03-15 07:36:12,521 [Forwarding findElement on session ebf5bc0b43e1892a4cd7f8272da29841 to remote] DEBUG org.apache.http.wire - http-outgoing-0 >> "Host: localhost:26602[\r][\n]"
2019-03-15 07:36:12,521 [Forwarding findElement on session ebf5bc0b43e1892a4cd7f8272da29841 to remote] DEBUG org.apache.http.wire - http-outgoing-0 >> "Connection: Keep-Alive[\r][\n]"
2019-03-15 07:36:12,521 [Forwarding findElement on session ebf5bc0b43e1892a4cd7f8272da29841 to remote] DEBUG org.apache.http.wire - http-outgoing-0 >> "User-Agent: Apache-HttpClient/4.5.3 (Java/1.8.0_191)[\r][\n]"
2019-03-15 07:36:12,521 [Forwarding findElement on session ebf5bc0b43e1892a4cd7f8272da29841 to remote] DEBUG org.apache.http.wire - http-outgoing-0 >> "Accept-Encoding: gzip,deflate[\r][\n]"
2019-03-15 07:36:12,522 [Forwarding findElement on session ebf5bc0b43e1892a4cd7f8272da29841 to remote] DEBUG org.apache.http.wire - http-outgoing-0 >> "[\r][\n]"
2019-03-15 07:36:12,522 [Forwarding findElement on session ebf5bc0b43e1892a4cd7f8272da29841 to remote] DEBUG org.apache.http.wire - http-outgoing-0 >> "{"using":"xpath","value":"//*[@name='password']"}"
2019-03-15 07:36:12,709 [Forwarding findElement on session ebf5bc0b43e1892a4cd7f8272da29841 to remote] DEBUG org.apache.http.wire - http-outgoing-0 << "HTTP/1.1 200 OK[\r][\n]"
2019-03-15 07:36:12,709 [Forwarding findElement on session ebf5bc0b43e1892a4cd7f8272da29841 to remote] DEBUG org.apache.http.wire - http-outgoing-0 << "Content-Length:102[\r][\n]"
2019-03-15 07:36:12,709 [Forwarding findElement on session ebf5bc0b43e1892a4cd7f8272da29841 to remote] DEBUG org.apache.http.wire - http-outgoing-0 << "Content-Type:application/json; charset=utf-8[\r][\n]"
2019-03-15 07:36:12,709 [Forwarding findElement on session ebf5bc0b43e1892a4cd7f8272da29841 to remote] DEBUG org.apache.http.wire - http-outgoing-0 << "[\r][\n]"
2019-03-15 07:36:12,709 [Forwarding findElement on session ebf5bc0b43e1892a4cd7f8272da29841 to remote] DEBUG org.apache.http.wire - http-outgoing-0 << "{"sessionId":"ebf5bc0b43e1892a4cd7f8272da29841","status":0,"value":{"ELEMENT":"0.5793661813061162-1"}}"
2019-03-15 07:36:12,711 [Forwarding findElement on session ebf5bc0b43e1892a4cd7f8272da29841 to remote] DEBUG org.apache.http.headers - http-outgoing-0 << HTTP/1.1 200 OK
2019-03-15 07:36:12,711 [Forwarding findElement on session ebf5bc0b43e1892a4cd7f8272da29841 to remote] DEBUG org.apache.http.headers - http-outgoing-0 << Content-Length:102
2019-03-15 07:36:12,711 [Forwarding findElement on session ebf5bc0b43e1892a4cd7f8272da29841 to remote] DEBUG org.apache.http.headers - http-outgoing-0 << Content-Type:application/json; charset=utf-8
2019-03-15 07:36:12,711 [Forwarding findElement on session ebf5bc0b43e1892a4cd7f8272da29841 to remote] DEBUG org.apache.http.impl.execchain.MainClientExec - Connection can be kept alive indefinitely
2019-03-15 07:36:12,714 [Forwarding findElement on session ebf5bc0b43e1892a4cd7f8272da29841 to remote] DEBUG org.apache.http.impl.conn.PoolingHttpClientConnectionManager - Connection [id: 0][route: {}->http://localhost:26602] can be kept alive indefinitely
2019-03-15 07:36:12,714 [Forwarding findElement on session ebf5bc0b43e1892a4cd7f8272da29841 to remote] DEBUG org.apache.http.impl.conn.PoolingHttpClientConnectionManager - Connection released: [id: 0][route: {}->http://localhost:26602][total kept alive: 1; route allocated: 1 of 2000; total allocated: 1 of 2000]
2019-03-15 07:36:12,733 [Forwarding isElementDisplayed on session ebf5bc0b43e1892a4cd7f8272da29841 to remote] DEBUG org.apache.http.client.protocol.RequestAddCookies - CookieSpec selected: default
2019-03-15 07:36:12,733 [Forwarding isElementDisplayed on session ebf5bc0b43e1892a4cd7f8272da29841 to remote] DEBUG org.apache.http.client.protocol.RequestAuthCache - Auth cache not set in the context
2019-03-15 07:36:12,733 [Forwarding isElementDisplayed on session ebf5bc0b43e1892a4cd7f8272da29841 to remote] DEBUG org.apache.http.impl.conn.PoolingHttpClientConnectionManager - Connection request: [route: {}->http://localhost:26602][total kept alive: 1; route allocated: 1 of 2000; total allocated: 1 of 2000]
2019-03-15 07:36:12,734 [Forwarding isElementDisplayed on session ebf5bc0b43e1892a4cd7f8272da29841 to remote] DEBUG org.apache.http.impl.conn.PoolingHttpClientConnectionManager - Connection leased: [id: 0][route: {}->http://localhost:26602][total kept alive: 0; route allocated: 1 of 2000; total allocated: 1 of 2000]
2019-03-15 07:36:12,734 [Forwarding isElementDisplayed on session ebf5bc0b43e1892a4cd7f8272da29841 to remote] DEBUG org.apache.http.impl.execchain.MainClientExec - Stale connection check
2019-03-15 07:36:12,735 [Forwarding isElementDisplayed on session ebf5bc0b43e1892a4cd7f8272da29841 to remote] DEBUG org.apache.http.wire - http-outgoing-0 << "[read] I/O error: Read timed out"
2019-03-15 07:36:12,735 [Forwarding isElementDisplayed on session ebf5bc0b43e1892a4cd7f8272da29841 to remote] DEBUG org.apache.http.impl.conn.DefaultManagedHttpClientConnection - http-outgoing-0: set socket timeout to 10800000
2019-03-15 07:36:12,735 [Forwarding isElementDisplayed on session ebf5bc0b43e1892a4cd7f8272da29841 to remote] DEBUG org.apache.http.impl.execchain.MainClientExec - Executing request GET /session/ebf5bc0b43e1892a4cd7f8272da29841/element/0.5793661813061162-1/displayed HTTP/1.1
2019-03-15 07:36:12,735 [Forwarding isElementDisplayed on session ebf5bc0b43e1892a4cd7f8272da29841 to remote] DEBUG org.apache.http.impl.execchain.MainClientExec - Target auth state: UNCHALLENGED
2019-03-15 07:36:12,735 [Forwarding isElementDisplayed on session ebf5bc0b43e1892a4cd7f8272da29841 to remote] DEBUG org.apache.http.impl.execchain.MainClientExec - Proxy auth state: UNCHALLENGED
2019-03-15 07:36:12,735 [Forwarding isElementDisplayed on session ebf5bc0b43e1892a4cd7f8272da29841 to remote] DEBUG org.apache.http.headers - http-outgoing-0 >> GET /session/ebf5bc0b43e1892a4cd7f8272da29841/element/0.5793661813061162-1/displayed HTTP/1.1
2019-03-15 07:36:12,735 [Forwarding isElementDisplayed on session ebf5bc0b43e1892a4cd7f8272da29841 to remote] DEBUG org.apache.http.headers - http-outgoing-0 >> Cache-Control: no-cache
2019-03-15 07:36:12,735 [Forwarding isElementDisplayed on session ebf5bc0b43e1892a4cd7f8272da29841 to remote] DEBUG org.apache.http.headers - http-outgoing-0 >> Host: localhost:26602
2019-03-15 07:36:12,735 [Forwarding isElementDisplayed on session ebf5bc0b43e1892a4cd7f8272da29841 to remote] DEBUG org.apache.http.headers - http-outgoing-0 >> Connection: Keep-Alive
2019-03-15 07:36:12,735 [Forwarding isElementDisplayed on session ebf5bc0b43e1892a4cd7f8272da29841 to remote] DEBUG org.apache.http.headers - http-outgoing-0 >> User-Agent: Apache-HttpClient/4.5.3 (Java/1.8.0_191)
2019-03-15 07:36:12,735 [Forwarding isElementDisplayed on session ebf5bc0b43e1892a4cd7f8272da29841 to remote] DEBUG org.apache.http.headers - http-outgoing-0 >> Accept-Encoding: gzip,deflate
2019-03-15 07:36:12,735 [Forwarding isElementDisplayed on session ebf5bc0b43e1892a4cd7f8272da29841 to remote] DEBUG org.apache.http.wire - http-outgoing-0 >> "GET /session/ebf5bc0b43e1892a4cd7f8272da29841/element/0.5793661813061162-1/displayed HTTP/1.1[\r][\n]"
2019-03-15 07:36:12,735 [Forwarding isElementDisplayed on session ebf5bc0b43e1892a4cd7f8272da29841 to remote] DEBUG org.apache.http.wire - http-outgoing-0 >> "Cache-Control: no-cache[\r][\n]"
2019-03-15 07:36:12,735 [Forwarding isElementDisplayed on session ebf5bc0b43e1892a4cd7f8272da29841 to remote] DEBUG org.apache.http.wire - http-outgoing-0 >> "Host: localhost:26602[\r][\n]"
2019-03-15 07:36:12,735 [Forwarding isElementDisplayed on session ebf5bc0b43e1892a4cd7f8272da29841 to remote] DEBUG org.apache.http.wire - http-outgoing-0 >> "Connection: Keep-Alive[\r][\n]"
2019-03-15 07:36:12,735 [Forwarding isElementDisplayed on session ebf5bc0b43e1892a4cd7f8272da29841 to remote] DEBUG org.apache.http.wire - http-outgoing-0 >> "User-Agent: Apache-HttpClient/4.5.3 (Java/1.8.0_191)[\r][\n]"
2019-03-15 07:36:12,736 [Forwarding isElementDisplayed on session ebf5bc0b43e1892a4cd7f8272da29841 to remote] DEBUG org.apache.http.wire - http-outgoing-0 >> "Accept-Encoding: gzip,deflate[\r][\n]"
2019-03-15 07:36:12,736 [Forwarding isElementDisplayed on session ebf5bc0b43e1892a4cd7f8272da29841 to remote] DEBUG org.apache.http.wire - http-outgoing-0 >> "[\r][\n]"
2019-03-15 07:36:12,830 [Forwarding isElementDisplayed on session ebf5bc0b43e1892a4cd7f8272da29841 to remote] DEBUG org.apache.http.wire - http-outgoing-0 << "HTTP/1.1 200 OK[\r][\n]"
2019-03-15 07:36:12,830 [Forwarding isElementDisplayed on session ebf5bc0b43e1892a4cd7f8272da29841 to remote] DEBUG org.apache.http.wire - http-outgoing-0 << "Content-Length:73[\r][\n]"
2019-03-15 07:36:12,837 [Forwarding isElementDisplayed on session ebf5bc0b43e1892a4cd7f8272da29841 to remote] DEBUG org.apache.http.wire - http-outgoing-0 << "Content-Type:application/json; charset=utf-8[\r][\n]"
2019-03-15 07:36:12,837 [Forwarding isElementDisplayed on session ebf5bc0b43e1892a4cd7f8272da29841 to remote] DEBUG org.apache.http.wire - http-outgoing-0 << "[\r][\n]"
2019-03-15 07:36:12,837 [Forwarding isElementDisplayed on session ebf5bc0b43e1892a4cd7f8272da29841 to remote] DEBUG org.apache.http.wire - http-outgoing-0 << "{"sessionId":"ebf5bc0b43e1892a4cd7f8272da29841","status":0,"value":false}"
2019-03-15 07:36:12,837 [Forwarding isElementDisplayed on session ebf5bc0b43e1892a4cd7f8272da29841 to remote] DEBUG org.apache.http.headers - http-outgoing-0 << HTTP/1.1 200 OK
2019-03-15 07:36:12,837 [Forwarding isElementDisplayed on session ebf5bc0b43e1892a4cd7f8272da29841 to remote] DEBUG org.apache.http.headers - http-outgoing-0 << Content-Length:73
2019-03-15 07:36:12,837 [Forwarding isElementDisplayed on session ebf5bc0b43e1892a4cd7f8272da29841 to remote] DEBUG org.apache.http.headers - http-outgoing-0 << Content-Type:application/json; charset=utf-8
2019-03-15 07:36:12,837 [Forwarding isElementDisplayed on session ebf5bc0b43e1892a4cd7f8272da29841 to remote] DEBUG org.apache.http.impl.execchain.MainClientExec - Connection can be kept alive indefinitely
2019-03-15 07:36:12,838 [Forwarding isElementDisplayed on session ebf5bc0b43e1892a4cd7f8272da29841 to remote] DEBUG org.apache.http.impl.conn.PoolingHttpClientConnectionManager - Connection [id: 0][route: {}->http://localhost:26602] can be kept alive indefinitely
2019-03-15 07:36:12,838 [Forwarding isElementDisplayed on session ebf5bc0b43e1892a4cd7f8272da29841 to remote] DEBUG org.apache.http.impl.conn.PoolingHttpClientConnectionManager - Connection released: [id: 0][route: {}->http://localhost:26602][total kept alive: 1; route allocated: 1 of 2000; total allocated: 1 of 2000]
2019-03-15 07:36:13,342 [Forwarding findElement on session ebf5bc0b43e1892a4cd7f8272da29841 to remote] DEBUG org.apache.http.client.protocol.RequestAddCookies - CookieSpec selected: default
2019-03-15 07:36:13,342 [Forwarding findElement on session ebf5bc0b43e1892a4cd7f8272da29841 to remote] DEBUG org.apache.http.client.protocol.RequestAuthCache - Auth cache not set in the context
2019-03-15 07:36:13,342 [Forwarding findElement on session ebf5bc0b43e1892a4cd7f8272da29841 to remote] DEBUG org.apache.http.impl.conn.PoolingHttpClientConnectionManager - Connection request: [route: {}->http://localhost:26602][total kept alive: 1; route allocated: 1 of 2000; total allocated: 1 of 2000]
2019-03-15 07:36:13,344 [Forwarding findElement on session ebf5bc0b43e1892a4cd7f8272da29841 to remote] DEBUG org.apache.http.impl.conn.PoolingHttpClientConnectionManager - Connection leased: [id: 0][route: {}->http://localhost:26602][total kept alive: 0; route allocated: 1 of 2000; total allocated: 1 of 2000]
2019-03-15 07:36:13,344 [Forwarding findElement on session ebf5bc0b43e1892a4cd7f8272da29841 to remote] DEBUG org.apache.http.impl.execchain.MainClientExec - Stale connection check
2019-03-15 07:36:13,345 [Forwarding findElement on session ebf5bc0b43e1892a4cd7f8272da29841 to remote] DEBUG org.apache.http.wire - http-outgoing-0 << "[read] I/O error: Read timed out"
2019-03-15 07:36:13,346 [Forwarding findElement on session ebf5bc0b43e1892a4cd7f8272da29841 to remote] DEBUG org.apache.http.impl.conn.DefaultManagedHttpClientConnection - http-outgoing-0: set socket timeout to 10800000
2019-03-15 07:36:13,346 [Forwarding findElement on session ebf5bc0b43e1892a4cd7f8272da29841 to remote] DEBUG org.apache.http.impl.execchain.MainClientExec - Executing request POST /session/ebf5bc0b43e1892a4cd7f8272da29841/element HTTP/1.1
2019-03-15 07:36:13,346 [Forwarding findElement on session ebf5bc0b43e1892a4cd7f8272da29841 to remote] DEBUG org.apache.http.impl.execchain.MainClientExec - Target auth state: UNCHALLENGED
2019-03-15 07:36:13,346 [Forwarding findElement on session ebf5bc0b43e1892a4cd7f8272da29841 to remote] DEBUG org.apache.http.impl.execchain.MainClientExec - Proxy auth state: UNCHALLENGED
2019-03-15 07:36:13,346 [Forwarding findElement on session ebf5bc0b43e1892a4cd7f8272da29841 to remote] DEBUG org.apache.http.headers - http-outgoing-0 >> POST /session/ebf5bc0b43e1892a4cd7f8272da29841/element HTTP/1.1
2019-03-15 07:36:13,346 [Forwarding findElement on session ebf5bc0b43e1892a4cd7f8272da29841 to remote] DEBUG org.apache.http.headers - http-outgoing-0 >> Content-Type: application/json; charset=utf-8
2019-03-15 07:36:13,346 [Forwarding findElement on session ebf5bc0b43e1892a4cd7f8272da29841 to remote] DEBUG org.apache.http.headers - http-outgoing-0 >> Content-Length: 49
2019-03-15 07:36:13,346 [Forwarding findElement on session ebf5bc0b43e1892a4cd7f8272da29841 to remote] DEBUG org.apache.http.headers - http-outgoing-0 >> Host: localhost:26602
2019-03-15 07:36:13,346 [Forwarding findElement on session ebf5bc0b43e1892a4cd7f8272da29841 to remote] DEBUG org.apache.http.headers - http-outgoing-0 >> Connection: Keep-Alive
2019-03-15 07:36:13,346 [Forwarding findElement on session ebf5bc0b43e1892a4cd7f8272da29841 to remote] DEBUG org.apache.http.headers - http-outgoing-0 >> User-Agent: Apache-HttpClient/4.5.3 (Java/1.8.0_191)
2019-03-15 07:36:13,346 [Forwarding findElement on session ebf5bc0b43e1892a4cd7f8272da29841 to remote] DEBUG org.apache.http.headers - http-outgoing-0 >> Accept-Encoding: gzip,deflate
2019-03-15 07:36:13,346 [Forwarding findElement on session ebf5bc0b43e1892a4cd7f8272da29841 to remote] DEBUG org.apache.http.wire - http-outgoing-0 >> "POST /session/ebf5bc0b43e1892a4cd7f8272da29841/element HTTP/1.1[\r][\n]"
2019-03-15 07:36:13,346 [Forwarding findElement on session ebf5bc0b43e1892a4cd7f8272da29841 to remote] DEBUG org.apache.http.wire - http-outgoing-0 >> "Content-Type: application/json; charset=utf-8[\r][\n]"
2019-03-15 07:36:13,346 [Forwarding findElement on session ebf5bc0b43e1892a4cd7f8272da29841 to remote] DEBUG org.apache.http.wire - http-outgoing-0 >> "Content-Length: 49[\r][\n]"
2019-03-15 07:36:13,346 [Forwarding findElement on session ebf5bc0b43e1892a4cd7f8272da29841 to remote] DEBUG org.apache.http.wire - http-outgoing-0 >> "Host: localhost:26602[\r][\n]"
2019-03-15 07:36:13,346 [Forwarding findElement on session ebf5bc0b43e1892a4cd7f8272da29841 to remote] DEBUG org.apache.http.wire - http-outgoing-0 >> "Connection: Keep-Alive[\r][\n]"
2019-03-15 07:36:13,346 [Forwarding findElement on session ebf5bc0b43e1892a4cd7f8272da29841 to remote] DEBUG org.apache.http.wire - http-outgoing-0 >> "User-Agent: Apache-HttpClient/4.5.3 (Java/1.8.0_191)[\r][\n]"
2019-03-15 07:36:13,346 [Forwarding findElement on session ebf5bc0b43e1892a4cd7f8272da29841 to remote] DEBUG org.apache.http.wire - http-outgoing-0 >> "Accept-Encoding: gzip,deflate[\r][\n]"
2019-03-15 07:36:13,346 [Forwarding findElement on session ebf5bc0b43e1892a4cd7f8272da29841 to remote] DEBUG org.apache.http.wire - http-outgoing-0 >> "[\r][\n]"
2019-03-15 07:36:13,346 [Forwarding findElement on session ebf5bc0b43e1892a4cd7f8272da29841 to remote] DEBUG org.apache.http.wire - http-outgoing-0 >> "{"using":"xpath","value":"//*[@name='password']"}"
2019-03-15 07:36:13,413 [Forwarding findElement on session ebf5bc0b43e1892a4cd7f8272da29841 to remote] DEBUG org.apache.http.wire - http-outgoing-0 << "HTTP/1.1 200 OK[\r][\n]"
2019-03-15 07:36:13,413 [Forwarding findElement on session ebf5bc0b43e1892a4cd7f8272da29841 to remote] DEBUG org.apache.http.wire - http-outgoing-0 << "Content-Length:102[\r][\n]"
2019-03-15 07:36:13,413 [Forwarding findElement on session ebf5bc0b43e1892a4cd7f8272da29841 to remote] DEBUG org.apache.http.wire - http-outgoing-0 << "Content-Type:application/json; charset=utf-8[\r][\n]"
2019-03-15 07:36:13,413 [Forwarding findElement on session ebf5bc0b43e1892a4cd7f8272da29841 to remote] DEBUG org.apache.http.wire - http-outgoing-0 << "[\r][\n]"
2019-03-15 07:36:13,413 [Forwarding findElement on session ebf5bc0b43e1892a4cd7f8272da29841 to remote] DEBUG org.apache.http.wire - http-outgoing-0 << "{"sessionId":"ebf5bc0b43e1892a4cd7f8272da29841","status":0,"value":{"ELEMENT":"0.5793661813061162-1"}}"
2019-03-15 07:36:13,413 [Forwarding findElement on session ebf5bc0b43e1892a4cd7f8272da29841 to remote] DEBUG org.apache.http.headers - http-outgoing-0 << HTTP/1.1 200 OK
2019-03-15 07:36:13,413 [Forwarding findElement on session ebf5bc0b43e1892a4cd7f8272da29841 to remote] DEBUG org.apache.http.headers - http-outgoing-0 << Content-Length:102
2019-03-15 07:36:13,413 [Forwarding findElement on session ebf5bc0b43e1892a4cd7f8272da29841 to remote] DEBUG org.apache.http.headers - http-outgoing-0 << Content-Type:application/json; charset=utf-8
2019-03-15 07:36:13,414 [Forwarding findElement on session ebf5bc0b43e1892a4cd7f8272da29841 to remote] DEBUG org.apache.http.impl.execchain.MainClientExec - Connection can be kept alive indefinitely
2019-03-15 07:36:13,414 [Forwarding findElement on session ebf5bc0b43e1892a4cd7f8272da29841 to remote] DEBUG org.apache.http.impl.conn.PoolingHttpClientConnectionManager - Connection [id: 0][route: {}->http://localhost:26602] can be kept alive indefinitely
2019-03-15 07:36:13,414 [Forwarding findElement on session ebf5bc0b43e1892a4cd7f8272da29841 to remote] DEBUG org.apache.http.impl.conn.PoolingHttpClientConnectionManager - Connection released: [id: 0][route: {}->http://localhost:26602][total kept alive: 1; route allocated: 1 of 2000; total allocated: 1 of 2000]
2019-03-15 07:36:13,417 [Forwarding isElementDisplayed on session ebf5bc0b43e1892a4cd7f8272da29841 to remote] DEBUG org.apache.http.client.protocol.RequestAddCookies - CookieSpec selected: default
2019-03-15 07:36:13,417 [Forwarding isElementDisplayed on session ebf5bc0b43e1892a4cd7f8272da29841 to remote] DEBUG org.apache.http.client.protocol.RequestAuthCache - Auth cache not set in the context
2019-03-15 07:36:13,417 [Forwarding isElementDisplayed on session ebf5bc0b43e1892a4cd7f8272da29841 to remote] DEBUG org.apache.http.impl.conn.PoolingHttpClientConnectionManager - Connection request: [route: {}->http://localhost:26602][total kept alive: 1; route allocated: 1 of 2000; total allocated: 1 of 2000]
2019-03-15 07:36:13,417 [Forwarding isElementDisplayed on session ebf5bc0b43e1892a4cd7f8272da29841 to remote] DEBUG org.apache.http.impl.conn.PoolingHttpClientConnectionManager - Connection leased: [id: 0][route: {}->http://localhost:26602][total kept alive: 0; route allocated: 1 of 2000; total allocated: 1 of 2000]
2019-03-15 07:36:13,417 [Forwarding isElementDisplayed on session ebf5bc0b43e1892a4cd7f8272da29841 to remote] DEBUG org.apache.http.impl.execchain.MainClientExec - Stale connection check
2019-03-15 07:36:13,419 [Forwarding isElementDisplayed on session ebf5bc0b43e1892a4cd7f8272da29841 to remote] DEBUG org.apache.http.wire - http-outgoing-0 << "[read] I/O error: Read timed out"
2019-03-15 07:36:13,419 [Forwarding isElementDisplayed on session ebf5bc0b43e1892a4cd7f8272da29841 to remote] DEBUG org.apache.http.impl.conn.DefaultManagedHttpClientConnection - http-outgoing-0: set socket timeout to 10800000
2019-03-15 07:36:13,419 [Forwarding isElementDisplayed on session ebf5bc0b43e1892a4cd7f8272da29841 to remote] DEBUG org.apache.http.impl.execchain.MainClientExec - Executing request GET /session/ebf5bc0b43e1892a4cd7f8272da29841/element/0.5793661813061162-1/displayed HTTP/1.1
2019-03-15 07:36:13,419 [Forwarding isElementDisplayed on session ebf5bc0b43e1892a4cd7f8272da29841 to remote] DEBUG org.apache.http.impl.execchain.MainClientExec - Target auth state: UNCHALLENGED
2019-03-15 07:36:13,419 [Forwarding isElementDisplayed on session ebf5bc0b43e1892a4cd7f8272da29841 to remote] DEBUG org.apache.http.impl.execchain.MainClientExec - Proxy auth state: UNCHALLENGED
2019-03-15 07:36:13,420 [Forwarding isElementDisplayed on session ebf5bc0b43e1892a4cd7f8272da29841 to remote] DEBUG org.apache.http.headers - http-outgoing-0 >> GET /session/ebf5bc0b43e1892a4cd7f8272da29841/element/0.5793661813061162-1/displayed HTTP/1.1
2019-03-15 07:36:13,420 [Forwarding isElementDisplayed on session ebf5bc0b43e1892a4cd7f8272da29841 to remote] DEBUG org.apache.http.headers - http-outgoing-0 >> Cache-Control: no-cache
2019-03-15 07:36:13,420 [Forwarding isElementDisplayed on session ebf5bc0b43e1892a4cd7f8272da29841 to remote] DEBUG org.apache.http.headers - http-outgoing-0 >> Host: localhost:26602
2019-03-15 07:36:13,420 [Forwarding isElementDisplayed on session ebf5bc0b43e1892a4cd7f8272da29841 to remote] DEBUG org.apache.http.headers - http-outgoing-0 >> Connection: Keep-Alive
2019-03-15 07:36:13,420 [Forwarding isElementDisplayed on session ebf5bc0b43e1892a4cd7f8272da29841 to remote] DEBUG org.apache.http.headers - http-outgoing-0 >> User-Agent: Apache-HttpClient/4.5.3 (Java/1.8.0_191)
2019-03-15 07:36:13,420 [Forwarding isElementDisplayed on session ebf5bc0b43e1892a4cd7f8272da29841 to remote] DEBUG org.apache.http.headers - http-outgoing-0 >> Accept-Encoding: gzip,deflate
2019-03-15 07:36:13,420 [Forwarding isElementDisplayed on session ebf5bc0b43e1892a4cd7f8272da29841 to remote] DEBUG org.apache.http.wire - http-outgoing-0 >> "GET /session/ebf5bc0b43e1892a4cd7f8272da29841/element/0.5793661813061162-1/displayed HTTP/1.1[\r][\n]"
2019-03-15 07:36:13,420 [Forwarding isElementDisplayed on session ebf5bc0b43e1892a4cd7f8272da29841 to remote] DEBUG org.apache.http.wire - http-outgoing-0 >> "Cache-Control: no-cache[\r][\n]"
2019-03-15 07:36:13,420 [Forwarding isElementDisplayed on session ebf5bc0b43e1892a4cd7f8272da29841 to remote] DEBUG org.apache.http.wire - http-outgoing-0 >> "Host: localhost:26602[\r][\n]"
2019-03-15 07:36:13,420 [Forwarding isElementDisplayed on session ebf5bc0b43e1892a4cd7f8272da29841 to remote] DEBUG org.apache.http.wire - http-outgoing-0 >> "Connection: Keep-Alive[\r][\n]"
2019-03-15 07:36:13,420 [Forwarding isElementDisplayed on session ebf5bc0b43e1892a4cd7f8272da29841 to remote] DEBUG org.apache.http.wire - http-outgoing-0 >> "User-Agent: Apache-HttpClient/4.5.3 (Java/1.8.0_191)[\r][\n]"
2019-03-15 07:36:13,420 [Forwarding isElementDisplayed on session ebf5bc0b43e1892a4cd7f8272da29841 to remote] DEBUG org.apache.http.wire - http-outgoing-0 >> "Accept-Encoding: gzip,deflate[\r][\n]"
2019-03-15 07:36:13,420 [Forwarding isElementDisplayed on session ebf5bc0b43e1892a4cd7f8272da29841 to remote] DEBUG org.apache.http.wire - http-outgoing-0 >> "[\r][\n]"
2019-03-15 07:36:13,468 [Forwarding isElementDisplayed on session ebf5bc0b43e1892a4cd7f8272da29841 to remote] DEBUG org.apache.http.wire - http-outgoing-0 << "HTTP/1.1 200 OK[\r][\n]"
2019-03-15 07:36:13,468 [Forwarding isElementDisplayed on session ebf5bc0b43e1892a4cd7f8272da29841 to remote] DEBUG org.apache.http.wire - http-outgoing-0 << "Content-Length:73[\r][\n]"
2019-03-15 07:36:13,468 [Forwarding isElementDisplayed on session ebf5bc0b43e1892a4cd7f8272da29841 to remote] DEBUG org.apache.http.wire - http-outgoing-0 << "Content-Type:application/json; charset=utf-8[\r][\n]"
2019-03-15 07:36:13,468 [Forwarding isElementDisplayed on session ebf5bc0b43e1892a4cd7f8272da29841 to remote] DEBUG org.apache.http.wire - http-outgoing-0 << "[\r][\n]"
2019-03-15 07:36:13,468 [Forwarding isElementDisplayed on session ebf5bc0b43e1892a4cd7f8272da29841 to remote] DEBUG org.apache.http.wire - http-outgoing-0 << "{"sessionId":"ebf5bc0b43e1892a4cd7f8272da29841","status":0,"value":false}"
2019-03-15 07:36:13,468 [Forwarding isElementDisplayed on session ebf5bc0b43e1892a4cd7f8272da29841 to remote] DEBUG org.apache.http.headers - http-outgoing-0 << HTTP/1.1 200 OK
2019-03-15 07:36:13,469 [Forwarding isElementDisplayed on session ebf5bc0b43e1892a4cd7f8272da29841 to remote] DEBUG org.apache.http.headers - http-outgoing-0 << Content-Length:73
2019-03-15 07:36:13,469 [Forwarding isElementDisplayed on session ebf5bc0b43e1892a4cd7f8272da29841 to remote] DEBUG org.apache.http.headers - http-outgoing-0 << Content-Type:application/json; charset=utf-8
2019-03-15 07:36:13,469 [Forwarding isElementDisplayed on session ebf5bc0b43e1892a4cd7f8272da29841 to remote] DEBUG org.apache.http.impl.execchain.MainClientExec - Connection can be kept alive indefinitely
2019-03-15 07:36:13,469 [Forwarding isElementDisplayed on session ebf5bc0b43e1892a4cd7f8272da29841 to remote] DEBUG org.apache.http.impl.conn.PoolingHttpClientConnectionManager - Connection [id: 0][route: {}->http://localhost:26602] can be kept alive indefinitely
2019-03-15 07:36:13,469 [Forwarding isElementDisplayed on session ebf5bc0b43e1892a4cd7f8272da29841 to remote] DEBUG org.apache.http.impl.conn.PoolingHttpClientConnectionManager - Connection released: [id: 0][route: {}->http://localhost:26602][total kept alive: 1; route allocated: 1 of 2000; total allocated: 1 of 2000]
2019-03-15 07:36:13,988 [Forwarding findElement on session ebf5bc0b43e1892a4cd7f8272da29841 to remote] DEBUG org.apache.http.client.protocol.RequestAddCookies - CookieSpec selected: default
2019-03-15 07:36:13,989 [Forwarding findElement on session ebf5bc0b43e1892a4cd7f8272da29841 to remote] DEBUG org.apache.http.client.protocol.RequestAuthCache - Auth cache not set in the context
2019-03-15 07:36:13,989 [Forwarding findElement on session ebf5bc0b43e1892a4cd7f8272da29841 to remote] DEBUG org.apache.http.impl.conn.PoolingHttpClientConnectionManager - Connection request: [route: {}->http://localhost:26602][total kept alive: 1; route allocated: 1 of 2000; total allocated: 1 of 2000]
2019-03-15 07:36:13,990 [Forwarding findElement on session ebf5bc0b43e1892a4cd7f8272da29841 to remote] DEBUG org.apache.http.impl.conn.PoolingHttpClientConnectionManager - Connection leased: [id: 0][route: {}->http://localhost:26602][total kept alive: 0; route allocated: 1 of 2000; total allocated: 1 of 2000]
2019-03-15 07:36:13,990 [Forwarding findElement on session ebf5bc0b43e1892a4cd7f8272da29841 to remote] DEBUG org.apache.http.impl.execchain.MainClientExec - Stale connection check
2019-03-15 07:36:13,991 [Forwarding findElement on session ebf5bc0b43e1892a4cd7f8272da29841 to remote] DEBUG org.apache.http.wire - http-outgoing-0 << "[read] I/O error: Read timed out"
2019-03-15 07:36:13,991 [Forwarding findElement on session ebf5bc0b43e1892a4cd7f8272da29841 to remote] DEBUG org.apache.http.impl.conn.DefaultManagedHttpClientConnection - http-outgoing-0: set socket timeout to 10800000
2019-03-15 07:36:13,991 [Forwarding findElement on session ebf5bc0b43e1892a4cd7f8272da29841 to remote] DEBUG org.apache.http.impl.execchain.MainClientExec - Executing request POST /session/ebf5bc0b43e1892a4cd7f8272da29841/element HTTP/1.1
2019-03-15 07:36:13,991 [Forwarding findElement on session ebf5bc0b43e1892a4cd7f8272da29841 to remote] DEBUG org.apache.http.impl.execchain.MainClientExec - Target auth state: UNCHALLENGED
2019-03-15 07:36:13,991 [Forwarding findElement on session ebf5bc0b43e1892a4cd7f8272da29841 to remote] DEBUG org.apache.http.impl.execchain.MainClientExec - Proxy auth state: UNCHALLENGED
2019-03-15 07:36:13,991 [Forwarding findElement on session ebf5bc0b43e1892a4cd7f8272da29841 to remote] DEBUG org.apache.http.headers - http-outgoing-0 >> POST /session/ebf5bc0b43e1892a4cd7f8272da29841/element HTTP/1.1
2019-03-15 07:36:13,991 [Forwarding findElement on session ebf5bc0b43e1892a4cd7f8272da29841 to remote] DEBUG org.apache.http.headers - http-outgoing-0 >> Content-Type: application/json; charset=utf-8
2019-03-15 07:36:13,991 [Forwarding findElement on session ebf5bc0b43e1892a4cd7f8272da29841 to remote] DEBUG org.apache.http.headers - http-outgoing-0 >> Content-Length: 49
2019-03-15 07:36:13,991 [Forwarding findElement on session ebf5bc0b43e1892a4cd7f8272da29841 to remote] DEBUG org.apache.http.headers - http-outgoing-0 >> Host: localhost:26602
2019-03-15 07:36:13,991 [Forwarding findElement on session ebf5bc0b43e1892a4cd7f8272da29841 to remote] DEBUG org.apache.http.headers - http-outgoing-0 >> Connection: Keep-Alive
2019-03-15 07:36:13,991 [Forwarding findElement on session ebf5bc0b43e1892a4cd7f8272da29841 to remote] DEBUG org.apache.http.headers - http-outgoing-0 >> User-Agent: Apache-HttpClient/4.5.3 (Java/1.8.0_191)
2019-03-15 07:36:13,991 [Forwarding findElement on session ebf5bc0b43e1892a4cd7f8272da29841 to remote] DEBUG org.apache.http.headers - http-outgoing-0 >> Accept-Encoding: gzip,deflate
2019-03-15 07:36:13,991 [Forwarding findElement on session ebf5bc0b43e1892a4cd7f8272da29841 to remote] DEBUG org.apache.http.wire - http-outgoing-0 >> "POST /session/ebf5bc0b43e1892a4cd7f8272da29841/element HTTP/1.1[\r][\n]"
2019-03-15 07:36:13,992 [Forwarding findElement on session ebf5bc0b43e1892a4cd7f8272da29841 to remote] DEBUG org.apache.http.wire - http-outgoing-0 >> "Content-Type: application/json; charset=utf-8[\r][\n]"
2019-03-15 07:36:13,992 [Forwarding findElement on session ebf5bc0b43e1892a4cd7f8272da29841 to remote] DEBUG org.apache.http.wire - http-outgoing-0 >> "Content-Length: 49[\r][\n]"
2019-03-15 07:36:13,992 [Forwarding findElement on session ebf5bc0b43e1892a4cd7f8272da29841 to remote] DEBUG org.apache.http.wire - http-outgoing-0 >> "Host: localhost:26602[\r][\n]"
2019-03-15 07:36:13,992 [Forwarding findElement on session ebf5bc0b43e1892a4cd7f8272da29841 to remote] DEBUG org.apache.http.wire - http-outgoing-0 >> "Connection: Keep-Alive[\r][\n]"
2019-03-15 07:36:13,992 [Forwarding findElement on session ebf5bc0b43e1892a4cd7f8272da29841 to remote] DEBUG org.apache.http.wire - http-outgoing-0 >> "User-Agent: Apache-HttpClient/4.5.3 (Java/1.8.0_191)[\r][\n]"
2019-03-15 07:36:13,992 [Forwarding findElement on session ebf5bc0b43e1892a4cd7f8272da29841 to remote] DEBUG org.apache.http.wire - http-outgoing-0 >> "Accept-Encoding: gzip,deflate[\r][\n]"
2019-03-15 07:36:13,992 [Forwarding findElement on session ebf5bc0b43e1892a4cd7f8272da29841 to remote] DEBUG org.apache.http.wire - http-outgoing-0 >> "[\r][\n]"
2019-03-15 07:36:13,992 [Forwarding findElement on session ebf5bc0b43e1892a4cd7f8272da29841 to remote] DEBUG org.apache.http.wire - http-outgoing-0 >> "{"using":"xpath","value":"//*[@name='password']"}"
2019-03-15 07:36:14,168 [Forwarding findElement on session ebf5bc0b43e1892a4cd7f8272da29841 to remote] DEBUG org.apache.http.wire - http-outgoing-0 << "HTTP/1.1 200 OK[\r][\n]"
2019-03-15 07:36:14,168 [Forwarding findElement on session ebf5bc0b43e1892a4cd7f8272da29841 to remote] DEBUG org.apache.http.wire - http-outgoing-0 << "Content-Length:102[\r][\n]"
2019-03-15 07:36:14,168 [Forwarding findElement on session ebf5bc0b43e1892a4cd7f8272da29841 to remote] DEBUG org.apache.http.wire - http-outgoing-0 << "Content-Type:application/json; charset=utf-8[\r][\n]"
2019-03-15 07:36:14,168 [Forwarding findElement on session ebf5bc0b43e1892a4cd7f8272da29841 to remote] DEBUG org.apache.http.wire - http-outgoing-0 << "[\r][\n]"
2019-03-15 07:36:14,168 [Forwarding findElement on session ebf5bc0b43e1892a4cd7f8272da29841 to remote] DEBUG org.apache.http.wire - http-outgoing-0 << "{"sessionId":"ebf5bc0b43e1892a4cd7f8272da29841","status":0,"value":{"ELEMENT":"0.5793661813061162-1"}}"
2019-03-15 07:36:14,168 [Forwarding findElement on session ebf5bc0b43e1892a4cd7f8272da29841 to remote] DEBUG org.apache.http.headers - http-outgoing-0 << HTTP/1.1 200 OK
2019-03-15 07:36:14,168 [Forwarding findElement on session ebf5bc0b43e1892a4cd7f8272da29841 to remote] DEBUG org.apache.http.headers - http-outgoing-0 << Content-Length:102
2019-03-15 07:36:14,168 [Forwarding findElement on session ebf5bc0b43e1892a4cd7f8272da29841 to remote] DEBUG org.apache.http.headers - http-outgoing-0 << Content-Type:application/json; charset=utf-8
2019-03-15 07:36:14,169 [Forwarding findElement on session ebf5bc0b43e1892a4cd7f8272da29841 to remote] DEBUG org.apache.http.impl.execchain.MainClientExec - Connection can be kept alive indefinitely
2019-03-15 07:36:14,169 [Forwarding findElement on session ebf5bc0b43e1892a4cd7f8272da29841 to remote] DEBUG org.apache.http.impl.conn.PoolingHttpClientConnectionManager - Connection [id: 0][route: {}->http://localhost:26602] can be kept alive indefinitely
2019-03-15 07:36:14,169 [Forwarding findElement on session ebf5bc0b43e1892a4cd7f8272da29841 to remote] DEBUG org.apache.http.impl.conn.PoolingHttpClientConnectionManager - Connection released: [id: 0][route: {}->http://localhost:26602][total kept alive: 1; route allocated: 1 of 2000; total allocated: 1 of 2000]
2019-03-15 07:36:14,181 [Forwarding isElementDisplayed on session ebf5bc0b43e1892a4cd7f8272da29841 to remote] DEBUG org.apache.http.client.protocol.RequestAddCookies - CookieSpec selected: default
2019-03-15 07:36:14,181 [Forwarding isElementDisplayed on session ebf5bc0b43e1892a4cd7f8272da29841 to remote] DEBUG org.apache.http.client.protocol.RequestAuthCache - Auth cache not set in the context
2019-03-15 07:36:14,181 [Forwarding isElementDisplayed on session ebf5bc0b43e1892a4cd7f8272da29841 to remote] DEBUG org.apache.http.impl.conn.PoolingHttpClientConnectionManager - Connection request: [route: {}->http://localhost:26602][total kept alive: 1; route allocated: 1 of 2000; total allocated: 1 of 2000]
2019-03-15 07:36:14,181 [Forwarding isElementDisplayed on session ebf5bc0b43e1892a4cd7f8272da29841 to remote] DEBUG org.apache.http.impl.conn.PoolingHttpClientConnectionManager - Connection leased: [id: 0][route: {}->http://localhost:26602][total kept alive: 0; route allocated: 1 of 2000; total allocated: 1 of 2000]
2019-03-15 07:36:14,183 [Forwarding isElementDisplayed on session ebf5bc0b43e1892a4cd7f8272da29841 to remote] DEBUG org.apache.http.impl.execchain.MainClientExec - Stale connection check
2019-03-15 07:36:14,184 [Forwarding isElementDisplayed on session ebf5bc0b43e1892a4cd7f8272da29841 to remote] DEBUG org.apache.http.wire - http-outgoing-0 << "[read] I/O error: Read timed out"
2019-03-15 07:36:14,184 [Forwarding isElementDisplayed on session ebf5bc0b43e1892a4cd7f8272da29841 to remote] DEBUG org.apache.http.impl.conn.DefaultManagedHttpClientConnection - http-outgoing-0: set socket timeout to 10800000
2019-03-15 07:36:14,184 [Forwarding isElementDisplayed on session ebf5bc0b43e1892a4cd7f8272da29841 to remote] DEBUG org.apache.http.impl.execchain.MainClientExec - Executing request GET /session/ebf5bc0b43e1892a4cd7f8272da29841/element/0.5793661813061162-1/displayed HTTP/1.1
2019-03-15 07:36:14,184 [Forwarding isElementDisplayed on session ebf5bc0b43e1892a4cd7f8272da29841 to remote] DEBUG org.apache.http.impl.execchain.MainClientExec - Target auth state: UNCHALLENGED
2019-03-15 07:36:14,184 [Forwarding isElementDisplayed on session ebf5bc0b43e1892a4cd7f8272da29841 to remote] DEBUG org.apache.http.impl.execchain.MainClientExec - Proxy auth state: UNCHALLENGED
2019-03-15 07:36:14,184 [Forwarding isElementDisplayed on session ebf5bc0b43e1892a4cd7f8272da29841 to remote] DEBUG org.apache.http.headers - http-outgoing-0 >> GET /session/ebf5bc0b43e1892a4cd7f8272da29841/element/0.5793661813061162-1/displayed HTTP/1.1
2019-03-15 07:36:14,184 [Forwarding isElementDisplayed on session ebf5bc0b43e1892a4cd7f8272da29841 to remote] DEBUG org.apache.http.headers - http-outgoing-0 >> Cache-Control: no-cache
2019-03-15 07:36:14,184 [Forwarding isElementDisplayed on session ebf5bc0b43e1892a4cd7f8272da29841 to remote] DEBUG org.apache.http.headers - http-outgoing-0 >> Host: localhost:26602
2019-03-15 07:36:14,185 [Forwarding isElementDisplayed on session ebf5bc0b43e1892a4cd7f8272da29841 to remote] DEBUG org.apache.http.headers - http-outgoing-0 >> Connection: Keep-Alive
2019-03-15 07:36:14,185 [Forwarding isElementDisplayed on session ebf5bc0b43e1892a4cd7f8272da29841 to remote] DEBUG org.apache.http.headers - http-outgoing-0 >> User-Agent: Apache-HttpClient/4.5.3 (Java/1.8.0_191)
2019-03-15 07:36:14,185 [Forwarding isElementDisplayed on session ebf5bc0b43e1892a4cd7f8272da29841 to remote] DEBUG org.apache.http.headers - http-outgoing-0 >> Accept-Encoding: gzip,deflate
2019-03-15 07:36:14,185 [Forwarding isElementDisplayed on session ebf5bc0b43e1892a4cd7f8272da29841 to remote] DEBUG org.apache.http.wire - http-outgoing-0 >> "GET /session/ebf5bc0b43e1892a4cd7f8272da29841/element/0.5793661813061162-1/displayed HTTP/1.1[\r][\n]"
2019-03-15 07:36:14,185 [Forwarding isElementDisplayed on session ebf5bc0b43e1892a4cd7f8272da29841 to remote] DEBUG org.apache.http.wire - http-outgoing-0 >> "Cache-Control: no-cache[\r][\n]"
2019-03-15 07:36:14,185 [Forwarding isElementDisplayed on session ebf5bc0b43e1892a4cd7f8272da29841 to remote] DEBUG org.apache.http.wire - http-outgoing-0 >> "Host: localhost:26602[\r][\n]"
2019-03-15 07:36:14,185 [Forwarding isElementDisplayed on session ebf5bc0b43e1892a4cd7f8272da29841 to remote] DEBUG org.apache.http.wire - http-outgoing-0 >> "Connection: Keep-Alive[\r][\n]"
2019-03-15 07:36:14,185 [Forwarding isElementDisplayed on session ebf5bc0b43e1892a4cd7f8272da29841 to remote] DEBUG org.apache.http.wire - http-outgoing-0 >> "User-Agent: Apache-HttpClient/4.5.3 (Java/1.8.0_191)[\r][\n]"
2019-03-15 07:36:14,185 [Forwarding isElementDisplayed on session ebf5bc0b43e1892a4cd7f8272da29841 to remote] DEBUG org.apache.http.wire - http-outgoing-0 >> "Accept-Encoding: gzip,deflate[\r][\n]"
2019-03-15 07:36:14,185 [Forwarding isElementDisplayed on session ebf5bc0b43e1892a4cd7f8272da29841 to remote] DEBUG org.apache.http.wire - http-outgoing-0 >> "[\r][\n]"
2019-03-15 07:36:14,380 [Forwarding isElementDisplayed on session ebf5bc0b43e1892a4cd7f8272da29841 to remote] DEBUG org.apache.http.wire - http-outgoing-0 << "HTTP/1.1 200 OK[\r][\n]"
2019-03-15 07:36:14,380 [Forwarding isElementDisplayed on session ebf5bc0b43e1892a4cd7f8272da29841 to remote] DEBUG org.apache.http.wire - http-outgoing-0 << "Content-Length:73[\r][\n]"
2019-03-15 07:36:14,380 [Forwarding isElementDisplayed on session ebf5bc0b43e1892a4cd7f8272da29841 to remote] DEBUG org.apache.http.wire - http-outgoing-0 << "Content-Type:application/json; charset=utf-8[\r][\n]"
2019-03-15 07:36:14,380 [Forwarding isElementDisplayed on session ebf5bc0b43e1892a4cd7f8272da29841 to remote] DEBUG org.apache.http.wire - http-outgoing-0 << "[\r][\n]"
2019-03-15 07:36:14,380 [Forwarding isElementDisplayed on session ebf5bc0b43e1892a4cd7f8272da29841 to remote] DEBUG org.apache.http.wire - http-outgoing-0 << "{"sessionId":"ebf5bc0b43e1892a4cd7f8272da29841","status":0,"value":false}"
2019-03-15 07:36:14,381 [Forwarding isElementDisplayed on session ebf5bc0b43e1892a4cd7f8272da29841 to remote] DEBUG org.apache.http.headers - http-outgoing-0 << HTTP/1.1 200 OK
2019-03-15 07:36:14,381 [Forwarding isElementDisplayed on session ebf5bc0b43e1892a4cd7f8272da29841 to remote] DEBUG org.apache.http.headers - http-outgoing-0 << Content-Length:73
2019-03-15 07:36:14,381 [Forwarding isElementDisplayed on session ebf5bc0b43e1892a4cd7f8272da29841 to remote] DEBUG org.apache.http.headers - http-outgoing-0 << Content-Type:application/json; charset=utf-8
2019-03-15 07:36:14,381 [Forwarding isElementDisplayed on session ebf5bc0b43e1892a4cd7f8272da29841 to remote] DEBUG org.apache.http.impl.execchain.MainClientExec - Connection can be kept alive indefinitely
2019-03-15 07:36:14,382 [Forwarding isElementDisplayed on session ebf5bc0b43e1892a4cd7f8272da29841 to remote] DEBUG org.apache.http.impl.conn.PoolingHttpClientConnectionManager - Connection [id: 0][route: {}->http://localhost:26602] can be kept alive indefinitely
2019-03-15 07:36:14,387 [Forwarding isElementDisplayed on session ebf5bc0b43e1892a4cd7f8272da29841 to remote] DEBUG org.apache.http.impl.conn.PoolingHttpClientConnectionManager - Connection released: [id: 0][route: {}->http://localhost:26602][total kept alive: 1; route allocated: 1 of 2000; total allocated: 1 of 2000]
2019-03-15 07:36:14,894 [Forwarding findElement on session ebf5bc0b43e1892a4cd7f8272da29841 to remote] DEBUG org.apache.http.client.protocol.RequestAddCookies - CookieSpec selected: default
2019-03-15 07:36:14,894 [Forwarding findElement on session ebf5bc0b43e1892a4cd7f8272da29841 to remote] DEBUG org.apache.http.client.protocol.RequestAuthCache - Auth cache not set in the context
2019-03-15 07:36:14,894 [Forwarding findElement on session ebf5bc0b43e1892a4cd7f8272da29841 to remote] DEBUG org.apache.http.impl.conn.PoolingHttpClientConnectionManager - Connection request: [route: {}->http://localhost:26602][total kept alive: 1; route allocated: 1 of 2000; total allocated: 1 of 2000]
2019-03-15 07:36:14,894 [Forwarding findElement on session ebf5bc0b43e1892a4cd7f8272da29841 to remote] DEBUG org.apache.http.impl.conn.PoolingHttpClientConnectionManager - Connection leased: [id: 0][route: {}->http://localhost:26602][total kept alive: 0; route allocated: 1 of 2000; total allocated: 1 of 2000]
2019-03-15 07:36:14,895 [Forwarding findElement on session ebf5bc0b43e1892a4cd7f8272da29841 to remote] DEBUG org.apache.http.impl.execchain.MainClientExec - Stale connection check
2019-03-15 07:36:14,896 [Forwarding findElement on session ebf5bc0b43e1892a4cd7f8272da29841 to remote] DEBUG org.apache.http.wire - http-outgoing-0 << "[read] I/O error: Read timed out"
2019-03-15 07:36:14,896 [Forwarding findElement on session ebf5bc0b43e1892a4cd7f8272da29841 to remote] DEBUG org.apache.http.impl.conn.DefaultManagedHttpClientConnection - http-outgoing-0: set socket timeout to 10800000
2019-03-15 07:36:14,896 [Forwarding findElement on session ebf5bc0b43e1892a4cd7f8272da29841 to remote] DEBUG org.apache.http.impl.execchain.MainClientExec - Executing request POST /session/ebf5bc0b43e1892a4cd7f8272da29841/element HTTP/1.1
2019-03-15 07:36:14,896 [Forwarding findElement on session ebf5bc0b43e1892a4cd7f8272da29841 to remote] DEBUG org.apache.http.impl.execchain.MainClientExec - Target auth state: UNCHALLENGED
2019-03-15 07:36:14,896 [Forwarding findElement on session ebf5bc0b43e1892a4cd7f8272da29841 to remote] DEBUG org.apache.http.impl.execchain.MainClientExec - Proxy auth state: UNCHALLENGED
2019-03-15 07:36:14,896 [Forwarding findElement on session ebf5bc0b43e1892a4cd7f8272da29841 to remote] DEBUG org.apache.http.headers - http-outgoing-0 >> POST /session/ebf5bc0b43e1892a4cd7f8272da29841/element HTTP/1.1
2019-03-15 07:36:14,896 [Forwarding findElement on session ebf5bc0b43e1892a4cd7f8272da29841 to remote] DEBUG org.apache.http.headers - http-outgoing-0 >> Content-Type: application/json; charset=utf-8
2019-03-15 07:36:14,896 [Forwarding findElement on session ebf5bc0b43e1892a4cd7f8272da29841 to remote] DEBUG org.apache.http.headers - http-outgoing-0 >> Content-Length: 49
2019-03-15 07:36:14,896 [Forwarding findElement on session ebf5bc0b43e1892a4cd7f8272da29841 to remote] DEBUG org.apache.http.headers - http-outgoing-0 >> Host: localhost:26602
2019-03-15 07:36:14,896 [Forwarding findElement on session ebf5bc0b43e1892a4cd7f8272da29841 to remote] DEBUG org.apache.http.headers - http-outgoing-0 >> Connection: Keep-Alive
2019-03-15 07:36:14,896 [Forwarding findElement on session ebf5bc0b43e1892a4cd7f8272da29841 to remote] DEBUG org.apache.http.headers - http-outgoing-0 >> User-Agent: Apache-HttpClient/4.5.3 (Java/1.8.0_191)
2019-03-15 07:36:14,896 [Forwarding findElement on session ebf5bc0b43e1892a4cd7f8272da29841 to remote] DEBUG org.apache.http.headers - http-outgoing-0 >> Accept-Encoding: gzip,deflate
2019-03-15 07:36:14,896 [Forwarding findElement on session ebf5bc0b43e1892a4cd7f8272da29841 to remote] DEBUG org.apache.http.wire - http-outgoing-0 >> "POST /session/ebf5bc0b43e1892a4cd7f8272da29841/element HTTP/1.1[\r][\n]"
2019-03-15 07:36:14,896 [Forwarding findElement on session ebf5bc0b43e1892a4cd7f8272da29841 to remote] DEBUG org.apache.http.wire - http-outgoing-0 >> "Content-Type: application/json; charset=utf-8[\r][\n]"
2019-03-15 07:36:14,896 [Forwarding findElement on session ebf5bc0b43e1892a4cd7f8272da29841 to remote] DEBUG org.apache.http.wire - http-outgoing-0 >> "Content-Length: 49[\r][\n]"
2019-03-15 07:36:14,896 [Forwarding findElement on session ebf5bc0b43e1892a4cd7f8272da29841 to remote] DEBUG org.apache.http.wire - http-outgoing-0 >> "Host: localhost:26602[\r][\n]"
2019-03-15 07:36:14,896 [Forwarding findElement on session ebf5bc0b43e1892a4cd7f8272da29841 to remote] DEBUG org.apache.http.wire - http-outgoing-0 >> "Connection: Keep-Alive[\r][\n]"
2019-03-15 07:36:14,896 [Forwarding findElement on session ebf5bc0b43e1892a4cd7f8272da29841 to remote] DEBUG org.apache.http.wire - http-outgoing-0 >> "User-Agent: Apache-HttpClient/4.5.3 (Java/1.8.0_191)[\r][\n]"
2019-03-15 07:36:14,896 [Forwarding findElement on session ebf5bc0b43e1892a4cd7f8272da29841 to remote] DEBUG org.apache.http.wire - http-outgoing-0 >> "Accept-Encoding: gzip,deflate[\r][\n]"
2019-03-15 07:36:14,896 [Forwarding findElement on session ebf5bc0b43e1892a4cd7f8272da29841 to remote] DEBUG org.apache.http.wire - http-outgoing-0 >> "[\r][\n]"
2019-03-15 07:36:14,896 [Forwarding findElement on session ebf5bc0b43e1892a4cd7f8272da29841 to remote] DEBUG org.apache.http.wire - http-outgoing-0 >> "{"using":"xpath","value":"//*[@name='password']"}"
2019-03-15 07:36:14,947 [Forwarding findElement on session ebf5bc0b43e1892a4cd7f8272da29841 to remote] DEBUG org.apache.http.wire - http-outgoing-0 << "HTTP/1.1 200 OK[\r][\n]"
2019-03-15 07:36:14,947 [Forwarding findElement on session ebf5bc0b43e1892a4cd7f8272da29841 to remote] DEBUG org.apache.http.wire - http-outgoing-0 << "Content-Length:102[\r][\n]"
2019-03-15 07:36:14,947 [Forwarding findElement on session ebf5bc0b43e1892a4cd7f8272da29841 to remote] DEBUG org.apache.http.wire - http-outgoing-0 << "Content-Type:application/json; charset=utf-8[\r][\n]"
2019-03-15 07:36:14,947 [Forwarding findElement on session ebf5bc0b43e1892a4cd7f8272da29841 to remote] DEBUG org.apache.http.wire - http-outgoing-0 << "[\r][\n]"
2019-03-15 07:36:14,947 [Forwarding findElement on session ebf5bc0b43e1892a4cd7f8272da29841 to remote] DEBUG org.apache.http.wire - http-outgoing-0 << "{"sessionId":"ebf5bc0b43e1892a4cd7f8272da29841","status":0,"value":{"ELEMENT":"0.5793661813061162-1"}}"
2019-03-15 07:36:14,947 [Forwarding findElement on session ebf5bc0b43e1892a4cd7f8272da29841 to remote] DEBUG org.apache.http.headers - http-outgoing-0 << HTTP/1.1 200 OK
2019-03-15 07:36:14,947 [Forwarding findElement on session ebf5bc0b43e1892a4cd7f8272da29841 to remote] DEBUG org.apache.http.headers - http-outgoing-0 << Content-Length:102
2019-03-15 07:36:14,947 [Forwarding findElement on session ebf5bc0b43e1892a4cd7f8272da29841 to remote] DEBUG org.apache.http.headers - http-outgoing-0 << Content-Type:application/json; charset=utf-8
2019-03-15 07:36:14,947 [Forwarding findElement on session ebf5bc0b43e1892a4cd7f8272da29841 to remote] DEBUG org.apache.http.impl.execchain.MainClientExec - Connection can be kept alive indefinitely
2019-03-15 07:36:14,947 [Forwarding findElement on session ebf5bc0b43e1892a4cd7f8272da29841 to remote] DEBUG org.apache.http.impl.conn.PoolingHttpClientConnectionManager - Connection [id: 0][route: {}->http://localhost:26602] can be kept alive indefinitely
2019-03-15 07:36:14,948 [Forwarding findElement on session ebf5bc0b43e1892a4cd7f8272da29841 to remote] DEBUG org.apache.http.impl.conn.PoolingHttpClientConnectionManager - Connection released: [id: 0][route: {}->http://localhost:26602][total kept alive: 1; route allocated: 1 of 2000; total allocated: 1 of 2000]
2019-03-15 07:36:14,953 [Forwarding isElementDisplayed on session ebf5bc0b43e1892a4cd7f8272da29841 to remote] DEBUG org.apache.http.client.protocol.RequestAddCookies - CookieSpec selected: default
2019-03-15 07:36:14,953 [Forwarding isElementDisplayed on session ebf5bc0b43e1892a4cd7f8272da29841 to remote] DEBUG org.apache.http.client.protocol.RequestAuthCache - Auth cache not set in the context
2019-03-15 07:36:14,953 [Forwarding isElementDisplayed on session ebf5bc0b43e1892a4cd7f8272da29841 to remote] DEBUG org.apache.http.impl.conn.PoolingHttpClientConnectionManager - Connection request: [route: {}->http://localhost:26602][total kept alive: 1; route allocated: 1 of 2000; total allocated: 1 of 2000]
2019-03-15 07:36:14,953 [Forwarding isElementDisplayed on session ebf5bc0b43e1892a4cd7f8272da29841 to remote] DEBUG org.apache.http.impl.conn.PoolingHttpClientConnectionManager - Connection leased: [id: 0][route: {}->http://localhost:26602][total kept alive: 0; route allocated: 1 of 2000; total allocated: 1 of 2000]
2019-03-15 07:36:14,953 [Forwarding isElementDisplayed on session ebf5bc0b43e1892a4cd7f8272da29841 to remote] DEBUG org.apache.http.impl.execchain.MainClientExec - Stale connection check
2019-03-15 07:36:14,954 [Forwarding isElementDisplayed on session ebf5bc0b43e1892a4cd7f8272da29841 to remote] DEBUG org.apache.http.wire - http-outgoing-0 << "[read] I/O error: Read timed out"
2019-03-15 07:36:14,955 [Forwarding isElementDisplayed on session ebf5bc0b43e1892a4cd7f8272da29841 to remote] DEBUG org.apache.http.impl.conn.DefaultManagedHttpClientConnection - http-outgoing-0: set socket timeout to 10800000
2019-03-15 07:36:14,955 [Forwarding isElementDisplayed on session ebf5bc0b43e1892a4cd7f8272da29841 to remote] DEBUG org.apache.http.impl.execchain.MainClientExec - Executing request GET /session/ebf5bc0b43e1892a4cd7f8272da29841/element/0.5793661813061162-1/displayed HTTP/1.1
2019-03-15 07:36:14,955 [Forwarding isElementDisplayed on session ebf5bc0b43e1892a4cd7f8272da29841 to remote] DEBUG org.apache.http.impl.execchain.MainClientExec - Target auth state: UNCHALLENGED
2019-03-15 07:36:14,955 [Forwarding isElementDisplayed on session ebf5bc0b43e1892a4cd7f8272da29841 to remote] DEBUG org.apache.http.impl.execchain.MainClientExec - Proxy auth state: UNCHALLENGED
2019-03-15 07:36:14,955 [Forwarding isElementDisplayed on session ebf5bc0b43e1892a4cd7f8272da29841 to remote] DEBUG org.apache.http.headers - http-outgoing-0 >> GET /session/ebf5bc0b43e1892a4cd7f8272da29841/element/0.5793661813061162-1/displayed HTTP/1.1
2019-03-15 07:36:14,955 [Forwarding isElementDisplayed on session ebf5bc0b43e1892a4cd7f8272da29841 to remote] DEBUG org.apache.http.headers - http-outgoing-0 >> Cache-Control: no-cache
2019-03-15 07:36:14,955 [Forwarding isElementDisplayed on session ebf5bc0b43e1892a4cd7f8272da29841 to remote] DEBUG org.apache.http.headers - http-outgoing-0 >> Host: localhost:26602
2019-03-15 07:36:14,955 [Forwarding isElementDisplayed on session ebf5bc0b43e1892a4cd7f8272da29841 to remote] DEBUG org.apache.http.headers - http-outgoing-0 >> Connection: Keep-Alive
2019-03-15 07:36:14,955 [Forwarding isElementDisplayed on session ebf5bc0b43e1892a4cd7f8272da29841 to remote] DEBUG org.apache.http.headers - http-outgoing-0 >> User-Agent: Apache-HttpClient/4.5.3 (Java/1.8.0_191)
2019-03-15 07:36:14,955 [Forwarding isElementDisplayed on session ebf5bc0b43e1892a4cd7f8272da29841 to remote] DEBUG org.apache.http.headers - http-outgoing-0 >> Accept-Encoding: gzip,deflate
2019-03-15 07:36:14,955 [Forwarding isElementDisplayed on session ebf5bc0b43e1892a4cd7f8272da29841 to remote] DEBUG org.apache.http.wire - http-outgoing-0 >> "GET /session/ebf5bc0b43e1892a4cd7f8272da29841/element/0.5793661813061162-1/displayed HTTP/1.1[\r][\n]"
2019-03-15 07:36:14,955 [Forwarding isElementDisplayed on session ebf5bc0b43e1892a4cd7f8272da29841 to remote] DEBUG org.apache.http.wire - http-outgoing-0 >> "Cache-Control: no-cache[\r][\n]"
2019-03-15 07:36:14,955 [Forwarding isElementDisplayed on session ebf5bc0b43e1892a4cd7f8272da29841 to remote] DEBUG org.apache.http.wire - http-outgoing-0 >> "Host: localhost:26602[\r][\n]"
2019-03-15 07:36:14,955 [Forwarding isElementDisplayed on session ebf5bc0b43e1892a4cd7f8272da29841 to remote] DEBUG org.apache.http.wire - http-outgoing-0 >> "Connection: Keep-Alive[\r][\n]"
2019-03-15 07:36:14,955 [Forwarding isElementDisplayed on session ebf5bc0b43e1892a4cd7f8272da29841 to remote] DEBUG org.apache.http.wire - http-outgoing-0 >> "User-Agent: Apache-HttpClient/4.5.3 (Java/1.8.0_191)[\r][\n]"
2019-03-15 07:36:14,955 [Forwarding isElementDisplayed on session ebf5bc0b43e1892a4cd7f8272da29841 to remote] DEBUG org.apache.http.wire - http-outgoing-0 >> "Accept-Encoding: gzip,deflate[\r][\n]"
2019-03-15 07:36:14,955 [Forwarding isElementDisplayed on session ebf5bc0b43e1892a4cd7f8272da29841 to remote] DEBUG org.apache.http.wire - http-outgoing-0 >> "[\r][\n]"
2019-03-15 07:36:15,036 [Forwarding isElementDisplayed on session ebf5bc0b43e1892a4cd7f8272da29841 to remote] DEBUG org.apache.http.wire - http-outgoing-0 << "HTTP/1.1 200 OK[\r][\n]"
2019-03-15 07:36:15,037 [Forwarding isElementDisplayed on session ebf5bc0b43e1892a4cd7f8272da29841 to remote] DEBUG org.apache.http.wire - http-outgoing-0 << "Content-Length:73[\r][\n]"
2019-03-15 07:36:15,037 [Forwarding isElementDisplayed on session ebf5bc0b43e1892a4cd7f8272da29841 to remote] DEBUG org.apache.http.wire - http-outgoing-0 << "Content-Type:application/json; charset=utf-8[\r][\n]"
2019-03-15 07:36:15,037 [Forwarding isElementDisplayed on session ebf5bc0b43e1892a4cd7f8272da29841 to remote] DEBUG org.apache.http.wire - http-outgoing-0 << "[\r][\n]"
2019-03-15 07:36:15,037 [Forwarding isElementDisplayed on session ebf5bc0b43e1892a4cd7f8272da29841 to remote] DEBUG org.apache.http.wire - http-outgoing-0 << "{"sessionId":"ebf5bc0b43e1892a4cd7f8272da29841","status":0,"value":false}"
2019-03-15 07:36:15,037 [Forwarding isElementDisplayed on session ebf5bc0b43e1892a4cd7f8272da29841 to remote] DEBUG org.apache.http.headers - http-outgoing-0 << HTTP/1.1 200 OK
2019-03-15 07:36:15,037 [Forwarding isElementDisplayed on session ebf5bc0b43e1892a4cd7f8272da29841 to remote] DEBUG org.apache.http.headers - http-outgoing-0 << Content-Length:73
2019-03-15 07:36:15,037 [Forwarding isElementDisplayed on session ebf5bc0b43e1892a4cd7f8272da29841 to remote] DEBUG org.apache.http.headers - http-outgoing-0 << Content-Type:application/json; charset=utf-8
2019-03-15 07:36:15,037 [Forwarding isElementDisplayed on session ebf5bc0b43e1892a4cd7f8272da29841 to remote] DEBUG org.apache.http.impl.execchain.MainClientExec - Connection can be kept alive indefinitely
2019-03-15 07:36:15,037 [Forwarding isElementDisplayed on session ebf5bc0b43e1892a4cd7f8272da29841 to remote] DEBUG org.apache.http.impl.conn.PoolingHttpClientConnectionManager - Connection [id: 0][route: {}->http://localhost:26602] can be kept alive indefinitely
2019-03-15 07:36:15,037 [Forwarding isElementDisplayed on session ebf5bc0b43e1892a4cd7f8272da29841 to remote] DEBUG org.apache.http.impl.conn.PoolingHttpClientConnectionManager - Connection released: [id: 0][route: {}->http://localhost:26602][total kept alive: 1; route allocated: 1 of 2000; total allocated: 1 of 2000]
2019-03-15 07:36:15,545 [Forwarding findElement on session ebf5bc0b43e1892a4cd7f8272da29841 to remote] DEBUG org.apache.http.client.protocol.RequestAddCookies - CookieSpec selected: default
2019-03-15 07:36:15,545 [Forwarding findElement on session ebf5bc0b43e1892a4cd7f8272da29841 to remote] DEBUG org.apache.http.client.protocol.RequestAuthCache - Auth cache not set in the context
2019-03-15 07:36:15,545 [Forwarding findElement on session ebf5bc0b43e1892a4cd7f8272da29841 to remote] DEBUG org.apache.http.impl.conn.PoolingHttpClientConnectionManager - Connection request: [route: {}->http://localhost:26602][total kept alive: 1; route allocated: 1 of 2000; total allocated: 1 of 2000]
2019-03-15 07:36:15,546 [Forwarding findElement on session ebf5bc0b43e1892a4cd7f8272da29841 to remote] DEBUG org.apache.http.impl.conn.PoolingHttpClientConnectionManager - Connection leased: [id: 0][route: {}->http://localhost:26602][total kept alive: 0; route allocated: 1 of 2000; total allocated: 1 of 2000]
2019-03-15 07:36:15,547 [Forwarding findElement on session ebf5bc0b43e1892a4cd7f8272da29841 to remote] DEBUG org.apache.http.impl.execchain.MainClientExec - Stale connection check
2019-03-15 07:36:15,548 [Forwarding findElement on session ebf5bc0b43e1892a4cd7f8272da29841 to remote] DEBUG org.apache.http.wire - http-outgoing-0 << "[read] I/O error: Read timed out"
2019-03-15 07:36:15,548 [Forwarding findElement on session ebf5bc0b43e1892a4cd7f8272da29841 to remote] DEBUG org.apache.http.impl.conn.DefaultManagedHttpClientConnection - http-outgoing-0: set socket timeout to 10800000
2019-03-15 07:36:15,548 [Forwarding findElement on session ebf5bc0b43e1892a4cd7f8272da29841 to remote] DEBUG org.apache.http.impl.execchain.MainClientExec - Executing request POST /session/ebf5bc0b43e1892a4cd7f8272da29841/element HTTP/1.1
2019-03-15 07:36:15,548 [Forwarding findElement on session ebf5bc0b43e1892a4cd7f8272da29841 to remote] DEBUG org.apache.http.impl.execchain.MainClientExec - Target auth state: UNCHALLENGED
2019-03-15 07:36:15,548 [Forwarding findElement on session ebf5bc0b43e1892a4cd7f8272da29841 to remote] DEBUG org.apache.http.impl.execchain.MainClientExec - Proxy auth state: UNCHALLENGED
2019-03-15 07:36:15,548 [Forwarding findElement on session ebf5bc0b43e1892a4cd7f8272da29841 to remote] DEBUG org.apache.http.headers - http-outgoing-0 >> POST /session/ebf5bc0b43e1892a4cd7f8272da29841/element HTTP/1.1
2019-03-15 07:36:15,548 [Forwarding findElement on session ebf5bc0b43e1892a4cd7f8272da29841 to remote] DEBUG org.apache.http.headers - http-outgoing-0 >> Content-Type: application/json; charset=utf-8
2019-03-15 07:36:15,549 [Forwarding findElement on session ebf5bc0b43e1892a4cd7f8272da29841 to remote] DEBUG org.apache.http.headers - http-outgoing-0 >> Content-Length: 49
2019-03-15 07:36:15,549 [Forwarding findElement on session ebf5bc0b43e1892a4cd7f8272da29841 to remote] DEBUG org.apache.http.headers - http-outgoing-0 >> Host: localhost:26602
2019-03-15 07:36:15,549 [Forwarding findElement on session ebf5bc0b43e1892a4cd7f8272da29841 to remote] DEBUG org.apache.http.headers - http-outgoing-0 >> Connection: Keep-Alive
2019-03-15 07:36:15,549 [Forwarding findElement on session ebf5bc0b43e1892a4cd7f8272da29841 to remote] DEBUG org.apache.http.headers - http-outgoing-0 >> User-Agent: Apache-HttpClient/4.5.3 (Java/1.8.0_191)
2019-03-15 07:36:15,549 [Forwarding findElement on session ebf5bc0b43e1892a4cd7f8272da29841 to remote] DEBUG org.apache.http.headers - http-outgoing-0 >> Accept-Encoding: gzip,deflate
2019-03-15 07:36:15,549 [Forwarding findElement on session ebf5bc0b43e1892a4cd7f8272da29841 to remote] DEBUG org.apache.http.wire - http-outgoing-0 >> "POST /session/ebf5bc0b43e1892a4cd7f8272da29841/element HTTP/1.1[\r][\n]"
2019-03-15 07:36:15,549 [Forwarding findElement on session ebf5bc0b43e1892a4cd7f8272da29841 to remote] DEBUG org.apache.http.wire - http-outgoing-0 >> "Content-Type: application/json; charset=utf-8[\r][\n]"
2019-03-15 07:36:15,549 [Forwarding findElement on session ebf5bc0b43e1892a4cd7f8272da29841 to remote] DEBUG org.apache.http.wire - http-outgoing-0 >> "Content-Length: 49[\r][\n]"
2019-03-15 07:36:15,549 [Forwarding findElement on session ebf5bc0b43e1892a4cd7f8272da29841 to remote] DEBUG org.apache.http.wire - http-outgoing-0 >> "Host: localhost:26602[\r][\n]"
2019-03-15 07:36:15,549 [Forwarding findElement on session ebf5bc0b43e1892a4cd7f8272da29841 to remote] DEBUG org.apache.http.wire - http-outgoing-0 >> "Connection: Keep-Alive[\r][\n]"
2019-03-15 07:36:15,549 [Forwarding findElement on session ebf5bc0b43e1892a4cd7f8272da29841 to remote] DEBUG org.apache.http.wire - http-outgoing-0 >> "User-Agent: Apache-HttpClient/4.5.3 (Java/1.8.0_191)[\r][\n]"
2019-03-15 07:36:15,549 [Forwarding findElement on session ebf5bc0b43e1892a4cd7f8272da29841 to remote] DEBUG org.apache.http.wire - http-outgoing-0 >> "Accept-Encoding: gzip,deflate[\r][\n]"
2019-03-15 07:36:15,549 [Forwarding findElement on session ebf5bc0b43e1892a4cd7f8272da29841 to remote] DEBUG org.apache.http.wire - http-outgoing-0 >> "[\r][\n]"
2019-03-15 07:36:15,549 [Forwarding findElement on session ebf5bc0b43e1892a4cd7f8272da29841 to remote] DEBUG org.apache.http.wire - http-outgoing-0 >> "{"using":"xpath","value":"//*[@name='password']"}"
2019-03-15 07:36:15,588 [Forwarding findElement on session ebf5bc0b43e1892a4cd7f8272da29841 to remote] DEBUG org.apache.http.wire - http-outgoing-0 << "HTTP/1.1 200 OK[\r][\n]"
2019-03-15 07:36:15,588 [Forwarding findElement on session ebf5bc0b43e1892a4cd7f8272da29841 to remote] DEBUG org.apache.http.wire - http-outgoing-0 << "Content-Length:102[\r][\n]"
2019-03-15 07:36:15,588 [Forwarding findElement on session ebf5bc0b43e1892a4cd7f8272da29841 to remote] DEBUG org.apache.http.wire - http-outgoing-0 << "Content-Type:application/json; charset=utf-8[\r][\n]"
2019-03-15 07:36:15,588 [Forwarding findElement on session ebf5bc0b43e1892a4cd7f8272da29841 to remote] DEBUG org.apache.http.wire - http-outgoing-0 << "[\r][\n]"
2019-03-15 07:36:15,588 [Forwarding findElement on session ebf5bc0b43e1892a4cd7f8272da29841 to remote] DEBUG org.apache.http.wire - http-outgoing-0 << "{"sessionId":"ebf5bc0b43e1892a4cd7f8272da29841","status":0,"value":{"ELEMENT":"0.5793661813061162-1"}}"
2019-03-15 07:36:15,589 [Forwarding findElement on session ebf5bc0b43e1892a4cd7f8272da29841 to remote] DEBUG org.apache.http.headers - http-outgoing-0 << HTTP/1.1 200 OK
2019-03-15 07:36:15,589 [Forwarding findElement on session ebf5bc0b43e1892a4cd7f8272da29841 to remote] DEBUG org.apache.http.headers - http-outgoing-0 << Content-Length:102
2019-03-15 07:36:15,589 [Forwarding findElement on session ebf5bc0b43e1892a4cd7f8272da29841 to remote] DEBUG org.apache.http.headers - http-outgoing-0 << Content-Type:application/json; charset=utf-8
2019-03-15 07:36:15,589 [Forwarding findElement on session ebf5bc0b43e1892a4cd7f8272da29841 to remote] DEBUG org.apache.http.impl.execchain.MainClientExec - Connection can be kept alive indefinitely
2019-03-15 07:36:15,589 [Forwarding findElement on session ebf5bc0b43e1892a4cd7f8272da29841 to remote] DEBUG org.apache.http.impl.conn.PoolingHttpClientConnectionManager - Connection [id: 0][route: {}->http://localhost:26602] can be kept alive indefinitely
2019-03-15 07:36:15,589 [Forwarding findElement on session ebf5bc0b43e1892a4cd7f8272da29841 to remote] DEBUG org.apache.http.impl.conn.PoolingHttpClientConnectionManager - Connection released: [id: 0][route: {}->http://localhost:26602][total kept alive: 1; route allocated: 1 of 2000; total allocated: 1 of 2000]
2019-03-15 07:36:15,594 [Forwarding isElementDisplayed on session ebf5bc0b43e1892a4cd7f8272da29841 to remote] DEBUG org.apache.http.client.protocol.RequestAddCookies - CookieSpec selected: default
2019-03-15 07:36:15,595 [Forwarding isElementDisplayed on session ebf5bc0b43e1892a4cd7f8272da29841 to remote] DEBUG org.apache.http.client.protocol.RequestAuthCache - Auth cache not set in the context
2019-03-15 07:36:15,595 [Forwarding isElementDisplayed on session ebf5bc0b43e1892a4cd7f8272da29841 to remote] DEBUG org.apache.http.impl.conn.PoolingHttpClientConnectionManager - Connection request: [route: {}->http://localhost:26602][total kept alive: 1; route allocated: 1 of 2000; total allocated: 1 of 2000]
2019-03-15 07:36:15,595 [Forwarding isElementDisplayed on session ebf5bc0b43e1892a4cd7f8272da29841 to remote] DEBUG org.apache.http.impl.conn.PoolingHttpClientConnectionManager - Connection leased: [id: 0][route: {}->http://localhost:26602][total kept alive: 0; route allocated: 1 of 2000; total allocated: 1 of 2000]
2019-03-15 07:36:15,595 [Forwarding isElementDisplayed on session ebf5bc0b43e1892a4cd7f8272da29841 to remote] DEBUG org.apache.http.impl.execchain.MainClientExec - Stale connection check
2019-03-15 07:36:15,597 [Forwarding isElementDisplayed on session ebf5bc0b43e1892a4cd7f8272da29841 to remote] DEBUG org.apache.http.wire - http-outgoing-0 << "[read] I/O error: Read timed out"
2019-03-15 07:36:15,597 [Forwarding isElementDisplayed on session ebf5bc0b43e1892a4cd7f8272da29841 to remote] DEBUG org.apache.http.impl.conn.DefaultManagedHttpClientConnection - http-outgoing-0: set socket timeout to 10800000
2019-03-15 07:36:15,597 [Forwarding isElementDisplayed on session ebf5bc0b43e1892a4cd7f8272da29841 to remote] DEBUG org.apache.http.impl.execchain.MainClientExec - Executing request GET /session/ebf5bc0b43e1892a4cd7f8272da29841/element/0.5793661813061162-1/displayed HTTP/1.1
2019-03-15 07:36:15,597 [Forwarding isElementDisplayed on session ebf5bc0b43e1892a4cd7f8272da29841 to remote] DEBUG org.apache.http.impl.execchain.MainClientExec - Target auth state: UNCHALLENGED
2019-03-15 07:36:15,597 [Forwarding isElementDisplayed on session ebf5bc0b43e1892a4cd7f8272da29841 to remote] DEBUG org.apache.http.impl.execchain.MainClientExec - Proxy auth state: UNCHALLENGED
2019-03-15 07:36:15,598 [Forwarding isElementDisplayed on session ebf5bc0b43e1892a4cd7f8272da29841 to remote] DEBUG org.apache.http.headers - http-outgoing-0 >> GET /session/ebf5bc0b43e1892a4cd7f8272da29841/element/0.5793661813061162-1/displayed HTTP/1.1
2019-03-15 07:36:15,598 [Forwarding isElementDisplayed on session ebf5bc0b43e1892a4cd7f8272da29841 to remote] DEBUG org.apache.http.headers - http-outgoing-0 >> Cache-Control: no-cache
2019-03-15 07:36:15,598 [Forwarding isElementDisplayed on session ebf5bc0b43e1892a4cd7f8272da29841 to remote] DEBUG org.apache.http.headers - http-outgoing-0 >> Host: localhost:26602
2019-03-15 07:36:15,598 [Forwarding isElementDisplayed on session ebf5bc0b43e1892a4cd7f8272da29841 to remote] DEBUG org.apache.http.headers - http-outgoing-0 >> Connection: Keep-Alive
2019-03-15 07:36:15,598 [Forwarding isElementDisplayed on session ebf5bc0b43e1892a4cd7f8272da29841 to remote] DEBUG org.apache.http.headers - http-outgoing-0 >> User-Agent: Apache-HttpClient/4.5.3 (Java/1.8.0_191)
2019-03-15 07:36:15,598 [Forwarding isElementDisplayed on session ebf5bc0b43e1892a4cd7f8272da29841 to remote] DEBUG org.apache.http.headers - http-outgoing-0 >> Accept-Encoding: gzip,deflate
2019-03-15 07:36:15,598 [Forwarding isElementDisplayed on session ebf5bc0b43e1892a4cd7f8272da29841 to remote] DEBUG org.apache.http.wire - http-outgoing-0 >> "GET /session/ebf5bc0b43e1892a4cd7f8272da29841/element/0.5793661813061162-1/displayed HTTP/1.1[\r][\n]"
2019-03-15 07:36:15,598 [Forwarding isElementDisplayed on session ebf5bc0b43e1892a4cd7f8272da29841 to remote] DEBUG org.apache.http.wire - http-outgoing-0 >> "Cache-Control: no-cache[\r][\n]"
2019-03-15 07:36:15,598 [Forwarding isElementDisplayed on session ebf5bc0b43e1892a4cd7f8272da29841 to remote] DEBUG org.apache.http.wire - http-outgoing-0 >> "Host: localhost:26602[\r][\n]"
2019-03-15 07:36:15,598 [Forwarding isElementDisplayed on session ebf5bc0b43e1892a4cd7f8272da29841 to remote] DEBUG org.apache.http.wire - http-outgoing-0 >> "Connection: Keep-Alive[\r][\n]"
2019-03-15 07:36:15,598 [Forwarding isElementDisplayed on session ebf5bc0b43e1892a4cd7f8272da29841 to remote] DEBUG org.apache.http.wire - http-outgoing-0 >> "User-Agent: Apache-HttpClient/4.5.3 (Java/1.8.0_191)[\r][\n]"
2019-03-15 07:36:15,598 [Forwarding isElementDisplayed on session ebf5bc0b43e1892a4cd7f8272da29841 to remote] DEBUG org.apache.http.wire - http-outgoing-0 >> "Accept-Encoding: gzip,deflate[\r][\n]"
2019-03-15 07:36:15,598 [Forwarding isElementDisplayed on session ebf5bc0b43e1892a4cd7f8272da29841 to remote] DEBUG org.apache.http.wire - http-outgoing-0 >> "[\r][\n]"
2019-03-15 07:36:15,756 [Forwarding isElementDisplayed on session ebf5bc0b43e1892a4cd7f8272da29841 to remote] DEBUG org.apache.http.wire - http-outgoing-0 << "HTTP/1.1 200 OK[\r][\n]"
2019-03-15 07:36:15,756 [Forwarding isElementDisplayed on session ebf5bc0b43e1892a4cd7f8272da29841 to remote] DEBUG org.apache.http.wire - http-outgoing-0 << "Content-Length:73[\r][\n]"
2019-03-15 07:36:15,756 [Forwarding isElementDisplayed on session ebf5bc0b43e1892a4cd7f8272da29841 to remote] DEBUG org.apache.http.wire - http-outgoing-0 << "Content-Type:application/json; charset=utf-8[\r][\n]"
2019-03-15 07:36:15,756 [Forwarding isElementDisplayed on session ebf5bc0b43e1892a4cd7f8272da29841 to remote] DEBUG org.apache.http.wire - http-outgoing-0 << "[\r][\n]"
2019-03-15 07:36:15,756 [Forwarding isElementDisplayed on session ebf5bc0b43e1892a4cd7f8272da29841 to remote] DEBUG org.apache.http.wire - http-outgoing-0 << "{"sessionId":"ebf5bc0b43e1892a4cd7f8272da29841","status":0,"value":false}"
2019-03-15 07:36:15,756 [Forwarding isElementDisplayed on session ebf5bc0b43e1892a4cd7f8272da29841 to remote] DEBUG org.apache.http.headers - http-outgoing-0 << HTTP/1.1 200 OK
2019-03-15 07:36:15,757 [Forwarding isElementDisplayed on session ebf5bc0b43e1892a4cd7f8272da29841 to remote] DEBUG org.apache.http.headers - http-outgoing-0 << Content-Length:73
2019-03-15 07:36:15,757 [Forwarding isElementDisplayed on session ebf5bc0b43e1892a4cd7f8272da29841 to remote] DEBUG org.apache.http.headers - http-outgoing-0 << Content-Type:application/json; charset=utf-8
2019-03-15 07:36:15,757 [Forwarding isElementDisplayed on session ebf5bc0b43e1892a4cd7f8272da29841 to remote] DEBUG org.apache.http.impl.execchain.MainClientExec - Connection can be kept alive indefinitely
2019-03-15 07:36:15,757 [Forwarding isElementDisplayed on session ebf5bc0b43e1892a4cd7f8272da29841 to remote] DEBUG org.apache.http.impl.conn.PoolingHttpClientConnectionManager - Connection [id: 0][route: {}->http://localhost:26602] can be kept alive indefinitely
2019-03-15 07:36:15,757 [Forwarding isElementDisplayed on session ebf5bc0b43e1892a4cd7f8272da29841 to remote] DEBUG org.apache.http.impl.conn.PoolingHttpClientConnectionManager - Connection released: [id: 0][route: {}->http://localhost:26602][total kept alive: 1; route allocated: 1 of 2000; total allocated: 1 of 2000]
2019-03-15 07:36:16,260 [Forwarding findElement on session ebf5bc0b43e1892a4cd7f8272da29841 to remote] DEBUG org.apache.http.client.protocol.RequestAddCookies - CookieSpec selected: default
2019-03-15 07:36:16,261 [Forwarding findElement on session ebf5bc0b43e1892a4cd7f8272da29841 to remote] DEBUG org.apache.http.client.protocol.RequestAuthCache - Auth cache not set in the context
2019-03-15 07:36:16,263 [Forwarding findElement on session ebf5bc0b43e1892a4cd7f8272da29841 to remote] DEBUG org.apache.http.impl.conn.PoolingHttpClientConnectionManager - Connection request: [route: {}->http://localhost:26602][total kept alive: 1; route allocated: 1 of 2000; total allocated: 1 of 2000]
2019-03-15 07:36:16,264 [Forwarding findElement on session ebf5bc0b43e1892a4cd7f8272da29841 to remote] DEBUG org.apache.http.impl.conn.PoolingHttpClientConnectionManager - Connection leased: [id: 0][route: {}->http://localhost:26602][total kept alive: 0; route allocated: 1 of 2000; total allocated: 1 of 2000]
2019-03-15 07:36:16,264 [Forwarding findElement on session ebf5bc0b43e1892a4cd7f8272da29841 to remote] DEBUG org.apache.http.impl.execchain.MainClientExec - Stale connection check
2019-03-15 07:36:16,265 [Forwarding findElement on session ebf5bc0b43e1892a4cd7f8272da29841 to remote] DEBUG org.apache.http.wire - http-outgoing-0 << "[read] I/O error: Read timed out"
2019-03-15 07:36:16,265 [Forwarding findElement on session ebf5bc0b43e1892a4cd7f8272da29841 to remote] DEBUG org.apache.http.impl.conn.DefaultManagedHttpClientConnection - http-outgoing-0: set socket timeout to 10800000
2019-03-15 07:36:16,265 [Forwarding findElement on session ebf5bc0b43e1892a4cd7f8272da29841 to remote] DEBUG org.apache.http.impl.execchain.MainClientExec - Executing request POST /session/ebf5bc0b43e1892a4cd7f8272da29841/element HTTP/1.1
2019-03-15 07:36:16,265 [Forwarding findElement on session ebf5bc0b43e1892a4cd7f8272da29841 to remote] DEBUG org.apache.http.impl.execchain.MainClientExec - Target auth state: UNCHALLENGED
2019-03-15 07:36:16,265 [Forwarding findElement on session ebf5bc0b43e1892a4cd7f8272da29841 to remote] DEBUG org.apache.http.impl.execchain.MainClientExec - Proxy auth state: UNCHALLENGED
2019-03-15 07:36:16,265 [Forwarding findElement on session ebf5bc0b43e1892a4cd7f8272da29841 to remote] DEBUG org.apache.http.headers - http-outgoing-0 >> POST /session/ebf5bc0b43e1892a4cd7f8272da29841/element HTTP/1.1
2019-03-15 07:36:16,265 [Forwarding findElement on session ebf5bc0b43e1892a4cd7f8272da29841 to remote] DEBUG org.apache.http.headers - http-outgoing-0 >> Content-Type: application/json; charset=utf-8
2019-03-15 07:36:16,265 [Forwarding findElement on session ebf5bc0b43e1892a4cd7f8272da29841 to remote] DEBUG org.apache.http.headers - http-outgoing-0 >> Content-Length: 49
2019-03-15 07:36:16,265 [Forwarding findElement on session ebf5bc0b43e1892a4cd7f8272da29841 to remote] DEBUG org.apache.http.headers - http-outgoing-0 >> Host: localhost:26602
2019-03-15 07:36:16,265 [Forwarding findElement on session ebf5bc0b43e1892a4cd7f8272da29841 to remote] DEBUG org.apache.http.headers - http-outgoing-0 >> Connection: Keep-Alive
2019-03-15 07:36:16,265 [Forwarding findElement on session ebf5bc0b43e1892a4cd7f8272da29841 to remote] DEBUG org.apache.http.headers - http-outgoing-0 >> User-Agent: Apache-HttpClient/4.5.3 (Java/1.8.0_191)
2019-03-15 07:36:16,265 [Forwarding findElement on session ebf5bc0b43e1892a4cd7f8272da29841 to remote] DEBUG org.apache.http.headers - http-outgoing-0 >> Accept-Encoding: gzip,deflate
2019-03-15 07:36:16,265 [Forwarding findElement on session ebf5bc0b43e1892a4cd7f8272da29841 to remote] DEBUG org.apache.http.wire - http-outgoing-0 >> "POST /session/ebf5bc0b43e1892a4cd7f8272da29841/element HTTP/1.1[\r][\n]"
2019-03-15 07:36:16,265 [Forwarding findElement on session ebf5bc0b43e1892a4cd7f8272da29841 to remote] DEBUG org.apache.http.wire - http-outgoing-0 >> "Content-Type: application/json; charset=utf-8[\r][\n]"
2019-03-15 07:36:16,265 [Forwarding findElement on session ebf5bc0b43e1892a4cd7f8272da29841 to remote] DEBUG org.apache.http.wire - http-outgoing-0 >> "Content-Length: 49[\r][\n]"
2019-03-15 07:36:16,265 [Forwarding findElement on session ebf5bc0b43e1892a4cd7f8272da29841 to remote] DEBUG org.apache.http.wire - http-outgoing-0 >> "Host: localhost:26602[\r][\n]"
2019-03-15 07:36:16,265 [Forwarding findElement on session ebf5bc0b43e1892a4cd7f8272da29841 to remote] DEBUG org.apache.http.wire - http-outgoing-0 >> "Connection: Keep-Alive[\r][\n]"
2019-03-15 07:36:16,265 [Forwarding findElement on session ebf5bc0b43e1892a4cd7f8272da29841 to remote] DEBUG org.apache.http.wire - http-outgoing-0 >> "User-Agent: Apache-HttpClient/4.5.3 (Java/1.8.0_191)[\r][\n]"
2019-03-15 07:36:16,265 [Forwarding findElement on session ebf5bc0b43e1892a4cd7f8272da29841 to remote] DEBUG org.apache.http.wire - http-outgoing-0 >> "Accept-Encoding: gzip,deflate[\r][\n]"
2019-03-15 07:36:16,265 [Forwarding findElement on session ebf5bc0b43e1892a4cd7f8272da29841 to remote] DEBUG org.apache.http.wire - http-outgoing-0 >> "[\r][\n]"
2019-03-15 07:36:16,265 [Forwarding findElement on session ebf5bc0b43e1892a4cd7f8272da29841 to remote] DEBUG org.apache.http.wire - http-outgoing-0 >> "{"using":"xpath","value":"//*[@name='password']"}"
2019-03-15 07:36:16,357 [Forwarding findElement on session ebf5bc0b43e1892a4cd7f8272da29841 to remote] DEBUG org.apache.http.wire - http-outgoing-0 << "HTTP/1.1 200 OK[\r][\n]"
2019-03-15 07:36:16,357 [Forwarding findElement on session ebf5bc0b43e1892a4cd7f8272da29841 to remote] DEBUG org.apache.http.wire - http-outgoing-0 << "Content-Length:102[\r][\n]"
2019-03-15 07:36:16,357 [Forwarding findElement on session ebf5bc0b43e1892a4cd7f8272da29841 to remote] DEBUG org.apache.http.wire - http-outgoing-0 << "Content-Type:application/json; charset=utf-8[\r][\n]"
2019-03-15 07:36:16,357 [Forwarding findElement on session ebf5bc0b43e1892a4cd7f8272da29841 to remote] DEBUG org.apache.http.wire - http-outgoing-0 << "[\r][\n]"
2019-03-15 07:36:16,357 [Forwarding findElement on session ebf5bc0b43e1892a4cd7f8272da29841 to remote] DEBUG org.apache.http.wire - http-outgoing-0 << "{"sessionId":"ebf5bc0b43e1892a4cd7f8272da29841","status":0,"value":{"ELEMENT":"0.5793661813061162-1"}}"
2019-03-15 07:36:16,358 [Forwarding findElement on session ebf5bc0b43e1892a4cd7f8272da29841 to remote] DEBUG org.apache.http.headers - http-outgoing-0 << HTTP/1.1 200 OK
2019-03-15 07:36:16,358 [Forwarding findElement on session ebf5bc0b43e1892a4cd7f8272da29841 to remote] DEBUG org.apache.http.headers - http-outgoing-0 << Content-Length:102
2019-03-15 07:36:16,358 [Forwarding findElement on session ebf5bc0b43e1892a4cd7f8272da29841 to remote] DEBUG org.apache.http.headers - http-outgoing-0 << Content-Type:application/json; charset=utf-8
2019-03-15 07:36:16,358 [Forwarding findElement on session ebf5bc0b43e1892a4cd7f8272da29841 to remote] DEBUG org.apache.http.impl.execchain.MainClientExec - Connection can be kept alive indefinitely
2019-03-15 07:36:16,358 [Forwarding findElement on session ebf5bc0b43e1892a4cd7f8272da29841 to remote] DEBUG org.apache.http.impl.conn.PoolingHttpClientConnectionManager - Connection [id: 0][route: {}->http://localhost:26602] can be kept alive indefinitely
2019-03-15 07:36:16,358 [Forwarding findElement on session ebf5bc0b43e1892a4cd7f8272da29841 to remote] DEBUG org.apache.http.impl.conn.PoolingHttpClientConnectionManager - Connection released: [id: 0][route: {}->http://localhost:26602][total kept alive: 1; route allocated: 1 of 2000; total allocated: 1 of 2000]
2019-03-15 07:36:16,364 [Forwarding isElementDisplayed on session ebf5bc0b43e1892a4cd7f8272da29841 to remote] DEBUG org.apache.http.client.protocol.RequestAddCookies - CookieSpec selected: default
2019-03-15 07:36:16,364 [Forwarding isElementDisplayed on session ebf5bc0b43e1892a4cd7f8272da29841 to remote] DEBUG org.apache.http.client.protocol.RequestAuthCache - Auth cache not set in the context
2019-03-15 07:36:16,364 [Forwarding isElementDisplayed on session ebf5bc0b43e1892a4cd7f8272da29841 to remote] DEBUG org.apache.http.impl.conn.PoolingHttpClientConnectionManager - Connection request: [route: {}->http://localhost:26602][total kept alive: 1; route allocated: 1 of 2000; total allocated: 1 of 2000]
2019-03-15 07:36:16,364 [Forwarding isElementDisplayed on session ebf5bc0b43e1892a4cd7f8272da29841 to remote] DEBUG org.apache.http.impl.conn.PoolingHttpClientConnectionManager - Connection leased: [id: 0][route: {}->http://localhost:26602][total kept alive: 0; route allocated: 1 of 2000; total allocated: 1 of 2000]
2019-03-15 07:36:16,364 [Forwarding isElementDisplayed on session ebf5bc0b43e1892a4cd7f8272da29841 to remote] DEBUG org.apache.http.impl.execchain.MainClientExec - Stale connection check
2019-03-15 07:36:16,366 [Forwarding isElementDisplayed on session ebf5bc0b43e1892a4cd7f8272da29841 to remote] DEBUG org.apache.http.wire - http-outgoing-0 << "[read] I/O error: Read timed out"
2019-03-15 07:36:16,366 [Forwarding isElementDisplayed on session ebf5bc0b43e1892a4cd7f8272da29841 to remote] DEBUG org.apache.http.impl.conn.DefaultManagedHttpClientConnection - http-outgoing-0: set socket timeout to 10800000
2019-03-15 07:36:16,366 [Forwarding isElementDisplayed on session ebf5bc0b43e1892a4cd7f8272da29841 to remote] DEBUG org.apache.http.impl.execchain.MainClientExec - Executing request GET /session/ebf5bc0b43e1892a4cd7f8272da29841/element/0.5793661813061162-1/displayed HTTP/1.1
2019-03-15 07:36:16,366 [Forwarding isElementDisplayed on session ebf5bc0b43e1892a4cd7f8272da29841 to remote] DEBUG org.apache.http.impl.execchain.MainClientExec - Target auth state: UNCHALLENGED
2019-03-15 07:36:16,366 [Forwarding isElementDisplayed on session ebf5bc0b43e1892a4cd7f8272da29841 to remote] DEBUG org.apache.http.impl.execchain.MainClientExec - Proxy auth state: UNCHALLENGED
2019-03-15 07:36:16,366 [Forwarding isElementDisplayed on session ebf5bc0b43e1892a4cd7f8272da29841 to remote] DEBUG org.apache.http.headers - http-outgoing-0 >> GET /session/ebf5bc0b43e1892a4cd7f8272da29841/element/0.5793661813061162-1/displayed HTTP/1.1
2019-03-15 07:36:16,366 [Forwarding isElementDisplayed on session ebf5bc0b43e1892a4cd7f8272da29841 to remote] DEBUG org.apache.http.headers - http-outgoing-0 >> Cache-Control: no-cache
2019-03-15 07:36:16,366 [Forwarding isElementDisplayed on session ebf5bc0b43e1892a4cd7f8272da29841 to remote] DEBUG org.apache.http.headers - http-outgoing-0 >> Host: localhost:26602
2019-03-15 07:36:16,366 [Forwarding isElementDisplayed on session ebf5bc0b43e1892a4cd7f8272da29841 to remote] DEBUG org.apache.http.headers - http-outgoing-0 >> Connection: Keep-Alive
2019-03-15 07:36:16,366 [Forwarding isElementDisplayed on session ebf5bc0b43e1892a4cd7f8272da29841 to remote] DEBUG org.apache.http.headers - http-outgoing-0 >> User-Agent: Apache-HttpClient/4.5.3 (Java/1.8.0_191)
2019-03-15 07:36:16,366 [Forwarding isElementDisplayed on session ebf5bc0b43e1892a4cd7f8272da29841 to remote] DEBUG org.apache.http.headers - http-outgoing-0 >> Accept-Encoding: gzip,deflate
2019-03-15 07:36:16,366 [Forwarding isElementDisplayed on session ebf5bc0b43e1892a4cd7f8272da29841 to remote] DEBUG org.apache.http.wire - http-outgoing-0 >> "GET /session/ebf5bc0b43e1892a4cd7f8272da29841/element/0.5793661813061162-1/displayed HTTP/1.1[\r][\n]"
2019-03-15 07:36:16,366 [Forwarding isElementDisplayed on session ebf5bc0b43e1892a4cd7f8272da29841 to remote] DEBUG org.apache.http.wire - http-outgoing-0 >> "Cache-Control: no-cache[\r][\n]"
2019-03-15 07:36:16,366 [Forwarding isElementDisplayed on session ebf5bc0b43e1892a4cd7f8272da29841 to remote] DEBUG org.apache.http.wire - http-outgoing-0 >> "Host: localhost:26602[\r][\n]"
2019-03-15 07:36:16,366 [Forwarding isElementDisplayed on session ebf5bc0b43e1892a4cd7f8272da29841 to remote] DEBUG org.apache.http.wire - http-outgoing-0 >> "Connection: Keep-Alive[\r][\n]"
2019-03-15 07:36:16,366 [Forwarding isElementDisplayed on session ebf5bc0b43e1892a4cd7f8272da29841 to remote] DEBUG org.apache.http.wire - http-outgoing-0 >> "User-Agent: Apache-HttpClient/4.5.3 (Java/1.8.0_191)[\r][\n]"
2019-03-15 07:36:16,366 [Forwarding isElementDisplayed on session ebf5bc0b43e1892a4cd7f8272da29841 to remote] DEBUG org.apache.http.wire - http-outgoing-0 >> "Accept-Encoding: gzip,deflate[\r][\n]"
2019-03-15 07:36:16,366 [Forwarding isElementDisplayed on session ebf5bc0b43e1892a4cd7f8272da29841 to remote] DEBUG org.apache.http.wire - http-outgoing-0 >> "[\r][\n]"
2019-03-15 07:36:16,443 [Forwarding isElementDisplayed on session ebf5bc0b43e1892a4cd7f8272da29841 to remote] DEBUG org.apache.http.wire - http-outgoing-0 << "HTTP/1.1 200 OK[\r][\n]"
2019-03-15 07:36:16,443 [Forwarding isElementDisplayed on session ebf5bc0b43e1892a4cd7f8272da29841 to remote] DEBUG org.apache.http.wire - http-outgoing-0 << "Content-Length:73[\r][\n]"
2019-03-15 07:36:16,443 [Forwarding isElementDisplayed on session ebf5bc0b43e1892a4cd7f8272da29841 to remote] DEBUG org.apache.http.wire - http-outgoing-0 << "Content-Type:application/json; charset=utf-8[\r][\n]"
2019-03-15 07:36:16,443 [Forwarding isElementDisplayed on session ebf5bc0b43e1892a4cd7f8272da29841 to remote] DEBUG org.apache.http.wire - http-outgoing-0 << "[\r][\n]"
2019-03-15 07:36:16,443 [Forwarding isElementDisplayed on session ebf5bc0b43e1892a4cd7f8272da29841 to remote] DEBUG org.apache.http.wire - http-outgoing-0 << "{"sessionId":"ebf5bc0b43e1892a4cd7f8272da29841","status":0,"value":false}"
2019-03-15 07:36:16,444 [Forwarding isElementDisplayed on session ebf5bc0b43e1892a4cd7f8272da29841 to remote] DEBUG org.apache.http.headers - http-outgoing-0 << HTTP/1.1 200 OK
2019-03-15 07:36:16,444 [Forwarding isElementDisplayed on session ebf5bc0b43e1892a4cd7f8272da29841 to remote] DEBUG org.apache.http.headers - http-outgoing-0 << Content-Length:73
2019-03-15 07:36:16,444 [Forwarding isElementDisplayed on session ebf5bc0b43e1892a4cd7f8272da29841 to remote] DEBUG org.apache.http.headers - http-outgoing-0 << Content-Type:application/json; charset=utf-8
2019-03-15 07:36:16,444 [Forwarding isElementDisplayed on session ebf5bc0b43e1892a4cd7f8272da29841 to remote] DEBUG org.apache.http.impl.execchain.MainClientExec - Connection can be kept alive indefinitely
2019-03-15 07:36:16,444 [Forwarding isElementDisplayed on session ebf5bc0b43e1892a4cd7f8272da29841 to remote] DEBUG org.apache.http.impl.conn.PoolingHttpClientConnectionManager - Connection [id: 0][route: {}->http://localhost:26602] can be kept alive indefinitely
2019-03-15 07:36:16,444 [Forwarding isElementDisplayed on session ebf5bc0b43e1892a4cd7f8272da29841 to remote] DEBUG org.apache.http.impl.conn.PoolingHttpClientConnectionManager - Connection released: [id: 0][route: {}->http://localhost:26602][total kept alive: 1; route allocated: 1 of 2000; total allocated: 1 of 2000]
2019-03-15 07:36:16,947 [Forwarding findElement on session ebf5bc0b43e1892a4cd7f8272da29841 to remote] DEBUG org.apache.http.client.protocol.RequestAddCookies - CookieSpec selected: default
2019-03-15 07:36:16,947 [Forwarding findElement on session ebf5bc0b43e1892a4cd7f8272da29841 to remote] DEBUG org.apache.http.client.protocol.RequestAuthCache - Auth cache not set in the context
2019-03-15 07:36:16,948 [Forwarding findElement on session ebf5bc0b43e1892a4cd7f8272da29841 to remote] DEBUG org.apache.http.impl.conn.PoolingHttpClientConnectionManager - Connection request: [route: {}->http://localhost:26602][total kept alive: 1; route allocated: 1 of 2000; total allocated: 1 of 2000]
2019-03-15 07:36:16,948 [Forwarding findElement on session ebf5bc0b43e1892a4cd7f8272da29841 to remote] DEBUG org.apache.http.impl.conn.PoolingHttpClientConnectionManager - Connection leased: [id: 0][route: {}->http://localhost:26602][total kept alive: 0; route allocated: 1 of 2000; total allocated: 1 of 2000]
2019-03-15 07:36:16,948 [Forwarding findElement on session ebf5bc0b43e1892a4cd7f8272da29841 to remote] DEBUG org.apache.http.impl.execchain.MainClientExec - Stale connection check
2019-03-15 07:36:16,952 [Forwarding findElement on session ebf5bc0b43e1892a4cd7f8272da29841 to remote] DEBUG org.apache.http.wire - http-outgoing-0 << "[read] I/O error: Read timed out"
2019-03-15 07:36:16,952 [Forwarding findElement on session ebf5bc0b43e1892a4cd7f8272da29841 to remote] DEBUG org.apache.http.impl.conn.DefaultManagedHttpClientConnection - http-outgoing-0: set socket timeout to 10800000
2019-03-15 07:36:16,952 [Forwarding findElement on session ebf5bc0b43e1892a4cd7f8272da29841 to remote] DEBUG org.apache.http.impl.execchain.MainClientExec - Executing request POST /session/ebf5bc0b43e1892a4cd7f8272da29841/element HTTP/1.1
2019-03-15 07:36:16,952 [Forwarding findElement on session ebf5bc0b43e1892a4cd7f8272da29841 to remote] DEBUG org.apache.http.impl.execchain.MainClientExec - Target auth state: UNCHALLENGED
2019-03-15 07:36:16,952 [Forwarding findElement on session ebf5bc0b43e1892a4cd7f8272da29841 to remote] DEBUG org.apache.http.impl.execchain.MainClientExec - Proxy auth state: UNCHALLENGED
2019-03-15 07:36:16,952 [Forwarding findElement on session ebf5bc0b43e1892a4cd7f8272da29841 to remote] DEBUG org.apache.http.headers - http-outgoing-0 >> POST /session/ebf5bc0b43e1892a4cd7f8272da29841/element HTTP/1.1
2019-03-15 07:36:16,952 [Forwarding findElement on session ebf5bc0b43e1892a4cd7f8272da29841 to remote] DEBUG org.apache.http.headers - http-outgoing-0 >> Content-Type: application/json; charset=utf-8
2019-03-15 07:36:16,952 [Forwarding findElement on session ebf5bc0b43e1892a4cd7f8272da29841 to remote] DEBUG org.apache.http.headers - http-outgoing-0 >> Content-Length: 49
2019-03-15 07:36:16,952 [Forwarding findElement on session ebf5bc0b43e1892a4cd7f8272da29841 to remote] DEBUG org.apache.http.headers - http-outgoing-0 >> Host: localhost:26602
2019-03-15 07:36:16,952 [Forwarding findElement on session ebf5bc0b43e1892a4cd7f8272da29841 to remote] DEBUG org.apache.http.headers - http-outgoing-0 >> Connection: Keep-Alive
2019-03-15 07:36:16,952 [Forwarding findElement on session ebf5bc0b43e1892a4cd7f8272da29841 to remote] DEBUG org.apache.http.headers - http-outgoing-0 >> User-Agent: Apache-HttpClient/4.5.3 (Java/1.8.0_191)
2019-03-15 07:36:16,952 [Forwarding findElement on session ebf5bc0b43e1892a4cd7f8272da29841 to remote] DEBUG org.apache.http.headers - http-outgoing-0 >> Accept-Encoding: gzip,deflate
2019-03-15 07:36:16,952 [Forwarding findElement on session ebf5bc0b43e1892a4cd7f8272da29841 to remote] DEBUG org.apache.http.wire - http-outgoing-0 >> "POST /session/ebf5bc0b43e1892a4cd7f8272da29841/element HTTP/1.1[\r][\n]"
2019-03-15 07:36:16,953 [Forwarding findElement on session ebf5bc0b43e1892a4cd7f8272da29841 to remote] DEBUG org.apache.http.wire - http-outgoing-0 >> "Content-Type: application/json; charset=utf-8[\r][\n]"
2019-03-15 07:36:16,953 [Forwarding findElement on session ebf5bc0b43e1892a4cd7f8272da29841 to remote] DEBUG org.apache.http.wire - http-outgoing-0 >> "Content-Length: 49[\r][\n]"
2019-03-15 07:36:16,953 [Forwarding findElement on session ebf5bc0b43e1892a4cd7f8272da29841 to remote] DEBUG org.apache.http.wire - http-outgoing-0 >> "Host: localhost:26602[\r][\n]"
2019-03-15 07:36:16,953 [Forwarding findElement on session ebf5bc0b43e1892a4cd7f8272da29841 to remote] DEBUG org.apache.http.wire - http-outgoing-0 >> "Connection: Keep-Alive[\r][\n]"
2019-03-15 07:36:16,953 [Forwarding findElement on session ebf5bc0b43e1892a4cd7f8272da29841 to remote] DEBUG org.apache.http.wire - http-outgoing-0 >> "User-Agent: Apache-HttpClient/4.5.3 (Java/1.8.0_191)[\r][\n]"
2019-03-15 07:36:16,953 [Forwarding findElement on session ebf5bc0b43e1892a4cd7f8272da29841 to remote] DEBUG org.apache.http.wire - http-outgoing-0 >> "Accept-Encoding: gzip,deflate[\r][\n]"
2019-03-15 07:36:16,953 [Forwarding findElement on session ebf5bc0b43e1892a4cd7f8272da29841 to remote] DEBUG org.apache.http.wire - http-outgoing-0 >> "[\r][\n]"
2019-03-15 07:36:16,953 [Forwarding findElement on session ebf5bc0b43e1892a4cd7f8272da29841 to remote] DEBUG org.apache.http.wire - http-outgoing-0 >> "{"using":"xpath","value":"//*[@name='password']"}"
2019-03-15 07:36:17,005 [Forwarding findElement on session ebf5bc0b43e1892a4cd7f8272da29841 to remote] DEBUG org.apache.http.wire - http-outgoing-0 << "HTTP/1.1 200 OK[\r][\n]"
2019-03-15 07:36:17,005 [Forwarding findElement on session ebf5bc0b43e1892a4cd7f8272da29841 to remote] DEBUG org.apache.http.wire - http-outgoing-0 << "Content-Length:102[\r][\n]"
2019-03-15 07:36:17,005 [Forwarding findElement on session ebf5bc0b43e1892a4cd7f8272da29841 to remote] DEBUG org.apache.http.wire - http-outgoing-0 << "Content-Type:application/json; charset=utf-8[\r][\n]"
2019-03-15 07:36:17,005 [Forwarding findElement on session ebf5bc0b43e1892a4cd7f8272da29841 to remote] DEBUG org.apache.http.wire - http-outgoing-0 << "[\r][\n]"
2019-03-15 07:36:17,006 [Forwarding findElement on session ebf5bc0b43e1892a4cd7f8272da29841 to remote] DEBUG org.apache.http.wire - http-outgoing-0 << "{"sessionId":"ebf5bc0b43e1892a4cd7f8272da29841","status":0,"value":{"ELEMENT":"0.5793661813061162-1"}}"
2019-03-15 07:36:17,006 [Forwarding findElement on session ebf5bc0b43e1892a4cd7f8272da29841 to remote] DEBUG org.apache.http.headers - http-outgoing-0 << HTTP/1.1 200 OK
2019-03-15 07:36:17,006 [Forwarding findElement on session ebf5bc0b43e1892a4cd7f8272da29841 to remote] DEBUG org.apache.http.headers - http-outgoing-0 << Content-Length:102
2019-03-15 07:36:17,006 [Forwarding findElement on session ebf5bc0b43e1892a4cd7f8272da29841 to remote] DEBUG org.apache.http.headers - http-outgoing-0 << Content-Type:application/json; charset=utf-8
2019-03-15 07:36:17,006 [Forwarding findElement on session ebf5bc0b43e1892a4cd7f8272da29841 to remote] DEBUG org.apache.http.impl.execchain.MainClientExec - Connection can be kept alive indefinitely
2019-03-15 07:36:17,006 [Forwarding findElement on session ebf5bc0b43e1892a4cd7f8272da29841 to remote] DEBUG org.apache.http.impl.conn.PoolingHttpClientConnectionManager - Connection [id: 0][route: {}->http://localhost:26602] can be kept alive indefinitely
2019-03-15 07:36:17,006 [Forwarding findElement on session ebf5bc0b43e1892a4cd7f8272da29841 to remote] DEBUG org.apache.http.impl.conn.PoolingHttpClientConnectionManager - Connection released: [id: 0][route: {}->http://localhost:26602][total kept alive: 1; route allocated: 1 of 2000; total allocated: 1 of 2000]
2019-03-15 07:36:17,013 [Forwarding isElementDisplayed on session ebf5bc0b43e1892a4cd7f8272da29841 to remote] DEBUG org.apache.http.client.protocol.RequestAddCookies - CookieSpec selected: default
2019-03-15 07:36:17,013 [Forwarding isElementDisplayed on session ebf5bc0b43e1892a4cd7f8272da29841 to remote] DEBUG org.apache.http.client.protocol.RequestAuthCache - Auth cache not set in the context
2019-03-15 07:36:17,013 [Forwarding isElementDisplayed on session ebf5bc0b43e1892a4cd7f8272da29841 to remote] DEBUG org.apache.http.impl.conn.PoolingHttpClientConnectionManager - Connection request: [route: {}->http://localhost:26602][total kept alive: 1; route allocated: 1 of 2000; total allocated: 1 of 2000]
2019-03-15 07:36:17,013 [Forwarding isElementDisplayed on session ebf5bc0b43e1892a4cd7f8272da29841 to remote] DEBUG org.apache.http.impl.conn.PoolingHttpClientConnectionManager - Connection leased: [id: 0][route: {}->http://localhost:26602][total kept alive: 0; route allocated: 1 of 2000; total allocated: 1 of 2000]
2019-03-15 07:36:17,013 [Forwarding isElementDisplayed on session ebf5bc0b43e1892a4cd7f8272da29841 to remote] DEBUG org.apache.http.impl.execchain.MainClientExec - Stale connection check
2019-03-15 07:36:17,015 [Forwarding isElementDisplayed on session ebf5bc0b43e1892a4cd7f8272da29841 to remote] DEBUG org.apache.http.wire - http-outgoing-0 << "[read] I/O error: Read timed out"
2019-03-15 07:36:17,015 [Forwarding isElementDisplayed on session ebf5bc0b43e1892a4cd7f8272da29841 to remote] DEBUG org.apache.http.impl.conn.DefaultManagedHttpClientConnection - http-outgoing-0: set socket timeout to 10800000
2019-03-15 07:36:17,016 [Forwarding isElementDisplayed on session ebf5bc0b43e1892a4cd7f8272da29841 to remote] DEBUG org.apache.http.impl.execchain.MainClientExec - Executing request GET /session/ebf5bc0b43e1892a4cd7f8272da29841/element/0.5793661813061162-1/displayed HTTP/1.1
2019-03-15 07:36:17,016 [Forwarding isElementDisplayed on session ebf5bc0b43e1892a4cd7f8272da29841 to remote] DEBUG org.apache.http.impl.execchain.MainClientExec - Target auth state: UNCHALLENGED
2019-03-15 07:36:17,016 [Forwarding isElementDisplayed on session ebf5bc0b43e1892a4cd7f8272da29841 to remote] DEBUG org.apache.http.impl.execchain.MainClientExec - Proxy auth state: UNCHALLENGED
2019-03-15 07:36:17,016 [Forwarding isElementDisplayed on session ebf5bc0b43e1892a4cd7f8272da29841 to remote] DEBUG org.apache.http.headers - http-outgoing-0 >> GET /session/ebf5bc0b43e1892a4cd7f8272da29841/element/0.5793661813061162-1/displayed HTTP/1.1
2019-03-15 07:36:17,016 [Forwarding isElementDisplayed on session ebf5bc0b43e1892a4cd7f8272da29841 to remote] DEBUG org.apache.http.headers - http-outgoing-0 >> Cache-Control: no-cache
2019-03-15 07:36:17,016 [Forwarding isElementDisplayed on session ebf5bc0b43e1892a4cd7f8272da29841 to remote] DEBUG org.apache.http.headers - http-outgoing-0 >> Host: localhost:26602
2019-03-15 07:36:17,016 [Forwarding isElementDisplayed on session ebf5bc0b43e1892a4cd7f8272da29841 to remote] DEBUG org.apache.http.headers - http-outgoing-0 >> Connection: Keep-Alive
2019-03-15 07:36:17,016 [Forwarding isElementDisplayed on session ebf5bc0b43e1892a4cd7f8272da29841 to remote] DEBUG org.apache.http.headers - http-outgoing-0 >> User-Agent: Apache-HttpClient/4.5.3 (Java/1.8.0_191)
2019-03-15 07:36:17,016 [Forwarding isElementDisplayed on session ebf5bc0b43e1892a4cd7f8272da29841 to remote] DEBUG org.apache.http.headers - http-outgoing-0 >> Accept-Encoding: gzip,deflate
2019-03-15 07:36:17,016 [Forwarding isElementDisplayed on session ebf5bc0b43e1892a4cd7f8272da29841 to remote] DEBUG org.apache.http.wire - http-outgoing-0 >> "GET /session/ebf5bc0b43e1892a4cd7f8272da29841/element/0.5793661813061162-1/displayed HTTP/1.1[\r][\n]"
2019-03-15 07:36:17,016 [Forwarding isElementDisplayed on session ebf5bc0b43e1892a4cd7f8272da29841 to remote] DEBUG org.apache.http.wire - http-outgoing-0 >> "Cache-Control: no-cache[\r][\n]"
2019-03-15 07:36:17,016 [Forwarding isElementDisplayed on session ebf5bc0b43e1892a4cd7f8272da29841 to remote] DEBUG org.apache.http.wire - http-outgoing-0 >> "Host: localhost:26602[\r][\n]"
2019-03-15 07:36:17,016 [Forwarding isElementDisplayed on session ebf5bc0b43e1892a4cd7f8272da29841 to remote] DEBUG org.apache.http.wire - http-outgoing-0 >> "Connection: Keep-Alive[\r][\n]"
2019-03-15 07:36:17,016 [Forwarding isElementDisplayed on session ebf5bc0b43e1892a4cd7f8272da29841 to remote] DEBUG org.apache.http.wire - http-outgoing-0 >> "User-Agent: Apache-HttpClient/4.5.3 (Java/1.8.0_191)[\r][\n]"
2019-03-15 07:36:17,016 [Forwarding isElementDisplayed on session ebf5bc0b43e1892a4cd7f8272da29841 to remote] DEBUG org.apache.http.wire - http-outgoing-0 >> "Accept-Encoding: gzip,deflate[\r][\n]"
2019-03-15 07:36:17,016 [Forwarding isElementDisplayed on session ebf5bc0b43e1892a4cd7f8272da29841 to remote] DEBUG org.apache.http.wire - http-outgoing-0 >> "[\r][\n]"
2019-03-15 07:36:17,076 [Forwarding isElementDisplayed on session ebf5bc0b43e1892a4cd7f8272da29841 to remote] DEBUG org.apache.http.wire - http-outgoing-0 << "HTTP/1.1 200 OK[\r][\n]"
2019-03-15 07:36:17,076 [Forwarding isElementDisplayed on session ebf5bc0b43e1892a4cd7f8272da29841 to remote] DEBUG org.apache.http.wire - http-outgoing-0 << "Content-Length:73[\r][\n]"
2019-03-15 07:36:17,076 [Forwarding isElementDisplayed on session ebf5bc0b43e1892a4cd7f8272da29841 to remote] DEBUG org.apache.http.wire - http-outgoing-0 << "Content-Type:application/json; charset=utf-8[\r][\n]"
2019-03-15 07:36:17,076 [Forwarding isElementDisplayed on session ebf5bc0b43e1892a4cd7f8272da29841 to remote] DEBUG org.apache.http.wire - http-outgoing-0 << "[\r][\n]"
2019-03-15 07:36:17,076 [Forwarding isElementDisplayed on session ebf5bc0b43e1892a4cd7f8272da29841 to remote] DEBUG org.apache.http.wire - http-outgoing-0 << "{"sessionId":"ebf5bc0b43e1892a4cd7f8272da29841","status":0,"value":false}"
2019-03-15 07:36:17,076 [Forwarding isElementDisplayed on session ebf5bc0b43e1892a4cd7f8272da29841 to remote] DEBUG org.apache.http.headers - http-outgoing-0 << HTTP/1.1 200 OK
2019-03-15 07:36:17,076 [Forwarding isElementDisplayed on session ebf5bc0b43e1892a4cd7f8272da29841 to remote] DEBUG org.apache.http.headers - http-outgoing-0 << Content-Length:73
2019-03-15 07:36:17,076 [Forwarding isElementDisplayed on session ebf5bc0b43e1892a4cd7f8272da29841 to remote] DEBUG org.apache.http.headers - http-outgoing-0 << Content-Type:application/json; charset=utf-8
2019-03-15 07:36:17,076 [Forwarding isElementDisplayed on session ebf5bc0b43e1892a4cd7f8272da29841 to remote] DEBUG org.apache.http.impl.execchain.MainClientExec - Connection can be kept alive indefinitely
2019-03-15 07:36:17,077 [Forwarding isElementDisplayed on session ebf5bc0b43e1892a4cd7f8272da29841 to remote] DEBUG org.apache.http.impl.conn.PoolingHttpClientConnectionManager - Connection [id: 0][route: {}->http://localhost:26602] can be kept alive indefinitely
2019-03-15 07:36:17,077 [Forwarding isElementDisplayed on session ebf5bc0b43e1892a4cd7f8272da29841 to remote] DEBUG org.apache.http.impl.conn.PoolingHttpClientConnectionManager - Connection released: [id: 0][route: {}->http://localhost:26602][total kept alive: 1; route allocated: 1 of 2000; total allocated: 1 of 2000]
2019-03-15 07:36:17,595 [Forwarding findElement on session ebf5bc0b43e1892a4cd7f8272da29841 to remote] DEBUG org.apache.http.client.protocol.RequestAddCookies - CookieSpec selected: default
2019-03-15 07:36:17,596 [Forwarding findElement on session ebf5bc0b43e1892a4cd7f8272da29841 to remote] DEBUG org.apache.http.client.protocol.RequestAuthCache - Auth cache not set in the context
2019-03-15 07:36:17,596 [Forwarding findElement on session ebf5bc0b43e1892a4cd7f8272da29841 to remote] DEBUG org.apache.http.impl.conn.PoolingHttpClientConnectionManager - Connection request: [route: {}->http://localhost:26602][total kept alive: 1; route allocated: 1 of 2000; total allocated: 1 of 2000]
2019-03-15 07:36:17,596 [Forwarding findElement on session ebf5bc0b43e1892a4cd7f8272da29841 to remote] DEBUG org.apache.http.impl.conn.PoolingHttpClientConnectionManager - Connection leased: [id: 0][route: {}->http://localhost:26602][total kept alive: 0; route allocated: 1 of 2000; total allocated: 1 of 2000]
2019-03-15 07:36:17,596 [Forwarding findElement on session ebf5bc0b43e1892a4cd7f8272da29841 to remote] DEBUG org.apache.http.impl.execchain.MainClientExec - Stale connection check
2019-03-15 07:36:17,597 [Forwarding findElement on session ebf5bc0b43e1892a4cd7f8272da29841 to remote] DEBUG org.apache.http.wire - http-outgoing-0 << "[read] I/O error: Read timed out"
2019-03-15 07:36:17,597 [Forwarding findElement on session ebf5bc0b43e1892a4cd7f8272da29841 to remote] DEBUG org.apache.http.impl.conn.DefaultManagedHttpClientConnection - http-outgoing-0: set socket timeout to 10800000
2019-03-15 07:36:17,597 [Forwarding findElement on session ebf5bc0b43e1892a4cd7f8272da29841 to remote] DEBUG org.apache.http.impl.execchain.MainClientExec - Executing request POST /session/ebf5bc0b43e1892a4cd7f8272da29841/element HTTP/1.1
2019-03-15 07:36:17,597 [Forwarding findElement on session ebf5bc0b43e1892a4cd7f8272da29841 to remote] DEBUG org.apache.http.impl.execchain.MainClientExec - Target auth state: UNCHALLENGED
2019-03-15 07:36:17,597 [Forwarding findElement on session ebf5bc0b43e1892a4cd7f8272da29841 to remote] DEBUG org.apache.http.impl.execchain.MainClientExec - Proxy auth state: UNCHALLENGED
2019-03-15 07:36:17,597 [Forwarding findElement on session ebf5bc0b43e1892a4cd7f8272da29841 to remote] DEBUG org.apache.http.headers - http-outgoing-0 >> POST /session/ebf5bc0b43e1892a4cd7f8272da29841/element HTTP/1.1
2019-03-15 07:36:17,599 [Forwarding findElement on session ebf5bc0b43e1892a4cd7f8272da29841 to remote] DEBUG org.apache.http.headers - http-outgoing-0 >> Content-Type: application/json; charset=utf-8
2019-03-15 07:36:17,600 [Forwarding findElement on session ebf5bc0b43e1892a4cd7f8272da29841 to remote] DEBUG org.apache.http.headers - http-outgoing-0 >> Content-Length: 49
2019-03-15 07:36:17,600 [Forwarding findElement on session ebf5bc0b43e1892a4cd7f8272da29841 to remote] DEBUG org.apache.http.headers - http-outgoing-0 >> Host: localhost:26602
2019-03-15 07:36:17,600 [Forwarding findElement on session ebf5bc0b43e1892a4cd7f8272da29841 to remote] DEBUG org.apache.http.headers - http-outgoing-0 >> Connection: Keep-Alive
2019-03-15 07:36:17,600 [Forwarding findElement on session ebf5bc0b43e1892a4cd7f8272da29841 to remote] DEBUG org.apache.http.headers - http-outgoing-0 >> User-Agent: Apache-HttpClient/4.5.3 (Java/1.8.0_191)
2019-03-15 07:36:17,600 [Forwarding findElement on session ebf5bc0b43e1892a4cd7f8272da29841 to remote] DEBUG org.apache.http.headers - http-outgoing-0 >> Accept-Encoding: gzip,deflate
2019-03-15 07:36:17,600 [Forwarding findElement on session ebf5bc0b43e1892a4cd7f8272da29841 to remote] DEBUG org.apache.http.wire - http-outgoing-0 >> "POST /session/ebf5bc0b43e1892a4cd7f8272da29841/element HTTP/1.1[\r][\n]"
2019-03-15 07:36:17,600 [Forwarding findElement on session ebf5bc0b43e1892a4cd7f8272da29841 to remote] DEBUG org.apache.http.wire - http-outgoing-0 >> "Content-Type: application/json; charset=utf-8[\r][\n]"
2019-03-15 07:36:17,600 [Forwarding findElement on session ebf5bc0b43e1892a4cd7f8272da29841 to remote] DEBUG org.apache.http.wire - http-outgoing-0 >> "Content-Length: 49[\r][\n]"
2019-03-15 07:36:17,600 [Forwarding findElement on session ebf5bc0b43e1892a4cd7f8272da29841 to remote] DEBUG org.apache.http.wire - http-outgoing-0 >> "Host: localhost:26602[\r][\n]"
2019-03-15 07:36:17,600 [Forwarding findElement on session ebf5bc0b43e1892a4cd7f8272da29841 to remote] DEBUG org.apache.http.wire - http-outgoing-0 >> "Connection: Keep-Alive[\r][\n]"
2019-03-15 07:36:17,600 [Forwarding findElement on session ebf5bc0b43e1892a4cd7f8272da29841 to remote] DEBUG org.apache.http.wire - http-outgoing-0 >> "User-Agent: Apache-HttpClient/4.5.3 (Java/1.8.0_191)[\r][\n]"
2019-03-15 07:36:17,600 [Forwarding findElement on session ebf5bc0b43e1892a4cd7f8272da29841 to remote] DEBUG org.apache.http.wire - http-outgoing-0 >> "Accept-Encoding: gzip,deflate[\r][\n]"
2019-03-15 07:36:17,600 [Forwarding findElement on session ebf5bc0b43e1892a4cd7f8272da29841 to remote] DEBUG org.apache.http.wire - http-outgoing-0 >> "[\r][\n]"
2019-03-15 07:36:17,600 [Forwarding findElement on session ebf5bc0b43e1892a4cd7f8272da29841 to remote] DEBUG org.apache.http.wire - http-outgoing-0 >> "{"using":"xpath","value":"//*[@name='password']"}"
2019-03-15 07:36:17,822 [Forwarding findElement on session ebf5bc0b43e1892a4cd7f8272da29841 to remote] DEBUG org.apache.http.wire - http-outgoing-0 << "HTTP/1.1 200 OK[\r][\n]"
2019-03-15 07:36:17,822 [Forwarding findElement on session ebf5bc0b43e1892a4cd7f8272da29841 to remote] DEBUG org.apache.http.wire - http-outgoing-0 << "Content-Length:102[\r][\n]"
2019-03-15 07:36:17,822 [Forwarding findElement on session ebf5bc0b43e1892a4cd7f8272da29841 to remote] DEBUG org.apache.http.wire - http-outgoing-0 << "Content-Type:application/json; charset=utf-8[\r][\n]"
2019-03-15 07:36:17,822 [Forwarding findElement on session ebf5bc0b43e1892a4cd7f8272da29841 to remote] DEBUG org.apache.http.wire - http-outgoing-0 << "[\r][\n]"
2019-03-15 07:36:17,822 [Forwarding findElement on session ebf5bc0b43e1892a4cd7f8272da29841 to remote] DEBUG org.apache.http.wire - http-outgoing-0 << "{"sessionId":"ebf5bc0b43e1892a4cd7f8272da29841","status":0,"value":{"ELEMENT":"0.5793661813061162-1"}}"
2019-03-15 07:36:17,822 [Forwarding findElement on session ebf5bc0b43e1892a4cd7f8272da29841 to remote] DEBUG org.apache.http.headers - http-outgoing-0 << HTTP/1.1 200 OK
2019-03-15 07:36:17,822 [Forwarding findElement on session ebf5bc0b43e1892a4cd7f8272da29841 to remote] DEBUG org.apache.http.headers - http-outgoing-0 << Content-Length:102
2019-03-15 07:36:17,822 [Forwarding findElement on session ebf5bc0b43e1892a4cd7f8272da29841 to remote] DEBUG org.apache.http.headers - http-outgoing-0 << Content-Type:application/json; charset=utf-8
2019-03-15 07:36:17,823 [Forwarding findElement on session ebf5bc0b43e1892a4cd7f8272da29841 to remote] DEBUG org.apache.http.impl.execchain.MainClientExec - Connection can be kept alive indefinitely
2019-03-15 07:36:17,823 [Forwarding findElement on session ebf5bc0b43e1892a4cd7f8272da29841 to remote] DEBUG org.apache.http.impl.conn.PoolingHttpClientConnectionManager - Connection [id: 0][route: {}->http://localhost:26602] can be kept alive indefinitely
2019-03-15 07:36:17,823 [Forwarding findElement on session ebf5bc0b43e1892a4cd7f8272da29841 to remote] DEBUG org.apache.http.impl.conn.PoolingHttpClientConnectionManager - Connection released: [id: 0][route: {}->http://localhost:26602][total kept alive: 1; route allocated: 1 of 2000; total allocated: 1 of 2000]
2019-03-15 07:36:17,826 [Forwarding isElementDisplayed on session ebf5bc0b43e1892a4cd7f8272da29841 to remote] DEBUG org.apache.http.client.protocol.RequestAddCookies - CookieSpec selected: default
2019-03-15 07:36:17,826 [Forwarding isElementDisplayed on session ebf5bc0b43e1892a4cd7f8272da29841 to remote] DEBUG org.apache.http.client.protocol.RequestAuthCache - Auth cache not set in the context
2019-03-15 07:36:17,827 [Forwarding isElementDisplayed on session ebf5bc0b43e1892a4cd7f8272da29841 to remote] DEBUG org.apache.http.impl.conn.PoolingHttpClientConnectionManager - Connection request: [route: {}->http://localhost:26602][total kept alive: 1; route allocated: 1 of 2000; total allocated: 1 of 2000]
2019-03-15 07:36:17,827 [Forwarding isElementDisplayed on session ebf5bc0b43e1892a4cd7f8272da29841 to remote] DEBUG org.apache.http.impl.conn.PoolingHttpClientConnectionManager - Connection leased: [id: 0][route: {}->http://localhost:26602][total kept alive: 0; route allocated: 1 of 2000; total allocated: 1 of 2000]
2019-03-15 07:36:17,827 [Forwarding isElementDisplayed on session ebf5bc0b43e1892a4cd7f8272da29841 to remote] DEBUG org.apache.http.impl.execchain.MainClientExec - Stale connection check
2019-03-15 07:36:17,828 [Forwarding isElementDisplayed on session ebf5bc0b43e1892a4cd7f8272da29841 to remote] DEBUG org.apache.http.wire - http-outgoing-0 << "[read] I/O error: Read timed out"
2019-03-15 07:36:17,828 [Forwarding isElementDisplayed on session ebf5bc0b43e1892a4cd7f8272da29841 to remote] DEBUG org.apache.http.impl.conn.DefaultManagedHttpClientConnection - http-outgoing-0: set socket timeout to 10800000
2019-03-15 07:36:17,828 [Forwarding isElementDisplayed on session ebf5bc0b43e1892a4cd7f8272da29841 to remote] DEBUG org.apache.http.impl.execchain.MainClientExec - Executing request GET /session/ebf5bc0b43e1892a4cd7f8272da29841/element/0.5793661813061162-1/displayed HTTP/1.1
2019-03-15 07:36:17,828 [Forwarding isElementDisplayed on session ebf5bc0b43e1892a4cd7f8272da29841 to remote] DEBUG org.apache.http.impl.execchain.MainClientExec - Target auth state: UNCHALLENGED
2019-03-15 07:36:17,828 [Forwarding isElementDisplayed on session ebf5bc0b43e1892a4cd7f8272da29841 to remote] DEBUG org.apache.http.impl.execchain.MainClientExec - Proxy auth state: UNCHALLENGED
2019-03-15 07:36:17,828 [Forwarding isElementDisplayed on session ebf5bc0b43e1892a4cd7f8272da29841 to remote] DEBUG org.apache.http.headers - http-outgoing-0 >> GET /session/ebf5bc0b43e1892a4cd7f8272da29841/element/0.5793661813061162-1/displayed HTTP/1.1
2019-03-15 07:36:17,828 [Forwarding isElementDisplayed on session ebf5bc0b43e1892a4cd7f8272da29841 to remote] DEBUG org.apache.http.headers - http-outgoing-0 >> Cache-Control: no-cache
2019-03-15 07:36:17,828 [Forwarding isElementDisplayed on session ebf5bc0b43e1892a4cd7f8272da29841 to remote] DEBUG org.apache.http.headers - http-outgoing-0 >> Host: localhost:26602
2019-03-15 07:36:17,828 [Forwarding isElementDisplayed on session ebf5bc0b43e1892a4cd7f8272da29841 to remote] DEBUG org.apache.http.headers - http-outgoing-0 >> Connection: Keep-Alive
2019-03-15 07:36:17,829 [Forwarding isElementDisplayed on session ebf5bc0b43e1892a4cd7f8272da29841 to remote] DEBUG org.apache.http.headers - http-outgoing-0 >> User-Agent: Apache-HttpClient/4.5.3 (Java/1.8.0_191)
2019-03-15 07:36:17,829 [Forwarding isElementDisplayed on session ebf5bc0b43e1892a4cd7f8272da29841 to remote] DEBUG org.apache.http.headers - http-outgoing-0 >> Accept-Encoding: gzip,deflate
2019-03-15 07:36:17,829 [Forwarding isElementDisplayed on session ebf5bc0b43e1892a4cd7f8272da29841 to remote] DEBUG org.apache.http.wire - http-outgoing-0 >> "GET /session/ebf5bc0b43e1892a4cd7f8272da29841/element/0.5793661813061162-1/displayed HTTP/1.1[\r][\n]"
2019-03-15 07:36:17,829 [Forwarding isElementDisplayed on session ebf5bc0b43e1892a4cd7f8272da29841 to remote] DEBUG org.apache.http.wire - http-outgoing-0 >> "Cache-Control: no-cache[\r][\n]"
2019-03-15 07:36:17,829 [Forwarding isElementDisplayed on session ebf5bc0b43e1892a4cd7f8272da29841 to remote] DEBUG org.apache.http.wire - http-outgoing-0 >> "Host: localhost:26602[\r][\n]"
2019-03-15 07:36:17,829 [Forwarding isElementDisplayed on session ebf5bc0b43e1892a4cd7f8272da29841 to remote] DEBUG org.apache.http.wire - http-outgoing-0 >> "Connection: Keep-Alive[\r][\n]"
2019-03-15 07:36:17,829 [Forwarding isElementDisplayed on session ebf5bc0b43e1892a4cd7f8272da29841 to remote] DEBUG org.apache.http.wire - http-outgoing-0 >> "User-Agent: Apache-HttpClient/4.5.3 (Java/1.8.0_191)[\r][\n]"
2019-03-15 07:36:17,829 [Forwarding isElementDisplayed on session ebf5bc0b43e1892a4cd7f8272da29841 to remote] DEBUG org.apache.http.wire - http-outgoing-0 >> "Accept-Encoding: gzip,deflate[\r][\n]"
2019-03-15 07:36:17,829 [Forwarding isElementDisplayed on session ebf5bc0b43e1892a4cd7f8272da29841 to remote] DEBUG org.apache.http.wire - http-outgoing-0 >> "[\r][\n]"
2019-03-15 07:36:17,921 [Forwarding isElementDisplayed on session ebf5bc0b43e1892a4cd7f8272da29841 to remote] DEBUG org.apache.http.wire - http-outgoing-0 << "HTTP/1.1 200 OK[\r][\n]"
2019-03-15 07:36:17,921 [Forwarding isElementDisplayed on session ebf5bc0b43e1892a4cd7f8272da29841 to remote] DEBUG org.apache.http.wire - http-outgoing-0 << "Content-Length:73[\r][\n]"
2019-03-15 07:36:17,921 [Forwarding isElementDisplayed on session ebf5bc0b43e1892a4cd7f8272da29841 to remote] DEBUG org.apache.http.wire - http-outgoing-0 << "Content-Type:application/json; charset=utf-8[\r][\n]"
2019-03-15 07:36:17,921 [Forwarding isElementDisplayed on session ebf5bc0b43e1892a4cd7f8272da29841 to remote] DEBUG org.apache.http.wire - http-outgoing-0 << "[\r][\n]"
2019-03-15 07:36:17,921 [Forwarding isElementDisplayed on session ebf5bc0b43e1892a4cd7f8272da29841 to remote] DEBUG org.apache.http.wire - http-outgoing-0 << "{"sessionId":"ebf5bc0b43e1892a4cd7f8272da29841","status":0,"value":false}"
2019-03-15 07:36:17,921 [Forwarding isElementDisplayed on session ebf5bc0b43e1892a4cd7f8272da29841 to remote] DEBUG org.apache.http.headers - http-outgoing-0 << HTTP/1.1 200 OK
2019-03-15 07:36:17,921 [Forwarding isElementDisplayed on session ebf5bc0b43e1892a4cd7f8272da29841 to remote] DEBUG org.apache.http.headers - http-outgoing-0 << Content-Length:73
2019-03-15 07:36:17,921 [Forwarding isElementDisplayed on session ebf5bc0b43e1892a4cd7f8272da29841 to remote] DEBUG org.apache.http.headers - http-outgoing-0 << Content-Type:application/json; charset=utf-8
2019-03-15 07:36:17,921 [Forwarding isElementDisplayed on session ebf5bc0b43e1892a4cd7f8272da29841 to remote] DEBUG org.apache.http.impl.execchain.MainClientExec - Connection can be kept alive indefinitely
2019-03-15 07:36:17,921 [Forwarding isElementDisplayed on session ebf5bc0b43e1892a4cd7f8272da29841 to remote] DEBUG org.apache.http.impl.conn.PoolingHttpClientConnectionManager - Connection [id: 0][route: {}->http://localhost:26602] can be kept alive indefinitely
2019-03-15 07:36:17,921 [Forwarding isElementDisplayed on session ebf5bc0b43e1892a4cd7f8272da29841 to remote] DEBUG org.apache.http.impl.conn.PoolingHttpClientConnectionManager - Connection released: [id: 0][route: {}->http://localhost:26602][total kept alive: 1; route allocated: 1 of 2000; total allocated: 1 of 2000]
2019-03-15 07:36:18,425 [Forwarding findElement on session ebf5bc0b43e1892a4cd7f8272da29841 to remote] DEBUG org.apache.http.client.protocol.RequestAddCookies - CookieSpec selected: default
2019-03-15 07:36:18,426 [Forwarding findElement on session ebf5bc0b43e1892a4cd7f8272da29841 to remote] DEBUG org.apache.http.client.protocol.RequestAuthCache - Auth cache not set in the context
2019-03-15 07:36:18,426 [Forwarding findElement on session ebf5bc0b43e1892a4cd7f8272da29841 to remote] DEBUG org.apache.http.impl.conn.PoolingHttpClientConnectionManager - Connection request: [route: {}->http://localhost:26602][total kept alive: 1; route allocated: 1 of 2000; total allocated: 1 of 2000]
2019-03-15 07:36:18,426 [Forwarding findElement on session ebf5bc0b43e1892a4cd7f8272da29841 to remote] DEBUG org.apache.http.impl.conn.PoolingHttpClientConnectionManager - Connection leased: [id: 0][route: {}->http://localhost:26602][total kept alive: 0; route allocated: 1 of 2000; total allocated: 1 of 2000]
2019-03-15 07:36:18,426 [Forwarding findElement on session ebf5bc0b43e1892a4cd7f8272da29841 to remote] DEBUG org.apache.http.impl.execchain.MainClientExec - Stale connection check
2019-03-15 07:36:18,427 [Forwarding findElement on session ebf5bc0b43e1892a4cd7f8272da29841 to remote] DEBUG org.apache.http.wire - http-outgoing-0 << "[read] I/O error: Read timed out"
2019-03-15 07:36:18,427 [Forwarding findElement on session ebf5bc0b43e1892a4cd7f8272da29841 to remote] DEBUG org.apache.http.impl.conn.DefaultManagedHttpClientConnection - http-outgoing-0: set socket timeout to 10800000
2019-03-15 07:36:18,427 [Forwarding findElement on session ebf5bc0b43e1892a4cd7f8272da29841 to remote] DEBUG org.apache.http.impl.execchain.MainClientExec - Executing request POST /session/ebf5bc0b43e1892a4cd7f8272da29841/element HTTP/1.1
2019-03-15 07:36:18,427 [Forwarding findElement on session ebf5bc0b43e1892a4cd7f8272da29841 to remote] DEBUG org.apache.http.impl.execchain.MainClientExec - Target auth state: UNCHALLENGED
2019-03-15 07:36:18,427 [Forwarding findElement on session ebf5bc0b43e1892a4cd7f8272da29841 to remote] DEBUG org.apache.http.impl.execchain.MainClientExec - Proxy auth state: UNCHALLENGED
2019-03-15 07:36:18,427 [Forwarding findElement on session ebf5bc0b43e1892a4cd7f8272da29841 to remote] DEBUG org.apache.http.headers - http-outgoing-0 >> POST /session/ebf5bc0b43e1892a4cd7f8272da29841/element HTTP/1.1
2019-03-15 07:36:18,427 [Forwarding findElement on session ebf5bc0b43e1892a4cd7f8272da29841 to remote] DEBUG org.apache.http.headers - http-outgoing-0 >> Content-Type: application/json; charset=utf-8
2019-03-15 07:36:18,427 [Forwarding findElement on session ebf5bc0b43e1892a4cd7f8272da29841 to remote] DEBUG org.apache.http.headers - http-outgoing-0 >> Content-Length: 49
2019-03-15 07:36:18,427 [Forwarding findElement on session ebf5bc0b43e1892a4cd7f8272da29841 to remote] DEBUG org.apache.http.headers - http-outgoing-0 >> Host: localhost:26602
2019-03-15 07:36:18,427 [Forwarding findElement on session ebf5bc0b43e1892a4cd7f8272da29841 to remote] DEBUG org.apache.http.headers - http-outgoing-0 >> Connection: Keep-Alive
2019-03-15 07:36:18,427 [Forwarding findElement on session ebf5bc0b43e1892a4cd7f8272da29841 to remote] DEBUG org.apache.http.headers - http-outgoing-0 >> User-Agent: Apache-HttpClient/4.5.3 (Java/1.8.0_191)
2019-03-15 07:36:18,427 [Forwarding findElement on session ebf5bc0b43e1892a4cd7f8272da29841 to remote] DEBUG org.apache.http.headers - http-outgoing-0 >> Accept-Encoding: gzip,deflate
2019-03-15 07:36:18,427 [Forwarding findElement on session ebf5bc0b43e1892a4cd7f8272da29841 to remote] DEBUG org.apache.http.wire - http-outgoing-0 >> "POST /session/ebf5bc0b43e1892a4cd7f8272da29841/element HTTP/1.1[\r][\n]"
2019-03-15 07:36:18,427 [Forwarding findElement on session ebf5bc0b43e1892a4cd7f8272da29841 to remote] DEBUG org.apache.http.wire - http-outgoing-0 >> "Content-Type: application/json; charset=utf-8[\r][\n]"
2019-03-15 07:36:18,428 [Forwarding findElement on session ebf5bc0b43e1892a4cd7f8272da29841 to remote] DEBUG org.apache.http.wire - http-outgoing-0 >> "Content-Length: 49[\r][\n]"
2019-03-15 07:36:18,428 [Forwarding findElement on session ebf5bc0b43e1892a4cd7f8272da29841 to remote] DEBUG org.apache.http.wire - http-outgoing-0 >> "Host: localhost:26602[\r][\n]"
2019-03-15 07:36:18,428 [Forwarding findElement on session ebf5bc0b43e1892a4cd7f8272da29841 to remote] DEBUG org.apache.http.wire - http-outgoing-0 >> "Connection: Keep-Alive[\r][\n]"
2019-03-15 07:36:18,428 [Forwarding findElement on session ebf5bc0b43e1892a4cd7f8272da29841 to remote] DEBUG org.apache.http.wire - http-outgoing-0 >> "User-Agent: Apache-HttpClient/4.5.3 (Java/1.8.0_191)[\r][\n]"
2019-03-15 07:36:18,428 [Forwarding findElement on session ebf5bc0b43e1892a4cd7f8272da29841 to remote] DEBUG org.apache.http.wire - http-outgoing-0 >> "Accept-Encoding: gzip,deflate[\r][\n]"
2019-03-15 07:36:18,428 [Forwarding findElement on session ebf5bc0b43e1892a4cd7f8272da29841 to remote] DEBUG org.apache.http.wire - http-outgoing-0 >> "[\r][\n]"
2019-03-15 07:36:18,428 [Forwarding findElement on session ebf5bc0b43e1892a4cd7f8272da29841 to remote] DEBUG org.apache.http.wire - http-outgoing-0 >> "{"using":"xpath","value":"//*[@name='password']"}"
2019-03-15 07:36:18,455 [Forwarding findElement on session ebf5bc0b43e1892a4cd7f8272da29841 to remote] DEBUG org.apache.http.wire - http-outgoing-0 << "HTTP/1.1 200 OK[\r][\n]"
2019-03-15 07:36:18,455 [Forwarding findElement on session ebf5bc0b43e1892a4cd7f8272da29841 to remote] DEBUG org.apache.http.wire - http-outgoing-0 << "Content-Length:102[\r][\n]"
2019-03-15 07:36:18,455 [Forwarding findElement on session ebf5bc0b43e1892a4cd7f8272da29841 to remote] DEBUG org.apache.http.wire - http-outgoing-0 << "Content-Type:application/json; charset=utf-8[\r][\n]"
2019-03-15 07:36:18,455 [Forwarding findElement on session ebf5bc0b43e1892a4cd7f8272da29841 to remote] DEBUG org.apache.http.wire - http-outgoing-0 << "[\r][\n]"
2019-03-15 07:36:18,455 [Forwarding findElement on session ebf5bc0b43e1892a4cd7f8272da29841 to remote] DEBUG org.apache.http.wire - http-outgoing-0 << "{"sessionId":"ebf5bc0b43e1892a4cd7f8272da29841","status":0,"value":{"ELEMENT":"0.5793661813061162-1"}}"
2019-03-15 07:36:18,456 [Forwarding findElement on session ebf5bc0b43e1892a4cd7f8272da29841 to remote] DEBUG org.apache.http.headers - http-outgoing-0 << HTTP/1.1 200 OK
2019-03-15 07:36:18,456 [Forwarding findElement on session ebf5bc0b43e1892a4cd7f8272da29841 to remote] DEBUG org.apache.http.headers - http-outgoing-0 << Content-Length:102
2019-03-15 07:36:18,456 [Forwarding findElement on session ebf5bc0b43e1892a4cd7f8272da29841 to remote] DEBUG org.apache.http.headers - http-outgoing-0 << Content-Type:application/json; charset=utf-8
2019-03-15 07:36:18,456 [Forwarding findElement on session ebf5bc0b43e1892a4cd7f8272da29841 to remote] DEBUG org.apache.http.impl.execchain.MainClientExec - Connection can be kept alive indefinitely
2019-03-15 07:36:18,456 [Forwarding findElement on session ebf5bc0b43e1892a4cd7f8272da29841 to remote] DEBUG org.apache.http.impl.conn.PoolingHttpClientConnectionManager - Connection [id: 0][route: {}->http://localhost:26602] can be kept alive indefinitely
2019-03-15 07:36:18,456 [Forwarding findElement on session ebf5bc0b43e1892a4cd7f8272da29841 to remote] DEBUG org.apache.http.impl.conn.PoolingHttpClientConnectionManager - Connection released: [id: 0][route: {}->http://localhost:26602][total kept alive: 1; route allocated: 1 of 2000; total allocated: 1 of 2000]
2019-03-15 07:36:18,459 [Forwarding isElementDisplayed on session ebf5bc0b43e1892a4cd7f8272da29841 to remote] DEBUG org.apache.http.client.protocol.RequestAddCookies - CookieSpec selected: default
2019-03-15 07:36:18,459 [Forwarding isElementDisplayed on session ebf5bc0b43e1892a4cd7f8272da29841 to remote] DEBUG org.apache.http.client.protocol.RequestAuthCache - Auth cache not set in the context
2019-03-15 07:36:18,459 [Forwarding isElementDisplayed on session ebf5bc0b43e1892a4cd7f8272da29841 to remote] DEBUG org.apache.http.impl.conn.PoolingHttpClientConnectionManager - Connection request: [route: {}->http://localhost:26602][total kept alive: 1; route allocated: 1 of 2000; total allocated: 1 of 2000]
2019-03-15 07:36:18,459 [Forwarding isElementDisplayed on session ebf5bc0b43e1892a4cd7f8272da29841 to remote] DEBUG org.apache.http.impl.conn.PoolingHttpClientConnectionManager - Connection leased: [id: 0][route: {}->http://localhost:26602][total kept alive: 0; route allocated: 1 of 2000; total allocated: 1 of 2000]
2019-03-15 07:36:18,459 [Forwarding isElementDisplayed on session ebf5bc0b43e1892a4cd7f8272da29841 to remote] DEBUG org.apache.http.impl.execchain.MainClientExec - Stale connection check
2019-03-15 07:36:18,460 [Forwarding isElementDisplayed on session ebf5bc0b43e1892a4cd7f8272da29841 to remote] DEBUG org.apache.http.wire - http-outgoing-0 << "[read] I/O error: Read timed out"
2019-03-15 07:36:18,460 [Forwarding isElementDisplayed on session ebf5bc0b43e1892a4cd7f8272da29841 to remote] DEBUG org.apache.http.impl.conn.DefaultManagedHttpClientConnection - http-outgoing-0: set socket timeout to 10800000
2019-03-15 07:36:18,460 [Forwarding isElementDisplayed on session ebf5bc0b43e1892a4cd7f8272da29841 to remote] DEBUG org.apache.http.impl.execchain.MainClientExec - Executing request GET /session/ebf5bc0b43e1892a4cd7f8272da29841/element/0.5793661813061162-1/displayed HTTP/1.1
2019-03-15 07:36:18,460 [Forwarding isElementDisplayed on session ebf5bc0b43e1892a4cd7f8272da29841 to remote] DEBUG org.apache.http.impl.execchain.MainClientExec - Target auth state: UNCHALLENGED
2019-03-15 07:36:18,460 [Forwarding isElementDisplayed on session ebf5bc0b43e1892a4cd7f8272da29841 to remote] DEBUG org.apache.http.impl.execchain.MainClientExec - Proxy auth state: UNCHALLENGED
2019-03-15 07:36:18,460 [Forwarding isElementDisplayed on session ebf5bc0b43e1892a4cd7f8272da29841 to remote] DEBUG org.apache.http.headers - http-outgoing-0 >> GET /session/ebf5bc0b43e1892a4cd7f8272da29841/element/0.5793661813061162-1/displayed HTTP/1.1
2019-03-15 07:36:18,460 [Forwarding isElementDisplayed on session ebf5bc0b43e1892a4cd7f8272da29841 to remote] DEBUG org.apache.http.headers - http-outgoing-0 >> Cache-Control: no-cache
2019-03-15 07:36:18,460 [Forwarding isElementDisplayed on session ebf5bc0b43e1892a4cd7f8272da29841 to remote] DEBUG org.apache.http.headers - http-outgoing-0 >> Host: localhost:26602
2019-03-15 07:36:18,460 [Forwarding isElementDisplayed on session ebf5bc0b43e1892a4cd7f8272da29841 to remote] DEBUG org.apache.http.headers - http-outgoing-0 >> Connection: Keep-Alive
2019-03-15 07:36:18,460 [Forwarding isElementDisplayed on session ebf5bc0b43e1892a4cd7f8272da29841 to remote] DEBUG org.apache.http.headers - http-outgoing-0 >> User-Agent: Apache-HttpClient/4.5.3 (Java/1.8.0_191)
2019-03-15 07:36:18,460 [Forwarding isElementDisplayed on session ebf5bc0b43e1892a4cd7f8272da29841 to remote] DEBUG org.apache.http.headers - http-outgoing-0 >> Accept-Encoding: gzip,deflate
2019-03-15 07:36:18,460 [Forwarding isElementDisplayed on session ebf5bc0b43e1892a4cd7f8272da29841 to remote] DEBUG org.apache.http.wire - http-outgoing-0 >> "GET /session/ebf5bc0b43e1892a4cd7f8272da29841/element/0.5793661813061162-1/displayed HTTP/1.1[\r][\n]"
2019-03-15 07:36:18,460 [Forwarding isElementDisplayed on session ebf5bc0b43e1892a4cd7f8272da29841 to remote] DEBUG org.apache.http.wire - http-outgoing-0 >> "Cache-Control: no-cache[\r][\n]"
2019-03-15 07:36:18,460 [Forwarding isElementDisplayed on session ebf5bc0b43e1892a4cd7f8272da29841 to remote] DEBUG org.apache.http.wire - http-outgoing-0 >> "Host: localhost:26602[\r][\n]"
2019-03-15 07:36:18,460 [Forwarding isElementDisplayed on session ebf5bc0b43e1892a4cd7f8272da29841 to remote] DEBUG org.apache.http.wire - http-outgoing-0 >> "Connection: Keep-Alive[\r][\n]"
2019-03-15 07:36:18,460 [Forwarding isElementDisplayed on session ebf5bc0b43e1892a4cd7f8272da29841 to remote] DEBUG org.apache.http.wire - http-outgoing-0 >> "User-Agent: Apache-HttpClient/4.5.3 (Java/1.8.0_191)[\r][\n]"
2019-03-15 07:36:18,460 [Forwarding isElementDisplayed on session ebf5bc0b43e1892a4cd7f8272da29841 to remote] DEBUG org.apache.http.wire - http-outgoing-0 >> "Accept-Encoding: gzip,deflate[\r][\n]"
2019-03-15 07:36:18,460 [Forwarding isElementDisplayed on session ebf5bc0b43e1892a4cd7f8272da29841 to remote] DEBUG org.apache.http.wire - http-outgoing-0 >> "[\r][\n]"
2019-03-15 07:36:18,548 [Forwarding isElementDisplayed on session ebf5bc0b43e1892a4cd7f8272da29841 to remote] DEBUG org.apache.http.wire - http-outgoing-0 << "HTTP/1.1 200 OK[\r][\n]"
2019-03-15 07:36:18,548 [Forwarding isElementDisplayed on session ebf5bc0b43e1892a4cd7f8272da29841 to remote] DEBUG org.apache.http.wire - http-outgoing-0 << "Content-Length:73[\r][\n]"
2019-03-15 07:36:18,548 [Forwarding isElementDisplayed on session ebf5bc0b43e1892a4cd7f8272da29841 to remote] DEBUG org.apache.http.wire - http-outgoing-0 << "Content-Type:application/json; charset=utf-8[\r][\n]"
2019-03-15 07:36:18,548 [Forwarding isElementDisplayed on session ebf5bc0b43e1892a4cd7f8272da29841 to remote] DEBUG org.apache.http.wire - http-outgoing-0 << "[\r][\n]"
2019-03-15 07:36:18,548 [Forwarding isElementDisplayed on session ebf5bc0b43e1892a4cd7f8272da29841 to remote] DEBUG org.apache.http.wire - http-outgoing-0 << "{"sessionId":"ebf5bc0b43e1892a4cd7f8272da29841","status":0,"value":false}"
2019-03-15 07:36:18,548 [Forwarding isElementDisplayed on session ebf5bc0b43e1892a4cd7f8272da29841 to remote] DEBUG org.apache.http.headers - http-outgoing-0 << HTTP/1.1 200 OK
2019-03-15 07:36:18,548 [Forwarding isElementDisplayed on session ebf5bc0b43e1892a4cd7f8272da29841 to remote] DEBUG org.apache.http.headers - http-outgoing-0 << Content-Length:73
2019-03-15 07:36:18,548 [Forwarding isElementDisplayed on session ebf5bc0b43e1892a4cd7f8272da29841 to remote] DEBUG org.apache.http.headers - http-outgoing-0 << Content-Type:application/json; charset=utf-8
2019-03-15 07:36:18,548 [Forwarding isElementDisplayed on session ebf5bc0b43e1892a4cd7f8272da29841 to remote] DEBUG org.apache.http.impl.execchain.MainClientExec - Connection can be kept alive indefinitely
2019-03-15 07:36:18,548 [Forwarding isElementDisplayed on session ebf5bc0b43e1892a4cd7f8272da29841 to remote] DEBUG org.apache.http.impl.conn.PoolingHttpClientConnectionManager - Connection [id: 0][route: {}->http://localhost:26602] can be kept alive indefinitely
2019-03-15 07:36:18,548 [Forwarding isElementDisplayed on session ebf5bc0b43e1892a4cd7f8272da29841 to remote] DEBUG org.apache.http.impl.conn.PoolingHttpClientConnectionManager - Connection released: [id: 0][route: {}->http://localhost:26602][total kept alive: 1; route allocated: 1 of 2000; total allocated: 1 of 2000]
2019-03-15 07:36:19,056 [Forwarding findElement on session ebf5bc0b43e1892a4cd7f8272da29841 to remote] DEBUG org.apache.http.client.protocol.RequestAddCookies - CookieSpec selected: default
2019-03-15 07:36:19,056 [Forwarding findElement on session ebf5bc0b43e1892a4cd7f8272da29841 to remote] DEBUG org.apache.http.client.protocol.RequestAuthCache - Auth cache not set in the context
2019-03-15 07:36:19,057 [Forwarding findElement on session ebf5bc0b43e1892a4cd7f8272da29841 to remote] DEBUG org.apache.http.impl.conn.PoolingHttpClientConnectionManager - Connection request: [route: {}->http://localhost:26602][total kept alive: 1; route allocated: 1 of 2000; total allocated: 1 of 2000]
2019-03-15 07:36:19,057 [Forwarding findElement on session ebf5bc0b43e1892a4cd7f8272da29841 to remote] DEBUG org.apache.http.impl.conn.PoolingHttpClientConnectionManager - Connection leased: [id: 0][route: {}->http://localhost:26602][total kept alive: 0; route allocated: 1 of 2000; total allocated: 1 of 2000]
2019-03-15 07:36:19,057 [Forwarding findElement on session ebf5bc0b43e1892a4cd7f8272da29841 to remote] DEBUG org.apache.http.impl.execchain.MainClientExec - Stale connection check
2019-03-15 07:36:19,058 [Forwarding findElement on session ebf5bc0b43e1892a4cd7f8272da29841 to remote] DEBUG org.apache.http.wire - http-outgoing-0 << "[read] I/O error: Read timed out"
2019-03-15 07:36:19,058 [Forwarding findElement on session ebf5bc0b43e1892a4cd7f8272da29841 to remote] DEBUG org.apache.http.impl.conn.DefaultManagedHttpClientConnection - http-outgoing-0: set socket timeout to 10800000
2019-03-15 07:36:19,059 [Forwarding findElement on session ebf5bc0b43e1892a4cd7f8272da29841 to remote] DEBUG org.apache.http.impl.execchain.MainClientExec - Executing request POST /session/ebf5bc0b43e1892a4cd7f8272da29841/element HTTP/1.1
2019-03-15 07:36:19,059 [Forwarding findElement on session ebf5bc0b43e1892a4cd7f8272da29841 to remote] DEBUG org.apache.http.impl.execchain.MainClientExec - Target auth state: UNCHALLENGED
2019-03-15 07:36:19,059 [Forwarding findElement on session ebf5bc0b43e1892a4cd7f8272da29841 to remote] DEBUG org.apache.http.impl.execchain.MainClientExec - Proxy auth state: UNCHALLENGED
2019-03-15 07:36:19,059 [Forwarding findElement on session ebf5bc0b43e1892a4cd7f8272da29841 to remote] DEBUG org.apache.http.headers - http-outgoing-0 >> POST /session/ebf5bc0b43e1892a4cd7f8272da29841/element HTTP/1.1
2019-03-15 07:36:19,059 [Forwarding findElement on session ebf5bc0b43e1892a4cd7f8272da29841 to remote] DEBUG org.apache.http.headers - http-outgoing-0 >> Content-Type: application/json; charset=utf-8
2019-03-15 07:36:19,059 [Forwarding findElement on session ebf5bc0b43e1892a4cd7f8272da29841 to remote] DEBUG org.apache.http.headers - http-outgoing-0 >> Content-Length: 49
2019-03-15 07:36:19,059 [Forwarding findElement on session ebf5bc0b43e1892a4cd7f8272da29841 to remote] DEBUG org.apache.http.headers - http-outgoing-0 >> Host: localhost:26602
2019-03-15 07:36:19,059 [Forwarding findElement on session ebf5bc0b43e1892a4cd7f8272da29841 to remote] DEBUG org.apache.http.headers - http-outgoing-0 >> Connection: Keep-Alive
2019-03-15 07:36:19,059 [Forwarding findElement on session ebf5bc0b43e1892a4cd7f8272da29841 to remote] DEBUG org.apache.http.headers - http-outgoing-0 >> User-Agent: Apache-HttpClient/4.5.3 (Java/1.8.0_191)
2019-03-15 07:36:19,059 [Forwarding findElement on session ebf5bc0b43e1892a4cd7f8272da29841 to remote] DEBUG org.apache.http.headers - http-outgoing-0 >> Accept-Encoding: gzip,deflate
2019-03-15 07:36:19,059 [Forwarding findElement on session ebf5bc0b43e1892a4cd7f8272da29841 to remote] DEBUG org.apache.http.wire - http-outgoing-0 >> "POST /session/ebf5bc0b43e1892a4cd7f8272da29841/element HTTP/1.1[\r][\n]"
2019-03-15 07:36:19,059 [Forwarding findElement on session ebf5bc0b43e1892a4cd7f8272da29841 to remote] DEBUG org.apache.http.wire - http-outgoing-0 >> "Content-Type: application/json; charset=utf-8[\r][\n]"
2019-03-15 07:36:19,059 [Forwarding findElement on session ebf5bc0b43e1892a4cd7f8272da29841 to remote] DEBUG org.apache.http.wire - http-outgoing-0 >> "Content-Length: 49[\r][\n]"
2019-03-15 07:36:19,059 [Forwarding findElement on session ebf5bc0b43e1892a4cd7f8272da29841 to remote] DEBUG org.apache.http.wire - http-outgoing-0 >> "Host: localhost:26602[\r][\n]"
2019-03-15 07:36:19,059 [Forwarding findElement on session ebf5bc0b43e1892a4cd7f8272da29841 to remote] DEBUG org.apache.http.wire - http-outgoing-0 >> "Connection: Keep-Alive[\r][\n]"
2019-03-15 07:36:19,059 [Forwarding findElement on session ebf5bc0b43e1892a4cd7f8272da29841 to remote] DEBUG org.apache.http.wire - http-outgoing-0 >> "User-Agent: Apache-HttpClient/4.5.3 (Java/1.8.0_191)[\r][\n]"
2019-03-15 07:36:19,059 [Forwarding findElement on session ebf5bc0b43e1892a4cd7f8272da29841 to remote] DEBUG org.apache.http.wire - http-outgoing-0 >> "Accept-Encoding: gzip,deflate[\r][\n]"
2019-03-15 07:36:19,059 [Forwarding findElement on session ebf5bc0b43e1892a4cd7f8272da29841 to remote] DEBUG org.apache.http.wire - http-outgoing-0 >> "[\r][\n]"
2019-03-15 07:36:19,059 [Forwarding findElement on session ebf5bc0b43e1892a4cd7f8272da29841 to remote] DEBUG org.apache.http.wire - http-outgoing-0 >> "{"using":"xpath","value":"//*[@name='password']"}"
2019-03-15 07:36:19,226 [Forwarding findElement on session ebf5bc0b43e1892a4cd7f8272da29841 to remote] DEBUG org.apache.http.wire - http-outgoing-0 << "HTTP/1.1 200 OK[\r][\n]"
2019-03-15 07:36:19,226 [Forwarding findElement on session ebf5bc0b43e1892a4cd7f8272da29841 to remote] DEBUG org.apache.http.wire - http-outgoing-0 << "Content-Length:102[\r][\n]"
2019-03-15 07:36:19,226 [Forwarding findElement on session ebf5bc0b43e1892a4cd7f8272da29841 to remote] DEBUG org.apache.http.wire - http-outgoing-0 << "Content-Type:application/json; charset=utf-8[\r][\n]"
2019-03-15 07:36:19,226 [Forwarding findElement on session ebf5bc0b43e1892a4cd7f8272da29841 to remote] DEBUG org.apache.http.wire - http-outgoing-0 << "[\r][\n]"
2019-03-15 07:36:19,226 [Forwarding findElement on session ebf5bc0b43e1892a4cd7f8272da29841 to remote] DEBUG org.apache.http.wire - http-outgoing-0 << "{"sessionId":"ebf5bc0b43e1892a4cd7f8272da29841","status":0,"value":{"ELEMENT":"0.5793661813061162-1"}}"
2019-03-15 07:36:19,226 [Forwarding findElement on session ebf5bc0b43e1892a4cd7f8272da29841 to remote] DEBUG org.apache.http.headers - http-outgoing-0 << HTTP/1.1 200 OK
2019-03-15 07:36:19,227 [Forwarding findElement on session ebf5bc0b43e1892a4cd7f8272da29841 to remote] DEBUG org.apache.http.headers - http-outgoing-0 << Content-Length:102
2019-03-15 07:36:19,227 [Forwarding findElement on session ebf5bc0b43e1892a4cd7f8272da29841 to remote] DEBUG org.apache.http.headers - http-outgoing-0 << Content-Type:application/json; charset=utf-8
2019-03-15 07:36:19,227 [Forwarding findElement on session ebf5bc0b43e1892a4cd7f8272da29841 to remote] DEBUG org.apache.http.impl.execchain.MainClientExec - Connection can be kept alive indefinitely
2019-03-15 07:36:19,228 [Forwarding findElement on session ebf5bc0b43e1892a4cd7f8272da29841 to remote] DEBUG org.apache.http.impl.conn.PoolingHttpClientConnectionManager - Connection [id: 0][route: {}->http://localhost:26602] can be kept alive indefinitely
2019-03-15 07:36:19,229 [Forwarding findElement on session ebf5bc0b43e1892a4cd7f8272da29841 to remote] DEBUG org.apache.http.impl.conn.PoolingHttpClientConnectionManager - Connection released: [id: 0][route: {}->http://localhost:26602][total kept alive: 1; route allocated: 1 of 2000; total allocated: 1 of 2000]
2019-03-15 07:36:19,241 [Forwarding isElementDisplayed on session ebf5bc0b43e1892a4cd7f8272da29841 to remote] DEBUG org.apache.http.client.protocol.RequestAddCookies - CookieSpec selected: default
2019-03-15 07:36:19,241 [Forwarding isElementDisplayed on session ebf5bc0b43e1892a4cd7f8272da29841 to remote] DEBUG org.apache.http.client.protocol.RequestAuthCache - Auth cache not set in the context
2019-03-15 07:36:19,241 [Forwarding isElementDisplayed on session ebf5bc0b43e1892a4cd7f8272da29841 to remote] DEBUG org.apache.http.impl.conn.PoolingHttpClientConnectionManager - Connection request: [route: {}->http://localhost:26602][total kept alive: 1; route allocated: 1 of 2000; total allocated: 1 of 2000]
2019-03-15 07:36:19,241 [Forwarding isElementDisplayed on session ebf5bc0b43e1892a4cd7f8272da29841 to remote] DEBUG org.apache.http.impl.conn.PoolingHttpClientConnectionManager - Connection leased: [id: 0][route: {}->http://localhost:26602][total kept alive: 0; route allocated: 1 of 2000; total allocated: 1 of 2000]
2019-03-15 07:36:19,241 [Forwarding isElementDisplayed on session ebf5bc0b43e1892a4cd7f8272da29841 to remote] DEBUG org.apache.http.impl.execchain.MainClientExec - Stale connection check
2019-03-15 07:36:19,242 [Forwarding isElementDisplayed on session ebf5bc0b43e1892a4cd7f8272da29841 to remote] DEBUG org.apache.http.wire - http-outgoing-0 << "[read] I/O error: Read timed out"
2019-03-15 07:36:19,242 [Forwarding isElementDisplayed on session ebf5bc0b43e1892a4cd7f8272da29841 to remote] DEBUG org.apache.http.impl.conn.DefaultManagedHttpClientConnection - http-outgoing-0: set socket timeout to 10800000
2019-03-15 07:36:19,242 [Forwarding isElementDisplayed on session ebf5bc0b43e1892a4cd7f8272da29841 to remote] DEBUG org.apache.http.impl.execchain.MainClientExec - Executing request GET /session/ebf5bc0b43e1892a4cd7f8272da29841/element/0.5793661813061162-1/displayed HTTP/1.1
2019-03-15 07:36:19,242 [Forwarding isElementDisplayed on session ebf5bc0b43e1892a4cd7f8272da29841 to remote] DEBUG org.apache.http.impl.execchain.MainClientExec - Target auth state: UNCHALLENGED
2019-03-15 07:36:19,242 [Forwarding isElementDisplayed on session ebf5bc0b43e1892a4cd7f8272da29841 to remote] DEBUG org.apache.http.impl.execchain.MainClientExec - Proxy auth state: UNCHALLENGED
2019-03-15 07:36:19,242 [Forwarding isElementDisplayed on session ebf5bc0b43e1892a4cd7f8272da29841 to remote] DEBUG org.apache.http.headers - http-outgoing-0 >> GET /session/ebf5bc0b43e1892a4cd7f8272da29841/element/0.5793661813061162-1/displayed HTTP/1.1
2019-03-15 07:36:19,242 [Forwarding isElementDisplayed on session ebf5bc0b43e1892a4cd7f8272da29841 to remote] DEBUG org.apache.http.headers - http-outgoing-0 >> Cache-Control: no-cache
2019-03-15 07:36:19,242 [Forwarding isElementDisplayed on session ebf5bc0b43e1892a4cd7f8272da29841 to remote] DEBUG org.apache.http.headers - http-outgoing-0 >> Host: localhost:26602
2019-03-15 07:36:19,242 [Forwarding isElementDisplayed on session ebf5bc0b43e1892a4cd7f8272da29841 to remote] DEBUG org.apache.http.headers - http-outgoing-0 >> Connection: Keep-Alive
2019-03-15 07:36:19,242 [Forwarding isElementDisplayed on session ebf5bc0b43e1892a4cd7f8272da29841 to remote] DEBUG org.apache.http.headers - http-outgoing-0 >> User-Agent: Apache-HttpClient/4.5.3 (Java/1.8.0_191)
2019-03-15 07:36:19,242 [Forwarding isElementDisplayed on session ebf5bc0b43e1892a4cd7f8272da29841 to remote] DEBUG org.apache.http.headers - http-outgoing-0 >> Accept-Encoding: gzip,deflate
2019-03-15 07:36:19,242 [Forwarding isElementDisplayed on session ebf5bc0b43e1892a4cd7f8272da29841 to remote] DEBUG org.apache.http.wire - http-outgoing-0 >> "GET /session/ebf5bc0b43e1892a4cd7f8272da29841/element/0.5793661813061162-1/displayed HTTP/1.1[\r][\n]"
2019-03-15 07:36:19,242 [Forwarding isElementDisplayed on session ebf5bc0b43e1892a4cd7f8272da29841 to remote] DEBUG org.apache.http.wire - http-outgoing-0 >> "Cache-Control: no-cache[\r][\n]"
2019-03-15 07:36:19,253 [Forwarding isElementDisplayed on session ebf5bc0b43e1892a4cd7f8272da29841 to remote] DEBUG org.apache.http.wire - http-outgoing-0 >> "Host: localhost:26602[\r][\n]"
2019-03-15 07:36:19,253 [Forwarding isElementDisplayed on session ebf5bc0b43e1892a4cd7f8272da29841 to remote] DEBUG org.apache.http.wire - http-outgoing-0 >> "Connection: Keep-Alive[\r][\n]"
2019-03-15 07:36:19,253 [Forwarding isElementDisplayed on session ebf5bc0b43e1892a4cd7f8272da29841 to remote] DEBUG org.apache.http.wire - http-outgoing-0 >> "User-Agent: Apache-HttpClient/4.5.3 (Java/1.8.0_191)[\r][\n]"
2019-03-15 07:36:19,253 [Forwarding isElementDisplayed on session ebf5bc0b43e1892a4cd7f8272da29841 to remote] DEBUG org.apache.http.wire - http-outgoing-0 >> "Accept-Encoding: gzip,deflate[\r][\n]"
2019-03-15 07:36:19,253 [Forwarding isElementDisplayed on session ebf5bc0b43e1892a4cd7f8272da29841 to remote] DEBUG org.apache.http.wire - http-outgoing-0 >> "[\r][\n]"
2019-03-15 07:36:19,477 [Forwarding isElementDisplayed on session ebf5bc0b43e1892a4cd7f8272da29841 to remote] DEBUG org.apache.http.wire - http-outgoing-0 << "HTTP/1.1 200 OK[\r][\n]"
2019-03-15 07:36:19,477 [Forwarding isElementDisplayed on session ebf5bc0b43e1892a4cd7f8272da29841 to remote] DEBUG org.apache.http.wire - http-outgoing-0 << "Content-Length:73[\r][\n]"
2019-03-15 07:36:19,477 [Forwarding isElementDisplayed on session ebf5bc0b43e1892a4cd7f8272da29841 to remote] DEBUG org.apache.http.wire - http-outgoing-0 << "Content-Type:application/json; charset=utf-8[\r][\n]"
2019-03-15 07:36:19,477 [Forwarding isElementDisplayed on session ebf5bc0b43e1892a4cd7f8272da29841 to remote] DEBUG org.apache.http.wire - http-outgoing-0 << "[\r][\n]"
2019-03-15 07:36:19,477 [Forwarding isElementDisplayed on session ebf5bc0b43e1892a4cd7f8272da29841 to remote] DEBUG org.apache.http.wire - http-outgoing-0 << "{"sessionId":"ebf5bc0b43e1892a4cd7f8272da29841","status":0,"value":false}"
2019-03-15 07:36:19,477 [Forwarding isElementDisplayed on session ebf5bc0b43e1892a4cd7f8272da29841 to remote] DEBUG org.apache.http.headers - http-outgoing-0 << HTTP/1.1 200 OK
2019-03-15 07:36:19,477 [Forwarding isElementDisplayed on session ebf5bc0b43e1892a4cd7f8272da29841 to remote] DEBUG org.apache.http.headers - http-outgoing-0 << Content-Length:73
2019-03-15 07:36:19,477 [Forwarding isElementDisplayed on session ebf5bc0b43e1892a4cd7f8272da29841 to remote] DEBUG org.apache.http.headers - http-outgoing-0 << Content-Type:application/json; charset=utf-8
2019-03-15 07:36:19,477 [Forwarding isElementDisplayed on session ebf5bc0b43e1892a4cd7f8272da29841 to remote] DEBUG org.apache.http.impl.execchain.MainClientExec - Connection can be kept alive indefinitely
2019-03-15 07:36:19,478 [Forwarding isElementDisplayed on session ebf5bc0b43e1892a4cd7f8272da29841 to remote] DEBUG org.apache.http.impl.conn.PoolingHttpClientConnectionManager - Connection [id: 0][route: {}->http://localhost:26602] can be kept alive indefinitely
2019-03-15 07:36:19,478 [Forwarding isElementDisplayed on session ebf5bc0b43e1892a4cd7f8272da29841 to remote] DEBUG org.apache.http.impl.conn.PoolingHttpClientConnectionManager - Connection released: [id: 0][route: {}->http://localhost:26602][total kept alive: 1; route allocated: 1 of 2000; total allocated: 1 of 2000]
2019-03-15 07:36:19,986 [Forwarding findElement on session ebf5bc0b43e1892a4cd7f8272da29841 to remote] DEBUG org.apache.http.client.protocol.RequestAddCookies - CookieSpec selected: default
2019-03-15 07:36:19,986 [Forwarding findElement on session ebf5bc0b43e1892a4cd7f8272da29841 to remote] DEBUG org.apache.http.client.protocol.RequestAuthCache - Auth cache not set in the context
2019-03-15 07:36:19,986 [Forwarding findElement on session ebf5bc0b43e1892a4cd7f8272da29841 to remote] DEBUG org.apache.http.impl.conn.PoolingHttpClientConnectionManager - Connection request: [route: {}->http://localhost:26602][total kept alive: 1; route allocated: 1 of 2000; total allocated: 1 of 2000]
2019-03-15 07:36:19,986 [Forwarding findElement on session ebf5bc0b43e1892a4cd7f8272da29841 to remote] DEBUG org.apache.http.impl.conn.PoolingHttpClientConnectionManager - Connection leased: [id: 0][route: {}->http://localhost:26602][total kept alive: 0; route allocated: 1 of 2000; total allocated: 1 of 2000]
2019-03-15 07:36:19,986 [Forwarding findElement on session ebf5bc0b43e1892a4cd7f8272da29841 to remote] DEBUG org.apache.http.impl.execchain.MainClientExec - Stale connection check
2019-03-15 07:36:19,987 [Forwarding findElement on session ebf5bc0b43e1892a4cd7f8272da29841 to remote] DEBUG org.apache.http.wire - http-outgoing-0 << "[read] I/O error: Read timed out"
2019-03-15 07:36:19,987 [Forwarding findElement on session ebf5bc0b43e1892a4cd7f8272da29841 to remote] DEBUG org.apache.http.impl.conn.DefaultManagedHttpClientConnection - http-outgoing-0: set socket timeout to 10800000
2019-03-15 07:36:19,987 [Forwarding findElement on session ebf5bc0b43e1892a4cd7f8272da29841 to remote] DEBUG org.apache.http.impl.execchain.MainClientExec - Executing request POST /session/ebf5bc0b43e1892a4cd7f8272da29841/element HTTP/1.1
2019-03-15 07:36:19,987 [Forwarding findElement on session ebf5bc0b43e1892a4cd7f8272da29841 to remote] DEBUG org.apache.http.impl.execchain.MainClientExec - Target auth state: UNCHALLENGED
2019-03-15 07:36:19,987 [Forwarding findElement on session ebf5bc0b43e1892a4cd7f8272da29841 to remote] DEBUG org.apache.http.impl.execchain.MainClientExec - Proxy auth state: UNCHALLENGED
2019-03-15 07:36:19,987 [Forwarding findElement on session ebf5bc0b43e1892a4cd7f8272da29841 to remote] DEBUG org.apache.http.headers - http-outgoing-0 >> POST /session/ebf5bc0b43e1892a4cd7f8272da29841/element HTTP/1.1
2019-03-15 07:36:19,987 [Forwarding findElement on session ebf5bc0b43e1892a4cd7f8272da29841 to remote] DEBUG org.apache.http.headers - http-outgoing-0 >> Content-Type: application/json; charset=utf-8
2019-03-15 07:36:19,987 [Forwarding findElement on session ebf5bc0b43e1892a4cd7f8272da29841 to remote] DEBUG org.apache.http.headers - http-outgoing-0 >> Content-Length: 49
2019-03-15 07:36:19,987 [Forwarding findElement on session ebf5bc0b43e1892a4cd7f8272da29841 to remote] DEBUG org.apache.http.headers - http-outgoing-0 >> Host: localhost:26602
2019-03-15 07:36:19,987 [Forwarding findElement on session ebf5bc0b43e1892a4cd7f8272da29841 to remote] DEBUG org.apache.http.headers - http-outgoing-0 >> Connection: Keep-Alive
2019-03-15 07:36:19,987 [Forwarding findElement on session ebf5bc0b43e1892a4cd7f8272da29841 to remote] DEBUG org.apache.http.headers - http-outgoing-0 >> User-Agent: Apache-HttpClient/4.5.3 (Java/1.8.0_191)
2019-03-15 07:36:19,987 [Forwarding findElement on session ebf5bc0b43e1892a4cd7f8272da29841 to remote] DEBUG org.apache.http.headers - http-outgoing-0 >> Accept-Encoding: gzip,deflate
2019-03-15 07:36:19,987 [Forwarding findElement on session ebf5bc0b43e1892a4cd7f8272da29841 to remote] DEBUG org.apache.http.wire - http-outgoing-0 >> "POST /session/ebf5bc0b43e1892a4cd7f8272da29841/element HTTP/1.1[\r][\n]"
2019-03-15 07:36:19,987 [Forwarding findElement on session ebf5bc0b43e1892a4cd7f8272da29841 to remote] DEBUG org.apache.http.wire - http-outgoing-0 >> "Content-Type: application/json; charset=utf-8[\r][\n]"
2019-03-15 07:36:19,987 [Forwarding findElement on session ebf5bc0b43e1892a4cd7f8272da29841 to remote] DEBUG org.apache.http.wire - http-outgoing-0 >> "Content-Length: 49[\r][\n]"
2019-03-15 07:36:19,987 [Forwarding findElement on session ebf5bc0b43e1892a4cd7f8272da29841 to remote] DEBUG org.apache.http.wire - http-outgoing-0 >> "Host: localhost:26602[\r][\n]"
2019-03-15 07:36:19,987 [Forwarding findElement on session ebf5bc0b43e1892a4cd7f8272da29841 to remote] DEBUG org.apache.http.wire - http-outgoing-0 >> "Connection: Keep-Alive[\r][\n]"
2019-03-15 07:36:19,987 [Forwarding findElement on session ebf5bc0b43e1892a4cd7f8272da29841 to remote] DEBUG org.apache.http.wire - http-outgoing-0 >> "User-Agent: Apache-HttpClient/4.5.3 (Java/1.8.0_191)[\r][\n]"
2019-03-15 07:36:19,987 [Forwarding findElement on session ebf5bc0b43e1892a4cd7f8272da29841 to remote] DEBUG org.apache.http.wire - http-outgoing-0 >> "Accept-Encoding: gzip,deflate[\r][\n]"
2019-03-15 07:36:19,987 [Forwarding findElement on session ebf5bc0b43e1892a4cd7f8272da29841 to remote] DEBUG org.apache.http.wire - http-outgoing-0 >> "[\r][\n]"
2019-03-15 07:36:19,987 [Forwarding findElement on session ebf5bc0b43e1892a4cd7f8272da29841 to remote] DEBUG org.apache.http.wire - http-outgoing-0 >> "{"using":"xpath","value":"//*[@name='password']"}"
2019-03-15 07:36:20,004 [Forwarding findElement on session ebf5bc0b43e1892a4cd7f8272da29841 to remote] DEBUG org.apache.http.wire - http-outgoing-0 << "HTTP/1.1 200 OK[\r][\n]"
2019-03-15 07:36:20,004 [Forwarding findElement on session ebf5bc0b43e1892a4cd7f8272da29841 to remote] DEBUG org.apache.http.wire - http-outgoing-0 << "Content-Length:102[\r][\n]"
2019-03-15 07:36:20,004 [Forwarding findElement on session ebf5bc0b43e1892a4cd7f8272da29841 to remote] DEBUG org.apache.http.wire - http-outgoing-0 << "Content-Type:application/json; charset=utf-8[\r][\n]"
2019-03-15 07:36:20,004 [Forwarding findElement on session ebf5bc0b43e1892a4cd7f8272da29841 to remote] DEBUG org.apache.http.wire - http-outgoing-0 << "[\r][\n]"
2019-03-15 07:36:20,004 [Forwarding findElement on session ebf5bc0b43e1892a4cd7f8272da29841 to remote] DEBUG org.apache.http.wire - http-outgoing-0 << "{"sessionId":"ebf5bc0b43e1892a4cd7f8272da29841","status":0,"value":{"ELEMENT":"0.5793661813061162-1"}}"
2019-03-15 07:36:20,004 [Forwarding findElement on session ebf5bc0b43e1892a4cd7f8272da29841 to remote] DEBUG org.apache.http.headers - http-outgoing-0 << HTTP/1.1 200 OK
2019-03-15 07:36:20,004 [Forwarding findElement on session ebf5bc0b43e1892a4cd7f8272da29841 to remote] DEBUG org.apache.http.headers - http-outgoing-0 << Content-Length:102
2019-03-15 07:36:20,004 [Forwarding findElement on session ebf5bc0b43e1892a4cd7f8272da29841 to remote] DEBUG org.apache.http.headers - http-outgoing-0 << Content-Type:application/json; charset=utf-8
2019-03-15 07:36:20,005 [Forwarding findElement on session ebf5bc0b43e1892a4cd7f8272da29841 to remote] DEBUG org.apache.http.impl.execchain.MainClientExec - Connection can be kept alive indefinitely
2019-03-15 07:36:20,005 [Forwarding findElement on session ebf5bc0b43e1892a4cd7f8272da29841 to remote] DEBUG org.apache.http.impl.conn.PoolingHttpClientConnectionManager - Connection [id: 0][route: {}->http://localhost:26602] can be kept alive indefinitely
2019-03-15 07:36:20,005 [Forwarding findElement on session ebf5bc0b43e1892a4cd7f8272da29841 to remote] DEBUG org.apache.http.impl.conn.PoolingHttpClientConnectionManager - Connection released: [id: 0][route: {}->http://localhost:26602][total kept alive: 1; route allocated: 1 of 2000; total allocated: 1 of 2000]
2019-03-15 07:36:20,008 [Forwarding isElementDisplayed on session ebf5bc0b43e1892a4cd7f8272da29841 to remote] DEBUG org.apache.http.client.protocol.RequestAddCookies - CookieSpec selected: default
2019-03-15 07:36:20,008 [Forwarding isElementDisplayed on session ebf5bc0b43e1892a4cd7f8272da29841 to remote] DEBUG org.apache.http.client.protocol.RequestAuthCache - Auth cache not set in the context
2019-03-15 07:36:20,008 [Forwarding isElementDisplayed on session ebf5bc0b43e1892a4cd7f8272da29841 to remote] DEBUG org.apache.http.impl.conn.PoolingHttpClientConnectionManager - Connection request: [route: {}->http://localhost:26602][total kept alive: 1; route allocated: 1 of 2000; total allocated: 1 of 2000]
2019-03-15 07:36:20,008 [Forwarding isElementDisplayed on session ebf5bc0b43e1892a4cd7f8272da29841 to remote] DEBUG org.apache.http.impl.conn.PoolingHttpClientConnectionManager - Connection leased: [id: 0][route: {}->http://localhost:26602][total kept alive: 0; route allocated: 1 of 2000; total allocated: 1 of 2000]
2019-03-15 07:36:20,008 [Forwarding isElementDisplayed on session ebf5bc0b43e1892a4cd7f8272da29841 to remote] DEBUG org.apache.http.impl.execchain.MainClientExec - Stale connection check
2019-03-15 07:36:20,009 [Forwarding isElementDisplayed on session ebf5bc0b43e1892a4cd7f8272da29841 to remote] DEBUG org.apache.http.wire - http-outgoing-0 << "[read] I/O error: Read timed out"
2019-03-15 07:36:20,009 [Forwarding isElementDisplayed on session ebf5bc0b43e1892a4cd7f8272da29841 to remote] DEBUG org.apache.http.impl.conn.DefaultManagedHttpClientConnection - http-outgoing-0: set socket timeout to 10800000
2019-03-15 07:36:20,009 [Forwarding isElementDisplayed on session ebf5bc0b43e1892a4cd7f8272da29841 to remote] DEBUG org.apache.http.impl.execchain.MainClientExec - Executing request GET /session/ebf5bc0b43e1892a4cd7f8272da29841/element/0.5793661813061162-1/displayed HTTP/1.1
2019-03-15 07:36:20,009 [Forwarding isElementDisplayed on session ebf5bc0b43e1892a4cd7f8272da29841 to remote] DEBUG org.apache.http.impl.execchain.MainClientExec - Target auth state: UNCHALLENGED
2019-03-15 07:36:20,009 [Forwarding isElementDisplayed on session ebf5bc0b43e1892a4cd7f8272da29841 to remote] DEBUG org.apache.http.impl.execchain.MainClientExec - Proxy auth state: UNCHALLENGED
2019-03-15 07:36:20,009 [Forwarding isElementDisplayed on session ebf5bc0b43e1892a4cd7f8272da29841 to remote] DEBUG org.apache.http.headers - http-outgoing-0 >> GET /session/ebf5bc0b43e1892a4cd7f8272da29841/element/0.5793661813061162-1/displayed HTTP/1.1
2019-03-15 07:36:20,009 [Forwarding isElementDisplayed on session ebf5bc0b43e1892a4cd7f8272da29841 to remote] DEBUG org.apache.http.headers - http-outgoing-0 >> Cache-Control: no-cache
2019-03-15 07:36:20,009 [Forwarding isElementDisplayed on session ebf5bc0b43e1892a4cd7f8272da29841 to remote] DEBUG org.apache.http.headers - http-outgoing-0 >> Host: localhost:26602
2019-03-15 07:36:20,009 [Forwarding isElementDisplayed on session ebf5bc0b43e1892a4cd7f8272da29841 to remote] DEBUG org.apache.http.headers - http-outgoing-0 >> Connection: Keep-Alive
2019-03-15 07:36:20,009 [Forwarding isElementDisplayed on session ebf5bc0b43e1892a4cd7f8272da29841 to remote] DEBUG org.apache.http.headers - http-outgoing-0 >> User-Agent: Apache-HttpClient/4.5.3 (Java/1.8.0_191)
2019-03-15 07:36:20,009 [Forwarding isElementDisplayed on session ebf5bc0b43e1892a4cd7f8272da29841 to remote] DEBUG org.apache.http.headers - http-outgoing-0 >> Accept-Encoding: gzip,deflate
2019-03-15 07:36:20,009 [Forwarding isElementDisplayed on session ebf5bc0b43e1892a4cd7f8272da29841 to remote] DEBUG org.apache.http.wire - http-outgoing-0 >> "GET /session/ebf5bc0b43e1892a4cd7f8272da29841/element/0.5793661813061162-1/displayed HTTP/1.1[\r][\n]"
2019-03-15 07:36:20,009 [Forwarding isElementDisplayed on session ebf5bc0b43e1892a4cd7f8272da29841 to remote] DEBUG org.apache.http.wire - http-outgoing-0 >> "Cache-Control: no-cache[\r][\n]"
2019-03-15 07:36:20,009 [Forwarding isElementDisplayed on session ebf5bc0b43e1892a4cd7f8272da29841 to remote] DEBUG org.apache.http.wire - http-outgoing-0 >> "Host: localhost:26602[\r][\n]"
2019-03-15 07:36:20,009 [Forwarding isElementDisplayed on session ebf5bc0b43e1892a4cd7f8272da29841 to remote] DEBUG org.apache.http.wire - http-outgoing-0 >> "Connection: Keep-Alive[\r][\n]"
2019-03-15 07:36:20,009 [Forwarding isElementDisplayed on session ebf5bc0b43e1892a4cd7f8272da29841 to remote] DEBUG org.apache.http.wire - http-outgoing-0 >> "User-Agent: Apache-HttpClient/4.5.3 (Java/1.8.0_191)[\r][\n]"
2019-03-15 07:36:20,009 [Forwarding isElementDisplayed on session ebf5bc0b43e1892a4cd7f8272da29841 to remote] DEBUG org.apache.http.wire - http-outgoing-0 >> "Accept-Encoding: gzip,deflate[\r][\n]"
2019-03-15 07:36:20,009 [Forwarding isElementDisplayed on session ebf5bc0b43e1892a4cd7f8272da29841 to remote] DEBUG org.apache.http.wire - http-outgoing-0 >> "[\r][\n]"
2019-03-15 07:36:20,030 [Forwarding isElementDisplayed on session ebf5bc0b43e1892a4cd7f8272da29841 to remote] DEBUG org.apache.http.wire - http-outgoing-0 << "HTTP/1.1 200 OK[\r][\n]"
2019-03-15 07:36:20,030 [Forwarding isElementDisplayed on session ebf5bc0b43e1892a4cd7f8272da29841 to remote] DEBUG org.apache.http.wire - http-outgoing-0 << "Content-Length:73[\r][\n]"
2019-03-15 07:36:20,030 [Forwarding isElementDisplayed on session ebf5bc0b43e1892a4cd7f8272da29841 to remote] DEBUG org.apache.http.wire - http-outgoing-0 << "Content-Type:application/json; charset=utf-8[\r][\n]"
2019-03-15 07:36:20,030 [Forwarding isElementDisplayed on session ebf5bc0b43e1892a4cd7f8272da29841 to remote] DEBUG org.apache.http.wire - http-outgoing-0 << "[\r][\n]"
2019-03-15 07:36:20,030 [Forwarding isElementDisplayed on session ebf5bc0b43e1892a4cd7f8272da29841 to remote] DEBUG org.apache.http.wire - http-outgoing-0 << "{"sessionId":"ebf5bc0b43e1892a4cd7f8272da29841","status":0,"value":false}"
2019-03-15 07:36:20,031 [Forwarding isElementDisplayed on session ebf5bc0b43e1892a4cd7f8272da29841 to remote] DEBUG org.apache.http.headers - http-outgoing-0 << HTTP/1.1 200 OK
2019-03-15 07:36:20,031 [Forwarding isElementDisplayed on session ebf5bc0b43e1892a4cd7f8272da29841 to remote] DEBUG org.apache.http.headers - http-outgoing-0 << Content-Length:73
2019-03-15 07:36:20,031 [Forwarding isElementDisplayed on session ebf5bc0b43e1892a4cd7f8272da29841 to remote] DEBUG org.apache.http.headers - http-outgoing-0 << Content-Type:application/json; charset=utf-8
2019-03-15 07:36:20,031 [Forwarding isElementDisplayed on session ebf5bc0b43e1892a4cd7f8272da29841 to remote] DEBUG org.apache.http.impl.execchain.MainClientExec - Connection can be kept alive indefinitely
2019-03-15 07:36:20,031 [Forwarding isElementDisplayed on session ebf5bc0b43e1892a4cd7f8272da29841 to remote] DEBUG org.apache.http.impl.conn.PoolingHttpClientConnectionManager - Connection [id: 0][route: {}->http://localhost:26602] can be kept alive indefinitely
2019-03-15 07:36:20,032 [Forwarding isElementDisplayed on session ebf5bc0b43e1892a4cd7f8272da29841 to remote] DEBUG org.apache.http.impl.conn.PoolingHttpClientConnectionManager - Connection released: [id: 0][route: {}->http://localhost:26602][total kept alive: 1; route allocated: 1 of 2000; total allocated: 1 of 2000]
2019-03-15 07:36:20,535 [Forwarding findElement on session ebf5bc0b43e1892a4cd7f8272da29841 to remote] DEBUG org.apache.http.client.protocol.RequestAddCookies - CookieSpec selected: default
2019-03-15 07:36:20,535 [Forwarding findElement on session ebf5bc0b43e1892a4cd7f8272da29841 to remote] DEBUG org.apache.http.client.protocol.RequestAuthCache - Auth cache not set in the context
2019-03-15 07:36:20,535 [Forwarding findElement on session ebf5bc0b43e1892a4cd7f8272da29841 to remote] DEBUG org.apache.http.impl.conn.PoolingHttpClientConnectionManager - Connection request: [route: {}->http://localhost:26602][total kept alive: 1; route allocated: 1 of 2000; total allocated: 1 of 2000]
2019-03-15 07:36:20,535 [Forwarding findElement on session ebf5bc0b43e1892a4cd7f8272da29841 to remote] DEBUG org.apache.http.impl.conn.PoolingHttpClientConnectionManager - Connection leased: [id: 0][route: {}->http://localhost:26602][total kept alive: 0; route allocated: 1 of 2000; total allocated: 1 of 2000]
2019-03-15 07:36:20,535 [Forwarding findElement on session ebf5bc0b43e1892a4cd7f8272da29841 to remote] DEBUG org.apache.http.impl.execchain.MainClientExec - Stale connection check
2019-03-15 07:36:20,536 [Forwarding findElement on session ebf5bc0b43e1892a4cd7f8272da29841 to remote] DEBUG org.apache.http.wire - http-outgoing-0 << "[read] I/O error: Read timed out"
2019-03-15 07:36:20,536 [Forwarding findElement on session ebf5bc0b43e1892a4cd7f8272da29841 to remote] DEBUG org.apache.http.impl.conn.DefaultManagedHttpClientConnection - http-outgoing-0: set socket timeout to 10800000
2019-03-15 07:36:20,537 [Forwarding findElement on session ebf5bc0b43e1892a4cd7f8272da29841 to remote] DEBUG org.apache.http.impl.execchain.MainClientExec - Executing request POST /session/ebf5bc0b43e1892a4cd7f8272da29841/element HTTP/1.1
2019-03-15 07:36:20,537 [Forwarding findElement on session ebf5bc0b43e1892a4cd7f8272da29841 to remote] DEBUG org.apache.http.impl.execchain.MainClientExec - Target auth state: UNCHALLENGED
2019-03-15 07:36:20,537 [Forwarding findElement on session ebf5bc0b43e1892a4cd7f8272da29841 to remote] DEBUG org.apache.http.impl.execchain.MainClientExec - Proxy auth state: UNCHALLENGED
2019-03-15 07:36:20,537 [Forwarding findElement on session ebf5bc0b43e1892a4cd7f8272da29841 to remote] DEBUG org.apache.http.headers - http-outgoing-0 >> POST /session/ebf5bc0b43e1892a4cd7f8272da29841/element HTTP/1.1
2019-03-15 07:36:20,537 [Forwarding findElement on session ebf5bc0b43e1892a4cd7f8272da29841 to remote] DEBUG org.apache.http.headers - http-outgoing-0 >> Content-Type: application/json; charset=utf-8
2019-03-15 07:36:20,537 [Forwarding findElement on session ebf5bc0b43e1892a4cd7f8272da29841 to remote] DEBUG org.apache.http.headers - http-outgoing-0 >> Content-Length: 49
2019-03-15 07:36:20,537 [Forwarding findElement on session ebf5bc0b43e1892a4cd7f8272da29841 to remote] DEBUG org.apache.http.headers - http-outgoing-0 >> Host: localhost:26602
2019-03-15 07:36:20,537 [Forwarding findElement on session ebf5bc0b43e1892a4cd7f8272da29841 to remote] DEBUG org.apache.http.headers - http-outgoing-0 >> Connection: Keep-Alive
2019-03-15 07:36:20,537 [Forwarding findElement on session ebf5bc0b43e1892a4cd7f8272da29841 to remote] DEBUG org.apache.http.headers - http-outgoing-0 >> User-Agent: Apache-HttpClient/4.5.3 (Java/1.8.0_191)
2019-03-15 07:36:20,537 [Forwarding findElement on session ebf5bc0b43e1892a4cd7f8272da29841 to remote] DEBUG org.apache.http.headers - http-outgoing-0 >> Accept-Encoding: gzip,deflate
2019-03-15 07:36:20,537 [Forwarding findElement on session ebf5bc0b43e1892a4cd7f8272da29841 to remote] DEBUG org.apache.http.wire - http-outgoing-0 >> "POST /session/ebf5bc0b43e1892a4cd7f8272da29841/element HTTP/1.1[\r][\n]"
2019-03-15 07:36:20,537 [Forwarding findElement on session ebf5bc0b43e1892a4cd7f8272da29841 to remote] DEBUG org.apache.http.wire - http-outgoing-0 >> "Content-Type: application/json; charset=utf-8[\r][\n]"
2019-03-15 07:36:20,537 [Forwarding findElement on session ebf5bc0b43e1892a4cd7f8272da29841 to remote] DEBUG org.apache.http.wire - http-outgoing-0 >> "Content-Length: 49[\r][\n]"
2019-03-15 07:36:20,537 [Forwarding findElement on session ebf5bc0b43e1892a4cd7f8272da29841 to remote] DEBUG org.apache.http.wire - http-outgoing-0 >> "Host: localhost:26602[\r][\n]"
2019-03-15 07:36:20,537 [Forwarding findElement on session ebf5bc0b43e1892a4cd7f8272da29841 to remote] DEBUG org.apache.http.wire - http-outgoing-0 >> "Connection: Keep-Alive[\r][\n]"
2019-03-15 07:36:20,537 [Forwarding findElement on session ebf5bc0b43e1892a4cd7f8272da29841 to remote] DEBUG org.apache.http.wire - http-outgoing-0 >> "User-Agent: Apache-HttpClient/4.5.3 (Java/1.8.0_191)[\r][\n]"
2019-03-15 07:36:20,537 [Forwarding findElement on session ebf5bc0b43e1892a4cd7f8272da29841 to remote] DEBUG org.apache.http.wire - http-outgoing-0 >> "Accept-Encoding: gzip,deflate[\r][\n]"
2019-03-15 07:36:20,537 [Forwarding findElement on session ebf5bc0b43e1892a4cd7f8272da29841 to remote] DEBUG org.apache.http.wire - http-outgoing-0 >> "[\r][\n]"
2019-03-15 07:36:20,538 [Forwarding findElement on session ebf5bc0b43e1892a4cd7f8272da29841 to remote] DEBUG org.apache.http.wire - http-outgoing-0 >> "{"using":"xpath","value":"//*[@name='password']"}"
2019-03-15 07:36:20,578 [Forwarding findElement on session ebf5bc0b43e1892a4cd7f8272da29841 to remote] DEBUG org.apache.http.wire - http-outgoing-0 << "HTTP/1.1 200 OK[\r][\n]"
2019-03-15 07:36:20,578 [Forwarding findElement on session ebf5bc0b43e1892a4cd7f8272da29841 to remote] DEBUG org.apache.http.wire - http-outgoing-0 << "Content-Length:102[\r][\n]"
2019-03-15 07:36:20,578 [Forwarding findElement on session ebf5bc0b43e1892a4cd7f8272da29841 to remote] DEBUG org.apache.http.wire - http-outgoing-0 << "Content-Type:application/json; charset=utf-8[\r][\n]"
2019-03-15 07:36:20,578 [Forwarding findElement on session ebf5bc0b43e1892a4cd7f8272da29841 to remote] DEBUG org.apache.http.wire - http-outgoing-0 << "[\r][\n]"
2019-03-15 07:36:20,578 [Forwarding findElement on session ebf5bc0b43e1892a4cd7f8272da29841 to remote] DEBUG org.apache.http.wire - http-outgoing-0 << "{"sessionId":"ebf5bc0b43e1892a4cd7f8272da29841","status":0,"value":{"ELEMENT":"0.5793661813061162-1"}}"
2019-03-15 07:36:20,579 [Forwarding findElement on session ebf5bc0b43e1892a4cd7f8272da29841 to remote] DEBUG org.apache.http.headers - http-outgoing-0 << HTTP/1.1 200 OK
2019-03-15 07:36:20,579 [Forwarding findElement on session ebf5bc0b43e1892a4cd7f8272da29841 to remote] DEBUG org.apache.http.headers - http-outgoing-0 << Content-Length:102
2019-03-15 07:36:20,579 [Forwarding findElement on session ebf5bc0b43e1892a4cd7f8272da29841 to remote] DEBUG org.apache.http.headers - http-outgoing-0 << Content-Type:application/json; charset=utf-8
2019-03-15 07:36:20,579 [Forwarding findElement on session ebf5bc0b43e1892a4cd7f8272da29841 to remote] DEBUG org.apache.http.impl.execchain.MainClientExec - Connection can be kept alive indefinitely
2019-03-15 07:36:20,579 [Forwarding findElement on session ebf5bc0b43e1892a4cd7f8272da29841 to remote] DEBUG org.apache.http.impl.conn.PoolingHttpClientConnectionManager - Connection [id: 0][route: {}->http://localhost:26602] can be kept alive indefinitely
2019-03-15 07:36:20,580 [Forwarding findElement on session ebf5bc0b43e1892a4cd7f8272da29841 to remote] DEBUG org.apache.http.impl.conn.PoolingHttpClientConnectionManager - Connection released: [id: 0][route: {}->http://localhost:26602][total kept alive: 1; route allocated: 1 of 2000; total allocated: 1 of 2000]
2019-03-15 07:36:20,584 [Forwarding isElementDisplayed on session ebf5bc0b43e1892a4cd7f8272da29841 to remote] DEBUG org.apache.http.client.protocol.RequestAddCookies - CookieSpec selected: default
2019-03-15 07:36:20,584 [Forwarding isElementDisplayed on session ebf5bc0b43e1892a4cd7f8272da29841 to remote] DEBUG org.apache.http.client.protocol.RequestAuthCache - Auth cache not set in the context
2019-03-15 07:36:20,584 [Forwarding isElementDisplayed on session ebf5bc0b43e1892a4cd7f8272da29841 to remote] DEBUG org.apache.http.impl.conn.PoolingHttpClientConnectionManager - Connection request: [route: {}->http://localhost:26602][total kept alive: 1; route allocated: 1 of 2000; total allocated: 1 of 2000]
2019-03-15 07:36:20,584 [Forwarding isElementDisplayed on session ebf5bc0b43e1892a4cd7f8272da29841 to remote] DEBUG org.apache.http.impl.conn.PoolingHttpClientConnectionManager - Connection leased: [id: 0][route: {}->http://localhost:26602][total kept alive: 0; route allocated: 1 of 2000; total allocated: 1 of 2000]
2019-03-15 07:36:20,584 [Forwarding isElementDisplayed on session ebf5bc0b43e1892a4cd7f8272da29841 to remote] DEBUG org.apache.http.impl.execchain.MainClientExec - Stale connection check
2019-03-15 07:36:20,586 [Forwarding isElementDisplayed on session ebf5bc0b43e1892a4cd7f8272da29841 to remote] DEBUG org.apache.http.wire - http-outgoing-0 << "[read] I/O error: Read timed out"
2019-03-15 07:36:20,586 [Forwarding isElementDisplayed on session ebf5bc0b43e1892a4cd7f8272da29841 to remote] DEBUG org.apache.http.impl.conn.DefaultManagedHttpClientConnection - http-outgoing-0: set socket timeout to 10800000
2019-03-15 07:36:20,586 [Forwarding isElementDisplayed on session ebf5bc0b43e1892a4cd7f8272da29841 to remote] DEBUG org.apache.http.impl.execchain.MainClientExec - Executing request GET /session/ebf5bc0b43e1892a4cd7f8272da29841/element/0.5793661813061162-1/displayed HTTP/1.1
2019-03-15 07:36:20,586 [Forwarding isElementDisplayed on session ebf5bc0b43e1892a4cd7f8272da29841 to remote] DEBUG org.apache.http.impl.execchain.MainClientExec - Target auth state: UNCHALLENGED
2019-03-15 07:36:20,586 [Forwarding isElementDisplayed on session ebf5bc0b43e1892a4cd7f8272da29841 to remote] DEBUG org.apache.http.impl.execchain.MainClientExec - Proxy auth state: UNCHALLENGED
2019-03-15 07:36:20,586 [Forwarding isElementDisplayed on session ebf5bc0b43e1892a4cd7f8272da29841 to remote] DEBUG org.apache.http.headers - http-outgoing-0 >> GET /session/ebf5bc0b43e1892a4cd7f8272da29841/element/0.5793661813061162-1/displayed HTTP/1.1
2019-03-15 07:36:20,586 [Forwarding isElementDisplayed on session ebf5bc0b43e1892a4cd7f8272da29841 to remote] DEBUG org.apache.http.headers - http-outgoing-0 >> Cache-Control: no-cache
2019-03-15 07:36:20,586 [Forwarding isElementDisplayed on session ebf5bc0b43e1892a4cd7f8272da29841 to remote] DEBUG org.apache.http.headers - http-outgoing-0 >> Host: localhost:26602
2019-03-15 07:36:20,586 [Forwarding isElementDisplayed on session ebf5bc0b43e1892a4cd7f8272da29841 to remote] DEBUG org.apache.http.headers - http-outgoing-0 >> Connection: Keep-Alive
2019-03-15 07:36:20,586 [Forwarding isElementDisplayed on session ebf5bc0b43e1892a4cd7f8272da29841 to remote] DEBUG org.apache.http.headers - http-outgoing-0 >> User-Agent: Apache-HttpClient/4.5.3 (Java/1.8.0_191)
2019-03-15 07:36:20,586 [Forwarding isElementDisplayed on session ebf5bc0b43e1892a4cd7f8272da29841 to remote] DEBUG org.apache.http.headers - http-outgoing-0 >> Accept-Encoding: gzip,deflate
2019-03-15 07:36:20,587 [Forwarding isElementDisplayed on session ebf5bc0b43e1892a4cd7f8272da29841 to remote] DEBUG org.apache.http.wire - http-outgoing-0 >> "GET /session/ebf5bc0b43e1892a4cd7f8272da29841/element/0.5793661813061162-1/displayed HTTP/1.1[\r][\n]"
2019-03-15 07:36:20,587 [Forwarding isElementDisplayed on session ebf5bc0b43e1892a4cd7f8272da29841 to remote] DEBUG org.apache.http.wire - http-outgoing-0 >> "Cache-Control: no-cache[\r][\n]"
2019-03-15 07:36:20,587 [Forwarding isElementDisplayed on session ebf5bc0b43e1892a4cd7f8272da29841 to remote] DEBUG org.apache.http.wire - http-outgoing-0 >> "Host: localhost:26602[\r][\n]"
2019-03-15 07:36:20,587 [Forwarding isElementDisplayed on session ebf5bc0b43e1892a4cd7f8272da29841 to remote] DEBUG org.apache.http.wire - http-outgoing-0 >> "Connection: Keep-Alive[\r][\n]"
2019-03-15 07:36:20,587 [Forwarding isElementDisplayed on session ebf5bc0b43e1892a4cd7f8272da29841 to remote] DEBUG org.apache.http.wire - http-outgoing-0 >> "User-Agent: Apache-HttpClient/4.5.3 (Java/1.8.0_191)[\r][\n]"
2019-03-15 07:36:20,587 [Forwarding isElementDisplayed on session ebf5bc0b43e1892a4cd7f8272da29841 to remote] DEBUG org.apache.http.wire - http-outgoing-0 >> "Accept-Encoding: gzip,deflate[\r][\n]"
2019-03-15 07:36:20,587 [Forwarding isElementDisplayed on session ebf5bc0b43e1892a4cd7f8272da29841 to remote] DEBUG org.apache.http.wire - http-outgoing-0 >> "[\r][\n]"
2019-03-15 07:36:20,650 [Forwarding isElementDisplayed on session ebf5bc0b43e1892a4cd7f8272da29841 to remote] DEBUG org.apache.http.wire - http-outgoing-0 << "HTTP/1.1 200 OK[\r][\n]"
2019-03-15 07:36:20,650 [Forwarding isElementDisplayed on session ebf5bc0b43e1892a4cd7f8272da29841 to remote] DEBUG org.apache.http.wire - http-outgoing-0 << "Content-Length:73[\r][\n]"
2019-03-15 07:36:20,650 [Forwarding isElementDisplayed on session ebf5bc0b43e1892a4cd7f8272da29841 to remote] DEBUG org.apache.http.wire - http-outgoing-0 << "Content-Type:application/json; charset=utf-8[\r][\n]"
2019-03-15 07:36:20,650 [Forwarding isElementDisplayed on session ebf5bc0b43e1892a4cd7f8272da29841 to remote] DEBUG org.apache.http.wire - http-outgoing-0 << "[\r][\n]"
2019-03-15 07:36:20,650 [Forwarding isElementDisplayed on session ebf5bc0b43e1892a4cd7f8272da29841 to remote] DEBUG org.apache.http.wire - http-outgoing-0 << "{"sessionId":"ebf5bc0b43e1892a4cd7f8272da29841","status":0,"value":false}"
2019-03-15 07:36:20,650 [Forwarding isElementDisplayed on session ebf5bc0b43e1892a4cd7f8272da29841 to remote] DEBUG org.apache.http.headers - http-outgoing-0 << HTTP/1.1 200 OK
2019-03-15 07:36:20,650 [Forwarding isElementDisplayed on session ebf5bc0b43e1892a4cd7f8272da29841 to remote] DEBUG org.apache.http.headers - http-outgoing-0 << Content-Length:73
2019-03-15 07:36:20,650 [Forwarding isElementDisplayed on session ebf5bc0b43e1892a4cd7f8272da29841 to remote] DEBUG org.apache.http.headers - http-outgoing-0 << Content-Type:application/json; charset=utf-8
2019-03-15 07:36:20,650 [Forwarding isElementDisplayed on session ebf5bc0b43e1892a4cd7f8272da29841 to remote] DEBUG org.apache.http.impl.execchain.MainClientExec - Connection can be kept alive indefinitely
2019-03-15 07:36:20,650 [Forwarding isElementDisplayed on session ebf5bc0b43e1892a4cd7f8272da29841 to remote] DEBUG org.apache.http.impl.conn.PoolingHttpClientConnectionManager - Connection [id: 0][route: {}->http://localhost:26602] can be kept alive indefinitely
2019-03-15 07:36:20,651 [Forwarding isElementDisplayed on session ebf5bc0b43e1892a4cd7f8272da29841 to remote] DEBUG org.apache.http.impl.conn.PoolingHttpClientConnectionManager - Connection released: [id: 0][route: {}->http://localhost:26602][total kept alive: 1; route allocated: 1 of 2000; total allocated: 1 of 2000]
2019-03-15 07:36:21,159 [Forwarding findElement on session ebf5bc0b43e1892a4cd7f8272da29841 to remote] DEBUG org.apache.http.client.protocol.RequestAddCookies - CookieSpec selected: default
2019-03-15 07:36:21,159 [Forwarding findElement on session ebf5bc0b43e1892a4cd7f8272da29841 to remote] DEBUG org.apache.http.client.protocol.RequestAuthCache - Auth cache not set in the context
2019-03-15 07:36:21,159 [Forwarding findElement on session ebf5bc0b43e1892a4cd7f8272da29841 to remote] DEBUG org.apache.http.impl.conn.PoolingHttpClientConnectionManager - Connection request: [route: {}->http://localhost:26602][total kept alive: 1; route allocated: 1 of 2000; total allocated: 1 of 2000]
2019-03-15 07:36:21,159 [Forwarding findElement on session ebf5bc0b43e1892a4cd7f8272da29841 to remote] DEBUG org.apache.http.impl.conn.PoolingHttpClientConnectionManager - Connection leased: [id: 0][route: {}->http://localhost:26602][total kept alive: 0; route allocated: 1 of 2000; total allocated: 1 of 2000]
2019-03-15 07:36:21,159 [Forwarding findElement on session ebf5bc0b43e1892a4cd7f8272da29841 to remote] DEBUG org.apache.http.impl.execchain.MainClientExec - Stale connection check
2019-03-15 07:36:21,160 [Forwarding findElement on session ebf5bc0b43e1892a4cd7f8272da29841 to remote] DEBUG org.apache.http.wire - http-outgoing-0 << "[read] I/O error: Read timed out"
2019-03-15 07:36:21,160 [Forwarding findElement on session ebf5bc0b43e1892a4cd7f8272da29841 to remote] DEBUG org.apache.http.impl.conn.DefaultManagedHttpClientConnection - http-outgoing-0: set socket timeout to 10800000
2019-03-15 07:36:21,160 [Forwarding findElement on session ebf5bc0b43e1892a4cd7f8272da29841 to remote] DEBUG org.apache.http.impl.execchain.MainClientExec - Executing request POST /session/ebf5bc0b43e1892a4cd7f8272da29841/element HTTP/1.1
2019-03-15 07:36:21,160 [Forwarding findElement on session ebf5bc0b43e1892a4cd7f8272da29841 to remote] DEBUG org.apache.http.impl.execchain.MainClientExec - Target auth state: UNCHALLENGED
2019-03-15 07:36:21,160 [Forwarding findElement on session ebf5bc0b43e1892a4cd7f8272da29841 to remote] DEBUG org.apache.http.impl.execchain.MainClientExec - Proxy auth state: UNCHALLENGED
2019-03-15 07:36:21,160 [Forwarding findElement on session ebf5bc0b43e1892a4cd7f8272da29841 to remote] DEBUG org.apache.http.headers - http-outgoing-0 >> POST /session/ebf5bc0b43e1892a4cd7f8272da29841/element HTTP/1.1
2019-03-15 07:36:21,160 [Forwarding findElement on session ebf5bc0b43e1892a4cd7f8272da29841 to remote] DEBUG org.apache.http.headers - http-outgoing-0 >> Content-Type: application/json; charset=utf-8
2019-03-15 07:36:21,160 [Forwarding findElement on session ebf5bc0b43e1892a4cd7f8272da29841 to remote] DEBUG org.apache.http.headers - http-outgoing-0 >> Content-Length: 49
2019-03-15 07:36:21,160 [Forwarding findElement on session ebf5bc0b43e1892a4cd7f8272da29841 to remote] DEBUG org.apache.http.headers - http-outgoing-0 >> Host: localhost:26602
2019-03-15 07:36:21,160 [Forwarding findElement on session ebf5bc0b43e1892a4cd7f8272da29841 to remote] DEBUG org.apache.http.headers - http-outgoing-0 >> Connection: Keep-Alive
2019-03-15 07:36:21,160 [Forwarding findElement on session ebf5bc0b43e1892a4cd7f8272da29841 to remote] DEBUG org.apache.http.headers - http-outgoing-0 >> User-Agent: Apache-HttpClient/4.5.3 (Java/1.8.0_191)
2019-03-15 07:36:21,160 [Forwarding findElement on session ebf5bc0b43e1892a4cd7f8272da29841 to remote] DEBUG org.apache.http.headers - http-outgoing-0 >> Accept-Encoding: gzip,deflate
2019-03-15 07:36:21,160 [Forwarding findElement on session ebf5bc0b43e1892a4cd7f8272da29841 to remote] DEBUG org.apache.http.wire - http-outgoing-0 >> "POST /session/ebf5bc0b43e1892a4cd7f8272da29841/element HTTP/1.1[\r][\n]"
2019-03-15 07:36:21,160 [Forwarding findElement on session ebf5bc0b43e1892a4cd7f8272da29841 to remote] DEBUG org.apache.http.wire - http-outgoing-0 >> "Content-Type: application/json; charset=utf-8[\r][\n]"
2019-03-15 07:36:21,160 [Forwarding findElement on session ebf5bc0b43e1892a4cd7f8272da29841 to remote] DEBUG org.apache.http.wire - http-outgoing-0 >> "Content-Length: 49[\r][\n]"
2019-03-15 07:36:21,160 [Forwarding findElement on session ebf5bc0b43e1892a4cd7f8272da29841 to remote] DEBUG org.apache.http.wire - http-outgoing-0 >> "Host: localhost:26602[\r][\n]"
2019-03-15 07:36:21,160 [Forwarding findElement on session ebf5bc0b43e1892a4cd7f8272da29841 to remote] DEBUG org.apache.http.wire - http-outgoing-0 >> "Connection: Keep-Alive[\r][\n]"
2019-03-15 07:36:21,160 [Forwarding findElement on session ebf5bc0b43e1892a4cd7f8272da29841 to remote] DEBUG org.apache.http.wire - http-outgoing-0 >> "User-Agent: Apache-HttpClient/4.5.3 (Java/1.8.0_191)[\r][\n]"
2019-03-15 07:36:21,160 [Forwarding findElement on session ebf5bc0b43e1892a4cd7f8272da29841 to remote] DEBUG org.apache.http.wire - http-outgoing-0 >> "Accept-Encoding: gzip,deflate[\r][\n]"
2019-03-15 07:36:21,160 [Forwarding findElement on session ebf5bc0b43e1892a4cd7f8272da29841 to remote] DEBUG org.apache.http.wire - http-outgoing-0 >> "[\r][\n]"
2019-03-15 07:36:21,160 [Forwarding findElement on session ebf5bc0b43e1892a4cd7f8272da29841 to remote] DEBUG org.apache.http.wire - http-outgoing-0 >> "{"using":"xpath","value":"//*[@name='password']"}"
2019-03-15 07:36:21,237 [Forwarding findElement on session ebf5bc0b43e1892a4cd7f8272da29841 to remote] DEBUG org.apache.http.wire - http-outgoing-0 << "HTTP/1.1 200 OK[\r][\n]"
2019-03-15 07:36:21,237 [Forwarding findElement on session ebf5bc0b43e1892a4cd7f8272da29841 to remote] DEBUG org.apache.http.wire - http-outgoing-0 << "Content-Length:102[\r][\n]"
2019-03-15 07:36:21,237 [Forwarding findElement on session ebf5bc0b43e1892a4cd7f8272da29841 to remote] DEBUG org.apache.http.wire - http-outgoing-0 << "Content-Type:application/json; charset=utf-8[\r][\n]"
2019-03-15 07:36:21,237 [Forwarding findElement on session ebf5bc0b43e1892a4cd7f8272da29841 to remote] DEBUG org.apache.http.wire - http-outgoing-0 << "[\r][\n]"
2019-03-15 07:36:21,237 [Forwarding findElement on session ebf5bc0b43e1892a4cd7f8272da29841 to remote] DEBUG org.apache.http.wire - http-outgoing-0 << "{"sessionId":"ebf5bc0b43e1892a4cd7f8272da29841","status":0,"value":{"ELEMENT":"0.5793661813061162-1"}}"
2019-03-15 07:36:21,237 [Forwarding findElement on session ebf5bc0b43e1892a4cd7f8272da29841 to remote] DEBUG org.apache.http.headers - http-outgoing-0 << HTTP/1.1 200 OK
2019-03-15 07:36:21,237 [Forwarding findElement on session ebf5bc0b43e1892a4cd7f8272da29841 to remote] DEBUG org.apache.http.headers - http-outgoing-0 << Content-Length:102
2019-03-15 07:36:21,237 [Forwarding findElement on session ebf5bc0b43e1892a4cd7f8272da29841 to remote] DEBUG org.apache.http.headers - http-outgoing-0 << Content-Type:application/json; charset=utf-8
2019-03-15 07:36:21,237 [Forwarding findElement on session ebf5bc0b43e1892a4cd7f8272da29841 to remote] DEBUG org.apache.http.impl.execchain.MainClientExec - Connection can be kept alive indefinitely
2019-03-15 07:36:21,238 [Forwarding findElement on session ebf5bc0b43e1892a4cd7f8272da29841 to remote] DEBUG org.apache.http.impl.conn.PoolingHttpClientConnectionManager - Connection [id: 0][route: {}->http://localhost:26602] can be kept alive indefinitely
2019-03-15 07:36:21,238 [Forwarding findElement on session ebf5bc0b43e1892a4cd7f8272da29841 to remote] DEBUG org.apache.http.impl.conn.PoolingHttpClientConnectionManager - Connection released: [id: 0][route: {}->http://localhost:26602][total kept alive: 1; route allocated: 1 of 2000; total allocated: 1 of 2000]
2019-03-15 07:36:21,241 [Forwarding isElementDisplayed on session ebf5bc0b43e1892a4cd7f8272da29841 to remote] DEBUG org.apache.http.client.protocol.RequestAddCookies - CookieSpec selected: default
2019-03-15 07:36:21,241 [Forwarding isElementDisplayed on session ebf5bc0b43e1892a4cd7f8272da29841 to remote] DEBUG org.apache.http.client.protocol.RequestAuthCache - Auth cache not set in the context
2019-03-15 07:36:21,241 [Forwarding isElementDisplayed on session ebf5bc0b43e1892a4cd7f8272da29841 to remote] DEBUG org.apache.http.impl.conn.PoolingHttpClientConnectionManager - Connection request: [route: {}->http://localhost:26602][total kept alive: 1; route allocated: 1 of 2000; total allocated: 1 of 2000]
2019-03-15 07:36:21,241 [Forwarding isElementDisplayed on session ebf5bc0b43e1892a4cd7f8272da29841 to remote] DEBUG org.apache.http.impl.conn.PoolingHttpClientConnectionManager - Connection leased: [id: 0][route: {}->http://localhost:26602][total kept alive: 0; route allocated: 1 of 2000; total allocated: 1 of 2000]
2019-03-15 07:36:21,241 [Forwarding isElementDisplayed on session ebf5bc0b43e1892a4cd7f8272da29841 to remote] DEBUG org.apache.http.impl.execchain.MainClientExec - Stale connection check
2019-03-15 07:36:21,242 [Forwarding isElementDisplayed on session ebf5bc0b43e1892a4cd7f8272da29841 to remote] DEBUG org.apache.http.wire - http-outgoing-0 << "[read] I/O error: Read timed out"
2019-03-15 07:36:21,242 [Forwarding isElementDisplayed on session ebf5bc0b43e1892a4cd7f8272da29841 to remote] DEBUG org.apache.http.impl.conn.DefaultManagedHttpClientConnection - http-outgoing-0: set socket timeout to 10800000
2019-03-15 07:36:21,242 [Forwarding isElementDisplayed on session ebf5bc0b43e1892a4cd7f8272da29841 to remote] DEBUG org.apache.http.impl.execchain.MainClientExec - Executing request GET /session/ebf5bc0b43e1892a4cd7f8272da29841/element/0.5793661813061162-1/displayed HTTP/1.1
2019-03-15 07:36:21,242 [Forwarding isElementDisplayed on session ebf5bc0b43e1892a4cd7f8272da29841 to remote] DEBUG org.apache.http.impl.execchain.MainClientExec - Target auth state: UNCHALLENGED
2019-03-15 07:36:21,242 [Forwarding isElementDisplayed on session ebf5bc0b43e1892a4cd7f8272da29841 to remote] DEBUG org.apache.http.impl.execchain.MainClientExec - Proxy auth state: UNCHALLENGED
2019-03-15 07:36:21,242 [Forwarding isElementDisplayed on session ebf5bc0b43e1892a4cd7f8272da29841 to remote] DEBUG org.apache.http.headers - http-outgoing-0 >> GET /session/ebf5bc0b43e1892a4cd7f8272da29841/element/0.5793661813061162-1/displayed HTTP/1.1
2019-03-15 07:36:21,242 [Forwarding isElementDisplayed on session ebf5bc0b43e1892a4cd7f8272da29841 to remote] DEBUG org.apache.http.headers - http-outgoing-0 >> Cache-Control: no-cache
2019-03-15 07:36:21,242 [Forwarding isElementDisplayed on session ebf5bc0b43e1892a4cd7f8272da29841 to remote] DEBUG org.apache.http.headers - http-outgoing-0 >> Host: localhost:26602
2019-03-15 07:36:21,242 [Forwarding isElementDisplayed on session ebf5bc0b43e1892a4cd7f8272da29841 to remote] DEBUG org.apache.http.headers - http-outgoing-0 >> Connection: Keep-Alive
2019-03-15 07:36:21,242 [Forwarding isElementDisplayed on session ebf5bc0b43e1892a4cd7f8272da29841 to remote] DEBUG org.apache.http.headers - http-outgoing-0 >> User-Agent: Apache-HttpClient/4.5.3 (Java/1.8.0_191)
2019-03-15 07:36:21,242 [Forwarding isElementDisplayed on session ebf5bc0b43e1892a4cd7f8272da29841 to remote] DEBUG org.apache.http.headers - http-outgoing-0 >> Accept-Encoding: gzip,deflate
2019-03-15 07:36:21,242 [Forwarding isElementDisplayed on session ebf5bc0b43e1892a4cd7f8272da29841 to remote] DEBUG org.apache.http.wire - http-outgoing-0 >> "GET /session/ebf5bc0b43e1892a4cd7f8272da29841/element/0.5793661813061162-1/displayed HTTP/1.1[\r][\n]"
2019-03-15 07:36:21,242 [Forwarding isElementDisplayed on session ebf5bc0b43e1892a4cd7f8272da29841 to remote] DEBUG org.apache.http.wire - http-outgoing-0 >> "Cache-Control: no-cache[\r][\n]"
2019-03-15 07:36:21,242 [Forwarding isElementDisplayed on session ebf5bc0b43e1892a4cd7f8272da29841 to remote] DEBUG org.apache.http.wire - http-outgoing-0 >> "Host: localhost:26602[\r][\n]"
2019-03-15 07:36:21,242 [Forwarding isElementDisplayed on session ebf5bc0b43e1892a4cd7f8272da29841 to remote] DEBUG org.apache.http.wire - http-outgoing-0 >> "Connection: Keep-Alive[\r][\n]"
2019-03-15 07:36:21,242 [Forwarding isElementDisplayed on session ebf5bc0b43e1892a4cd7f8272da29841 to remote] DEBUG org.apache.http.wire - http-outgoing-0 >> "User-Agent: Apache-HttpClient/4.5.3 (Java/1.8.0_191)[\r][\n]"
2019-03-15 07:36:21,242 [Forwarding isElementDisplayed on session ebf5bc0b43e1892a4cd7f8272da29841 to remote] DEBUG org.apache.http.wire - http-outgoing-0 >> "Accept-Encoding: gzip,deflate[\r][\n]"
2019-03-15 07:36:21,242 [Forwarding isElementDisplayed on session ebf5bc0b43e1892a4cd7f8272da29841 to remote] DEBUG org.apache.http.wire - http-outgoing-0 >> "[\r][\n]"
2019-03-15 07:36:21,347 [Forwarding isElementDisplayed on session ebf5bc0b43e1892a4cd7f8272da29841 to remote] DEBUG org.apache.http.wire - http-outgoing-0 << "HTTP/1.1 200 OK[\r][\n]"
2019-03-15 07:36:21,347 [Forwarding isElementDisplayed on session ebf5bc0b43e1892a4cd7f8272da29841 to remote] DEBUG org.apache.http.wire - http-outgoing-0 << "Content-Length:73[\r][\n]"
2019-03-15 07:36:21,347 [Forwarding isElementDisplayed on session ebf5bc0b43e1892a4cd7f8272da29841 to remote] DEBUG org.apache.http.wire - http-outgoing-0 << "Content-Type:application/json; charset=utf-8[\r][\n]"
2019-03-15 07:36:21,347 [Forwarding isElementDisplayed on session ebf5bc0b43e1892a4cd7f8272da29841 to remote] DEBUG org.apache.http.wire - http-outgoing-0 << "[\r][\n]"
2019-03-15 07:36:21,348 [Forwarding isElementDisplayed on session ebf5bc0b43e1892a4cd7f8272da29841 to remote] DEBUG org.apache.http.wire - http-outgoing-0 << "{"sessionId":"ebf5bc0b43e1892a4cd7f8272da29841","status":0,"value":false}"
2019-03-15 07:36:21,348 [Forwarding isElementDisplayed on session ebf5bc0b43e1892a4cd7f8272da29841 to remote] DEBUG org.apache.http.headers - http-outgoing-0 << HTTP/1.1 200 OK
2019-03-15 07:36:21,348 [Forwarding isElementDisplayed on session ebf5bc0b43e1892a4cd7f8272da29841 to remote] DEBUG org.apache.http.headers - http-outgoing-0 << Content-Length:73
2019-03-15 07:36:21,348 [Forwarding isElementDisplayed on session ebf5bc0b43e1892a4cd7f8272da29841 to remote] DEBUG org.apache.http.headers - http-outgoing-0 << Content-Type:application/json; charset=utf-8
2019-03-15 07:36:21,348 [Forwarding isElementDisplayed on session ebf5bc0b43e1892a4cd7f8272da29841 to remote] DEBUG org.apache.http.impl.execchain.MainClientExec - Connection can be kept alive indefinitely
2019-03-15 07:36:21,349 [Forwarding isElementDisplayed on session ebf5bc0b43e1892a4cd7f8272da29841 to remote] DEBUG org.apache.http.impl.conn.PoolingHttpClientConnectionManager - Connection [id: 0][route: {}->http://localhost:26602] can be kept alive indefinitely
2019-03-15 07:36:21,349 [Forwarding isElementDisplayed on session ebf5bc0b43e1892a4cd7f8272da29841 to remote] DEBUG org.apache.http.impl.conn.PoolingHttpClientConnectionManager - Connection released: [id: 0][route: {}->http://localhost:26602][total kept alive: 1; route allocated: 1 of 2000; total allocated: 1 of 2000]
2019-03-15 07:36:21,853 [Forwarding findElement on session ebf5bc0b43e1892a4cd7f8272da29841 to remote] DEBUG org.apache.http.client.protocol.RequestAddCookies - CookieSpec selected: default
2019-03-15 07:36:21,854 [Forwarding findElement on session ebf5bc0b43e1892a4cd7f8272da29841 to remote] DEBUG org.apache.http.client.protocol.RequestAuthCache - Auth cache not set in the context
2019-03-15 07:36:21,854 [Forwarding findElement on session ebf5bc0b43e1892a4cd7f8272da29841 to remote] DEBUG org.apache.http.impl.conn.PoolingHttpClientConnectionManager - Connection request: [route: {}->http://localhost:26602][total kept alive: 1; route allocated: 1 of 2000; total allocated: 1 of 2000]
2019-03-15 07:36:21,854 [Forwarding findElement on session ebf5bc0b43e1892a4cd7f8272da29841 to remote] DEBUG org.apache.http.impl.conn.PoolingHttpClientConnectionManager - Connection leased: [id: 0][route: {}->http://localhost:26602][total kept alive: 0; route allocated: 1 of 2000; total allocated: 1 of 2000]
2019-03-15 07:36:21,854 [Forwarding findElement on session ebf5bc0b43e1892a4cd7f8272da29841 to remote] DEBUG org.apache.http.impl.execchain.MainClientExec - Stale connection check
2019-03-15 07:36:21,855 [Forwarding findElement on session ebf5bc0b43e1892a4cd7f8272da29841 to remote] DEBUG org.apache.http.wire - http-outgoing-0 << "[read] I/O error: Read timed out"
2019-03-15 07:36:21,855 [Forwarding findElement on session ebf5bc0b43e1892a4cd7f8272da29841 to remote] DEBUG org.apache.http.impl.conn.DefaultManagedHttpClientConnection - http-outgoing-0: set socket timeout to 10800000
2019-03-15 07:36:21,855 [Forwarding findElement on session ebf5bc0b43e1892a4cd7f8272da29841 to remote] DEBUG org.apache.http.impl.execchain.MainClientExec - Executing request POST /session/ebf5bc0b43e1892a4cd7f8272da29841/element HTTP/1.1
2019-03-15 07:36:21,855 [Forwarding findElement on session ebf5bc0b43e1892a4cd7f8272da29841 to remote] DEBUG org.apache.http.impl.execchain.MainClientExec - Target auth state: UNCHALLENGED
2019-03-15 07:36:21,855 [Forwarding findElement on session ebf5bc0b43e1892a4cd7f8272da29841 to remote] DEBUG org.apache.http.impl.execchain.MainClientExec - Proxy auth state: UNCHALLENGED
2019-03-15 07:36:21,855 [Forwarding findElement on session ebf5bc0b43e1892a4cd7f8272da29841 to remote] DEBUG org.apache.http.headers - http-outgoing-0 >> POST /session/ebf5bc0b43e1892a4cd7f8272da29841/element HTTP/1.1
2019-03-15 07:36:21,855 [Forwarding findElement on session ebf5bc0b43e1892a4cd7f8272da29841 to remote] DEBUG org.apache.http.headers - http-outgoing-0 >> Content-Type: application/json; charset=utf-8
2019-03-15 07:36:21,855 [Forwarding findElement on session ebf5bc0b43e1892a4cd7f8272da29841 to remote] DEBUG org.apache.http.headers - http-outgoing-0 >> Content-Length: 49
2019-03-15 07:36:21,855 [Forwarding findElement on session ebf5bc0b43e1892a4cd7f8272da29841 to remote] DEBUG org.apache.http.headers - http-outgoing-0 >> Host: localhost:26602
2019-03-15 07:36:21,855 [Forwarding findElement on session ebf5bc0b43e1892a4cd7f8272da29841 to remote] DEBUG org.apache.http.headers - http-outgoing-0 >> Connection: Keep-Alive
2019-03-15 07:36:21,856 [Forwarding findElement on session ebf5bc0b43e1892a4cd7f8272da29841 to remote] DEBUG org.apache.http.headers - http-outgoing-0 >> User-Agent: Apache-HttpClient/4.5.3 (Java/1.8.0_191)
2019-03-15 07:36:21,856 [Forwarding findElement on session ebf5bc0b43e1892a4cd7f8272da29841 to remote] DEBUG org.apache.http.headers - http-outgoing-0 >> Accept-Encoding: gzip,deflate
2019-03-15 07:36:21,856 [Forwarding findElement on session ebf5bc0b43e1892a4cd7f8272da29841 to remote] DEBUG org.apache.http.wire - http-outgoing-0 >> "POST /session/ebf5bc0b43e1892a4cd7f8272da29841/element HTTP/1.1[\r][\n]"
2019-03-15 07:36:21,856 [Forwarding findElement on session ebf5bc0b43e1892a4cd7f8272da29841 to remote] DEBUG org.apache.http.wire - http-outgoing-0 >> "Content-Type: application/json; charset=utf-8[\r][\n]"
2019-03-15 07:36:21,856 [Forwarding findElement on session ebf5bc0b43e1892a4cd7f8272da29841 to remote] DEBUG org.apache.http.wire - http-outgoing-0 >> "Content-Length: 49[\r][\n]"
2019-03-15 07:36:21,856 [Forwarding findElement on session ebf5bc0b43e1892a4cd7f8272da29841 to remote] DEBUG org.apache.http.wire - http-outgoing-0 >> "Host: localhost:26602[\r][\n]"
2019-03-15 07:36:21,857 [Forwarding findElement on session ebf5bc0b43e1892a4cd7f8272da29841 to remote] DEBUG org.apache.http.wire - http-outgoing-0 >> "Connection: Keep-Alive[\r][\n]"
2019-03-15 07:36:21,857 [Forwarding findElement on session ebf5bc0b43e1892a4cd7f8272da29841 to remote] DEBUG org.apache.http.wire - http-outgoing-0 >> "User-Agent: Apache-HttpClient/4.5.3 (Java/1.8.0_191)[\r][\n]"
2019-03-15 07:36:21,857 [Forwarding findElement on session ebf5bc0b43e1892a4cd7f8272da29841 to remote] DEBUG org.apache.http.wire - http-outgoing-0 >> "Accept-Encoding: gzip,deflate[\r][\n]"
2019-03-15 07:36:21,857 [Forwarding findElement on session ebf5bc0b43e1892a4cd7f8272da29841 to remote] DEBUG org.apache.http.wire - http-outgoing-0 >> "[\r][\n]"
2019-03-15 07:36:21,857 [Forwarding findElement on session ebf5bc0b43e1892a4cd7f8272da29841 to remote] DEBUG org.apache.http.wire - http-outgoing-0 >> "{"using":"xpath","value":"//*[@name='password']"}"
2019-03-15 07:36:22,281 [Forwarding findElement on session ebf5bc0b43e1892a4cd7f8272da29841 to remote] DEBUG org.apache.http.wire - http-outgoing-0 << "HTTP/1.1 200 OK[\r][\n]"
2019-03-15 07:36:22,281 [Forwarding findElement on session ebf5bc0b43e1892a4cd7f8272da29841 to remote] DEBUG org.apache.http.wire - http-outgoing-0 << "Content-Length:102[\r][\n]"
2019-03-15 07:36:22,281 [Forwarding findElement on session ebf5bc0b43e1892a4cd7f8272da29841 to remote] DEBUG org.apache.http.wire - http-outgoing-0 << "Content-Type:application/json; charset=utf-8[\r][\n]"
2019-03-15 07:36:22,281 [Forwarding findElement on session ebf5bc0b43e1892a4cd7f8272da29841 to remote] DEBUG org.apache.http.wire - http-outgoing-0 << "[\r][\n]"
2019-03-15 07:36:22,281 [Forwarding findElement on session ebf5bc0b43e1892a4cd7f8272da29841 to remote] DEBUG org.apache.http.wire - http-outgoing-0 << "{"sessionId":"ebf5bc0b43e1892a4cd7f8272da29841","status":0,"value":{"ELEMENT":"0.5793661813061162-1"}}"
2019-03-15 07:36:22,282 [Forwarding findElement on session ebf5bc0b43e1892a4cd7f8272da29841 to remote] DEBUG org.apache.http.headers - http-outgoing-0 << HTTP/1.1 200 OK
2019-03-15 07:36:22,282 [Forwarding findElement on session ebf5bc0b43e1892a4cd7f8272da29841 to remote] DEBUG org.apache.http.headers - http-outgoing-0 << Content-Length:102
2019-03-15 07:36:22,282 [Forwarding findElement on session ebf5bc0b43e1892a4cd7f8272da29841 to remote] DEBUG org.apache.http.headers - http-outgoing-0 << Content-Type:application/json; charset=utf-8
2019-03-15 07:36:22,282 [Forwarding findElement on session ebf5bc0b43e1892a4cd7f8272da29841 to remote] DEBUG org.apache.http.impl.execchain.MainClientExec - Connection can be kept alive indefinitely
2019-03-15 07:36:22,282 [Forwarding findElement on session ebf5bc0b43e1892a4cd7f8272da29841 to remote] DEBUG org.apache.http.impl.conn.PoolingHttpClientConnectionManager - Connection [id: 0][route: {}->http://localhost:26602] can be kept alive indefinitely
2019-03-15 07:36:22,282 [Forwarding findElement on session ebf5bc0b43e1892a4cd7f8272da29841 to remote] DEBUG org.apache.http.impl.conn.PoolingHttpClientConnectionManager - Connection released: [id: 0][route: {}->http://localhost:26602][total kept alive: 1; route allocated: 1 of 2000; total allocated: 1 of 2000]
2019-03-15 07:36:22,293 [Forwarding isElementDisplayed on session ebf5bc0b43e1892a4cd7f8272da29841 to remote] DEBUG org.apache.http.client.protocol.RequestAddCookies - CookieSpec selected: default
2019-03-15 07:36:22,293 [Forwarding isElementDisplayed on session ebf5bc0b43e1892a4cd7f8272da29841 to remote] DEBUG org.apache.http.client.protocol.RequestAuthCache - Auth cache not set in the context
2019-03-15 07:36:22,293 [Forwarding isElementDisplayed on session ebf5bc0b43e1892a4cd7f8272da29841 to remote] DEBUG org.apache.http.impl.conn.PoolingHttpClientConnectionManager - Connection request: [route: {}->http://localhost:26602][total kept alive: 1; route allocated: 1 of 2000; total allocated: 1 of 2000]
2019-03-15 07:36:22,293 [Forwarding isElementDisplayed on session ebf5bc0b43e1892a4cd7f8272da29841 to remote] DEBUG org.apache.http.impl.conn.PoolingHttpClientConnectionManager - Connection leased: [id: 0][route: {}->http://localhost:26602][total kept alive: 0; route allocated: 1 of 2000; total allocated: 1 of 2000]
2019-03-15 07:36:22,293 [Forwarding isElementDisplayed on session ebf5bc0b43e1892a4cd7f8272da29841 to remote] DEBUG org.apache.http.impl.execchain.MainClientExec - Stale connection check
2019-03-15 07:36:22,294 [Forwarding isElementDisplayed on session ebf5bc0b43e1892a4cd7f8272da29841 to remote] DEBUG org.apache.http.wire - http-outgoing-0 << "[read] I/O error: Read timed out"
2019-03-15 07:36:22,294 [Forwarding isElementDisplayed on session ebf5bc0b43e1892a4cd7f8272da29841 to remote] DEBUG org.apache.http.impl.conn.DefaultManagedHttpClientConnection - http-outgoing-0: set socket timeout to 10800000
2019-03-15 07:36:22,294 [Forwarding isElementDisplayed on session ebf5bc0b43e1892a4cd7f8272da29841 to remote] DEBUG org.apache.http.impl.execchain.MainClientExec - Executing request GET /session/ebf5bc0b43e1892a4cd7f8272da29841/element/0.5793661813061162-1/displayed HTTP/1.1
2019-03-15 07:36:22,294 [Forwarding isElementDisplayed on session ebf5bc0b43e1892a4cd7f8272da29841 to remote] DEBUG org.apache.http.impl.execchain.MainClientExec - Target auth state: UNCHALLENGED
2019-03-15 07:36:22,294 [Forwarding isElementDisplayed on session ebf5bc0b43e1892a4cd7f8272da29841 to remote] DEBUG org.apache.http.impl.execchain.MainClientExec - Proxy auth state: UNCHALLENGED
2019-03-15 07:36:22,294 [Forwarding isElementDisplayed on session ebf5bc0b43e1892a4cd7f8272da29841 to remote] DEBUG org.apache.http.headers - http-outgoing-0 >> GET /session/ebf5bc0b43e1892a4cd7f8272da29841/element/0.5793661813061162-1/displayed HTTP/1.1
2019-03-15 07:36:22,294 [Forwarding isElementDisplayed on session ebf5bc0b43e1892a4cd7f8272da29841 to remote] DEBUG org.apache.http.headers - http-outgoing-0 >> Cache-Control: no-cache
2019-03-15 07:36:22,294 [Forwarding isElementDisplayed on session ebf5bc0b43e1892a4cd7f8272da29841 to remote] DEBUG org.apache.http.headers - http-outgoing-0 >> Host: localhost:26602
2019-03-15 07:36:22,294 [Forwarding isElementDisplayed on session ebf5bc0b43e1892a4cd7f8272da29841 to remote] DEBUG org.apache.http.headers - http-outgoing-0 >> Connection: Keep-Alive
2019-03-15 07:36:22,294 [Forwarding isElementDisplayed on session ebf5bc0b43e1892a4cd7f8272da29841 to remote] DEBUG org.apache.http.headers - http-outgoing-0 >> User-Agent: Apache-HttpClient/4.5.3 (Java/1.8.0_191)
2019-03-15 07:36:22,294 [Forwarding isElementDisplayed on session ebf5bc0b43e1892a4cd7f8272da29841 to remote] DEBUG org.apache.http.headers - http-outgoing-0 >> Accept-Encoding: gzip,deflate
2019-03-15 07:36:22,294 [Forwarding isElementDisplayed on session ebf5bc0b43e1892a4cd7f8272da29841 to remote] DEBUG org.apache.http.wire - http-outgoing-0 >> "GET /session/ebf5bc0b43e1892a4cd7f8272da29841/element/0.5793661813061162-1/displayed HTTP/1.1[\r][\n]"
2019-03-15 07:36:22,294 [Forwarding isElementDisplayed on session ebf5bc0b43e1892a4cd7f8272da29841 to remote] DEBUG org.apache.http.wire - http-outgoing-0 >> "Cache-Control: no-cache[\r][\n]"
2019-03-15 07:36:22,299 [Forwarding isElementDisplayed on session ebf5bc0b43e1892a4cd7f8272da29841 to remote] DEBUG org.apache.http.wire - http-outgoing-0 >> "Host: localhost:26602[\r][\n]"
2019-03-15 07:36:22,300 [Forwarding isElementDisplayed on session ebf5bc0b43e1892a4cd7f8272da29841 to remote] DEBUG org.apache.http.wire - http-outgoing-0 >> "Connection: Keep-Alive[\r][\n]"
2019-03-15 07:36:22,300 [Forwarding isElementDisplayed on session ebf5bc0b43e1892a4cd7f8272da29841 to remote] DEBUG org.apache.http.wire - http-outgoing-0 >> "User-Agent: Apache-HttpClient/4.5.3 (Java/1.8.0_191)[\r][\n]"
2019-03-15 07:36:22,300 [Forwarding isElementDisplayed on session ebf5bc0b43e1892a4cd7f8272da29841 to remote] DEBUG org.apache.http.wire - http-outgoing-0 >> "Accept-Encoding: gzip,deflate[\r][\n]"
2019-03-15 07:36:22,300 [Forwarding isElementDisplayed on session ebf5bc0b43e1892a4cd7f8272da29841 to remote] DEBUG org.apache.http.wire - http-outgoing-0 >> "[\r][\n]"
2019-03-15 07:36:22,387 [Forwarding isElementDisplayed on session ebf5bc0b43e1892a4cd7f8272da29841 to remote] DEBUG org.apache.http.wire - http-outgoing-0 << "HTTP/1.1 200 OK[\r][\n]"
2019-03-15 07:36:22,387 [Forwarding isElementDisplayed on session ebf5bc0b43e1892a4cd7f8272da29841 to remote] DEBUG org.apache.http.wire - http-outgoing-0 << "Content-Length:73[\r][\n]"
2019-03-15 07:36:22,387 [Forwarding isElementDisplayed on session ebf5bc0b43e1892a4cd7f8272da29841 to remote] DEBUG org.apache.http.wire - http-outgoing-0 << "Content-Type:application/json; charset=utf-8[\r][\n]"
2019-03-15 07:36:22,387 [Forwarding isElementDisplayed on session ebf5bc0b43e1892a4cd7f8272da29841 to remote] DEBUG org.apache.http.wire - http-outgoing-0 << "[\r][\n]"
2019-03-15 07:36:22,387 [Forwarding isElementDisplayed on session ebf5bc0b43e1892a4cd7f8272da29841 to remote] DEBUG org.apache.http.wire - http-outgoing-0 << "{"sessionId":"ebf5bc0b43e1892a4cd7f8272da29841","status":0,"value":false}"
2019-03-15 07:36:22,387 [Forwarding isElementDisplayed on session ebf5bc0b43e1892a4cd7f8272da29841 to remote] DEBUG org.apache.http.headers - http-outgoing-0 << HTTP/1.1 200 OK
2019-03-15 07:36:22,388 [Forwarding isElementDisplayed on session ebf5bc0b43e1892a4cd7f8272da29841 to remote] DEBUG org.apache.http.headers - http-outgoing-0 << Content-Length:73
2019-03-15 07:36:22,388 [Forwarding isElementDisplayed on session ebf5bc0b43e1892a4cd7f8272da29841 to remote] DEBUG org.apache.http.headers - http-outgoing-0 << Content-Type:application/json; charset=utf-8
2019-03-15 07:36:22,388 [Forwarding isElementDisplayed on session ebf5bc0b43e1892a4cd7f8272da29841 to remote] DEBUG org.apache.http.impl.execchain.MainClientExec - Connection can be kept alive indefinitely
2019-03-15 07:36:22,388 [Forwarding isElementDisplayed on session ebf5bc0b43e1892a4cd7f8272da29841 to remote] DEBUG org.apache.http.impl.conn.PoolingHttpClientConnectionManager - Connection [id: 0][route: {}->http://localhost:26602] can be kept alive indefinitely
2019-03-15 07:36:22,388 [Forwarding isElementDisplayed on session ebf5bc0b43e1892a4cd7f8272da29841 to remote] DEBUG org.apache.http.impl.conn.PoolingHttpClientConnectionManager - Connection released: [id: 0][route: {}->http://localhost:26602][total kept alive: 1; route allocated: 1 of 2000; total allocated: 1 of 2000]
2019-03-15 07:36:22,892 [Forwarding findElement on session ebf5bc0b43e1892a4cd7f8272da29841 to remote] DEBUG org.apache.http.client.protocol.RequestAddCookies - CookieSpec selected: default
2019-03-15 07:36:22,892 [Forwarding findElement on session ebf5bc0b43e1892a4cd7f8272da29841 to remote] DEBUG org.apache.http.client.protocol.RequestAuthCache - Auth cache not set in the context
2019-03-15 07:36:22,892 [Forwarding findElement on session ebf5bc0b43e1892a4cd7f8272da29841 to remote] DEBUG org.apache.http.impl.conn.PoolingHttpClientConnectionManager - Connection request: [route: {}->http://localhost:26602][total kept alive: 1; route allocated: 1 of 2000; total allocated: 1 of 2000]
2019-03-15 07:36:22,892 [Forwarding findElement on session ebf5bc0b43e1892a4cd7f8272da29841 to remote] DEBUG org.apache.http.impl.conn.PoolingHttpClientConnectionManager - Connection leased: [id: 0][route: {}->http://localhost:26602][total kept alive: 0; route allocated: 1 of 2000; total allocated: 1 of 2000]
2019-03-15 07:36:22,892 [Forwarding findElement on session ebf5bc0b43e1892a4cd7f8272da29841 to remote] DEBUG org.apache.http.impl.execchain.MainClientExec - Stale connection check
2019-03-15 07:36:22,893 [Forwarding findElement on session ebf5bc0b43e1892a4cd7f8272da29841 to remote] DEBUG org.apache.http.wire - http-outgoing-0 << "[read] I/O error: Read timed out"
2019-03-15 07:36:22,893 [Forwarding findElement on session ebf5bc0b43e1892a4cd7f8272da29841 to remote] DEBUG org.apache.http.impl.conn.DefaultManagedHttpClientConnection - http-outgoing-0: set socket timeout to 10800000
2019-03-15 07:36:22,893 [Forwarding findElement on session ebf5bc0b43e1892a4cd7f8272da29841 to remote] DEBUG org.apache.http.impl.execchain.MainClientExec - Executing request POST /session/ebf5bc0b43e1892a4cd7f8272da29841/element HTTP/1.1
2019-03-15 07:36:22,893 [Forwarding findElement on session ebf5bc0b43e1892a4cd7f8272da29841 to remote] DEBUG org.apache.http.impl.execchain.MainClientExec - Target auth state: UNCHALLENGED
2019-03-15 07:36:22,893 [Forwarding findElement on session ebf5bc0b43e1892a4cd7f8272da29841 to remote] DEBUG org.apache.http.impl.execchain.MainClientExec - Proxy auth state: UNCHALLENGED
2019-03-15 07:36:22,893 [Forwarding findElement on session ebf5bc0b43e1892a4cd7f8272da29841 to remote] DEBUG org.apache.http.headers - http-outgoing-0 >> POST /session/ebf5bc0b43e1892a4cd7f8272da29841/element HTTP/1.1
2019-03-15 07:36:22,893 [Forwarding findElement on session ebf5bc0b43e1892a4cd7f8272da29841 to remote] DEBUG org.apache.http.headers - http-outgoing-0 >> Content-Type: application/json; charset=utf-8
2019-03-15 07:36:22,893 [Forwarding findElement on session ebf5bc0b43e1892a4cd7f8272da29841 to remote] DEBUG org.apache.http.headers - http-outgoing-0 >> Content-Length: 49
2019-03-15 07:36:22,893 [Forwarding findElement on session ebf5bc0b43e1892a4cd7f8272da29841 to remote] DEBUG org.apache.http.headers - http-outgoing-0 >> Host: localhost:26602
2019-03-15 07:36:22,893 [Forwarding findElement on session ebf5bc0b43e1892a4cd7f8272da29841 to remote] DEBUG org.apache.http.headers - http-outgoing-0 >> Connection: Keep-Alive
2019-03-15 07:36:22,893 [Forwarding findElement on session ebf5bc0b43e1892a4cd7f8272da29841 to remote] DEBUG org.apache.http.headers - http-outgoing-0 >> User-Agent: Apache-HttpClient/4.5.3 (Java/1.8.0_191)
2019-03-15 07:36:22,893 [Forwarding findElement on session ebf5bc0b43e1892a4cd7f8272da29841 to remote] DEBUG org.apache.http.headers - http-outgoing-0 >> Accept-Encoding: gzip,deflate
2019-03-15 07:36:22,893 [Forwarding findElement on session ebf5bc0b43e1892a4cd7f8272da29841 to remote] DEBUG org.apache.http.wire - http-outgoing-0 >> "POST /session/ebf5bc0b43e1892a4cd7f8272da29841/element HTTP/1.1[\r][\n]"
2019-03-15 07:36:22,893 [Forwarding findElement on session ebf5bc0b43e1892a4cd7f8272da29841 to remote] DEBUG org.apache.http.wire - http-outgoing-0 >> "Content-Type: application/json; charset=utf-8[\r][\n]"
2019-03-15 07:36:22,893 [Forwarding findElement on session ebf5bc0b43e1892a4cd7f8272da29841 to remote] DEBUG org.apache.http.wire - http-outgoing-0 >> "Content-Length: 49[\r][\n]"
2019-03-15 07:36:22,893 [Forwarding findElement on session ebf5bc0b43e1892a4cd7f8272da29841 to remote] DEBUG org.apache.http.wire - http-outgoing-0 >> "Host: localhost:26602[\r][\n]"
2019-03-15 07:36:22,893 [Forwarding findElement on session ebf5bc0b43e1892a4cd7f8272da29841 to remote] DEBUG org.apache.http.wire - http-outgoing-0 >> "Connection: Keep-Alive[\r][\n]"
2019-03-15 07:36:22,893 [Forwarding findElement on session ebf5bc0b43e1892a4cd7f8272da29841 to remote] DEBUG org.apache.http.wire - http-outgoing-0 >> "User-Agent: Apache-HttpClient/4.5.3 (Java/1.8.0_191)[\r][\n]"
2019-03-15 07:36:22,893 [Forwarding findElement on session ebf5bc0b43e1892a4cd7f8272da29841 to remote] DEBUG org.apache.http.wire - http-outgoing-0 >> "Accept-Encoding: gzip,deflate[\r][\n]"
2019-03-15 07:36:22,893 [Forwarding findElement on session ebf5bc0b43e1892a4cd7f8272da29841 to remote] DEBUG org.apache.http.wire - http-outgoing-0 >> "[\r][\n]"
2019-03-15 07:36:22,893 [Forwarding findElement on session ebf5bc0b43e1892a4cd7f8272da29841 to remote] DEBUG org.apache.http.wire - http-outgoing-0 >> "{"using":"xpath","value":"//*[@name='password']"}"
2019-03-15 07:36:22,998 [Forwarding findElement on session ebf5bc0b43e1892a4cd7f8272da29841 to remote] DEBUG org.apache.http.wire - http-outgoing-0 << "HTTP/1.1 200 OK[\r][\n]"
2019-03-15 07:36:22,999 [Forwarding findElement on session ebf5bc0b43e1892a4cd7f8272da29841 to remote] DEBUG org.apache.http.wire - http-outgoing-0 << "Content-Length:102[\r][\n]"
2019-03-15 07:36:22,999 [Forwarding findElement on session ebf5bc0b43e1892a4cd7f8272da29841 to remote] DEBUG org.apache.http.wire - http-outgoing-0 << "Content-Type:application/json; charset=utf-8[\r][\n]"
2019-03-15 07:36:22,999 [Forwarding findElement on session ebf5bc0b43e1892a4cd7f8272da29841 to remote] DEBUG org.apache.http.wire - http-outgoing-0 << "[\r][\n]"
2019-03-15 07:36:22,999 [Forwarding findElement on session ebf5bc0b43e1892a4cd7f8272da29841 to remote] DEBUG org.apache.http.wire - http-outgoing-0 << "{"sessionId":"ebf5bc0b43e1892a4cd7f8272da29841","status":0,"value":{"ELEMENT":"0.5793661813061162-1"}}"
2019-03-15 07:36:22,999 [Forwarding findElement on session ebf5bc0b43e1892a4cd7f8272da29841 to remote] DEBUG org.apache.http.headers - http-outgoing-0 << HTTP/1.1 200 OK
2019-03-15 07:36:22,999 [Forwarding findElement on session ebf5bc0b43e1892a4cd7f8272da29841 to remote] DEBUG org.apache.http.headers - http-outgoing-0 << Content-Length:102
2019-03-15 07:36:22,999 [Forwarding findElement on session ebf5bc0b43e1892a4cd7f8272da29841 to remote] DEBUG org.apache.http.headers - http-outgoing-0 << Content-Type:application/json; charset=utf-8
2019-03-15 07:36:22,999 [Forwarding findElement on session ebf5bc0b43e1892a4cd7f8272da29841 to remote] DEBUG org.apache.http.impl.execchain.MainClientExec - Connection can be kept alive indefinitely
2019-03-15 07:36:22,999 [Forwarding findElement on session ebf5bc0b43e1892a4cd7f8272da29841 to remote] DEBUG org.apache.http.impl.conn.PoolingHttpClientConnectionManager - Connection [id: 0][route: {}->http://localhost:26602] can be kept alive indefinitely
2019-03-15 07:36:22,999 [Forwarding findElement on session ebf5bc0b43e1892a4cd7f8272da29841 to remote] DEBUG org.apache.http.impl.conn.PoolingHttpClientConnectionManager - Connection released: [id: 0][route: {}->http://localhost:26602][total kept alive: 1; route allocated: 1 of 2000; total allocated: 1 of 2000]
2019-03-15 07:36:23,002 [Forwarding isElementDisplayed on session ebf5bc0b43e1892a4cd7f8272da29841 to remote] DEBUG org.apache.http.client.protocol.RequestAddCookies - CookieSpec selected: default
2019-03-15 07:36:23,002 [Forwarding isElementDisplayed on session ebf5bc0b43e1892a4cd7f8272da29841 to remote] DEBUG org.apache.http.client.protocol.RequestAuthCache - Auth cache not set in the context
2019-03-15 07:36:23,002 [Forwarding isElementDisplayed on session ebf5bc0b43e1892a4cd7f8272da29841 to remote] DEBUG org.apache.http.impl.conn.PoolingHttpClientConnectionManager - Connection request: [route: {}->http://localhost:26602][total kept alive: 1; route allocated: 1 of 2000; total allocated: 1 of 2000]
2019-03-15 07:36:23,002 [Forwarding isElementDisplayed on session ebf5bc0b43e1892a4cd7f8272da29841 to remote] DEBUG org.apache.http.impl.conn.PoolingHttpClientConnectionManager - Connection leased: [id: 0][route: {}->http://localhost:26602][total kept alive: 0; route allocated: 1 of 2000; total allocated: 1 of 2000]
2019-03-15 07:36:23,002 [Forwarding isElementDisplayed on session ebf5bc0b43e1892a4cd7f8272da29841 to remote] DEBUG org.apache.http.impl.execchain.MainClientExec - Stale connection check
2019-03-15 07:36:23,003 [Forwarding isElementDisplayed on session ebf5bc0b43e1892a4cd7f8272da29841 to remote] DEBUG org.apache.http.wire - http-outgoing-0 << "[read] I/O error: Read timed out"
2019-03-15 07:36:23,003 [Forwarding isElementDisplayed on session ebf5bc0b43e1892a4cd7f8272da29841 to remote] DEBUG org.apache.http.impl.conn.DefaultManagedHttpClientConnection - http-outgoing-0: set socket timeout to 10800000
2019-03-15 07:36:23,003 [Forwarding isElementDisplayed on session ebf5bc0b43e1892a4cd7f8272da29841 to remote] DEBUG org.apache.http.impl.execchain.MainClientExec - Executing request GET /session/ebf5bc0b43e1892a4cd7f8272da29841/element/0.5793661813061162-1/displayed HTTP/1.1
2019-03-15 07:36:23,003 [Forwarding isElementDisplayed on session ebf5bc0b43e1892a4cd7f8272da29841 to remote] DEBUG org.apache.http.impl.execchain.MainClientExec - Target auth state: UNCHALLENGED
2019-03-15 07:36:23,003 [Forwarding isElementDisplayed on session ebf5bc0b43e1892a4cd7f8272da29841 to remote] DEBUG org.apache.http.impl.execchain.MainClientExec - Proxy auth state: UNCHALLENGED
2019-03-15 07:36:23,003 [Forwarding isElementDisplayed on session ebf5bc0b43e1892a4cd7f8272da29841 to remote] DEBUG org.apache.http.headers - http-outgoing-0 >> GET /session/ebf5bc0b43e1892a4cd7f8272da29841/element/0.5793661813061162-1/displayed HTTP/1.1
2019-03-15 07:36:23,003 [Forwarding isElementDisplayed on session ebf5bc0b43e1892a4cd7f8272da29841 to remote] DEBUG org.apache.http.headers - http-outgoing-0 >> Cache-Control: no-cache
2019-03-15 07:36:23,003 [Forwarding isElementDisplayed on session ebf5bc0b43e1892a4cd7f8272da29841 to remote] DEBUG org.apache.http.headers - http-outgoing-0 >> Host: localhost:26602
2019-03-15 07:36:23,003 [Forwarding isElementDisplayed on session ebf5bc0b43e1892a4cd7f8272da29841 to remote] DEBUG org.apache.http.headers - http-outgoing-0 >> Connection: Keep-Alive
2019-03-15 07:36:23,003 [Forwarding isElementDisplayed on session ebf5bc0b43e1892a4cd7f8272da29841 to remote] DEBUG org.apache.http.headers - http-outgoing-0 >> User-Agent: Apache-HttpClient/4.5.3 (Java/1.8.0_191)
2019-03-15 07:36:23,003 [Forwarding isElementDisplayed on session ebf5bc0b43e1892a4cd7f8272da29841 to remote] DEBUG org.apache.http.headers - http-outgoing-0 >> Accept-Encoding: gzip,deflate
2019-03-15 07:36:23,003 [Forwarding isElementDisplayed on session ebf5bc0b43e1892a4cd7f8272da29841 to remote] DEBUG org.apache.http.wire - http-outgoing-0 >> "GET /session/ebf5bc0b43e1892a4cd7f8272da29841/element/0.5793661813061162-1/displayed HTTP/1.1[\r][\n]"
2019-03-15 07:36:23,003 [Forwarding isElementDisplayed on session ebf5bc0b43e1892a4cd7f8272da29841 to remote] DEBUG org.apache.http.wire - http-outgoing-0 >> "Cache-Control: no-cache[\r][\n]"
2019-03-15 07:36:23,003 [Forwarding isElementDisplayed on session ebf5bc0b43e1892a4cd7f8272da29841 to remote] DEBUG org.apache.http.wire - http-outgoing-0 >> "Host: localhost:26602[\r][\n]"
2019-03-15 07:36:23,003 [Forwarding isElementDisplayed on session ebf5bc0b43e1892a4cd7f8272da29841 to remote] DEBUG org.apache.http.wire - http-outgoing-0 >> "Connection: Keep-Alive[\r][\n]"
2019-03-15 07:36:23,003 [Forwarding isElementDisplayed on session ebf5bc0b43e1892a4cd7f8272da29841 to remote] DEBUG org.apache.http.wire - http-outgoing-0 >> "User-Agent: Apache-HttpClient/4.5.3 (Java/1.8.0_191)[\r][\n]"
2019-03-15 07:36:23,003 [Forwarding isElementDisplayed on session ebf5bc0b43e1892a4cd7f8272da29841 to remote] DEBUG org.apache.http.wire - http-outgoing-0 >> "Accept-Encoding: gzip,deflate[\r][\n]"
2019-03-15 07:36:23,003 [Forwarding isElementDisplayed on session ebf5bc0b43e1892a4cd7f8272da29841 to remote] DEBUG org.apache.http.wire - http-outgoing-0 >> "[\r][\n]"
2019-03-15 07:36:23,099 [Forwarding isElementDisplayed on session ebf5bc0b43e1892a4cd7f8272da29841 to remote] DEBUG org.apache.http.wire - http-outgoing-0 << "HTTP/1.1 200 OK[\r][\n]"
2019-03-15 07:36:23,099 [Forwarding isElementDisplayed on session ebf5bc0b43e1892a4cd7f8272da29841 to remote] DEBUG org.apache.http.wire - http-outgoing-0 << "Content-Length:73[\r][\n]"
2019-03-15 07:36:23,099 [Forwarding isElementDisplayed on session ebf5bc0b43e1892a4cd7f8272da29841 to remote] DEBUG org.apache.http.wire - http-outgoing-0 << "Content-Type:application/json; charset=utf-8[\r][\n]"
2019-03-15 07:36:23,099 [Forwarding isElementDisplayed on session ebf5bc0b43e1892a4cd7f8272da29841 to remote] DEBUG org.apache.http.wire - http-outgoing-0 << "[\r][\n]"
2019-03-15 07:36:23,099 [Forwarding isElementDisplayed on session ebf5bc0b43e1892a4cd7f8272da29841 to remote] DEBUG org.apache.http.wire - http-outgoing-0 << "{"sessionId":"ebf5bc0b43e1892a4cd7f8272da29841","status":0,"value":false}"
2019-03-15 07:36:23,100 [Forwarding isElementDisplayed on session ebf5bc0b43e1892a4cd7f8272da29841 to remote] DEBUG org.apache.http.headers - http-outgoing-0 << HTTP/1.1 200 OK
2019-03-15 07:36:23,100 [Forwarding isElementDisplayed on session ebf5bc0b43e1892a4cd7f8272da29841 to remote] DEBUG org.apache.http.headers - http-outgoing-0 << Content-Length:73
2019-03-15 07:36:23,100 [Forwarding isElementDisplayed on session ebf5bc0b43e1892a4cd7f8272da29841 to remote] DEBUG org.apache.http.headers - http-outgoing-0 << Content-Type:application/json; charset=utf-8
2019-03-15 07:36:23,100 [Forwarding isElementDisplayed on session ebf5bc0b43e1892a4cd7f8272da29841 to remote] DEBUG org.apache.http.impl.execchain.MainClientExec - Connection can be kept alive indefinitely
2019-03-15 07:36:23,100 [Forwarding isElementDisplayed on session ebf5bc0b43e1892a4cd7f8272da29841 to remote] DEBUG org.apache.http.impl.conn.PoolingHttpClientConnectionManager - Connection [id: 0][route: {}->http://localhost:26602] can be kept alive indefinitely
2019-03-15 07:36:23,100 [Forwarding isElementDisplayed on session ebf5bc0b43e1892a4cd7f8272da29841 to remote] DEBUG org.apache.http.impl.conn.PoolingHttpClientConnectionManager - Connection released: [id: 0][route: {}->http://localhost:26602][total kept alive: 1; route allocated: 1 of 2000; total allocated: 1 of 2000]
2019-03-15 07:36:23,603 [Forwarding findElement on session ebf5bc0b43e1892a4cd7f8272da29841 to remote] DEBUG org.apache.http.client.protocol.RequestAddCookies - CookieSpec selected: default
2019-03-15 07:36:23,603 [Forwarding findElement on session ebf5bc0b43e1892a4cd7f8272da29841 to remote] DEBUG org.apache.http.client.protocol.RequestAuthCache - Auth cache not set in the context
2019-03-15 07:36:23,604 [Forwarding findElement on session ebf5bc0b43e1892a4cd7f8272da29841 to remote] DEBUG org.apache.http.impl.conn.PoolingHttpClientConnectionManager - Connection request: [route: {}->http://localhost:26602][total kept alive: 1; route allocated: 1 of 2000; total allocated: 1 of 2000]
2019-03-15 07:36:23,604 [Forwarding findElement on session ebf5bc0b43e1892a4cd7f8272da29841 to remote] DEBUG org.apache.http.impl.conn.PoolingHttpClientConnectionManager - Connection leased: [id: 0][route: {}->http://localhost:26602][total kept alive: 0; route allocated: 1 of 2000; total allocated: 1 of 2000]
2019-03-15 07:36:23,604 [Forwarding findElement on session ebf5bc0b43e1892a4cd7f8272da29841 to remote] DEBUG org.apache.http.impl.execchain.MainClientExec - Stale connection check
2019-03-15 07:36:23,607 [Forwarding findElement on session ebf5bc0b43e1892a4cd7f8272da29841 to remote] DEBUG org.apache.http.wire - http-outgoing-0 << "[read] I/O error: Read timed out"
2019-03-15 07:36:23,607 [Forwarding findElement on session ebf5bc0b43e1892a4cd7f8272da29841 to remote] DEBUG org.apache.http.impl.conn.DefaultManagedHttpClientConnection - http-outgoing-0: set socket timeout to 10800000
2019-03-15 07:36:23,607 [Forwarding findElement on session ebf5bc0b43e1892a4cd7f8272da29841 to remote] DEBUG org.apache.http.impl.execchain.MainClientExec - Executing request POST /session/ebf5bc0b43e1892a4cd7f8272da29841/element HTTP/1.1
2019-03-15 07:36:23,608 [Forwarding findElement on session ebf5bc0b43e1892a4cd7f8272da29841 to remote] DEBUG org.apache.http.impl.execchain.MainClientExec - Target auth state: UNCHALLENGED
2019-03-15 07:36:23,608 [Forwarding findElement on session ebf5bc0b43e1892a4cd7f8272da29841 to remote] DEBUG org.apache.http.impl.execchain.MainClientExec - Proxy auth state: UNCHALLENGED
2019-03-15 07:36:23,608 [Forwarding findElement on session ebf5bc0b43e1892a4cd7f8272da29841 to remote] DEBUG org.apache.http.headers - http-outgoing-0 >> POST /session/ebf5bc0b43e1892a4cd7f8272da29841/element HTTP/1.1
2019-03-15 07:36:23,608 [Forwarding findElement on session ebf5bc0b43e1892a4cd7f8272da29841 to remote] DEBUG org.apache.http.headers - http-outgoing-0 >> Content-Type: application/json; charset=utf-8
2019-03-15 07:36:23,608 [Forwarding findElement on session ebf5bc0b43e1892a4cd7f8272da29841 to remote] DEBUG org.apache.http.headers - http-outgoing-0 >> Content-Length: 49
2019-03-15 07:36:23,608 [Forwarding findElement on session ebf5bc0b43e1892a4cd7f8272da29841 to remote] DEBUG org.apache.http.headers - http-outgoing-0 >> Host: localhost:26602
2019-03-15 07:36:23,608 [Forwarding findElement on session ebf5bc0b43e1892a4cd7f8272da29841 to remote] DEBUG org.apache.http.headers - http-outgoing-0 >> Connection: Keep-Alive
2019-03-15 07:36:23,608 [Forwarding findElement on session ebf5bc0b43e1892a4cd7f8272da29841 to remote] DEBUG org.apache.http.headers - http-outgoing-0 >> User-Agent: Apache-HttpClient/4.5.3 (Java/1.8.0_191)
2019-03-15 07:36:23,608 [Forwarding findElement on session ebf5bc0b43e1892a4cd7f8272da29841 to remote] DEBUG org.apache.http.headers - http-outgoing-0 >> Accept-Encoding: gzip,deflate
2019-03-15 07:36:23,608 [Forwarding findElement on session ebf5bc0b43e1892a4cd7f8272da29841 to remote] DEBUG org.apache.http.wire - http-outgoing-0 >> "POST /session/ebf5bc0b43e1892a4cd7f8272da29841/element HTTP/1.1[\r][\n]"
2019-03-15 07:36:23,608 [Forwarding findElement on session ebf5bc0b43e1892a4cd7f8272da29841 to remote] DEBUG org.apache.http.wire - http-outgoing-0 >> "Content-Type: application/json; charset=utf-8[\r][\n]"
2019-03-15 07:36:23,608 [Forwarding findElement on session ebf5bc0b43e1892a4cd7f8272da29841 to remote] DEBUG org.apache.http.wire - http-outgoing-0 >> "Content-Length: 49[\r][\n]"
2019-03-15 07:36:23,608 [Forwarding findElement on session ebf5bc0b43e1892a4cd7f8272da29841 to remote] DEBUG org.apache.http.wire - http-outgoing-0 >> "Host: localhost:26602[\r][\n]"
2019-03-15 07:36:23,608 [Forwarding findElement on session ebf5bc0b43e1892a4cd7f8272da29841 to remote] DEBUG org.apache.http.wire - http-outgoing-0 >> "Connection: Keep-Alive[\r][\n]"
2019-03-15 07:36:23,608 [Forwarding findElement on session ebf5bc0b43e1892a4cd7f8272da29841 to remote] DEBUG org.apache.http.wire - http-outgoing-0 >> "User-Agent: Apache-HttpClient/4.5.3 (Java/1.8.0_191)[\r][\n]"
2019-03-15 07:36:23,608 [Forwarding findElement on session ebf5bc0b43e1892a4cd7f8272da29841 to remote] DEBUG org.apache.http.wire - http-outgoing-0 >> "Accept-Encoding: gzip,deflate[\r][\n]"
2019-03-15 07:36:23,608 [Forwarding findElement on session ebf5bc0b43e1892a4cd7f8272da29841 to remote] DEBUG org.apache.http.wire - http-outgoing-0 >> "[\r][\n]"
2019-03-15 07:36:23,610 [Forwarding findElement on session ebf5bc0b43e1892a4cd7f8272da29841 to remote] DEBUG org.apache.http.wire - http-outgoing-0 >> "{"using":"xpath","value":"//*[@name='password']"}"
2019-03-15 07:36:23,685 [Forwarding findElement on session ebf5bc0b43e1892a4cd7f8272da29841 to remote] DEBUG org.apache.http.wire - http-outgoing-0 << "HTTP/1.1 200 OK[\r][\n]"
2019-03-15 07:36:23,685 [Forwarding findElement on session ebf5bc0b43e1892a4cd7f8272da29841 to remote] DEBUG org.apache.http.wire - http-outgoing-0 << "Content-Length:102[\r][\n]"
2019-03-15 07:36:23,685 [Forwarding findElement on session ebf5bc0b43e1892a4cd7f8272da29841 to remote] DEBUG org.apache.http.wire - http-outgoing-0 << "Content-Type:application/json; charset=utf-8[\r][\n]"
2019-03-15 07:36:23,685 [Forwarding findElement on session ebf5bc0b43e1892a4cd7f8272da29841 to remote] DEBUG org.apache.http.wire - http-outgoing-0 << "[\r][\n]"
2019-03-15 07:36:23,685 [Forwarding findElement on session ebf5bc0b43e1892a4cd7f8272da29841 to remote] DEBUG org.apache.http.wire - http-outgoing-0 << "{"sessionId":"ebf5bc0b43e1892a4cd7f8272da29841","status":0,"value":{"ELEMENT":"0.5793661813061162-1"}}"
2019-03-15 07:36:23,685 [Forwarding findElement on session ebf5bc0b43e1892a4cd7f8272da29841 to remote] DEBUG org.apache.http.headers - http-outgoing-0 << HTTP/1.1 200 OK
2019-03-15 07:36:23,685 [Forwarding findElement on session ebf5bc0b43e1892a4cd7f8272da29841 to remote] DEBUG org.apache.http.headers - http-outgoing-0 << Content-Length:102
2019-03-15 07:36:23,685 [Forwarding findElement on session ebf5bc0b43e1892a4cd7f8272da29841 to remote] DEBUG org.apache.http.headers - http-outgoing-0 << Content-Type:application/json; charset=utf-8
2019-03-15 07:36:23,685 [Forwarding findElement on session ebf5bc0b43e1892a4cd7f8272da29841 to remote] DEBUG org.apache.http.impl.execchain.MainClientExec - Connection can be kept alive indefinitely
2019-03-15 07:36:23,686 [Forwarding findElement on session ebf5bc0b43e1892a4cd7f8272da29841 to remote] DEBUG org.apache.http.impl.conn.PoolingHttpClientConnectionManager - Connection [id: 0][route: {}->http://localhost:26602] can be kept alive indefinitely
2019-03-15 07:36:23,686 [Forwarding findElement on session ebf5bc0b43e1892a4cd7f8272da29841 to remote] DEBUG org.apache.http.impl.conn.PoolingHttpClientConnectionManager - Connection released: [id: 0][route: {}->http://localhost:26602][total kept alive: 1; route allocated: 1 of 2000; total allocated: 1 of 2000]
2019-03-15 07:36:23,689 [Forwarding isElementDisplayed on session ebf5bc0b43e1892a4cd7f8272da29841 to remote] DEBUG org.apache.http.client.protocol.RequestAddCookies - CookieSpec selected: default
2019-03-15 07:36:23,689 [Forwarding isElementDisplayed on session ebf5bc0b43e1892a4cd7f8272da29841 to remote] DEBUG org.apache.http.client.protocol.RequestAuthCache - Auth cache not set in the context
2019-03-15 07:36:23,689 [Forwarding isElementDisplayed on session ebf5bc0b43e1892a4cd7f8272da29841 to remote] DEBUG org.apache.http.impl.conn.PoolingHttpClientConnectionManager - Connection request: [route: {}->http://localhost:26602][total kept alive: 1; route allocated: 1 of 2000; total allocated: 1 of 2000]
2019-03-15 07:36:23,689 [Forwarding isElementDisplayed on session ebf5bc0b43e1892a4cd7f8272da29841 to remote] DEBUG org.apache.http.impl.conn.PoolingHttpClientConnectionManager - Connection leased: [id: 0][route: {}->http://localhost:26602][total kept alive: 0; route allocated: 1 of 2000; total allocated: 1 of 2000]
2019-03-15 07:36:23,689 [Forwarding isElementDisplayed on session ebf5bc0b43e1892a4cd7f8272da29841 to remote] DEBUG org.apache.http.impl.execchain.MainClientExec - Stale connection check
2019-03-15 07:36:23,690 [Forwarding isElementDisplayed on session ebf5bc0b43e1892a4cd7f8272da29841 to remote] DEBUG org.apache.http.wire - http-outgoing-0 << "[read] I/O error: Read timed out"
2019-03-15 07:36:23,690 [Forwarding isElementDisplayed on session ebf5bc0b43e1892a4cd7f8272da29841 to remote] DEBUG org.apache.http.impl.conn.DefaultManagedHttpClientConnection - http-outgoing-0: set socket timeout to 10800000
2019-03-15 07:36:23,690 [Forwarding isElementDisplayed on session ebf5bc0b43e1892a4cd7f8272da29841 to remote] DEBUG org.apache.http.impl.execchain.MainClientExec - Executing request GET /session/ebf5bc0b43e1892a4cd7f8272da29841/element/0.5793661813061162-1/displayed HTTP/1.1
2019-03-15 07:36:23,690 [Forwarding isElementDisplayed on session ebf5bc0b43e1892a4cd7f8272da29841 to remote] DEBUG org.apache.http.impl.execchain.MainClientExec - Target auth state: UNCHALLENGED
2019-03-15 07:36:23,690 [Forwarding isElementDisplayed on session ebf5bc0b43e1892a4cd7f8272da29841 to remote] DEBUG org.apache.http.impl.execchain.MainClientExec - Proxy auth state: UNCHALLENGED
2019-03-15 07:36:23,690 [Forwarding isElementDisplayed on session ebf5bc0b43e1892a4cd7f8272da29841 to remote] DEBUG org.apache.http.headers - http-outgoing-0 >> GET /session/ebf5bc0b43e1892a4cd7f8272da29841/element/0.5793661813061162-1/displayed HTTP/1.1
2019-03-15 07:36:23,690 [Forwarding isElementDisplayed on session ebf5bc0b43e1892a4cd7f8272da29841 to remote] DEBUG org.apache.http.headers - http-outgoing-0 >> Cache-Control: no-cache
2019-03-15 07:36:23,690 [Forwarding isElementDisplayed on session ebf5bc0b43e1892a4cd7f8272da29841 to remote] DEBUG org.apache.http.headers - http-outgoing-0 >> Host: localhost:26602
2019-03-15 07:36:23,690 [Forwarding isElementDisplayed on session ebf5bc0b43e1892a4cd7f8272da29841 to remote] DEBUG org.apache.http.headers - http-outgoing-0 >> Connection: Keep-Alive
2019-03-15 07:36:23,690 [Forwarding isElementDisplayed on session ebf5bc0b43e1892a4cd7f8272da29841 to remote] DEBUG org.apache.http.headers - http-outgoing-0 >> User-Agent: Apache-HttpClient/4.5.3 (Java/1.8.0_191)
2019-03-15 07:36:23,690 [Forwarding isElementDisplayed on session ebf5bc0b43e1892a4cd7f8272da29841 to remote] DEBUG org.apache.http.headers - http-outgoing-0 >> Accept-Encoding: gzip,deflate
2019-03-15 07:36:23,690 [Forwarding isElementDisplayed on session ebf5bc0b43e1892a4cd7f8272da29841 to remote] DEBUG org.apache.http.wire - http-outgoing-0 >> "GET /session/ebf5bc0b43e1892a4cd7f8272da29841/element/0.5793661813061162-1/displayed HTTP/1.1[\r][\n]"
2019-03-15 07:36:23,690 [Forwarding isElementDisplayed on session ebf5bc0b43e1892a4cd7f8272da29841 to remote] DEBUG org.apache.http.wire - http-outgoing-0 >> "Cache-Control: no-cache[\r][\n]"
2019-03-15 07:36:23,690 [Forwarding isElementDisplayed on session ebf5bc0b43e1892a4cd7f8272da29841 to remote] DEBUG org.apache.http.wire - http-outgoing-0 >> "Host: localhost:26602[\r][\n]"
2019-03-15 07:36:23,690 [Forwarding isElementDisplayed on session ebf5bc0b43e1892a4cd7f8272da29841 to remote] DEBUG org.apache.http.wire - http-outgoing-0 >> "Connection: Keep-Alive[\r][\n]"
2019-03-15 07:36:23,690 [Forwarding isElementDisplayed on session ebf5bc0b43e1892a4cd7f8272da29841 to remote] DEBUG org.apache.http.wire - http-outgoing-0 >> "User-Agent: Apache-HttpClient/4.5.3 (Java/1.8.0_191)[\r][\n]"
2019-03-15 07:36:23,690 [Forwarding isElementDisplayed on session ebf5bc0b43e1892a4cd7f8272da29841 to remote] DEBUG org.apache.http.wire - http-outgoing-0 >> "Accept-Encoding: gzip,deflate[\r][\n]"
2019-03-15 07:36:23,690 [Forwarding isElementDisplayed on session ebf5bc0b43e1892a4cd7f8272da29841 to remote] DEBUG org.apache.http.wire - http-outgoing-0 >> "[\r][\n]"
2019-03-15 07:36:23,766 [Forwarding isElementDisplayed on session ebf5bc0b43e1892a4cd7f8272da29841 to remote] DEBUG org.apache.http.wire - http-outgoing-0 << "HTTP/1.1 200 OK[\r][\n]"
2019-03-15 07:36:23,766 [Forwarding isElementDisplayed on session ebf5bc0b43e1892a4cd7f8272da29841 to remote] DEBUG org.apache.http.wire - http-outgoing-0 << "Content-Length:73[\r][\n]"
2019-03-15 07:36:23,766 [Forwarding isElementDisplayed on session ebf5bc0b43e1892a4cd7f8272da29841 to remote] DEBUG org.apache.http.wire - http-outgoing-0 << "Content-Type:application/json; charset=utf-8[\r][\n]"
2019-03-15 07:36:23,766 [Forwarding isElementDisplayed on session ebf5bc0b43e1892a4cd7f8272da29841 to remote] DEBUG org.apache.http.wire - http-outgoing-0 << "[\r][\n]"
2019-03-15 07:36:23,766 [Forwarding isElementDisplayed on session ebf5bc0b43e1892a4cd7f8272da29841 to remote] DEBUG org.apache.http.wire - http-outgoing-0 << "{"sessionId":"ebf5bc0b43e1892a4cd7f8272da29841","status":0,"value":false}"
2019-03-15 07:36:23,766 [Forwarding isElementDisplayed on session ebf5bc0b43e1892a4cd7f8272da29841 to remote] DEBUG org.apache.http.headers - http-outgoing-0 << HTTP/1.1 200 OK
2019-03-15 07:36:23,766 [Forwarding isElementDisplayed on session ebf5bc0b43e1892a4cd7f8272da29841 to remote] DEBUG org.apache.http.headers - http-outgoing-0 << Content-Length:73
2019-03-15 07:36:23,766 [Forwarding isElementDisplayed on session ebf5bc0b43e1892a4cd7f8272da29841 to remote] DEBUG org.apache.http.headers - http-outgoing-0 << Content-Type:application/json; charset=utf-8
2019-03-15 07:36:23,767 [Forwarding isElementDisplayed on session ebf5bc0b43e1892a4cd7f8272da29841 to remote] DEBUG org.apache.http.impl.execchain.MainClientExec - Connection can be kept alive indefinitely
2019-03-15 07:36:23,767 [Forwarding isElementDisplayed on session ebf5bc0b43e1892a4cd7f8272da29841 to remote] DEBUG org.apache.http.impl.conn.PoolingHttpClientConnectionManager - Connection [id: 0][route: {}->http://localhost:26602] can be kept alive indefinitely
2019-03-15 07:36:23,767 [Forwarding isElementDisplayed on session ebf5bc0b43e1892a4cd7f8272da29841 to remote] DEBUG org.apache.http.impl.conn.PoolingHttpClientConnectionManager - Connection released: [id: 0][route: {}->http://localhost:26602][total kept alive: 1; route allocated: 1 of 2000; total allocated: 1 of 2000]
2019-03-15 07:36:24,270 [Forwarding findElement on session ebf5bc0b43e1892a4cd7f8272da29841 to remote] DEBUG org.apache.http.client.protocol.RequestAddCookies - CookieSpec selected: default
2019-03-15 07:36:24,271 [Forwarding findElement on session ebf5bc0b43e1892a4cd7f8272da29841 to remote] DEBUG org.apache.http.client.protocol.RequestAuthCache - Auth cache not set in the context
2019-03-15 07:36:24,271 [Forwarding findElement on session ebf5bc0b43e1892a4cd7f8272da29841 to remote] DEBUG org.apache.http.impl.conn.PoolingHttpClientConnectionManager - Connection request: [route: {}->http://localhost:26602][total kept alive: 1; route allocated: 1 of 2000; total allocated: 1 of 2000]
2019-03-15 07:36:24,271 [Forwarding findElement on session ebf5bc0b43e1892a4cd7f8272da29841 to remote] DEBUG org.apache.http.impl.conn.PoolingHttpClientConnectionManager - Connection leased: [id: 0][route: {}->http://localhost:26602][total kept alive: 0; route allocated: 1 of 2000; total allocated: 1 of 2000]
2019-03-15 07:36:24,271 [Forwarding findElement on session ebf5bc0b43e1892a4cd7f8272da29841 to remote] DEBUG org.apache.http.impl.execchain.MainClientExec - Stale connection check
2019-03-15 07:36:24,272 [Forwarding findElement on session ebf5bc0b43e1892a4cd7f8272da29841 to remote] DEBUG org.apache.http.wire - http-outgoing-0 << "[read] I/O error: Read timed out"
2019-03-15 07:36:24,272 [Forwarding findElement on session ebf5bc0b43e1892a4cd7f8272da29841 to remote] DEBUG org.apache.http.impl.conn.DefaultManagedHttpClientConnection - http-outgoing-0: set socket timeout to 10800000
2019-03-15 07:36:24,272 [Forwarding findElement on session ebf5bc0b43e1892a4cd7f8272da29841 to remote] DEBUG org.apache.http.impl.execchain.MainClientExec - Executing request POST /session/ebf5bc0b43e1892a4cd7f8272da29841/element HTTP/1.1
2019-03-15 07:36:24,272 [Forwarding findElement on session ebf5bc0b43e1892a4cd7f8272da29841 to remote] DEBUG org.apache.http.impl.execchain.MainClientExec - Target auth state: UNCHALLENGED
2019-03-15 07:36:24,272 [Forwarding findElement on session ebf5bc0b43e1892a4cd7f8272da29841 to remote] DEBUG org.apache.http.impl.execchain.MainClientExec - Proxy auth state: UNCHALLENGED
2019-03-15 07:36:24,272 [Forwarding findElement on session ebf5bc0b43e1892a4cd7f8272da29841 to remote] DEBUG org.apache.http.headers - http-outgoing-0 >> POST /session/ebf5bc0b43e1892a4cd7f8272da29841/element HTTP/1.1
2019-03-15 07:36:24,272 [Forwarding findElement on session ebf5bc0b43e1892a4cd7f8272da29841 to remote] DEBUG org.apache.http.headers - http-outgoing-0 >> Content-Type: application/json; charset=utf-8
2019-03-15 07:36:24,272 [Forwarding findElement on session ebf5bc0b43e1892a4cd7f8272da29841 to remote] DEBUG org.apache.http.headers - http-outgoing-0 >> Content-Length: 49
2019-03-15 07:36:24,272 [Forwarding findElement on session ebf5bc0b43e1892a4cd7f8272da29841 to remote] DEBUG org.apache.http.headers - http-outgoing-0 >> Host: localhost:26602
2019-03-15 07:36:24,272 [Forwarding findElement on session ebf5bc0b43e1892a4cd7f8272da29841 to remote] DEBUG org.apache.http.headers - http-outgoing-0 >> Connection: Keep-Alive
2019-03-15 07:36:24,272 [Forwarding findElement on session ebf5bc0b43e1892a4cd7f8272da29841 to remote] DEBUG org.apache.http.headers - http-outgoing-0 >> User-Agent: Apache-HttpClient/4.5.3 (Java/1.8.0_191)
2019-03-15 07:36:24,272 [Forwarding findElement on session ebf5bc0b43e1892a4cd7f8272da29841 to remote] DEBUG org.apache.http.headers - http-outgoing-0 >> Accept-Encoding: gzip,deflate
2019-03-15 07:36:24,272 [Forwarding findElement on session ebf5bc0b43e1892a4cd7f8272da29841 to remote] DEBUG org.apache.http.wire - http-outgoing-0 >> "POST /session/ebf5bc0b43e1892a4cd7f8272da29841/element HTTP/1.1[\r][\n]"
2019-03-15 07:36:24,272 [Forwarding findElement on session ebf5bc0b43e1892a4cd7f8272da29841 to remote] DEBUG org.apache.http.wire - http-outgoing-0 >> "Content-Type: application/json; charset=utf-8[\r][\n]"
2019-03-15 07:36:24,272 [Forwarding findElement on session ebf5bc0b43e1892a4cd7f8272da29841 to remote] DEBUG org.apache.http.wire - http-outgoing-0 >> "Content-Length: 49[\r][\n]"
2019-03-15 07:36:24,272 [Forwarding findElement on session ebf5bc0b43e1892a4cd7f8272da29841 to remote] DEBUG org.apache.http.wire - http-outgoing-0 >> "Host: localhost:26602[\r][\n]"
2019-03-15 07:36:24,272 [Forwarding findElement on session ebf5bc0b43e1892a4cd7f8272da29841 to remote] DEBUG org.apache.http.wire - http-outgoing-0 >> "Connection: Keep-Alive[\r][\n]"
2019-03-15 07:36:24,272 [Forwarding findElement on session ebf5bc0b43e1892a4cd7f8272da29841 to remote] DEBUG org.apache.http.wire - http-outgoing-0 >> "User-Agent: Apache-HttpClient/4.5.3 (Java/1.8.0_191)[\r][\n]"
2019-03-15 07:36:24,272 [Forwarding findElement on session ebf5bc0b43e1892a4cd7f8272da29841 to remote] DEBUG org.apache.http.wire - http-outgoing-0 >> "Accept-Encoding: gzip,deflate[\r][\n]"
2019-03-15 07:36:24,272 [Forwarding findElement on session ebf5bc0b43e1892a4cd7f8272da29841 to remote] DEBUG org.apache.http.wire - http-outgoing-0 >> "[\r][\n]"
2019-03-15 07:36:24,273 [Forwarding findElement on session ebf5bc0b43e1892a4cd7f8272da29841 to remote] DEBUG org.apache.http.wire - http-outgoing-0 >> "{"using":"xpath","value":"//*[@name='password']"}"
2019-03-15 07:36:24,480 [Forwarding findElement on session ebf5bc0b43e1892a4cd7f8272da29841 to remote] DEBUG org.apache.http.wire - http-outgoing-0 << "HTTP/1.1 200 OK[\r][\n]"
2019-03-15 07:36:24,480 [Forwarding findElement on session ebf5bc0b43e1892a4cd7f8272da29841 to remote] DEBUG org.apache.http.wire - http-outgoing-0 << "Content-Length:102[\r][\n]"
2019-03-15 07:36:24,480 [Forwarding findElement on session ebf5bc0b43e1892a4cd7f8272da29841 to remote] DEBUG org.apache.http.wire - http-outgoing-0 << "Content-Type:application/json; charset=utf-8[\r][\n]"
2019-03-15 07:36:24,480 [Forwarding findElement on session ebf5bc0b43e1892a4cd7f8272da29841 to remote] DEBUG org.apache.http.wire - http-outgoing-0 << "[\r][\n]"
2019-03-15 07:36:24,480 [Forwarding findElement on session ebf5bc0b43e1892a4cd7f8272da29841 to remote] DEBUG org.apache.http.wire - http-outgoing-0 << "{"sessionId":"ebf5bc0b43e1892a4cd7f8272da29841","status":0,"value":{"ELEMENT":"0.5793661813061162-1"}}"
2019-03-15 07:36:24,480 [Forwarding findElement on session ebf5bc0b43e1892a4cd7f8272da29841 to remote] DEBUG org.apache.http.headers - http-outgoing-0 << HTTP/1.1 200 OK
2019-03-15 07:36:24,480 [Forwarding findElement on session ebf5bc0b43e1892a4cd7f8272da29841 to remote] DEBUG org.apache.http.headers - http-outgoing-0 << Content-Length:102
2019-03-15 07:36:24,481 [Forwarding findElement on session ebf5bc0b43e1892a4cd7f8272da29841 to remote] DEBUG org.apache.http.headers - http-outgoing-0 << Content-Type:application/json; charset=utf-8
2019-03-15 07:36:24,481 [Forwarding findElement on session ebf5bc0b43e1892a4cd7f8272da29841 to remote] DEBUG org.apache.http.impl.execchain.MainClientExec - Connection can be kept alive indefinitely
2019-03-15 07:36:24,481 [Forwarding findElement on session ebf5bc0b43e1892a4cd7f8272da29841 to remote] DEBUG org.apache.http.impl.conn.PoolingHttpClientConnectionManager - Connection [id: 0][route: {}->http://localhost:26602] can be kept alive indefinitely
2019-03-15 07:36:24,481 [Forwarding findElement on session ebf5bc0b43e1892a4cd7f8272da29841 to remote] DEBUG org.apache.http.impl.conn.PoolingHttpClientConnectionManager - Connection released: [id: 0][route: {}->http://localhost:26602][total kept alive: 1; route allocated: 1 of 2000; total allocated: 1 of 2000]
2019-03-15 07:36:24,489 [Forwarding isElementDisplayed on session ebf5bc0b43e1892a4cd7f8272da29841 to remote] DEBUG org.apache.http.client.protocol.RequestAddCookies - CookieSpec selected: default
2019-03-15 07:36:24,489 [Forwarding isElementDisplayed on session ebf5bc0b43e1892a4cd7f8272da29841 to remote] DEBUG org.apache.http.client.protocol.RequestAuthCache - Auth cache not set in the context
2019-03-15 07:36:24,490 [Forwarding isElementDisplayed on session ebf5bc0b43e1892a4cd7f8272da29841 to remote] DEBUG org.apache.http.impl.conn.PoolingHttpClientConnectionManager - Connection request: [route: {}->http://localhost:26602][total kept alive: 1; route allocated: 1 of 2000; total allocated: 1 of 2000]
2019-03-15 07:36:24,490 [Forwarding isElementDisplayed on session ebf5bc0b43e1892a4cd7f8272da29841 to remote] DEBUG org.apache.http.impl.conn.PoolingHttpClientConnectionManager - Connection leased: [id: 0][route: {}->http://localhost:26602][total kept alive: 0; route allocated: 1 of 2000; total allocated: 1 of 2000]
2019-03-15 07:36:24,490 [Forwarding isElementDisplayed on session ebf5bc0b43e1892a4cd7f8272da29841 to remote] DEBUG org.apache.http.impl.execchain.MainClientExec - Stale connection check
2019-03-15 07:36:24,491 [Forwarding isElementDisplayed on session ebf5bc0b43e1892a4cd7f8272da29841 to remote] DEBUG org.apache.http.wire - http-outgoing-0 << "[read] I/O error: Read timed out"
2019-03-15 07:36:24,491 [Forwarding isElementDisplayed on session ebf5bc0b43e1892a4cd7f8272da29841 to remote] DEBUG org.apache.http.impl.conn.DefaultManagedHttpClientConnection - http-outgoing-0: set socket timeout to 10800000
2019-03-15 07:36:24,491 [Forwarding isElementDisplayed on session ebf5bc0b43e1892a4cd7f8272da29841 to remote] DEBUG org.apache.http.impl.execchain.MainClientExec - Executing request GET /session/ebf5bc0b43e1892a4cd7f8272da29841/element/0.5793661813061162-1/displayed HTTP/1.1
2019-03-15 07:36:24,491 [Forwarding isElementDisplayed on session ebf5bc0b43e1892a4cd7f8272da29841 to remote] DEBUG org.apache.http.impl.execchain.MainClientExec - Target auth state: UNCHALLENGED
2019-03-15 07:36:24,491 [Forwarding isElementDisplayed on session ebf5bc0b43e1892a4cd7f8272da29841 to remote] DEBUG org.apache.http.impl.execchain.MainClientExec - Proxy auth state: UNCHALLENGED
2019-03-15 07:36:24,491 [Forwarding isElementDisplayed on session ebf5bc0b43e1892a4cd7f8272da29841 to remote] DEBUG org.apache.http.headers - http-outgoing-0 >> GET /session/ebf5bc0b43e1892a4cd7f8272da29841/element/0.5793661813061162-1/displayed HTTP/1.1
2019-03-15 07:36:24,491 [Forwarding isElementDisplayed on session ebf5bc0b43e1892a4cd7f8272da29841 to remote] DEBUG org.apache.http.headers - http-outgoing-0 >> Cache-Control: no-cache
2019-03-15 07:36:24,491 [Forwarding isElementDisplayed on session ebf5bc0b43e1892a4cd7f8272da29841 to remote] DEBUG org.apache.http.headers - http-outgoing-0 >> Host: localhost:26602
2019-03-15 07:36:24,491 [Forwarding isElementDisplayed on session ebf5bc0b43e1892a4cd7f8272da29841 to remote] DEBUG org.apache.http.headers - http-outgoing-0 >> Connection: Keep-Alive
2019-03-15 07:36:24,491 [Forwarding isElementDisplayed on session ebf5bc0b43e1892a4cd7f8272da29841 to remote] DEBUG org.apache.http.headers - http-outgoing-0 >> User-Agent: Apache-HttpClient/4.5.3 (Java/1.8.0_191)
2019-03-15 07:36:24,491 [Forwarding isElementDisplayed on session ebf5bc0b43e1892a4cd7f8272da29841 to remote] DEBUG org.apache.http.headers - http-outgoing-0 >> Accept-Encoding: gzip,deflate
2019-03-15 07:36:24,491 [Forwarding isElementDisplayed on session ebf5bc0b43e1892a4cd7f8272da29841 to remote] DEBUG org.apache.http.wire - http-outgoing-0 >> "GET /session/ebf5bc0b43e1892a4cd7f8272da29841/element/0.5793661813061162-1/displayed HTTP/1.1[\r][\n]"
2019-03-15 07:36:24,491 [Forwarding isElementDisplayed on session ebf5bc0b43e1892a4cd7f8272da29841 to remote] DEBUG org.apache.http.wire - http-outgoing-0 >> "Cache-Control: no-cache[\r][\n]"
2019-03-15 07:36:24,491 [Forwarding isElementDisplayed on session ebf5bc0b43e1892a4cd7f8272da29841 to remote] DEBUG org.apache.http.wire - http-outgoing-0 >> "Host: localhost:26602[\r][\n]"
2019-03-15 07:36:24,491 [Forwarding isElementDisplayed on session ebf5bc0b43e1892a4cd7f8272da29841 to remote] DEBUG org.apache.http.wire - http-outgoing-0 >> "Connection: Keep-Alive[\r][\n]"
2019-03-15 07:36:24,491 [Forwarding isElementDisplayed on session ebf5bc0b43e1892a4cd7f8272da29841 to remote] DEBUG org.apache.http.wire - http-outgoing-0 >> "User-Agent: Apache-HttpClient/4.5.3 (Java/1.8.0_191)[\r][\n]"
2019-03-15 07:36:24,491 [Forwarding isElementDisplayed on session ebf5bc0b43e1892a4cd7f8272da29841 to remote] DEBUG org.apache.http.wire - http-outgoing-0 >> "Accept-Encoding: gzip,deflate[\r][\n]"
2019-03-15 07:36:24,491 [Forwarding isElementDisplayed on session ebf5bc0b43e1892a4cd7f8272da29841 to remote] DEBUG org.apache.http.wire - http-outgoing-0 >> "[\r][\n]"
2019-03-15 07:36:24,642 [Forwarding isElementDisplayed on session ebf5bc0b43e1892a4cd7f8272da29841 to remote] DEBUG org.apache.http.wire - http-outgoing-0 << "HTTP/1.1 200 OK[\r][\n]"
2019-03-15 07:36:24,643 [Forwarding isElementDisplayed on session ebf5bc0b43e1892a4cd7f8272da29841 to remote] DEBUG org.apache.http.wire - http-outgoing-0 << "Content-Length:73[\r][\n]"
2019-03-15 07:36:24,643 [Forwarding isElementDisplayed on session ebf5bc0b43e1892a4cd7f8272da29841 to remote] DEBUG org.apache.http.wire - http-outgoing-0 << "Content-Type:application/json; charset=utf-8[\r][\n]"
2019-03-15 07:36:24,643 [Forwarding isElementDisplayed on session ebf5bc0b43e1892a4cd7f8272da29841 to remote] DEBUG org.apache.http.wire - http-outgoing-0 << "[\r][\n]"
2019-03-15 07:36:24,643 [Forwarding isElementDisplayed on session ebf5bc0b43e1892a4cd7f8272da29841 to remote] DEBUG org.apache.http.wire - http-outgoing-0 << "{"sessionId":"ebf5bc0b43e1892a4cd7f8272da29841","status":0,"value":false}"
2019-03-15 07:36:24,643 [Forwarding isElementDisplayed on session ebf5bc0b43e1892a4cd7f8272da29841 to remote] DEBUG org.apache.http.headers - http-outgoing-0 << HTTP/1.1 200 OK
2019-03-15 07:36:24,643 [Forwarding isElementDisplayed on session ebf5bc0b43e1892a4cd7f8272da29841 to remote] DEBUG org.apache.http.headers - http-outgoing-0 << Content-Length:73
2019-03-15 07:36:24,643 [Forwarding isElementDisplayed on session ebf5bc0b43e1892a4cd7f8272da29841 to remote] DEBUG org.apache.http.headers - http-outgoing-0 << Content-Type:application/json; charset=utf-8
2019-03-15 07:36:24,643 [Forwarding isElementDisplayed on session ebf5bc0b43e1892a4cd7f8272da29841 to remote] DEBUG org.apache.http.impl.execchain.MainClientExec - Connection can be kept alive indefinitely
2019-03-15 07:36:24,644 [Forwarding isElementDisplayed on session ebf5bc0b43e1892a4cd7f8272da29841 to remote] DEBUG org.apache.http.impl.conn.PoolingHttpClientConnectionManager - Connection [id: 0][route: {}->http://localhost:26602] can be kept alive indefinitely
2019-03-15 07:36:24,644 [Forwarding isElementDisplayed on session ebf5bc0b43e1892a4cd7f8272da29841 to remote] DEBUG org.apache.http.impl.conn.PoolingHttpClientConnectionManager - Connection released: [id: 0][route: {}->http://localhost:26602][total kept alive: 1; route allocated: 1 of 2000; total allocated: 1 of 2000]
2019-03-15 07:36:25,153 [Forwarding findElement on session ebf5bc0b43e1892a4cd7f8272da29841 to remote] DEBUG org.apache.http.client.protocol.RequestAddCookies - CookieSpec selected: default
2019-03-15 07:36:25,154 [Forwarding findElement on session ebf5bc0b43e1892a4cd7f8272da29841 to remote] DEBUG org.apache.http.client.protocol.RequestAuthCache - Auth cache not set in the context
2019-03-15 07:36:25,154 [Forwarding findElement on session ebf5bc0b43e1892a4cd7f8272da29841 to remote] DEBUG org.apache.http.impl.conn.PoolingHttpClientConnectionManager - Connection request: [route: {}->http://localhost:26602][total kept alive: 1; route allocated: 1 of 2000; total allocated: 1 of 2000]
2019-03-15 07:36:25,154 [Forwarding findElement on session ebf5bc0b43e1892a4cd7f8272da29841 to remote] DEBUG org.apache.http.impl.conn.PoolingHttpClientConnectionManager - Connection leased: [id: 0][route: {}->http://localhost:26602][total kept alive: 0; route allocated: 1 of 2000; total allocated: 1 of 2000]
2019-03-15 07:36:25,154 [Forwarding findElement on session ebf5bc0b43e1892a4cd7f8272da29841 to remote] DEBUG org.apache.http.impl.execchain.MainClientExec - Stale connection check
2019-03-15 07:36:25,155 [Forwarding findElement on session ebf5bc0b43e1892a4cd7f8272da29841 to remote] DEBUG org.apache.http.wire - http-outgoing-0 << "[read] I/O error: Read timed out"
2019-03-15 07:36:25,155 [Forwarding findElement on session ebf5bc0b43e1892a4cd7f8272da29841 to remote] DEBUG org.apache.http.impl.conn.DefaultManagedHttpClientConnection - http-outgoing-0: set socket timeout to 10800000
2019-03-15 07:36:25,155 [Forwarding findElement on session ebf5bc0b43e1892a4cd7f8272da29841 to remote] DEBUG org.apache.http.impl.execchain.MainClientExec - Executing request POST /session/ebf5bc0b43e1892a4cd7f8272da29841/element HTTP/1.1
2019-03-15 07:36:25,155 [Forwarding findElement on session ebf5bc0b43e1892a4cd7f8272da29841 to remote] DEBUG org.apache.http.impl.execchain.MainClientExec - Target auth state: UNCHALLENGED
2019-03-15 07:36:25,155 [Forwarding findElement on session ebf5bc0b43e1892a4cd7f8272da29841 to remote] DEBUG org.apache.http.impl.execchain.MainClientExec - Proxy auth state: UNCHALLENGED
2019-03-15 07:36:25,155 [Forwarding findElement on session ebf5bc0b43e1892a4cd7f8272da29841 to remote] DEBUG org.apache.http.headers - http-outgoing-0 >> POST /session/ebf5bc0b43e1892a4cd7f8272da29841/element HTTP/1.1
2019-03-15 07:36:25,155 [Forwarding findElement on session ebf5bc0b43e1892a4cd7f8272da29841 to remote] DEBUG org.apache.http.headers - http-outgoing-0 >> Content-Type: application/json; charset=utf-8
2019-03-15 07:36:25,155 [Forwarding findElement on session ebf5bc0b43e1892a4cd7f8272da29841 to remote] DEBUG org.apache.http.headers - http-outgoing-0 >> Content-Length: 49
2019-03-15 07:36:25,155 [Forwarding findElement on session ebf5bc0b43e1892a4cd7f8272da29841 to remote] DEBUG org.apache.http.headers - http-outgoing-0 >> Host: localhost:26602
2019-03-15 07:36:25,155 [Forwarding findElement on session ebf5bc0b43e1892a4cd7f8272da29841 to remote] DEBUG org.apache.http.headers - http-outgoing-0 >> Connection: Keep-Alive
2019-03-15 07:36:25,155 [Forwarding findElement on session ebf5bc0b43e1892a4cd7f8272da29841 to remote] DEBUG org.apache.http.headers - http-outgoing-0 >> User-Agent: Apache-HttpClient/4.5.3 (Java/1.8.0_191)
2019-03-15 07:36:25,155 [Forwarding findElement on session ebf5bc0b43e1892a4cd7f8272da29841 to remote] DEBUG org.apache.http.headers - http-outgoing-0 >> Accept-Encoding: gzip,deflate
2019-03-15 07:36:25,155 [Forwarding findElement on session ebf5bc0b43e1892a4cd7f8272da29841 to remote] DEBUG org.apache.http.wire - http-outgoing-0 >> "POST /session/ebf5bc0b43e1892a4cd7f8272da29841/element HTTP/1.1[\r][\n]"
2019-03-15 07:36:25,155 [Forwarding findElement on session ebf5bc0b43e1892a4cd7f8272da29841 to remote] DEBUG org.apache.http.wire - http-outgoing-0 >> "Content-Type: application/json; charset=utf-8[\r][\n]"
2019-03-15 07:36:25,155 [Forwarding findElement on session ebf5bc0b43e1892a4cd7f8272da29841 to remote] DEBUG org.apache.http.wire - http-outgoing-0 >> "Content-Length: 49[\r][\n]"
2019-03-15 07:36:25,155 [Forwarding findElement on session ebf5bc0b43e1892a4cd7f8272da29841 to remote] DEBUG org.apache.http.wire - http-outgoing-0 >> "Host: localhost:26602[\r][\n]"
2019-03-15 07:36:25,155 [Forwarding findElement on session ebf5bc0b43e1892a4cd7f8272da29841 to remote] DEBUG org.apache.http.wire - http-outgoing-0 >> "Connection: Keep-Alive[\r][\n]"
2019-03-15 07:36:25,155 [Forwarding findElement on session ebf5bc0b43e1892a4cd7f8272da29841 to remote] DEBUG org.apache.http.wire - http-outgoing-0 >> "User-Agent: Apache-HttpClient/4.5.3 (Java/1.8.0_191)[\r][\n]"
2019-03-15 07:36:25,155 [Forwarding findElement on session ebf5bc0b43e1892a4cd7f8272da29841 to remote] DEBUG org.apache.http.wire - http-outgoing-0 >> "Accept-Encoding: gzip,deflate[\r][\n]"
2019-03-15 07:36:25,155 [Forwarding findElement on session ebf5bc0b43e1892a4cd7f8272da29841 to remote] DEBUG org.apache.http.wire - http-outgoing-0 >> "[\r][\n]"
2019-03-15 07:36:25,182 [Forwarding findElement on session ebf5bc0b43e1892a4cd7f8272da29841 to remote] DEBUG org.apache.http.wire - http-outgoing-0 >> "{"using":"xpath","value":"//*[@name='password']"}"
2019-03-15 07:36:25,231 [Forwarding findElement on session ebf5bc0b43e1892a4cd7f8272da29841 to remote] DEBUG org.apache.http.wire - http-outgoing-0 << "HTTP/1.1 200 OK[\r][\n]"
2019-03-15 07:36:25,232 [Forwarding findElement on session ebf5bc0b43e1892a4cd7f8272da29841 to remote] DEBUG org.apache.http.wire - http-outgoing-0 << "Content-Length:102[\r][\n]"
2019-03-15 07:36:25,232 [Forwarding findElement on session ebf5bc0b43e1892a4cd7f8272da29841 to remote] DEBUG org.apache.http.wire - http-outgoing-0 << "Content-Type:application/json; charset=utf-8[\r][\n]"
2019-03-15 07:36:25,232 [Forwarding findElement on session ebf5bc0b43e1892a4cd7f8272da29841 to remote] DEBUG org.apache.http.wire - http-outgoing-0 << "[\r][\n]"
2019-03-15 07:36:25,232 [Forwarding findElement on session ebf5bc0b43e1892a4cd7f8272da29841 to remote] DEBUG org.apache.http.wire - http-outgoing-0 << "{"sessionId":"ebf5bc0b43e1892a4cd7f8272da29841","status":0,"value":{"ELEMENT":"0.5793661813061162-1"}}"
2019-03-15 07:36:25,232 [Forwarding findElement on session ebf5bc0b43e1892a4cd7f8272da29841 to remote] DEBUG org.apache.http.headers - http-outgoing-0 << HTTP/1.1 200 OK
2019-03-15 07:36:25,232 [Forwarding findElement on session ebf5bc0b43e1892a4cd7f8272da29841 to remote] DEBUG org.apache.http.headers - http-outgoing-0 << Content-Length:102
2019-03-15 07:36:25,232 [Forwarding findElement on session ebf5bc0b43e1892a4cd7f8272da29841 to remote] DEBUG org.apache.http.headers - http-outgoing-0 << Content-Type:application/json; charset=utf-8
2019-03-15 07:36:25,232 [Forwarding findElement on session ebf5bc0b43e1892a4cd7f8272da29841 to remote] DEBUG org.apache.http.impl.execchain.MainClientExec - Connection can be kept alive indefinitely
2019-03-15 07:36:25,233 [Forwarding findElement on session ebf5bc0b43e1892a4cd7f8272da29841 to remote] DEBUG org.apache.http.impl.conn.PoolingHttpClientConnectionManager - Connection [id: 0][route: {}->http://localhost:26602] can be kept alive indefinitely
2019-03-15 07:36:25,233 [Forwarding findElement on session ebf5bc0b43e1892a4cd7f8272da29841 to remote] DEBUG org.apache.http.impl.conn.PoolingHttpClientConnectionManager - Connection released: [id: 0][route: {}->http://localhost:26602][total kept alive: 1; route allocated: 1 of 2000; total allocated: 1 of 2000]
2019-03-15 07:36:25,237 [Forwarding isElementDisplayed on session ebf5bc0b43e1892a4cd7f8272da29841 to remote] DEBUG org.apache.http.client.protocol.RequestAddCookies - CookieSpec selected: default
2019-03-15 07:36:25,238 [Forwarding isElementDisplayed on session ebf5bc0b43e1892a4cd7f8272da29841 to remote] DEBUG org.apache.http.client.protocol.RequestAuthCache - Auth cache not set in the context
2019-03-15 07:36:25,238 [Forwarding isElementDisplayed on session ebf5bc0b43e1892a4cd7f8272da29841 to remote] DEBUG org.apache.http.impl.conn.PoolingHttpClientConnectionManager - Connection request: [route: {}->http://localhost:26602][total kept alive: 1; route allocated: 1 of 2000; total allocated: 1 of 2000]
2019-03-15 07:36:25,238 [Forwarding isElementDisplayed on session ebf5bc0b43e1892a4cd7f8272da29841 to remote] DEBUG org.apache.http.impl.conn.PoolingHttpClientConnectionManager - Connection leased: [id: 0][route: {}->http://localhost:26602][total kept alive: 0; route allocated: 1 of 2000; total allocated: 1 of 2000]
2019-03-15 07:36:25,238 [Forwarding isElementDisplayed on session ebf5bc0b43e1892a4cd7f8272da29841 to remote] DEBUG org.apache.http.impl.execchain.MainClientExec - Stale connection check
2019-03-15 07:36:25,244 [Forwarding isElementDisplayed on session ebf5bc0b43e1892a4cd7f8272da29841 to remote] DEBUG org.apache.http.wire - http-outgoing-0 << "[read] I/O error: Read timed out"
2019-03-15 07:36:25,244 [Forwarding isElementDisplayed on session ebf5bc0b43e1892a4cd7f8272da29841 to remote] DEBUG org.apache.http.impl.conn.DefaultManagedHttpClientConnection - http-outgoing-0: set socket timeout to 10800000
2019-03-15 07:36:25,244 [Forwarding isElementDisplayed on session ebf5bc0b43e1892a4cd7f8272da29841 to remote] DEBUG org.apache.http.impl.execchain.MainClientExec - Executing request GET /session/ebf5bc0b43e1892a4cd7f8272da29841/element/0.5793661813061162-1/displayed HTTP/1.1
2019-03-15 07:36:25,244 [Forwarding isElementDisplayed on session ebf5bc0b43e1892a4cd7f8272da29841 to remote] DEBUG org.apache.http.impl.execchain.MainClientExec - Target auth state: UNCHALLENGED
2019-03-15 07:36:25,244 [Forwarding isElementDisplayed on session ebf5bc0b43e1892a4cd7f8272da29841 to remote] DEBUG org.apache.http.impl.execchain.MainClientExec - Proxy auth state: UNCHALLENGED
2019-03-15 07:36:25,244 [Forwarding isElementDisplayed on session ebf5bc0b43e1892a4cd7f8272da29841 to remote] DEBUG org.apache.http.headers - http-outgoing-0 >> GET /session/ebf5bc0b43e1892a4cd7f8272da29841/element/0.5793661813061162-1/displayed HTTP/1.1
2019-03-15 07:36:25,244 [Forwarding isElementDisplayed on session ebf5bc0b43e1892a4cd7f8272da29841 to remote] DEBUG org.apache.http.headers - http-outgoing-0 >> Cache-Control: no-cache
2019-03-15 07:36:25,244 [Forwarding isElementDisplayed on session ebf5bc0b43e1892a4cd7f8272da29841 to remote] DEBUG org.apache.http.headers - http-outgoing-0 >> Host: localhost:26602
2019-03-15 07:36:25,244 [Forwarding isElementDisplayed on session ebf5bc0b43e1892a4cd7f8272da29841 to remote] DEBUG org.apache.http.headers - http-outgoing-0 >> Connection: Keep-Alive
2019-03-15 07:36:25,244 [Forwarding isElementDisplayed on session ebf5bc0b43e1892a4cd7f8272da29841 to remote] DEBUG org.apache.http.headers - http-outgoing-0 >> User-Agent: Apache-HttpClient/4.5.3 (Java/1.8.0_191)
2019-03-15 07:36:25,244 [Forwarding isElementDisplayed on session ebf5bc0b43e1892a4cd7f8272da29841 to remote] DEBUG org.apache.http.headers - http-outgoing-0 >> Accept-Encoding: gzip,deflate
2019-03-15 07:36:25,244 [Forwarding isElementDisplayed on session ebf5bc0b43e1892a4cd7f8272da29841 to remote] DEBUG org.apache.http.wire - http-outgoing-0 >> "GET /session/ebf5bc0b43e1892a4cd7f8272da29841/element/0.5793661813061162-1/displayed HTTP/1.1[\r][\n]"
2019-03-15 07:36:25,244 [Forwarding isElementDisplayed on session ebf5bc0b43e1892a4cd7f8272da29841 to remote] DEBUG org.apache.http.wire - http-outgoing-0 >> "Cache-Control: no-cache[\r][\n]"
2019-03-15 07:36:25,244 [Forwarding isElementDisplayed on session ebf5bc0b43e1892a4cd7f8272da29841 to remote] DEBUG org.apache.http.wire - http-outgoing-0 >> "Host: localhost:26602[\r][\n]"
2019-03-15 07:36:25,244 [Forwarding isElementDisplayed on session ebf5bc0b43e1892a4cd7f8272da29841 to remote] DEBUG org.apache.http.wire - http-outgoing-0 >> "Connection: Keep-Alive[\r][\n]"
2019-03-15 07:36:25,244 [Forwarding isElementDisplayed on session ebf5bc0b43e1892a4cd7f8272da29841 to remote] DEBUG org.apache.http.wire - http-outgoing-0 >> "User-Agent: Apache-HttpClient/4.5.3 (Java/1.8.0_191)[\r][\n]"
2019-03-15 07:36:25,244 [Forwarding isElementDisplayed on session ebf5bc0b43e1892a4cd7f8272da29841 to remote] DEBUG org.apache.http.wire - http-outgoing-0 >> "Accept-Encoding: gzip,deflate[\r][\n]"
2019-03-15 07:36:25,244 [Forwarding isElementDisplayed on session ebf5bc0b43e1892a4cd7f8272da29841 to remote] DEBUG org.apache.http.wire - http-outgoing-0 >> "[\r][\n]"
2019-03-15 07:36:25,286 [Forwarding isElementDisplayed on session ebf5bc0b43e1892a4cd7f8272da29841 to remote] DEBUG org.apache.http.wire - http-outgoing-0 << "HTTP/1.1 200 OK[\r][\n]"
2019-03-15 07:36:25,286 [Forwarding isElementDisplayed on session ebf5bc0b43e1892a4cd7f8272da29841 to remote] DEBUG org.apache.http.wire - http-outgoing-0 << "Content-Length:73[\r][\n]"
2019-03-15 07:36:25,286 [Forwarding isElementDisplayed on session ebf5bc0b43e1892a4cd7f8272da29841 to remote] DEBUG org.apache.http.wire - http-outgoing-0 << "Content-Type:application/json; charset=utf-8[\r][\n]"
2019-03-15 07:36:25,286 [Forwarding isElementDisplayed on session ebf5bc0b43e1892a4cd7f8272da29841 to remote] DEBUG org.apache.http.wire - http-outgoing-0 << "[\r][\n]"
2019-03-15 07:36:25,286 [Forwarding isElementDisplayed on session ebf5bc0b43e1892a4cd7f8272da29841 to remote] DEBUG org.apache.http.wire - http-outgoing-0 << "{"sessionId":"ebf5bc0b43e1892a4cd7f8272da29841","status":0,"value":false}"
2019-03-15 07:36:25,286 [Forwarding isElementDisplayed on session ebf5bc0b43e1892a4cd7f8272da29841 to remote] DEBUG org.apache.http.headers - http-outgoing-0 << HTTP/1.1 200 OK
2019-03-15 07:36:25,286 [Forwarding isElementDisplayed on session ebf5bc0b43e1892a4cd7f8272da29841 to remote] DEBUG org.apache.http.headers - http-outgoing-0 << Content-Length:73
2019-03-15 07:36:25,286 [Forwarding isElementDisplayed on session ebf5bc0b43e1892a4cd7f8272da29841 to remote] DEBUG org.apache.http.headers - http-outgoing-0 << Content-Type:application/json; charset=utf-8
2019-03-15 07:36:25,286 [Forwarding isElementDisplayed on session ebf5bc0b43e1892a4cd7f8272da29841 to remote] DEBUG org.apache.http.impl.execchain.MainClientExec - Connection can be kept alive indefinitely
2019-03-15 07:36:25,286 [Forwarding isElementDisplayed on session ebf5bc0b43e1892a4cd7f8272da29841 to remote] DEBUG org.apache.http.impl.conn.PoolingHttpClientConnectionManager - Connection [id: 0][route: {}->http://localhost:26602] can be kept alive indefinitely
2019-03-15 07:36:25,286 [Forwarding isElementDisplayed on session ebf5bc0b43e1892a4cd7f8272da29841 to remote] DEBUG org.apache.http.impl.conn.PoolingHttpClientConnectionManager - Connection released: [id: 0][route: {}->http://localhost:26602][total kept alive: 1; route allocated: 1 of 2000; total allocated: 1 of 2000]
2019-03-15 07:36:25,797 [Forwarding findElement on session ebf5bc0b43e1892a4cd7f8272da29841 to remote] DEBUG org.apache.http.client.protocol.RequestAddCookies - CookieSpec selected: default
2019-03-15 07:36:25,797 [Forwarding findElement on session ebf5bc0b43e1892a4cd7f8272da29841 to remote] DEBUG org.apache.http.client.protocol.RequestAuthCache - Auth cache not set in the context
2019-03-15 07:36:25,797 [Forwarding findElement on session ebf5bc0b43e1892a4cd7f8272da29841 to remote] DEBUG org.apache.http.impl.conn.PoolingHttpClientConnectionManager - Connection request: [route: {}->http://localhost:26602][total kept alive: 1; route allocated: 1 of 2000; total allocated: 1 of 2000]
2019-03-15 07:36:25,797 [Forwarding findElement on session ebf5bc0b43e1892a4cd7f8272da29841 to remote] DEBUG org.apache.http.impl.conn.PoolingHttpClientConnectionManager - Connection leased: [id: 0][route: {}->http://localhost:26602][total kept alive: 0; route allocated: 1 of 2000; total allocated: 1 of 2000]
2019-03-15 07:36:25,797 [Forwarding findElement on session ebf5bc0b43e1892a4cd7f8272da29841 to remote] DEBUG org.apache.http.impl.execchain.MainClientExec - Stale connection check
2019-03-15 07:36:25,798 [Forwarding findElement on session ebf5bc0b43e1892a4cd7f8272da29841 to remote] DEBUG org.apache.http.wire - http-outgoing-0 << "[read] I/O error: Read timed out"
2019-03-15 07:36:25,798 [Forwarding findElement on session ebf5bc0b43e1892a4cd7f8272da29841 to remote] DEBUG org.apache.http.impl.conn.DefaultManagedHttpClientConnection - http-outgoing-0: set socket timeout to 10800000
2019-03-15 07:36:25,798 [Forwarding findElement on session ebf5bc0b43e1892a4cd7f8272da29841 to remote] DEBUG org.apache.http.impl.execchain.MainClientExec - Executing request POST /session/ebf5bc0b43e1892a4cd7f8272da29841/element HTTP/1.1
2019-03-15 07:36:25,798 [Forwarding findElement on session ebf5bc0b43e1892a4cd7f8272da29841 to remote] DEBUG org.apache.http.impl.execchain.MainClientExec - Target auth state: UNCHALLENGED
2019-03-15 07:36:25,798 [Forwarding findElement on session ebf5bc0b43e1892a4cd7f8272da29841 to remote] DEBUG org.apache.http.impl.execchain.MainClientExec - Proxy auth state: UNCHALLENGED
2019-03-15 07:36:25,798 [Forwarding findElement on session ebf5bc0b43e1892a4cd7f8272da29841 to remote] DEBUG org.apache.http.headers - http-outgoing-0 >> POST /session/ebf5bc0b43e1892a4cd7f8272da29841/element HTTP/1.1
2019-03-15 07:36:25,798 [Forwarding findElement on session ebf5bc0b43e1892a4cd7f8272da29841 to remote] DEBUG org.apache.http.headers - http-outgoing-0 >> Content-Type: application/json; charset=utf-8
2019-03-15 07:36:25,798 [Forwarding findElement on session ebf5bc0b43e1892a4cd7f8272da29841 to remote] DEBUG org.apache.http.headers - http-outgoing-0 >> Content-Length: 49
2019-03-15 07:36:25,798 [Forwarding findElement on session ebf5bc0b43e1892a4cd7f8272da29841 to remote] DEBUG org.apache.http.headers - http-outgoing-0 >> Host: localhost:26602
2019-03-15 07:36:25,798 [Forwarding findElement on session ebf5bc0b43e1892a4cd7f8272da29841 to remote] DEBUG org.apache.http.headers - http-outgoing-0 >> Connection: Keep-Alive
2019-03-15 07:36:25,798 [Forwarding findElement on session ebf5bc0b43e1892a4cd7f8272da29841 to remote] DEBUG org.apache.http.headers - http-outgoing-0 >> User-Agent: Apache-HttpClient/4.5.3 (Java/1.8.0_191)
2019-03-15 07:36:25,798 [Forwarding findElement on session ebf5bc0b43e1892a4cd7f8272da29841 to remote] DEBUG org.apache.http.headers - http-outgoing-0 >> Accept-Encoding: gzip,deflate
2019-03-15 07:36:25,798 [Forwarding findElement on session ebf5bc0b43e1892a4cd7f8272da29841 to remote] DEBUG org.apache.http.wire - http-outgoing-0 >> "POST /session/ebf5bc0b43e1892a4cd7f8272da29841/element HTTP/1.1[\r][\n]"
2019-03-15 07:36:25,798 [Forwarding findElement on session ebf5bc0b43e1892a4cd7f8272da29841 to remote] DEBUG org.apache.http.wire - http-outgoing-0 >> "Content-Type: application/json; charset=utf-8[\r][\n]"
2019-03-15 07:36:25,821 [Forwarding findElement on session ebf5bc0b43e1892a4cd7f8272da29841 to remote] DEBUG org.apache.http.wire - http-outgoing-0 >> "Content-Length: 49[\r][\n]"
2019-03-15 07:36:25,821 [Forwarding findElement on session ebf5bc0b43e1892a4cd7f8272da29841 to remote] DEBUG org.apache.http.wire - http-outgoing-0 >> "Host: localhost:26602[\r][\n]"
2019-03-15 07:36:25,821 [Forwarding findElement on session ebf5bc0b43e1892a4cd7f8272da29841 to remote] DEBUG org.apache.http.wire - http-outgoing-0 >> "Connection: Keep-Alive[\r][\n]"
2019-03-15 07:36:25,821 [Forwarding findElement on session ebf5bc0b43e1892a4cd7f8272da29841 to remote] DEBUG org.apache.http.wire - http-outgoing-0 >> "User-Agent: Apache-HttpClient/4.5.3 (Java/1.8.0_191)[\r][\n]"
2019-03-15 07:36:25,821 [Forwarding findElement on session ebf5bc0b43e1892a4cd7f8272da29841 to remote] DEBUG org.apache.http.wire - http-outgoing-0 >> "Accept-Encoding: gzip,deflate[\r][\n]"
2019-03-15 07:36:25,821 [Forwarding findElement on session ebf5bc0b43e1892a4cd7f8272da29841 to remote] DEBUG org.apache.http.wire - http-outgoing-0 >> "[\r][\n]"
2019-03-15 07:36:25,821 [Forwarding findElement on session ebf5bc0b43e1892a4cd7f8272da29841 to remote] DEBUG org.apache.http.wire - http-outgoing-0 >> "{"using":"xpath","value":"//*[@name='password']"}"
2019-03-15 07:36:25,887 [Forwarding findElement on session ebf5bc0b43e1892a4cd7f8272da29841 to remote] DEBUG org.apache.http.wire - http-outgoing-0 << "HTTP/1.1 200 OK[\r][\n]"
2019-03-15 07:36:25,887 [Forwarding findElement on session ebf5bc0b43e1892a4cd7f8272da29841 to remote] DEBUG org.apache.http.wire - http-outgoing-0 << "Content-Length:102[\r][\n]"
2019-03-15 07:36:25,887 [Forwarding findElement on session ebf5bc0b43e1892a4cd7f8272da29841 to remote] DEBUG org.apache.http.wire - http-outgoing-0 << "Content-Type:application/json; charset=utf-8[\r][\n]"
2019-03-15 07:36:25,887 [Forwarding findElement on session ebf5bc0b43e1892a4cd7f8272da29841 to remote] DEBUG org.apache.http.wire - http-outgoing-0 << "[\r][\n]"
2019-03-15 07:36:25,887 [Forwarding findElement on session ebf5bc0b43e1892a4cd7f8272da29841 to remote] DEBUG org.apache.http.wire - http-outgoing-0 << "{"sessionId":"ebf5bc0b43e1892a4cd7f8272da29841","status":0,"value":{"ELEMENT":"0.5793661813061162-1"}}"
2019-03-15 07:36:25,887 [Forwarding findElement on session ebf5bc0b43e1892a4cd7f8272da29841 to remote] DEBUG org.apache.http.headers - http-outgoing-0 << HTTP/1.1 200 OK
2019-03-15 07:36:25,887 [Forwarding findElement on session ebf5bc0b43e1892a4cd7f8272da29841 to remote] DEBUG org.apache.http.headers - http-outgoing-0 << Content-Length:102
2019-03-15 07:36:25,887 [Forwarding findElement on session ebf5bc0b43e1892a4cd7f8272da29841 to remote] DEBUG org.apache.http.headers - http-outgoing-0 << Content-Type:application/json; charset=utf-8
2019-03-15 07:36:25,887 [Forwarding findElement on session ebf5bc0b43e1892a4cd7f8272da29841 to remote] DEBUG org.apache.http.impl.execchain.MainClientExec - Connection can be kept alive indefinitely
2019-03-15 07:36:25,887 [Forwarding findElement on session ebf5bc0b43e1892a4cd7f8272da29841 to remote] DEBUG org.apache.http.impl.conn.PoolingHttpClientConnectionManager - Connection [id: 0][route: {}->http://localhost:26602] can be kept alive indefinitely
2019-03-15 07:36:25,887 [Forwarding findElement on session ebf5bc0b43e1892a4cd7f8272da29841 to remote] DEBUG org.apache.http.impl.conn.PoolingHttpClientConnectionManager - Connection released: [id: 0][route: {}->http://localhost:26602][total kept alive: 1; route allocated: 1 of 2000; total allocated: 1 of 2000]
2019-03-15 07:36:25,891 [Forwarding isElementDisplayed on session ebf5bc0b43e1892a4cd7f8272da29841 to remote] DEBUG org.apache.http.client.protocol.RequestAddCookies - CookieSpec selected: default
2019-03-15 07:36:25,891 [Forwarding isElementDisplayed on session ebf5bc0b43e1892a4cd7f8272da29841 to remote] DEBUG org.apache.http.client.protocol.RequestAuthCache - Auth cache not set in the context
2019-03-15 07:36:25,891 [Forwarding isElementDisplayed on session ebf5bc0b43e1892a4cd7f8272da29841 to remote] DEBUG org.apache.http.impl.conn.PoolingHttpClientConnectionManager - Connection request: [route: {}->http://localhost:26602][total kept alive: 1; route allocated: 1 of 2000; total allocated: 1 of 2000]
2019-03-15 07:36:25,892 [Forwarding isElementDisplayed on session ebf5bc0b43e1892a4cd7f8272da29841 to remote] DEBUG org.apache.http.impl.conn.PoolingHttpClientConnectionManager - Connection leased: [id: 0][route: {}->http://localhost:26602][total kept alive: 0; route allocated: 1 of 2000; total allocated: 1 of 2000]
2019-03-15 07:36:25,892 [Forwarding isElementDisplayed on session ebf5bc0b43e1892a4cd7f8272da29841 to remote] DEBUG org.apache.http.impl.execchain.MainClientExec - Stale connection check
2019-03-15 07:36:25,895 [Forwarding isElementDisplayed on session ebf5bc0b43e1892a4cd7f8272da29841 to remote] DEBUG org.apache.http.wire - http-outgoing-0 << "[read] I/O error: Read timed out"
2019-03-15 07:36:25,896 [Forwarding isElementDisplayed on session ebf5bc0b43e1892a4cd7f8272da29841 to remote] DEBUG org.apache.http.impl.conn.DefaultManagedHttpClientConnection - http-outgoing-0: set socket timeout to 10800000
2019-03-15 07:36:25,896 [Forwarding isElementDisplayed on session ebf5bc0b43e1892a4cd7f8272da29841 to remote] DEBUG org.apache.http.impl.execchain.MainClientExec - Executing request GET /session/ebf5bc0b43e1892a4cd7f8272da29841/element/0.5793661813061162-1/displayed HTTP/1.1
2019-03-15 07:36:25,896 [Forwarding isElementDisplayed on session ebf5bc0b43e1892a4cd7f8272da29841 to remote] DEBUG org.apache.http.impl.execchain.MainClientExec - Target auth state: UNCHALLENGED
2019-03-15 07:36:25,896 [Forwarding isElementDisplayed on session ebf5bc0b43e1892a4cd7f8272da29841 to remote] DEBUG org.apache.http.impl.execchain.MainClientExec - Proxy auth state: UNCHALLENGED
2019-03-15 07:36:25,896 [Forwarding isElementDisplayed on session ebf5bc0b43e1892a4cd7f8272da29841 to remote] DEBUG org.apache.http.headers - http-outgoing-0 >> GET /session/ebf5bc0b43e1892a4cd7f8272da29841/element/0.5793661813061162-1/displayed HTTP/1.1
2019-03-15 07:36:25,896 [Forwarding isElementDisplayed on session ebf5bc0b43e1892a4cd7f8272da29841 to remote] DEBUG org.apache.http.headers - http-outgoing-0 >> Cache-Control: no-cache
2019-03-15 07:36:25,896 [Forwarding isElementDisplayed on session ebf5bc0b43e1892a4cd7f8272da29841 to remote] DEBUG org.apache.http.headers - http-outgoing-0 >> Host: localhost:26602
2019-03-15 07:36:25,896 [Forwarding isElementDisplayed on session ebf5bc0b43e1892a4cd7f8272da29841 to remote] DEBUG org.apache.http.headers - http-outgoing-0 >> Connection: Keep-Alive
2019-03-15 07:36:25,896 [Forwarding isElementDisplayed on session ebf5bc0b43e1892a4cd7f8272da29841 to remote] DEBUG org.apache.http.headers - http-outgoing-0 >> User-Agent: Apache-HttpClient/4.5.3 (Java/1.8.0_191)
2019-03-15 07:36:25,896 [Forwarding isElementDisplayed on session ebf5bc0b43e1892a4cd7f8272da29841 to remote] DEBUG org.apache.http.headers - http-outgoing-0 >> Accept-Encoding: gzip,deflate
2019-03-15 07:36:25,896 [Forwarding isElementDisplayed on session ebf5bc0b43e1892a4cd7f8272da29841 to remote] DEBUG org.apache.http.wire - http-outgoing-0 >> "GET /session/ebf5bc0b43e1892a4cd7f8272da29841/element/0.5793661813061162-1/displayed HTTP/1.1[\r][\n]"
2019-03-15 07:36:25,896 [Forwarding isElementDisplayed on session ebf5bc0b43e1892a4cd7f8272da29841 to remote] DEBUG org.apache.http.wire - http-outgoing-0 >> "Cache-Control: no-cache[\r][\n]"
2019-03-15 07:36:25,896 [Forwarding isElementDisplayed on session ebf5bc0b43e1892a4cd7f8272da29841 to remote] DEBUG org.apache.http.wire - http-outgoing-0 >> "Host: localhost:26602[\r][\n]"
2019-03-15 07:36:25,896 [Forwarding isElementDisplayed on session ebf5bc0b43e1892a4cd7f8272da29841 to remote] DEBUG org.apache.http.wire - http-outgoing-0 >> "Connection: Keep-Alive[\r][\n]"
2019-03-15 07:36:25,896 [Forwarding isElementDisplayed on session ebf5bc0b43e1892a4cd7f8272da29841 to remote] DEBUG org.apache.http.wire - http-outgoing-0 >> "User-Agent: Apache-HttpClient/4.5.3 (Java/1.8.0_191)[\r][\n]"
2019-03-15 07:36:25,896 [Forwarding isElementDisplayed on session ebf5bc0b43e1892a4cd7f8272da29841 to remote] DEBUG org.apache.http.wire - http-outgoing-0 >> "Accept-Encoding: gzip,deflate[\r][\n]"
2019-03-15 07:36:25,896 [Forwarding isElementDisplayed on session ebf5bc0b43e1892a4cd7f8272da29841 to remote] DEBUG org.apache.http.wire - http-outgoing-0 >> "[\r][\n]"
2019-03-15 07:36:25,962 [Forwarding isElementDisplayed on session ebf5bc0b43e1892a4cd7f8272da29841 to remote] DEBUG org.apache.http.wire - http-outgoing-0 << "HTTP/1.1 200 OK[\r][\n]"
2019-03-15 07:36:25,962 [Forwarding isElementDisplayed on session ebf5bc0b43e1892a4cd7f8272da29841 to remote] DEBUG org.apache.http.wire - http-outgoing-0 << "Content-Length:73[\r][\n]"
2019-03-15 07:36:25,962 [Forwarding isElementDisplayed on session ebf5bc0b43e1892a4cd7f8272da29841 to remote] DEBUG org.apache.http.wire - http-outgoing-0 << "Content-Type:application/json; charset=utf-8[\r][\n]"
2019-03-15 07:36:25,962 [Forwarding isElementDisplayed on session ebf5bc0b43e1892a4cd7f8272da29841 to remote] DEBUG org.apache.http.wire - http-outgoing-0 << "[\r][\n]"
2019-03-15 07:36:25,962 [Forwarding isElementDisplayed on session ebf5bc0b43e1892a4cd7f8272da29841 to remote] DEBUG org.apache.http.wire - http-outgoing-0 << "{"sessionId":"ebf5bc0b43e1892a4cd7f8272da29841","status":0,"value":false}"
2019-03-15 07:36:25,963 [Forwarding isElementDisplayed on session ebf5bc0b43e1892a4cd7f8272da29841 to remote] DEBUG org.apache.http.headers - http-outgoing-0 << HTTP/1.1 200 OK
2019-03-15 07:36:25,963 [Forwarding isElementDisplayed on session ebf5bc0b43e1892a4cd7f8272da29841 to remote] DEBUG org.apache.http.headers - http-outgoing-0 << Content-Length:73
2019-03-15 07:36:25,963 [Forwarding isElementDisplayed on session ebf5bc0b43e1892a4cd7f8272da29841 to remote] DEBUG org.apache.http.headers - http-outgoing-0 << Content-Type:application/json; charset=utf-8
2019-03-15 07:36:25,963 [Forwarding isElementDisplayed on session ebf5bc0b43e1892a4cd7f8272da29841 to remote] DEBUG org.apache.http.impl.execchain.MainClientExec - Connection can be kept alive indefinitely
2019-03-15 07:36:25,963 [Forwarding isElementDisplayed on session ebf5bc0b43e1892a4cd7f8272da29841 to remote] DEBUG org.apache.http.impl.conn.PoolingHttpClientConnectionManager - Connection [id: 0][route: {}->http://localhost:26602] can be kept alive indefinitely
2019-03-15 07:36:25,963 [Forwarding isElementDisplayed on session ebf5bc0b43e1892a4cd7f8272da29841 to remote] DEBUG org.apache.http.impl.conn.PoolingHttpClientConnectionManager - Connection released: [id: 0][route: {}->http://localhost:26602][total kept alive: 1; route allocated: 1 of 2000; total allocated: 1 of 2000]
2019-03-15 07:36:26,468 [Forwarding findElement on session ebf5bc0b43e1892a4cd7f8272da29841 to remote] DEBUG org.apache.http.client.protocol.RequestAddCookies - CookieSpec selected: default
2019-03-15 07:36:26,468 [Forwarding findElement on session ebf5bc0b43e1892a4cd7f8272da29841 to remote] DEBUG org.apache.http.client.protocol.RequestAuthCache - Auth cache not set in the context
2019-03-15 07:36:26,468 [Forwarding findElement on session ebf5bc0b43e1892a4cd7f8272da29841 to remote] DEBUG org.apache.http.impl.conn.PoolingHttpClientConnectionManager - Connection request: [route: {}->http://localhost:26602][total kept alive: 1; route allocated: 1 of 2000; total allocated: 1 of 2000]
2019-03-15 07:36:26,469 [Forwarding findElement on session ebf5bc0b43e1892a4cd7f8272da29841 to remote] DEBUG org.apache.http.impl.conn.PoolingHttpClientConnectionManager - Connection leased: [id: 0][route: {}->http://localhost:26602][total kept alive: 0; route allocated: 1 of 2000; total allocated: 1 of 2000]
2019-03-15 07:36:26,469 [Forwarding findElement on session ebf5bc0b43e1892a4cd7f8272da29841 to remote] DEBUG org.apache.http.impl.execchain.MainClientExec - Stale connection check
2019-03-15 07:36:26,470 [Forwarding findElement on session ebf5bc0b43e1892a4cd7f8272da29841 to remote] DEBUG org.apache.http.wire - http-outgoing-0 << "[read] I/O error: Read timed out"
2019-03-15 07:36:26,470 [Forwarding findElement on session ebf5bc0b43e1892a4cd7f8272da29841 to remote] DEBUG org.apache.http.impl.conn.DefaultManagedHttpClientConnection - http-outgoing-0: set socket timeout to 10800000
2019-03-15 07:36:26,470 [Forwarding findElement on session ebf5bc0b43e1892a4cd7f8272da29841 to remote] DEBUG org.apache.http.impl.execchain.MainClientExec - Executing request POST /session/ebf5bc0b43e1892a4cd7f8272da29841/element HTTP/1.1
2019-03-15 07:36:26,470 [Forwarding findElement on session ebf5bc0b43e1892a4cd7f8272da29841 to remote] DEBUG org.apache.http.impl.execchain.MainClientExec - Target auth state: UNCHALLENGED
2019-03-15 07:36:26,470 [Forwarding findElement on session ebf5bc0b43e1892a4cd7f8272da29841 to remote] DEBUG org.apache.http.impl.execchain.MainClientExec - Proxy auth state: UNCHALLENGED
2019-03-15 07:36:26,470 [Forwarding findElement on session ebf5bc0b43e1892a4cd7f8272da29841 to remote] DEBUG org.apache.http.headers - http-outgoing-0 >> POST /session/ebf5bc0b43e1892a4cd7f8272da29841/element HTTP/1.1
2019-03-15 07:36:26,470 [Forwarding findElement on session ebf5bc0b43e1892a4cd7f8272da29841 to remote] DEBUG org.apache.http.headers - http-outgoing-0 >> Content-Type: application/json; charset=utf-8
2019-03-15 07:36:26,470 [Forwarding findElement on session ebf5bc0b43e1892a4cd7f8272da29841 to remote] DEBUG org.apache.http.headers - http-outgoing-0 >> Content-Length: 49
2019-03-15 07:36:26,470 [Forwarding findElement on session ebf5bc0b43e1892a4cd7f8272da29841 to remote] DEBUG org.apache.http.headers - http-outgoing-0 >> Host: localhost:26602
2019-03-15 07:36:26,470 [Forwarding findElement on session ebf5bc0b43e1892a4cd7f8272da29841 to remote] DEBUG org.apache.http.headers - http-outgoing-0 >> Connection: Keep-Alive
2019-03-15 07:36:26,470 [Forwarding findElement on session ebf5bc0b43e1892a4cd7f8272da29841 to remote] DEBUG org.apache.http.headers - http-outgoing-0 >> User-Agent: Apache-HttpClient/4.5.3 (Java/1.8.0_191)
2019-03-15 07:36:26,470 [Forwarding findElement on session ebf5bc0b43e1892a4cd7f8272da29841 to remote] DEBUG org.apache.http.headers - http-outgoing-0 >> Accept-Encoding: gzip,deflate
2019-03-15 07:36:26,470 [Forwarding findElement on session ebf5bc0b43e1892a4cd7f8272da29841 to remote] DEBUG org.apache.http.wire - http-outgoing-0 >> "POST /session/ebf5bc0b43e1892a4cd7f8272da29841/element HTTP/1.1[\r][\n]"
2019-03-15 07:36:26,470 [Forwarding findElement on session ebf5bc0b43e1892a4cd7f8272da29841 to remote] DEBUG org.apache.http.wire - http-outgoing-0 >> "Content-Type: application/json; charset=utf-8[\r][\n]"
2019-03-15 07:36:26,470 [Forwarding findElement on session ebf5bc0b43e1892a4cd7f8272da29841 to remote] DEBUG org.apache.http.wire - http-outgoing-0 >> "Content-Length: 49[\r][\n]"
2019-03-15 07:36:26,470 [Forwarding findElement on session ebf5bc0b43e1892a4cd7f8272da29841 to remote] DEBUG org.apache.http.wire - http-outgoing-0 >> "Host: localhost:26602[\r][\n]"
2019-03-15 07:36:26,470 [Forwarding findElement on session ebf5bc0b43e1892a4cd7f8272da29841 to remote] DEBUG org.apache.http.wire - http-outgoing-0 >> "Connection: Keep-Alive[\r][\n]"
2019-03-15 07:36:26,470 [Forwarding findElement on session ebf5bc0b43e1892a4cd7f8272da29841 to remote] DEBUG org.apache.http.wire - http-outgoing-0 >> "User-Agent: Apache-HttpClient/4.5.3 (Java/1.8.0_191)[\r][\n]"
2019-03-15 07:36:26,470 [Forwarding findElement on session ebf5bc0b43e1892a4cd7f8272da29841 to remote] DEBUG org.apache.http.wire - http-outgoing-0 >> "Accept-Encoding: gzip,deflate[\r][\n]"
2019-03-15 07:36:26,470 [Forwarding findElement on session ebf5bc0b43e1892a4cd7f8272da29841 to remote] DEBUG org.apache.http.wire - http-outgoing-0 >> "[\r][\n]"
2019-03-15 07:36:26,470 [Forwarding findElement on session ebf5bc0b43e1892a4cd7f8272da29841 to remote] DEBUG org.apache.http.wire - http-outgoing-0 >> "{"using":"xpath","value":"//*[@name='password']"}"
2019-03-15 07:36:26,526 [Forwarding findElement on session ebf5bc0b43e1892a4cd7f8272da29841 to remote] DEBUG org.apache.http.wire - http-outgoing-0 << "HTTP/1.1 200 OK[\r][\n]"
2019-03-15 07:36:26,526 [Forwarding findElement on session ebf5bc0b43e1892a4cd7f8272da29841 to remote] DEBUG org.apache.http.wire - http-outgoing-0 << "Content-Length:102[\r][\n]"
2019-03-15 07:36:26,526 [Forwarding findElement on session ebf5bc0b43e1892a4cd7f8272da29841 to remote] DEBUG org.apache.http.wire - http-outgoing-0 << "Content-Type:application/json; charset=utf-8[\r][\n]"
2019-03-15 07:36:26,526 [Forwarding findElement on session ebf5bc0b43e1892a4cd7f8272da29841 to remote] DEBUG org.apache.http.wire - http-outgoing-0 << "[\r][\n]"
2019-03-15 07:36:26,526 [Forwarding findElement on session ebf5bc0b43e1892a4cd7f8272da29841 to remote] DEBUG org.apache.http.wire - http-outgoing-0 << "{"sessionId":"ebf5bc0b43e1892a4cd7f8272da29841","status":0,"value":{"ELEMENT":"0.5793661813061162-1"}}"
2019-03-15 07:36:26,527 [Forwarding findElement on session ebf5bc0b43e1892a4cd7f8272da29841 to remote] DEBUG org.apache.http.headers - http-outgoing-0 << HTTP/1.1 200 OK
2019-03-15 07:36:26,527 [Forwarding findElement on session ebf5bc0b43e1892a4cd7f8272da29841 to remote] DEBUG org.apache.http.headers - http-outgoing-0 << Content-Length:102
2019-03-15 07:36:26,527 [Forwarding findElement on session ebf5bc0b43e1892a4cd7f8272da29841 to remote] DEBUG org.apache.http.headers - http-outgoing-0 << Content-Type:application/json; charset=utf-8
2019-03-15 07:36:26,527 [Forwarding findElement on session ebf5bc0b43e1892a4cd7f8272da29841 to remote] DEBUG org.apache.http.impl.execchain.MainClientExec - Connection can be kept alive indefinitely
2019-03-15 07:36:26,527 [Forwarding findElement on session ebf5bc0b43e1892a4cd7f8272da29841 to remote] DEBUG org.apache.http.impl.conn.PoolingHttpClientConnectionManager - Connection [id: 0][route: {}->http://localhost:26602] can be kept alive indefinitely
2019-03-15 07:36:26,527 [Forwarding findElement on session ebf5bc0b43e1892a4cd7f8272da29841 to remote] DEBUG org.apache.http.impl.conn.PoolingHttpClientConnectionManager - Connection released: [id: 0][route: {}->http://localhost:26602][total kept alive: 1; route allocated: 1 of 2000; total allocated: 1 of 2000]
2019-03-15 07:36:26,532 [Forwarding isElementDisplayed on session ebf5bc0b43e1892a4cd7f8272da29841 to remote] DEBUG org.apache.http.client.protocol.RequestAddCookies - CookieSpec selected: default
2019-03-15 07:36:26,532 [Forwarding isElementDisplayed on session ebf5bc0b43e1892a4cd7f8272da29841 to remote] DEBUG org.apache.http.client.protocol.RequestAuthCache - Auth cache not set in the context
2019-03-15 07:36:26,532 [Forwarding isElementDisplayed on session ebf5bc0b43e1892a4cd7f8272da29841 to remote] DEBUG org.apache.http.impl.conn.PoolingHttpClientConnectionManager - Connection request: [route: {}->http://localhost:26602][total kept alive: 1; route allocated: 1 of 2000; total allocated: 1 of 2000]
2019-03-15 07:36:26,532 [Forwarding isElementDisplayed on session ebf5bc0b43e1892a4cd7f8272da29841 to remote] DEBUG org.apache.http.impl.conn.PoolingHttpClientConnectionManager - Connection leased: [id: 0][route: {}->http://localhost:26602][total kept alive: 0; route allocated: 1 of 2000; total allocated: 1 of 2000]
2019-03-15 07:36:26,532 [Forwarding isElementDisplayed on session ebf5bc0b43e1892a4cd7f8272da29841 to remote] DEBUG org.apache.http.impl.execchain.MainClientExec - Stale connection check
2019-03-15 07:36:26,536 [Forwarding isElementDisplayed on session ebf5bc0b43e1892a4cd7f8272da29841 to remote] DEBUG org.apache.http.wire - http-outgoing-0 << "[read] I/O error: Read timed out"
2019-03-15 07:36:26,536 [Forwarding isElementDisplayed on session ebf5bc0b43e1892a4cd7f8272da29841 to remote] DEBUG org.apache.http.impl.conn.DefaultManagedHttpClientConnection - http-outgoing-0: set socket timeout to 10800000
2019-03-15 07:36:26,536 [Forwarding isElementDisplayed on session ebf5bc0b43e1892a4cd7f8272da29841 to remote] DEBUG org.apache.http.impl.execchain.MainClientExec - Executing request GET /session/ebf5bc0b43e1892a4cd7f8272da29841/element/0.5793661813061162-1/displayed HTTP/1.1
2019-03-15 07:36:26,536 [Forwarding isElementDisplayed on session ebf5bc0b43e1892a4cd7f8272da29841 to remote] DEBUG org.apache.http.impl.execchain.MainClientExec - Target auth state: UNCHALLENGED
2019-03-15 07:36:26,536 [Forwarding isElementDisplayed on session ebf5bc0b43e1892a4cd7f8272da29841 to remote] DEBUG org.apache.http.impl.execchain.MainClientExec - Proxy auth state: UNCHALLENGED
2019-03-15 07:36:26,536 [Forwarding isElementDisplayed on session ebf5bc0b43e1892a4cd7f8272da29841 to remote] DEBUG org.apache.http.headers - http-outgoing-0 >> GET /session/ebf5bc0b43e1892a4cd7f8272da29841/element/0.5793661813061162-1/displayed HTTP/1.1
2019-03-15 07:36:26,536 [Forwarding isElementDisplayed on session ebf5bc0b43e1892a4cd7f8272da29841 to remote] DEBUG org.apache.http.headers - http-outgoing-0 >> Cache-Control: no-cache
2019-03-15 07:36:26,536 [Forwarding isElementDisplayed on session ebf5bc0b43e1892a4cd7f8272da29841 to remote] DEBUG org.apache.http.headers - http-outgoing-0 >> Host: localhost:26602
2019-03-15 07:36:26,536 [Forwarding isElementDisplayed on session ebf5bc0b43e1892a4cd7f8272da29841 to remote] DEBUG org.apache.http.headers - http-outgoing-0 >> Connection: Keep-Alive
2019-03-15 07:36:26,536 [Forwarding isElementDisplayed on session ebf5bc0b43e1892a4cd7f8272da29841 to remote] DEBUG org.apache.http.headers - http-outgoing-0 >> User-Agent: Apache-HttpClient/4.5.3 (Java/1.8.0_191)
2019-03-15 07:36:26,536 [Forwarding isElementDisplayed on session ebf5bc0b43e1892a4cd7f8272da29841 to remote] DEBUG org.apache.http.headers - http-outgoing-0 >> Accept-Encoding: gzip,deflate
2019-03-15 07:36:26,536 [Forwarding isElementDisplayed on session ebf5bc0b43e1892a4cd7f8272da29841 to remote] DEBUG org.apache.http.wire - http-outgoing-0 >> "GET /session/ebf5bc0b43e1892a4cd7f8272da29841/element/0.5793661813061162-1/displayed HTTP/1.1[\r][\n]"
2019-03-15 07:36:26,536 [Forwarding isElementDisplayed on session ebf5bc0b43e1892a4cd7f8272da29841 to remote] DEBUG org.apache.http.wire - http-outgoing-0 >> "Cache-Control: no-cache[\r][\n]"
2019-03-15 07:36:26,536 [Forwarding isElementDisplayed on session ebf5bc0b43e1892a4cd7f8272da29841 to remote] DEBUG org.apache.http.wire - http-outgoing-0 >> "Host: localhost:26602[\r][\n]"
2019-03-15 07:36:26,536 [Forwarding isElementDisplayed on session ebf5bc0b43e1892a4cd7f8272da29841 to remote] DEBUG org.apache.http.wire - http-outgoing-0 >> "Connection: Keep-Alive[\r][\n]"
2019-03-15 07:36:26,536 [Forwarding isElementDisplayed on session ebf5bc0b43e1892a4cd7f8272da29841 to remote] DEBUG org.apache.http.wire - http-outgoing-0 >> "User-Agent: Apache-HttpClient/4.5.3 (Java/1.8.0_191)[\r][\n]"
2019-03-15 07:36:26,536 [Forwarding isElementDisplayed on session ebf5bc0b43e1892a4cd7f8272da29841 to remote] DEBUG org.apache.http.wire - http-outgoing-0 >> "Accept-Encoding: gzip,deflate[\r][\n]"
2019-03-15 07:36:26,536 [Forwarding isElementDisplayed on session ebf5bc0b43e1892a4cd7f8272da29841 to remote] DEBUG org.apache.http.wire - http-outgoing-0 >> "[\r][\n]"
2019-03-15 07:36:26,582 [Forwarding isElementDisplayed on session ebf5bc0b43e1892a4cd7f8272da29841 to remote] DEBUG org.apache.http.wire - http-outgoing-0 << "HTTP/1.1 200 OK[\r][\n]"
2019-03-15 07:36:26,582 [Forwarding isElementDisplayed on session ebf5bc0b43e1892a4cd7f8272da29841 to remote] DEBUG org.apache.http.wire - http-outgoing-0 << "Content-Length:73[\r][\n]"
2019-03-15 07:36:26,582 [Forwarding isElementDisplayed on session ebf5bc0b43e1892a4cd7f8272da29841 to remote] DEBUG org.apache.http.wire - http-outgoing-0 << "Content-Type:application/json; charset=utf-8[\r][\n]"
2019-03-15 07:36:26,582 [Forwarding isElementDisplayed on session ebf5bc0b43e1892a4cd7f8272da29841 to remote] DEBUG org.apache.http.wire - http-outgoing-0 << "[\r][\n]"
2019-03-15 07:36:26,582 [Forwarding isElementDisplayed on session ebf5bc0b43e1892a4cd7f8272da29841 to remote] DEBUG org.apache.http.wire - http-outgoing-0 << "{"sessionId":"ebf5bc0b43e1892a4cd7f8272da29841","status":0,"value":false}"
2019-03-15 07:36:26,583 [Forwarding isElementDisplayed on session ebf5bc0b43e1892a4cd7f8272da29841 to remote] DEBUG org.apache.http.headers - http-outgoing-0 << HTTP/1.1 200 OK
2019-03-15 07:36:26,583 [Forwarding isElementDisplayed on session ebf5bc0b43e1892a4cd7f8272da29841 to remote] DEBUG org.apache.http.headers - http-outgoing-0 << Content-Length:73
2019-03-15 07:36:26,583 [Forwarding isElementDisplayed on session ebf5bc0b43e1892a4cd7f8272da29841 to remote] DEBUG org.apache.http.headers - http-outgoing-0 << Content-Type:application/json; charset=utf-8
2019-03-15 07:36:26,583 [Forwarding isElementDisplayed on session ebf5bc0b43e1892a4cd7f8272da29841 to remote] DEBUG org.apache.http.impl.execchain.MainClientExec - Connection can be kept alive indefinitely
2019-03-15 07:36:26,583 [Forwarding isElementDisplayed on session ebf5bc0b43e1892a4cd7f8272da29841 to remote] DEBUG org.apache.http.impl.conn.PoolingHttpClientConnectionManager - Connection [id: 0][route: {}->http://localhost:26602] can be kept alive indefinitely
2019-03-15 07:36:26,583 [Forwarding isElementDisplayed on session ebf5bc0b43e1892a4cd7f8272da29841 to remote] DEBUG org.apache.http.impl.conn.PoolingHttpClientConnectionManager - Connection released: [id: 0][route: {}->http://localhost:26602][total kept alive: 1; route allocated: 1 of 2000; total allocated: 1 of 2000]
2019-03-15 07:36:27,086 [Forwarding findElement on session ebf5bc0b43e1892a4cd7f8272da29841 to remote] DEBUG org.apache.http.client.protocol.RequestAddCookies - CookieSpec selected: default
2019-03-15 07:36:27,087 [Forwarding findElement on session ebf5bc0b43e1892a4cd7f8272da29841 to remote] DEBUG org.apache.http.client.protocol.RequestAuthCache - Auth cache not set in the context
2019-03-15 07:36:27,087 [Forwarding findElement on session ebf5bc0b43e1892a4cd7f8272da29841 to remote] DEBUG org.apache.http.impl.conn.PoolingHttpClientConnectionManager - Connection request: [route: {}->http://localhost:26602][total kept alive: 1; route allocated: 1 of 2000; total allocated: 1 of 2000]
2019-03-15 07:36:27,087 [Forwarding findElement on session ebf5bc0b43e1892a4cd7f8272da29841 to remote] DEBUG org.apache.http.impl.conn.PoolingHttpClientConnectionManager - Connection leased: [id: 0][route: {}->http://localhost:26602][total kept alive: 0; route allocated: 1 of 2000; total allocated: 1 of 2000]
2019-03-15 07:36:27,087 [Forwarding findElement on session ebf5bc0b43e1892a4cd7f8272da29841 to remote] DEBUG org.apache.http.impl.execchain.MainClientExec - Stale connection check
2019-03-15 07:36:27,088 [Forwarding findElement on session ebf5bc0b43e1892a4cd7f8272da29841 to remote] DEBUG org.apache.http.wire - http-outgoing-0 << "[read] I/O error: Read timed out"
2019-03-15 07:36:27,088 [Forwarding findElement on session ebf5bc0b43e1892a4cd7f8272da29841 to remote] DEBUG org.apache.http.impl.conn.DefaultManagedHttpClientConnection - http-outgoing-0: set socket timeout to 10800000
2019-03-15 07:36:27,088 [Forwarding findElement on session ebf5bc0b43e1892a4cd7f8272da29841 to remote] DEBUG org.apache.http.impl.execchain.MainClientExec - Executing request POST /session/ebf5bc0b43e1892a4cd7f8272da29841/element HTTP/1.1
2019-03-15 07:36:27,088 [Forwarding findElement on session ebf5bc0b43e1892a4cd7f8272da29841 to remote] DEBUG org.apache.http.impl.execchain.MainClientExec - Target auth state: UNCHALLENGED
2019-03-15 07:36:27,088 [Forwarding findElement on session ebf5bc0b43e1892a4cd7f8272da29841 to remote] DEBUG org.apache.http.impl.execchain.MainClientExec - Proxy auth state: UNCHALLENGED
2019-03-15 07:36:27,088 [Forwarding findElement on session ebf5bc0b43e1892a4cd7f8272da29841 to remote] DEBUG org.apache.http.headers - http-outgoing-0 >> POST /session/ebf5bc0b43e1892a4cd7f8272da29841/element HTTP/1.1
2019-03-15 07:36:27,088 [Forwarding findElement on session ebf5bc0b43e1892a4cd7f8272da29841 to remote] DEBUG org.apache.http.headers - http-outgoing-0 >> Content-Type: application/json; charset=utf-8
2019-03-15 07:36:27,088 [Forwarding findElement on session ebf5bc0b43e1892a4cd7f8272da29841 to remote] DEBUG org.apache.http.headers - http-outgoing-0 >> Content-Length: 49
2019-03-15 07:36:27,088 [Forwarding findElement on session ebf5bc0b43e1892a4cd7f8272da29841 to remote] DEBUG org.apache.http.headers - http-outgoing-0 >> Host: localhost:26602
2019-03-15 07:36:27,088 [Forwarding findElement on session ebf5bc0b43e1892a4cd7f8272da29841 to remote] DEBUG org.apache.http.headers - http-outgoing-0 >> Connection: Keep-Alive
2019-03-15 07:36:27,088 [Forwarding findElement on session ebf5bc0b43e1892a4cd7f8272da29841 to remote] DEBUG org.apache.http.headers - http-outgoing-0 >> User-Agent: Apache-HttpClient/4.5.3 (Java/1.8.0_191)
2019-03-15 07:36:27,088 [Forwarding findElement on session ebf5bc0b43e1892a4cd7f8272da29841 to remote] DEBUG org.apache.http.headers - http-outgoing-0 >> Accept-Encoding: gzip,deflate
2019-03-15 07:36:27,088 [Forwarding findElement on session ebf5bc0b43e1892a4cd7f8272da29841 to remote] DEBUG org.apache.http.wire - http-outgoing-0 >> "POST /session/ebf5bc0b43e1892a4cd7f8272da29841/element HTTP/1.1[\r][\n]"
2019-03-15 07:36:27,088 [Forwarding findElement on session ebf5bc0b43e1892a4cd7f8272da29841 to remote] DEBUG org.apache.http.wire - http-outgoing-0 >> "Content-Type: application/json; charset=utf-8[\r][\n]"
2019-03-15 07:36:27,088 [Forwarding findElement on session ebf5bc0b43e1892a4cd7f8272da29841 to remote] DEBUG org.apache.http.wire - http-outgoing-0 >> "Content-Length: 49[\r][\n]"
2019-03-15 07:36:27,088 [Forwarding findElement on session ebf5bc0b43e1892a4cd7f8272da29841 to remote] DEBUG org.apache.http.wire - http-outgoing-0 >> "Host: localhost:26602[\r][\n]"
2019-03-15 07:36:27,088 [Forwarding findElement on session ebf5bc0b43e1892a4cd7f8272da29841 to remote] DEBUG org.apache.http.wire - http-outgoing-0 >> "Connection: Keep-Alive[\r][\n]"
2019-03-15 07:36:27,088 [Forwarding findElement on session ebf5bc0b43e1892a4cd7f8272da29841 to remote] DEBUG org.apache.http.wire - http-outgoing-0 >> "User-Agent: Apache-HttpClient/4.5.3 (Java/1.8.0_191)[\r][\n]"
2019-03-15 07:36:27,088 [Forwarding findElement on session ebf5bc0b43e1892a4cd7f8272da29841 to remote] DEBUG org.apache.http.wire - http-outgoing-0 >> "Accept-Encoding: gzip,deflate[\r][\n]"
2019-03-15 07:36:27,088 [Forwarding findElement on session ebf5bc0b43e1892a4cd7f8272da29841 to remote] DEBUG org.apache.http.wire - http-outgoing-0 >> "[\r][\n]"
2019-03-15 07:36:27,089 [Forwarding findElement on session ebf5bc0b43e1892a4cd7f8272da29841 to remote] DEBUG org.apache.http.wire - http-outgoing-0 >> "{"using":"xpath","value":"//*[@name='password']"}"
2019-03-15 07:36:27,117 [Forwarding findElement on session ebf5bc0b43e1892a4cd7f8272da29841 to remote] DEBUG org.apache.http.wire - http-outgoing-0 << "HTTP/1.1 200 OK[\r][\n]"
2019-03-15 07:36:27,117 [Forwarding findElement on session ebf5bc0b43e1892a4cd7f8272da29841 to remote] DEBUG org.apache.http.wire - http-outgoing-0 << "Content-Length:102[\r][\n]"
2019-03-15 07:36:27,117 [Forwarding findElement on session ebf5bc0b43e1892a4cd7f8272da29841 to remote] DEBUG org.apache.http.wire - http-outgoing-0 << "Content-Type:application/json; charset=utf-8[\r][\n]"
2019-03-15 07:36:27,117 [Forwarding findElement on session ebf5bc0b43e1892a4cd7f8272da29841 to remote] DEBUG org.apache.http.wire - http-outgoing-0 << "[\r][\n]"
2019-03-15 07:36:27,117 [Forwarding findElement on session ebf5bc0b43e1892a4cd7f8272da29841 to remote] DEBUG org.apache.http.wire - http-outgoing-0 << "{"sessionId":"ebf5bc0b43e1892a4cd7f8272da29841","status":0,"value":{"ELEMENT":"0.5793661813061162-1"}}"
2019-03-15 07:36:27,118 [Forwarding findElement on session ebf5bc0b43e1892a4cd7f8272da29841 to remote] DEBUG org.apache.http.headers - http-outgoing-0 << HTTP/1.1 200 OK
2019-03-15 07:36:27,118 [Forwarding findElement on session ebf5bc0b43e1892a4cd7f8272da29841 to remote] DEBUG org.apache.http.headers - http-outgoing-0 << Content-Length:102
2019-03-15 07:36:27,118 [Forwarding findElement on session ebf5bc0b43e1892a4cd7f8272da29841 to remote] DEBUG org.apache.http.headers - http-outgoing-0 << Content-Type:application/json; charset=utf-8
2019-03-15 07:36:27,118 [Forwarding findElement on session ebf5bc0b43e1892a4cd7f8272da29841 to remote] DEBUG org.apache.http.impl.execchain.MainClientExec - Connection can be kept alive indefinitely
2019-03-15 07:36:27,118 [Forwarding findElement on session ebf5bc0b43e1892a4cd7f8272da29841 to remote] DEBUG org.apache.http.impl.conn.PoolingHttpClientConnectionManager - Connection [id: 0][route: {}->http://localhost:26602] can be kept alive indefinitely
2019-03-15 07:36:27,118 [Forwarding findElement on session ebf5bc0b43e1892a4cd7f8272da29841 to remote] DEBUG org.apache.http.impl.conn.PoolingHttpClientConnectionManager - Connection released: [id: 0][route: {}->http://localhost:26602][total kept alive: 1; route allocated: 1 of 2000; total allocated: 1 of 2000]
2019-03-15 07:36:27,122 [Forwarding isElementDisplayed on session ebf5bc0b43e1892a4cd7f8272da29841 to remote] DEBUG org.apache.http.client.protocol.RequestAddCookies - CookieSpec selected: default
2019-03-15 07:36:27,122 [Forwarding isElementDisplayed on session ebf5bc0b43e1892a4cd7f8272da29841 to remote] DEBUG org.apache.http.client.protocol.RequestAuthCache - Auth cache not set in the context
2019-03-15 07:36:27,122 [Forwarding isElementDisplayed on session ebf5bc0b43e1892a4cd7f8272da29841 to remote] DEBUG org.apache.http.impl.conn.PoolingHttpClientConnectionManager - Connection request: [route: {}->http://localhost:26602][total kept alive: 1; route allocated: 1 of 2000; total allocated: 1 of 2000]
2019-03-15 07:36:27,122 [Forwarding isElementDisplayed on session ebf5bc0b43e1892a4cd7f8272da29841 to remote] DEBUG org.apache.http.impl.conn.PoolingHttpClientConnectionManager - Connection leased: [id: 0][route: {}->http://localhost:26602][total kept alive: 0; route allocated: 1 of 2000; total allocated: 1 of 2000]
2019-03-15 07:36:27,122 [Forwarding isElementDisplayed on session ebf5bc0b43e1892a4cd7f8272da29841 to remote] DEBUG org.apache.http.impl.execchain.MainClientExec - Stale connection check
2019-03-15 07:36:27,123 [Forwarding isElementDisplayed on session ebf5bc0b43e1892a4cd7f8272da29841 to remote] DEBUG org.apache.http.wire - http-outgoing-0 << "[read] I/O error: Read timed out"
2019-03-15 07:36:27,123 [Forwarding isElementDisplayed on session ebf5bc0b43e1892a4cd7f8272da29841 to remote] DEBUG org.apache.http.impl.conn.DefaultManagedHttpClientConnection - http-outgoing-0: set socket timeout to 10800000
2019-03-15 07:36:27,123 [Forwarding isElementDisplayed on session ebf5bc0b43e1892a4cd7f8272da29841 to remote] DEBUG org.apache.http.impl.execchain.MainClientExec - Executing request GET /session/ebf5bc0b43e1892a4cd7f8272da29841/element/0.5793661813061162-1/displayed HTTP/1.1
2019-03-15 07:36:27,123 [Forwarding isElementDisplayed on session ebf5bc0b43e1892a4cd7f8272da29841 to remote] DEBUG org.apache.http.impl.execchain.MainClientExec - Target auth state: UNCHALLENGED
2019-03-15 07:36:27,123 [Forwarding isElementDisplayed on session ebf5bc0b43e1892a4cd7f8272da29841 to remote] DEBUG org.apache.http.impl.execchain.MainClientExec - Proxy auth state: UNCHALLENGED
2019-03-15 07:36:27,123 [Forwarding isElementDisplayed on session ebf5bc0b43e1892a4cd7f8272da29841 to remote] DEBUG org.apache.http.headers - http-outgoing-0 >> GET /session/ebf5bc0b43e1892a4cd7f8272da29841/element/0.5793661813061162-1/displayed HTTP/1.1
2019-03-15 07:36:27,123 [Forwarding isElementDisplayed on session ebf5bc0b43e1892a4cd7f8272da29841 to remote] DEBUG org.apache.http.headers - http-outgoing-0 >> Cache-Control: no-cache
2019-03-15 07:36:27,123 [Forwarding isElementDisplayed on session ebf5bc0b43e1892a4cd7f8272da29841 to remote] DEBUG org.apache.http.headers - http-outgoing-0 >> Host: localhost:26602
2019-03-15 07:36:27,123 [Forwarding isElementDisplayed on session ebf5bc0b43e1892a4cd7f8272da29841 to remote] DEBUG org.apache.http.headers - http-outgoing-0 >> Connection: Keep-Alive
2019-03-15 07:36:27,123 [Forwarding isElementDisplayed on session ebf5bc0b43e1892a4cd7f8272da29841 to remote] DEBUG org.apache.http.headers - http-outgoing-0 >> User-Agent: Apache-HttpClient/4.5.3 (Java/1.8.0_191)
2019-03-15 07:36:27,123 [Forwarding isElementDisplayed on session ebf5bc0b43e1892a4cd7f8272da29841 to remote] DEBUG org.apache.http.headers - http-outgoing-0 >> Accept-Encoding: gzip,deflate
2019-03-15 07:36:27,123 [Forwarding isElementDisplayed on session ebf5bc0b43e1892a4cd7f8272da29841 to remote] DEBUG org.apache.http.wire - http-outgoing-0 >> "GET /session/ebf5bc0b43e1892a4cd7f8272da29841/element/0.5793661813061162-1/displayed HTTP/1.1[\r][\n]"
2019-03-15 07:36:27,123 [Forwarding isElementDisplayed on session ebf5bc0b43e1892a4cd7f8272da29841 to remote] DEBUG org.apache.http.wire - http-outgoing-0 >> "Cache-Control: no-cache[\r][\n]"
2019-03-15 07:36:27,123 [Forwarding isElementDisplayed on session ebf5bc0b43e1892a4cd7f8272da29841 to remote] DEBUG org.apache.http.wire - http-outgoing-0 >> "Host: localhost:26602[\r][\n]"
2019-03-15 07:36:27,123 [Forwarding isElementDisplayed on session ebf5bc0b43e1892a4cd7f8272da29841 to remote] DEBUG org.apache.http.wire - http-outgoing-0 >> "Connection: Keep-Alive[\r][\n]"
2019-03-15 07:36:27,123 [Forwarding isElementDisplayed on session ebf5bc0b43e1892a4cd7f8272da29841 to remote] DEBUG org.apache.http.wire - http-outgoing-0 >> "User-Agent: Apache-HttpClient/4.5.3 (Java/1.8.0_191)[\r][\n]"
2019-03-15 07:36:27,123 [Forwarding isElementDisplayed on session ebf5bc0b43e1892a4cd7f8272da29841 to remote] DEBUG org.apache.http.wire - http-outgoing-0 >> "Accept-Encoding: gzip,deflate[\r][\n]"
2019-03-15 07:36:27,123 [Forwarding isElementDisplayed on session ebf5bc0b43e1892a4cd7f8272da29841 to remote] DEBUG org.apache.http.wire - http-outgoing-0 >> "[\r][\n]"
2019-03-15 07:36:27,150 [Forwarding isElementDisplayed on session ebf5bc0b43e1892a4cd7f8272da29841 to remote] DEBUG org.apache.http.wire - http-outgoing-0 << "HTTP/1.1 200 OK[\r][\n]"
2019-03-15 07:36:27,151 [Forwarding isElementDisplayed on session ebf5bc0b43e1892a4cd7f8272da29841 to remote] DEBUG org.apache.http.wire - http-outgoing-0 << "Content-Length:73[\r][\n]"
2019-03-15 07:36:27,151 [Forwarding isElementDisplayed on session ebf5bc0b43e1892a4cd7f8272da29841 to remote] DEBUG org.apache.http.wire - http-outgoing-0 << "Content-Type:application/json; charset=utf-8[\r][\n]"
2019-03-15 07:36:27,151 [Forwarding isElementDisplayed on session ebf5bc0b43e1892a4cd7f8272da29841 to remote] DEBUG org.apache.http.wire - http-outgoing-0 << "[\r][\n]"
2019-03-15 07:36:27,151 [Forwarding isElementDisplayed on session ebf5bc0b43e1892a4cd7f8272da29841 to remote] DEBUG org.apache.http.wire - http-outgoing-0 << "{"sessionId":"ebf5bc0b43e1892a4cd7f8272da29841","status":0,"value":false}"
2019-03-15 07:36:27,151 [Forwarding isElementDisplayed on session ebf5bc0b43e1892a4cd7f8272da29841 to remote] DEBUG org.apache.http.headers - http-outgoing-0 << HTTP/1.1 200 OK
2019-03-15 07:36:27,151 [Forwarding isElementDisplayed on session ebf5bc0b43e1892a4cd7f8272da29841 to remote] DEBUG org.apache.http.headers - http-outgoing-0 << Content-Length:73
2019-03-15 07:36:27,151 [Forwarding isElementDisplayed on session ebf5bc0b43e1892a4cd7f8272da29841 to remote] DEBUG org.apache.http.headers - http-outgoing-0 << Content-Type:application/json; charset=utf-8
2019-03-15 07:36:27,151 [Forwarding isElementDisplayed on session ebf5bc0b43e1892a4cd7f8272da29841 to remote] DEBUG org.apache.http.impl.execchain.MainClientExec - Connection can be kept alive indefinitely
2019-03-15 07:36:27,151 [Forwarding isElementDisplayed on session ebf5bc0b43e1892a4cd7f8272da29841 to remote] DEBUG org.apache.http.impl.conn.PoolingHttpClientConnectionManager - Connection [id: 0][route: {}->http://localhost:26602] can be kept alive indefinitely
2019-03-15 07:36:27,151 [Forwarding isElementDisplayed on session ebf5bc0b43e1892a4cd7f8272da29841 to remote] DEBUG org.apache.http.impl.conn.PoolingHttpClientConnectionManager - Connection released: [id: 0][route: {}->http://localhost:26602][total kept alive: 1; route allocated: 1 of 2000; total allocated: 1 of 2000]
2019-03-15 07:36:27,654 [Forwarding findElement on session ebf5bc0b43e1892a4cd7f8272da29841 to remote] DEBUG org.apache.http.client.protocol.RequestAddCookies - CookieSpec selected: default
2019-03-15 07:36:27,655 [Forwarding findElement on session ebf5bc0b43e1892a4cd7f8272da29841 to remote] DEBUG org.apache.http.client.protocol.RequestAuthCache - Auth cache not set in the context
2019-03-15 07:36:27,655 [Forwarding findElement on session ebf5bc0b43e1892a4cd7f8272da29841 to remote] DEBUG org.apache.http.impl.conn.PoolingHttpClientConnectionManager - Connection request: [route: {}->http://localhost:26602][total kept alive: 1; route allocated: 1 of 2000; total allocated: 1 of 2000]
2019-03-15 07:36:27,655 [Forwarding findElement on session ebf5bc0b43e1892a4cd7f8272da29841 to remote] DEBUG org.apache.http.impl.conn.PoolingHttpClientConnectionManager - Connection leased: [id: 0][route: {}->http://localhost:26602][total kept alive: 0; route allocated: 1 of 2000; total allocated: 1 of 2000]
2019-03-15 07:36:27,655 [Forwarding findElement on session ebf5bc0b43e1892a4cd7f8272da29841 to remote] DEBUG org.apache.http.impl.execchain.MainClientExec - Stale connection check
2019-03-15 07:36:27,661 [Forwarding findElement on session ebf5bc0b43e1892a4cd7f8272da29841 to remote] DEBUG org.apache.http.wire - http-outgoing-0 << "[read] I/O error: Read timed out"
2019-03-15 07:36:27,661 [Forwarding findElement on session ebf5bc0b43e1892a4cd7f8272da29841 to remote] DEBUG org.apache.http.impl.conn.DefaultManagedHttpClientConnection - http-outgoing-0: set socket timeout to 10800000
2019-03-15 07:36:27,661 [Forwarding findElement on session ebf5bc0b43e1892a4cd7f8272da29841 to remote] DEBUG org.apache.http.impl.execchain.MainClientExec - Executing request POST /session/ebf5bc0b43e1892a4cd7f8272da29841/element HTTP/1.1
2019-03-15 07:36:27,661 [Forwarding findElement on session ebf5bc0b43e1892a4cd7f8272da29841 to remote] DEBUG org.apache.http.impl.execchain.MainClientExec - Target auth state: UNCHALLENGED
2019-03-15 07:36:27,661 [Forwarding findElement on session ebf5bc0b43e1892a4cd7f8272da29841 to remote] DEBUG org.apache.http.impl.execchain.MainClientExec - Proxy auth state: UNCHALLENGED
2019-03-15 07:36:27,661 [Forwarding findElement on session ebf5bc0b43e1892a4cd7f8272da29841 to remote] DEBUG org.apache.http.headers - http-outgoing-0 >> POST /session/ebf5bc0b43e1892a4cd7f8272da29841/element HTTP/1.1
2019-03-15 07:36:27,661 [Forwarding findElement on session ebf5bc0b43e1892a4cd7f8272da29841 to remote] DEBUG org.apache.http.headers - http-outgoing-0 >> Content-Type: application/json; charset=utf-8
2019-03-15 07:36:27,661 [Forwarding findElement on session ebf5bc0b43e1892a4cd7f8272da29841 to remote] DEBUG org.apache.http.headers - http-outgoing-0 >> Content-Length: 49
2019-03-15 07:36:27,661 [Forwarding findElement on session ebf5bc0b43e1892a4cd7f8272da29841 to remote] DEBUG org.apache.http.headers - http-outgoing-0 >> Host: localhost:26602
2019-03-15 07:36:27,661 [Forwarding findElement on session ebf5bc0b43e1892a4cd7f8272da29841 to remote] DEBUG org.apache.http.headers - http-outgoing-0 >> Connection: Keep-Alive
2019-03-15 07:36:27,661 [Forwarding findElement on session ebf5bc0b43e1892a4cd7f8272da29841 to remote] DEBUG org.apache.http.headers - http-outgoing-0 >> User-Agent: Apache-HttpClient/4.5.3 (Java/1.8.0_191)
2019-03-15 07:36:27,661 [Forwarding findElement on session ebf5bc0b43e1892a4cd7f8272da29841 to remote] DEBUG org.apache.http.headers - http-outgoing-0 >> Accept-Encoding: gzip,deflate
2019-03-15 07:36:27,661 [Forwarding findElement on session ebf5bc0b43e1892a4cd7f8272da29841 to remote] DEBUG org.apache.http.wire - http-outgoing-0 >> "POST /session/ebf5bc0b43e1892a4cd7f8272da29841/element HTTP/1.1[\r][\n]"
2019-03-15 07:36:27,661 [Forwarding findElement on session ebf5bc0b43e1892a4cd7f8272da29841 to remote] DEBUG org.apache.http.wire - http-outgoing-0 >> "Content-Type: application/json; charset=utf-8[\r][\n]"
2019-03-15 07:36:27,661 [Forwarding findElement on session ebf5bc0b43e1892a4cd7f8272da29841 to remote] DEBUG org.apache.http.wire - http-outgoing-0 >> "Content-Length: 49[\r][\n]"
2019-03-15 07:36:27,661 [Forwarding findElement on session ebf5bc0b43e1892a4cd7f8272da29841 to remote] DEBUG org.apache.http.wire - http-outgoing-0 >> "Host: localhost:26602[\r][\n]"
2019-03-15 07:36:27,661 [Forwarding findElement on session ebf5bc0b43e1892a4cd7f8272da29841 to remote] DEBUG org.apache.http.wire - http-outgoing-0 >> "Connection: Keep-Alive[\r][\n]"
2019-03-15 07:36:27,662 [Forwarding findElement on session ebf5bc0b43e1892a4cd7f8272da29841 to remote] DEBUG org.apache.http.wire - http-outgoing-0 >> "User-Agent: Apache-HttpClient/4.5.3 (Java/1.8.0_191)[\r][\n]"
2019-03-15 07:36:27,662 [Forwarding findElement on session ebf5bc0b43e1892a4cd7f8272da29841 to remote] DEBUG org.apache.http.wire - http-outgoing-0 >> "Accept-Encoding: gzip,deflate[\r][\n]"
2019-03-15 07:36:27,662 [Forwarding findElement on session ebf5bc0b43e1892a4cd7f8272da29841 to remote] DEBUG org.apache.http.wire - http-outgoing-0 >> "[\r][\n]"
2019-03-15 07:36:27,662 [Forwarding findElement on session ebf5bc0b43e1892a4cd7f8272da29841 to remote] DEBUG org.apache.http.wire - http-outgoing-0 >> "{"using":"xpath","value":"//*[@name='password']"}"
2019-03-15 07:36:27,708 [Forwarding findElement on session ebf5bc0b43e1892a4cd7f8272da29841 to remote] DEBUG org.apache.http.wire - http-outgoing-0 << "HTTP/1.1 200 OK[\r][\n]"
2019-03-15 07:36:27,709 [Forwarding findElement on session ebf5bc0b43e1892a4cd7f8272da29841 to remote] DEBUG org.apache.http.wire - http-outgoing-0 << "Content-Length:102[\r][\n]"
2019-03-15 07:36:27,709 [Forwarding findElement on session ebf5bc0b43e1892a4cd7f8272da29841 to remote] DEBUG org.apache.http.wire - http-outgoing-0 << "Content-Type:application/json; charset=utf-8[\r][\n]"
2019-03-15 07:36:27,709 [Forwarding findElement on session ebf5bc0b43e1892a4cd7f8272da29841 to remote] DEBUG org.apache.http.wire - http-outgoing-0 << "[\r][\n]"
2019-03-15 07:36:27,709 [Forwarding findElement on session ebf5bc0b43e1892a4cd7f8272da29841 to remote] DEBUG org.apache.http.wire - http-outgoing-0 << "{"sessionId":"ebf5bc0b43e1892a4cd7f8272da29841","status":0,"value":{"ELEMENT":"0.5793661813061162-1"}}"
2019-03-15 07:36:27,709 [Forwarding findElement on session ebf5bc0b43e1892a4cd7f8272da29841 to remote] DEBUG org.apache.http.headers - http-outgoing-0 << HTTP/1.1 200 OK
2019-03-15 07:36:27,709 [Forwarding findElement on session ebf5bc0b43e1892a4cd7f8272da29841 to remote] DEBUG org.apache.http.headers - http-outgoing-0 << Content-Length:102
2019-03-15 07:36:27,709 [Forwarding findElement on session ebf5bc0b43e1892a4cd7f8272da29841 to remote] DEBUG org.apache.http.headers - http-outgoing-0 << Content-Type:application/json; charset=utf-8
2019-03-15 07:36:27,709 [Forwarding findElement on session ebf5bc0b43e1892a4cd7f8272da29841 to remote] DEBUG org.apache.http.impl.execchain.MainClientExec - Connection can be kept alive indefinitely
2019-03-15 07:36:27,709 [Forwarding findElement on session ebf5bc0b43e1892a4cd7f8272da29841 to remote] DEBUG org.apache.http.impl.conn.PoolingHttpClientConnectionManager - Connection [id: 0][route: {}->http://localhost:26602] can be kept alive indefinitely
2019-03-15 07:36:27,710 [Forwarding findElement on session ebf5bc0b43e1892a4cd7f8272da29841 to remote] DEBUG org.apache.http.impl.conn.PoolingHttpClientConnectionManager - Connection released: [id: 0][route: {}->http://localhost:26602][total kept alive: 1; route allocated: 1 of 2000; total allocated: 1 of 2000]
2019-03-15 07:36:27,721 [Forwarding isElementDisplayed on session ebf5bc0b43e1892a4cd7f8272da29841 to remote] DEBUG org.apache.http.client.protocol.RequestAddCookies - CookieSpec selected: default
2019-03-15 07:36:27,721 [Forwarding isElementDisplayed on session ebf5bc0b43e1892a4cd7f8272da29841 to remote] DEBUG org.apache.http.client.protocol.RequestAuthCache - Auth cache not set in the context
2019-03-15 07:36:27,721 [Forwarding isElementDisplayed on session ebf5bc0b43e1892a4cd7f8272da29841 to remote] DEBUG org.apache.http.impl.conn.PoolingHttpClientConnectionManager - Connection request: [route: {}->http://localhost:26602][total kept alive: 1; route allocated: 1 of 2000; total allocated: 1 of 2000]
2019-03-15 07:36:27,722 [Forwarding isElementDisplayed on session ebf5bc0b43e1892a4cd7f8272da29841 to remote] DEBUG org.apache.http.impl.conn.PoolingHttpClientConnectionManager - Connection leased: [id: 0][route: {}->http://localhost:26602][total kept alive: 0; route allocated: 1 of 2000; total allocated: 1 of 2000]
2019-03-15 07:36:27,722 [Forwarding isElementDisplayed on session ebf5bc0b43e1892a4cd7f8272da29841 to remote] DEBUG org.apache.http.impl.execchain.MainClientExec - Stale connection check
2019-03-15 07:36:27,728 [Forwarding isElementDisplayed on session ebf5bc0b43e1892a4cd7f8272da29841 to remote] DEBUG org.apache.http.wire - http-outgoing-0 << "[read] I/O error: Read timed out"
2019-03-15 07:36:27,728 [Forwarding isElementDisplayed on session ebf5bc0b43e1892a4cd7f8272da29841 to remote] DEBUG org.apache.http.impl.conn.DefaultManagedHttpClientConnection - http-outgoing-0: set socket timeout to 10800000
2019-03-15 07:36:27,728 [Forwarding isElementDisplayed on session ebf5bc0b43e1892a4cd7f8272da29841 to remote] DEBUG org.apache.http.impl.execchain.MainClientExec - Executing request GET /session/ebf5bc0b43e1892a4cd7f8272da29841/element/0.5793661813061162-1/displayed HTTP/1.1
2019-03-15 07:36:27,728 [Forwarding isElementDisplayed on session ebf5bc0b43e1892a4cd7f8272da29841 to remote] DEBUG org.apache.http.impl.execchain.MainClientExec - Target auth state: UNCHALLENGED
2019-03-15 07:36:27,728 [Forwarding isElementDisplayed on session ebf5bc0b43e1892a4cd7f8272da29841 to remote] DEBUG org.apache.http.impl.execchain.MainClientExec - Proxy auth state: UNCHALLENGED
2019-03-15 07:36:27,728 [Forwarding isElementDisplayed on session ebf5bc0b43e1892a4cd7f8272da29841 to remote] DEBUG org.apache.http.headers - http-outgoing-0 >> GET /session/ebf5bc0b43e1892a4cd7f8272da29841/element/0.5793661813061162-1/displayed HTTP/1.1
2019-03-15 07:36:27,728 [Forwarding isElementDisplayed on session ebf5bc0b43e1892a4cd7f8272da29841 to remote] DEBUG org.apache.http.headers - http-outgoing-0 >> Cache-Control: no-cache
2019-03-15 07:36:27,728 [Forwarding isElementDisplayed on session ebf5bc0b43e1892a4cd7f8272da29841 to remote] DEBUG org.apache.http.headers - http-outgoing-0 >> Host: localhost:26602
2019-03-15 07:36:27,728 [Forwarding isElementDisplayed on session ebf5bc0b43e1892a4cd7f8272da29841 to remote] DEBUG org.apache.http.headers - http-outgoing-0 >> Connection: Keep-Alive
2019-03-15 07:36:27,728 [Forwarding isElementDisplayed on session ebf5bc0b43e1892a4cd7f8272da29841 to remote] DEBUG org.apache.http.headers - http-outgoing-0 >> User-Agent: Apache-HttpClient/4.5.3 (Java/1.8.0_191)
2019-03-15 07:36:27,728 [Forwarding isElementDisplayed on session ebf5bc0b43e1892a4cd7f8272da29841 to remote] DEBUG org.apache.http.headers - http-outgoing-0 >> Accept-Encoding: gzip,deflate
2019-03-15 07:36:27,728 [Forwarding isElementDisplayed on session ebf5bc0b43e1892a4cd7f8272da29841 to remote] DEBUG org.apache.http.wire - http-outgoing-0 >> "GET /session/ebf5bc0b43e1892a4cd7f8272da29841/element/0.5793661813061162-1/displayed HTTP/1.1[\r][\n]"
2019-03-15 07:36:27,728 [Forwarding isElementDisplayed on session ebf5bc0b43e1892a4cd7f8272da29841 to remote] DEBUG org.apache.http.wire - http-outgoing-0 >> "Cache-Control: no-cache[\r][\n]"
2019-03-15 07:36:27,734 [Forwarding isElementDisplayed on session ebf5bc0b43e1892a4cd7f8272da29841 to remote] DEBUG org.apache.http.wire - http-outgoing-0 >> "Host: localhost:26602[\r][\n]"
2019-03-15 07:36:27,734 [Forwarding isElementDisplayed on session ebf5bc0b43e1892a4cd7f8272da29841 to remote] DEBUG org.apache.http.wire - http-outgoing-0 >> "Connection: Keep-Alive[\r][\n]"
2019-03-15 07:36:27,734 [Forwarding isElementDisplayed on session ebf5bc0b43e1892a4cd7f8272da29841 to remote] DEBUG org.apache.http.wire - http-outgoing-0 >> "User-Agent: Apache-HttpClient/4.5.3 (Java/1.8.0_191)[\r][\n]"
2019-03-15 07:36:27,734 [Forwarding isElementDisplayed on session ebf5bc0b43e1892a4cd7f8272da29841 to remote] DEBUG org.apache.http.wire - http-outgoing-0 >> "Accept-Encoding: gzip,deflate[\r][\n]"
2019-03-15 07:36:27,734 [Forwarding isElementDisplayed on session ebf5bc0b43e1892a4cd7f8272da29841 to remote] DEBUG org.apache.http.wire - http-outgoing-0 >> "[\r][\n]"
2019-03-15 07:36:27,829 [Forwarding isElementDisplayed on session ebf5bc0b43e1892a4cd7f8272da29841 to remote] DEBUG org.apache.http.wire - http-outgoing-0 << "HTTP/1.1 200 OK[\r][\n]"
2019-03-15 07:36:27,829 [Forwarding isElementDisplayed on session ebf5bc0b43e1892a4cd7f8272da29841 to remote] DEBUG org.apache.http.wire - http-outgoing-0 << "Content-Length:73[\r][\n]"
2019-03-15 07:36:27,829 [Forwarding isElementDisplayed on session ebf5bc0b43e1892a4cd7f8272da29841 to remote] DEBUG org.apache.http.wire - http-outgoing-0 << "Content-Type:application/json; charset=utf-8[\r][\n]"
2019-03-15 07:36:27,829 [Forwarding isElementDisplayed on session ebf5bc0b43e1892a4cd7f8272da29841 to remote] DEBUG org.apache.http.wire - http-outgoing-0 << "[\r][\n]"
2019-03-15 07:36:27,829 [Forwarding isElementDisplayed on session ebf5bc0b43e1892a4cd7f8272da29841 to remote] DEBUG org.apache.http.wire - http-outgoing-0 << "{"sessionId":"ebf5bc0b43e1892a4cd7f8272da29841","status":0,"value":false}"
2019-03-15 07:36:27,829 [Forwarding isElementDisplayed on session ebf5bc0b43e1892a4cd7f8272da29841 to remote] DEBUG org.apache.http.headers - http-outgoing-0 << HTTP/1.1 200 OK
2019-03-15 07:36:27,829 [Forwarding isElementDisplayed on session ebf5bc0b43e1892a4cd7f8272da29841 to remote] DEBUG org.apache.http.headers - http-outgoing-0 << Content-Length:73
2019-03-15 07:36:27,829 [Forwarding isElementDisplayed on session ebf5bc0b43e1892a4cd7f8272da29841 to remote] DEBUG org.apache.http.headers - http-outgoing-0 << Content-Type:application/json; charset=utf-8
2019-03-15 07:36:27,829 [Forwarding isElementDisplayed on session ebf5bc0b43e1892a4cd7f8272da29841 to remote] DEBUG org.apache.http.impl.execchain.MainClientExec - Connection can be kept alive indefinitely
2019-03-15 07:36:27,830 [Forwarding isElementDisplayed on session ebf5bc0b43e1892a4cd7f8272da29841 to remote] DEBUG org.apache.http.impl.conn.PoolingHttpClientConnectionManager - Connection [id: 0][route: {}->http://localhost:26602] can be kept alive indefinitely
2019-03-15 07:36:27,830 [Forwarding isElementDisplayed on session ebf5bc0b43e1892a4cd7f8272da29841 to remote] DEBUG org.apache.http.impl.conn.PoolingHttpClientConnectionManager - Connection released: [id: 0][route: {}->http://localhost:26602][total kept alive: 1; route allocated: 1 of 2000; total allocated: 1 of 2000]
2019-03-15 07:36:28,335 [Forwarding findElement on session ebf5bc0b43e1892a4cd7f8272da29841 to remote] DEBUG org.apache.http.client.protocol.RequestAddCookies - CookieSpec selected: default
2019-03-15 07:36:28,335 [Forwarding findElement on session ebf5bc0b43e1892a4cd7f8272da29841 to remote] DEBUG org.apache.http.client.protocol.RequestAuthCache - Auth cache not set in the context
2019-03-15 07:36:28,336 [Forwarding findElement on session ebf5bc0b43e1892a4cd7f8272da29841 to remote] DEBUG org.apache.http.impl.conn.PoolingHttpClientConnectionManager - Connection request: [route: {}->http://localhost:26602][total kept alive: 1; route allocated: 1 of 2000; total allocated: 1 of 2000]
2019-03-15 07:36:28,336 [Forwarding findElement on session ebf5bc0b43e1892a4cd7f8272da29841 to remote] DEBUG org.apache.http.impl.conn.PoolingHttpClientConnectionManager - Connection leased: [id: 0][route: {}->http://localhost:26602][total kept alive: 0; route allocated: 1 of 2000; total allocated: 1 of 2000]
2019-03-15 07:36:28,336 [Forwarding findElement on session ebf5bc0b43e1892a4cd7f8272da29841 to remote] DEBUG org.apache.http.impl.execchain.MainClientExec - Stale connection check
2019-03-15 07:36:28,337 [Forwarding findElement on session ebf5bc0b43e1892a4cd7f8272da29841 to remote] DEBUG org.apache.http.wire - http-outgoing-0 << "[read] I/O error: Read timed out"
2019-03-15 07:36:28,337 [Forwarding findElement on session ebf5bc0b43e1892a4cd7f8272da29841 to remote] DEBUG org.apache.http.impl.conn.DefaultManagedHttpClientConnection - http-outgoing-0: set socket timeout to 10800000
2019-03-15 07:36:28,337 [Forwarding findElement on session ebf5bc0b43e1892a4cd7f8272da29841 to remote] DEBUG org.apache.http.impl.execchain.MainClientExec - Executing request POST /session/ebf5bc0b43e1892a4cd7f8272da29841/element HTTP/1.1
2019-03-15 07:36:28,337 [Forwarding findElement on session ebf5bc0b43e1892a4cd7f8272da29841 to remote] DEBUG org.apache.http.impl.execchain.MainClientExec - Target auth state: UNCHALLENGED
2019-03-15 07:36:28,337 [Forwarding findElement on session ebf5bc0b43e1892a4cd7f8272da29841 to remote] DEBUG org.apache.http.impl.execchain.MainClientExec - Proxy auth state: UNCHALLENGED
2019-03-15 07:36:28,337 [Forwarding findElement on session ebf5bc0b43e1892a4cd7f8272da29841 to remote] DEBUG org.apache.http.headers - http-outgoing-0 >> POST /session/ebf5bc0b43e1892a4cd7f8272da29841/element HTTP/1.1
2019-03-15 07:36:28,337 [Forwarding findElement on session ebf5bc0b43e1892a4cd7f8272da29841 to remote] DEBUG org.apache.http.headers - http-outgoing-0 >> Content-Type: application/json; charset=utf-8
2019-03-15 07:36:28,337 [Forwarding findElement on session ebf5bc0b43e1892a4cd7f8272da29841 to remote] DEBUG org.apache.http.headers - http-outgoing-0 >> Content-Length: 49
2019-03-15 07:36:28,337 [Forwarding findElement on session ebf5bc0b43e1892a4cd7f8272da29841 to remote] DEBUG org.apache.http.headers - http-outgoing-0 >> Host: localhost:26602
2019-03-15 07:36:28,337 [Forwarding findElement on session ebf5bc0b43e1892a4cd7f8272da29841 to remote] DEBUG org.apache.http.headers - http-outgoing-0 >> Connection: Keep-Alive
2019-03-15 07:36:28,337 [Forwarding findElement on session ebf5bc0b43e1892a4cd7f8272da29841 to remote] DEBUG org.apache.http.headers - http-outgoing-0 >> User-Agent: Apache-HttpClient/4.5.3 (Java/1.8.0_191)
2019-03-15 07:36:28,337 [Forwarding findElement on session ebf5bc0b43e1892a4cd7f8272da29841 to remote] DEBUG org.apache.http.headers - http-outgoing-0 >> Accept-Encoding: gzip,deflate
2019-03-15 07:36:28,337 [Forwarding findElement on session ebf5bc0b43e1892a4cd7f8272da29841 to remote] DEBUG org.apache.http.wire - http-outgoing-0 >> "POST /session/ebf5bc0b43e1892a4cd7f8272da29841/element HTTP/1.1[\r][\n]"
2019-03-15 07:36:28,337 [Forwarding findElement on session ebf5bc0b43e1892a4cd7f8272da29841 to remote] DEBUG org.apache.http.wire - http-outgoing-0 >> "Content-Type: application/json; charset=utf-8[\r][\n]"
2019-03-15 07:36:28,337 [Forwarding findElement on session ebf5bc0b43e1892a4cd7f8272da29841 to remote] DEBUG org.apache.http.wire - http-outgoing-0 >> "Content-Length: 49[\r][\n]"
2019-03-15 07:36:28,338 [Forwarding findElement on session ebf5bc0b43e1892a4cd7f8272da29841 to remote] DEBUG org.apache.http.wire - http-outgoing-0 >> "Host: localhost:26602[\r][\n]"
2019-03-15 07:36:28,338 [Forwarding findElement on session ebf5bc0b43e1892a4cd7f8272da29841 to remote] DEBUG org.apache.http.wire - http-outgoing-0 >> "Connection: Keep-Alive[\r][\n]"
2019-03-15 07:36:28,338 [Forwarding findElement on session ebf5bc0b43e1892a4cd7f8272da29841 to remote] DEBUG org.apache.http.wire - http-outgoing-0 >> "User-Agent: Apache-HttpClient/4.5.3 (Java/1.8.0_191)[\r][\n]"
2019-03-15 07:36:28,338 [Forwarding findElement on session ebf5bc0b43e1892a4cd7f8272da29841 to remote] DEBUG org.apache.http.wire - http-outgoing-0 >> "Accept-Encoding: gzip,deflate[\r][\n]"
2019-03-15 07:36:28,338 [Forwarding findElement on session ebf5bc0b43e1892a4cd7f8272da29841 to remote] DEBUG org.apache.http.wire - http-outgoing-0 >> "[\r][\n]"
2019-03-15 07:36:28,338 [Forwarding findElement on session ebf5bc0b43e1892a4cd7f8272da29841 to remote] DEBUG org.apache.http.wire - http-outgoing-0 >> "{"using":"xpath","value":"//*[@name='password']"}"
2019-03-15 07:36:28,403 [Forwarding findElement on session ebf5bc0b43e1892a4cd7f8272da29841 to remote] DEBUG org.apache.http.wire - http-outgoing-0 << "HTTP/1.1 200 OK[\r][\n]"
2019-03-15 07:36:28,403 [Forwarding findElement on session ebf5bc0b43e1892a4cd7f8272da29841 to remote] DEBUG org.apache.http.wire - http-outgoing-0 << "Content-Length:102[\r][\n]"
2019-03-15 07:36:28,403 [Forwarding findElement on session ebf5bc0b43e1892a4cd7f8272da29841 to remote] DEBUG org.apache.http.wire - http-outgoing-0 << "Content-Type:application/json; charset=utf-8[\r][\n]"
2019-03-15 07:36:28,403 [Forwarding findElement on session ebf5bc0b43e1892a4cd7f8272da29841 to remote] DEBUG org.apache.http.wire - http-outgoing-0 << "[\r][\n]"
2019-03-15 07:36:28,403 [Forwarding findElement on session ebf5bc0b43e1892a4cd7f8272da29841 to remote] DEBUG org.apache.http.wire - http-outgoing-0 << "{"sessionId":"ebf5bc0b43e1892a4cd7f8272da29841","status":0,"value":{"ELEMENT":"0.5793661813061162-1"}}"
2019-03-15 07:36:28,403 [Forwarding findElement on session ebf5bc0b43e1892a4cd7f8272da29841 to remote] DEBUG org.apache.http.headers - http-outgoing-0 << HTTP/1.1 200 OK
2019-03-15 07:36:28,403 [Forwarding findElement on session ebf5bc0b43e1892a4cd7f8272da29841 to remote] DEBUG org.apache.http.headers - http-outgoing-0 << Content-Length:102
2019-03-15 07:36:28,403 [Forwarding findElement on session ebf5bc0b43e1892a4cd7f8272da29841 to remote] DEBUG org.apache.http.headers - http-outgoing-0 << Content-Type:application/json; charset=utf-8
2019-03-15 07:36:28,403 [Forwarding findElement on session ebf5bc0b43e1892a4cd7f8272da29841 to remote] DEBUG org.apache.http.impl.execchain.MainClientExec - Connection can be kept alive indefinitely
2019-03-15 07:36:28,403 [Forwarding findElement on session ebf5bc0b43e1892a4cd7f8272da29841 to remote] DEBUG org.apache.http.impl.conn.PoolingHttpClientConnectionManager - Connection [id: 0][route: {}->http://localhost:26602] can be kept alive indefinitely
2019-03-15 07:36:28,404 [Forwarding findElement on session ebf5bc0b43e1892a4cd7f8272da29841 to remote] DEBUG org.apache.http.impl.conn.PoolingHttpClientConnectionManager - Connection released: [id: 0][route: {}->http://localhost:26602][total kept alive: 1; route allocated: 1 of 2000; total allocated: 1 of 2000]
2019-03-15 07:36:28,407 [Forwarding isElementDisplayed on session ebf5bc0b43e1892a4cd7f8272da29841 to remote] DEBUG org.apache.http.client.protocol.RequestAddCookies - CookieSpec selected: default
2019-03-15 07:36:28,407 [Forwarding isElementDisplayed on session ebf5bc0b43e1892a4cd7f8272da29841 to remote] DEBUG org.apache.http.client.protocol.RequestAuthCache - Auth cache not set in the context
2019-03-15 07:36:28,407 [Forwarding isElementDisplayed on session ebf5bc0b43e1892a4cd7f8272da29841 to remote] DEBUG org.apache.http.impl.conn.PoolingHttpClientConnectionManager - Connection request: [route: {}->http://localhost:26602][total kept alive: 1; route allocated: 1 of 2000; total allocated: 1 of 2000]
2019-03-15 07:36:28,407 [Forwarding isElementDisplayed on session ebf5bc0b43e1892a4cd7f8272da29841 to remote] DEBUG org.apache.http.impl.conn.PoolingHttpClientConnectionManager - Connection leased: [id: 0][route: {}->http://localhost:26602][total kept alive: 0; route allocated: 1 of 2000; total allocated: 1 of 2000]
2019-03-15 07:36:28,407 [Forwarding isElementDisplayed on session ebf5bc0b43e1892a4cd7f8272da29841 to remote] DEBUG org.apache.http.impl.execchain.MainClientExec - Stale connection check
2019-03-15 07:36:28,408 [Forwarding isElementDisplayed on session ebf5bc0b43e1892a4cd7f8272da29841 to remote] DEBUG org.apache.http.wire - http-outgoing-0 << "[read] I/O error: Read timed out"
2019-03-15 07:36:28,408 [Forwarding isElementDisplayed on session ebf5bc0b43e1892a4cd7f8272da29841 to remote] DEBUG org.apache.http.impl.conn.DefaultManagedHttpClientConnection - http-outgoing-0: set socket timeout to 10800000
2019-03-15 07:36:28,408 [Forwarding isElementDisplayed on session ebf5bc0b43e1892a4cd7f8272da29841 to remote] DEBUG org.apache.http.impl.execchain.MainClientExec - Executing request GET /session/ebf5bc0b43e1892a4cd7f8272da29841/element/0.5793661813061162-1/displayed HTTP/1.1
2019-03-15 07:36:28,408 [Forwarding isElementDisplayed on session ebf5bc0b43e1892a4cd7f8272da29841 to remote] DEBUG org.apache.http.impl.execchain.MainClientExec - Target auth state: UNCHALLENGED
2019-03-15 07:36:28,408 [Forwarding isElementDisplayed on session ebf5bc0b43e1892a4cd7f8272da29841 to remote] DEBUG org.apache.http.impl.execchain.MainClientExec - Proxy auth state: UNCHALLENGED
2019-03-15 07:36:28,408 [Forwarding isElementDisplayed on session ebf5bc0b43e1892a4cd7f8272da29841 to remote] DEBUG org.apache.http.headers - http-outgoing-0 >> GET /session/ebf5bc0b43e1892a4cd7f8272da29841/element/0.5793661813061162-1/displayed HTTP/1.1
2019-03-15 07:36:28,408 [Forwarding isElementDisplayed on session ebf5bc0b43e1892a4cd7f8272da29841 to remote] DEBUG org.apache.http.headers - http-outgoing-0 >> Cache-Control: no-cache
2019-03-15 07:36:28,408 [Forwarding isElementDisplayed on session ebf5bc0b43e1892a4cd7f8272da29841 to remote] DEBUG org.apache.http.headers - http-outgoing-0 >> Host: localhost:26602
2019-03-15 07:36:28,408 [Forwarding isElementDisplayed on session ebf5bc0b43e1892a4cd7f8272da29841 to remote] DEBUG org.apache.http.headers - http-outgoing-0 >> Connection: Keep-Alive
2019-03-15 07:36:28,408 [Forwarding isElementDisplayed on session ebf5bc0b43e1892a4cd7f8272da29841 to remote] DEBUG org.apache.http.headers - http-outgoing-0 >> User-Agent: Apache-HttpClient/4.5.3 (Java/1.8.0_191)
2019-03-15 07:36:28,408 [Forwarding isElementDisplayed on session ebf5bc0b43e1892a4cd7f8272da29841 to remote] DEBUG org.apache.http.headers - http-outgoing-0 >> Accept-Encoding: gzip,deflate
2019-03-15 07:36:28,408 [Forwarding isElementDisplayed on session ebf5bc0b43e1892a4cd7f8272da29841 to remote] DEBUG org.apache.http.wire - http-outgoing-0 >> "GET /session/ebf5bc0b43e1892a4cd7f8272da29841/element/0.5793661813061162-1/displayed HTTP/1.1[\r][\n]"
2019-03-15 07:36:28,408 [Forwarding isElementDisplayed on session ebf5bc0b43e1892a4cd7f8272da29841 to remote] DEBUG org.apache.http.wire - http-outgoing-0 >> "Cache-Control: no-cache[\r][\n]"
2019-03-15 07:36:28,408 [Forwarding isElementDisplayed on session ebf5bc0b43e1892a4cd7f8272da29841 to remote] DEBUG org.apache.http.wire - http-outgoing-0 >> "Host: localhost:26602[\r][\n]"
2019-03-15 07:36:28,408 [Forwarding isElementDisplayed on session ebf5bc0b43e1892a4cd7f8272da29841 to remote] DEBUG org.apache.http.wire - http-outgoing-0 >> "Connection: Keep-Alive[\r][\n]"
2019-03-15 07:36:28,408 [Forwarding isElementDisplayed on session ebf5bc0b43e1892a4cd7f8272da29841 to remote] DEBUG org.apache.http.wire - http-outgoing-0 >> "User-Agent: Apache-HttpClient/4.5.3 (Java/1.8.0_191)[\r][\n]"
2019-03-15 07:36:28,408 [Forwarding isElementDisplayed on session ebf5bc0b43e1892a4cd7f8272da29841 to remote] DEBUG org.apache.http.wire - http-outgoing-0 >> "Accept-Encoding: gzip,deflate[\r][\n]"
2019-03-15 07:36:28,408 [Forwarding isElementDisplayed on session ebf5bc0b43e1892a4cd7f8272da29841 to remote] DEBUG org.apache.http.wire - http-outgoing-0 >> "[\r][\n]"
2019-03-15 07:36:28,459 [Forwarding isElementDisplayed on session ebf5bc0b43e1892a4cd7f8272da29841 to remote] DEBUG org.apache.http.wire - http-outgoing-0 << "HTTP/1.1 200 OK[\r][\n]"
2019-03-15 07:36:28,459 [Forwarding isElementDisplayed on session ebf5bc0b43e1892a4cd7f8272da29841 to remote] DEBUG org.apache.http.wire - http-outgoing-0 << "Content-Length:73[\r][\n]"
2019-03-15 07:36:28,459 [Forwarding isElementDisplayed on session ebf5bc0b43e1892a4cd7f8272da29841 to remote] DEBUG org.apache.http.wire - http-outgoing-0 << "Content-Type:application/json; charset=utf-8[\r][\n]"
2019-03-15 07:36:28,459 [Forwarding isElementDisplayed on session ebf5bc0b43e1892a4cd7f8272da29841 to remote] DEBUG org.apache.http.wire - http-outgoing-0 << "[\r][\n]"
2019-03-15 07:36:28,459 [Forwarding isElementDisplayed on session ebf5bc0b43e1892a4cd7f8272da29841 to remote] DEBUG org.apache.http.wire - http-outgoing-0 << "{"sessionId":"ebf5bc0b43e1892a4cd7f8272da29841","status":0,"value":false}"
2019-03-15 07:36:28,460 [Forwarding isElementDisplayed on session ebf5bc0b43e1892a4cd7f8272da29841 to remote] DEBUG org.apache.http.headers - http-outgoing-0 << HTTP/1.1 200 OK
2019-03-15 07:36:28,460 [Forwarding isElementDisplayed on session ebf5bc0b43e1892a4cd7f8272da29841 to remote] DEBUG org.apache.http.headers - http-outgoing-0 << Content-Length:73
2019-03-15 07:36:28,460 [Forwarding isElementDisplayed on session ebf5bc0b43e1892a4cd7f8272da29841 to remote] DEBUG org.apache.http.headers - http-outgoing-0 << Content-Type:application/json; charset=utf-8
2019-03-15 07:36:28,460 [Forwarding isElementDisplayed on session ebf5bc0b43e1892a4cd7f8272da29841 to remote] DEBUG org.apache.http.impl.execchain.MainClientExec - Connection can be kept alive indefinitely
2019-03-15 07:36:28,460 [Forwarding isElementDisplayed on session ebf5bc0b43e1892a4cd7f8272da29841 to remote] DEBUG org.apache.http.impl.conn.PoolingHttpClientConnectionManager - Connection [id: 0][route: {}->http://localhost:26602] can be kept alive indefinitely
2019-03-15 07:36:28,460 [Forwarding isElementDisplayed on session ebf5bc0b43e1892a4cd7f8272da29841 to remote] DEBUG org.apache.http.impl.conn.PoolingHttpClientConnectionManager - Connection released: [id: 0][route: {}->http://localhost:26602][total kept alive: 1; route allocated: 1 of 2000; total allocated: 1 of 2000]
2019-03-15 07:36:28,970 [Forwarding findElement on session ebf5bc0b43e1892a4cd7f8272da29841 to remote] DEBUG org.apache.http.client.protocol.RequestAddCookies - CookieSpec selected: default
2019-03-15 07:36:28,970 [Forwarding findElement on session ebf5bc0b43e1892a4cd7f8272da29841 to remote] DEBUG org.apache.http.client.protocol.RequestAuthCache - Auth cache not set in the context
2019-03-15 07:36:28,970 [Forwarding findElement on session ebf5bc0b43e1892a4cd7f8272da29841 to remote] DEBUG org.apache.http.impl.conn.PoolingHttpClientConnectionManager - Connection request: [route: {}->http://localhost:26602][total kept alive: 1; route allocated: 1 of 2000; total allocated: 1 of 2000]
2019-03-15 07:36:28,971 [Forwarding findElement on session ebf5bc0b43e1892a4cd7f8272da29841 to remote] DEBUG org.apache.http.impl.conn.PoolingHttpClientConnectionManager - Connection leased: [id: 0][route: {}->http://localhost:26602][total kept alive: 0; route allocated: 1 of 2000; total allocated: 1 of 2000]
2019-03-15 07:36:28,971 [Forwarding findElement on session ebf5bc0b43e1892a4cd7f8272da29841 to remote] DEBUG org.apache.http.impl.execchain.MainClientExec - Stale connection check
2019-03-15 07:36:28,980 [Forwarding findElement on session ebf5bc0b43e1892a4cd7f8272da29841 to remote] DEBUG org.apache.http.wire - http-outgoing-0 << "[read] I/O error: Read timed out"
2019-03-15 07:36:28,980 [Forwarding findElement on session ebf5bc0b43e1892a4cd7f8272da29841 to remote] DEBUG org.apache.http.impl.conn.DefaultManagedHttpClientConnection - http-outgoing-0: set socket timeout to 10800000
2019-03-15 07:36:28,980 [Forwarding findElement on session ebf5bc0b43e1892a4cd7f8272da29841 to remote] DEBUG org.apache.http.impl.execchain.MainClientExec - Executing request POST /session/ebf5bc0b43e1892a4cd7f8272da29841/element HTTP/1.1
2019-03-15 07:36:28,980 [Forwarding findElement on session ebf5bc0b43e1892a4cd7f8272da29841 to remote] DEBUG org.apache.http.impl.execchain.MainClientExec - Target auth state: UNCHALLENGED
2019-03-15 07:36:28,981 [Forwarding findElement on session ebf5bc0b43e1892a4cd7f8272da29841 to remote] DEBUG org.apache.http.impl.execchain.MainClientExec - Proxy auth state: UNCHALLENGED
2019-03-15 07:36:28,981 [Forwarding findElement on session ebf5bc0b43e1892a4cd7f8272da29841 to remote] DEBUG org.apache.http.headers - http-outgoing-0 >> POST /session/ebf5bc0b43e1892a4cd7f8272da29841/element HTTP/1.1
2019-03-15 07:36:28,981 [Forwarding findElement on session ebf5bc0b43e1892a4cd7f8272da29841 to remote] DEBUG org.apache.http.headers - http-outgoing-0 >> Content-Type: application/json; charset=utf-8
2019-03-15 07:36:28,981 [Forwarding findElement on session ebf5bc0b43e1892a4cd7f8272da29841 to remote] DEBUG org.apache.http.headers - http-outgoing-0 >> Content-Length: 49
2019-03-15 07:36:28,981 [Forwarding findElement on session ebf5bc0b43e1892a4cd7f8272da29841 to remote] DEBUG org.apache.http.headers - http-outgoing-0 >> Host: localhost:26602
2019-03-15 07:36:28,981 [Forwarding findElement on session ebf5bc0b43e1892a4cd7f8272da29841 to remote] DEBUG org.apache.http.headers - http-outgoing-0 >> Connection: Keep-Alive
2019-03-15 07:36:28,981 [Forwarding findElement on session ebf5bc0b43e1892a4cd7f8272da29841 to remote] DEBUG org.apache.http.headers - http-outgoing-0 >> User-Agent: Apache-HttpClient/4.5.3 (Java/1.8.0_191)
2019-03-15 07:36:28,981 [Forwarding findElement on session ebf5bc0b43e1892a4cd7f8272da29841 to remote] DEBUG org.apache.http.headers - http-outgoing-0 >> Accept-Encoding: gzip,deflate
2019-03-15 07:36:28,981 [Forwarding findElement on session ebf5bc0b43e1892a4cd7f8272da29841 to remote] DEBUG org.apache.http.wire - http-outgoing-0 >> "POST /session/ebf5bc0b43e1892a4cd7f8272da29841/element HTTP/1.1[\r][\n]"
2019-03-15 07:36:28,981 [Forwarding findElement on session ebf5bc0b43e1892a4cd7f8272da29841 to remote] DEBUG org.apache.http.wire - http-outgoing-0 >> "Content-Type: application/json; charset=utf-8[\r][\n]"
2019-03-15 07:36:28,981 [Forwarding findElement on session ebf5bc0b43e1892a4cd7f8272da29841 to remote] DEBUG org.apache.http.wire - http-outgoing-0 >> "Content-Length: 49[\r][\n]"
2019-03-15 07:36:28,981 [Forwarding findElement on session ebf5bc0b43e1892a4cd7f8272da29841 to remote] DEBUG org.apache.http.wire - http-outgoing-0 >> "Host: localhost:26602[\r][\n]"
2019-03-15 07:36:28,981 [Forwarding findElement on session ebf5bc0b43e1892a4cd7f8272da29841 to remote] DEBUG org.apache.http.wire - http-outgoing-0 >> "Connection: Keep-Alive[\r][\n]"
2019-03-15 07:36:28,981 [Forwarding findElement on session ebf5bc0b43e1892a4cd7f8272da29841 to remote] DEBUG org.apache.http.wire - http-outgoing-0 >> "User-Agent: Apache-HttpClient/4.5.3 (Java/1.8.0_191)[\r][\n]"
2019-03-15 07:36:28,981 [Forwarding findElement on session ebf5bc0b43e1892a4cd7f8272da29841 to remote] DEBUG org.apache.http.wire - http-outgoing-0 >> "Accept-Encoding: gzip,deflate[\r][\n]"
2019-03-15 07:36:28,981 [Forwarding findElement on session ebf5bc0b43e1892a4cd7f8272da29841 to remote] DEBUG org.apache.http.wire - http-outgoing-0 >> "[\r][\n]"
2019-03-15 07:36:28,981 [Forwarding findElement on session ebf5bc0b43e1892a4cd7f8272da29841 to remote] DEBUG org.apache.http.wire - http-outgoing-0 >> "{"using":"xpath","value":"//*[@name='password']"}"
2019-03-15 07:36:29,257 [Forwarding findElement on session ebf5bc0b43e1892a4cd7f8272da29841 to remote] DEBUG org.apache.http.wire - http-outgoing-0 << "HTTP/1.1 200 OK[\r][\n]"
2019-03-15 07:36:29,258 [Forwarding findElement on session ebf5bc0b43e1892a4cd7f8272da29841 to remote] DEBUG org.apache.http.wire - http-outgoing-0 << "Content-Length:102[\r][\n]"
2019-03-15 07:36:29,258 [Forwarding findElement on session ebf5bc0b43e1892a4cd7f8272da29841 to remote] DEBUG org.apache.http.wire - http-outgoing-0 << "Content-Type:application/json; charset=utf-8[\r][\n]"
2019-03-15 07:36:29,258 [Forwarding findElement on session ebf5bc0b43e1892a4cd7f8272da29841 to remote] DEBUG org.apache.http.wire - http-outgoing-0 << "[\r][\n]"
2019-03-15 07:36:29,258 [Forwarding findElement on session ebf5bc0b43e1892a4cd7f8272da29841 to remote] DEBUG org.apache.http.wire - http-outgoing-0 << "{"sessionId":"ebf5bc0b43e1892a4cd7f8272da29841","status":0,"value":{"ELEMENT":"0.5793661813061162-1"}}"
2019-03-15 07:36:29,258 [Forwarding findElement on session ebf5bc0b43e1892a4cd7f8272da29841 to remote] DEBUG org.apache.http.headers - http-outgoing-0 << HTTP/1.1 200 OK
2019-03-15 07:36:29,258 [Forwarding findElement on session ebf5bc0b43e1892a4cd7f8272da29841 to remote] DEBUG org.apache.http.headers - http-outgoing-0 << Content-Length:102
2019-03-15 07:36:29,258 [Forwarding findElement on session ebf5bc0b43e1892a4cd7f8272da29841 to remote] DEBUG org.apache.http.headers - http-outgoing-0 << Content-Type:application/json; charset=utf-8
2019-03-15 07:36:29,258 [Forwarding findElement on session ebf5bc0b43e1892a4cd7f8272da29841 to remote] DEBUG org.apache.http.impl.execchain.MainClientExec - Connection can be kept alive indefinitely
2019-03-15 07:36:29,258 [Forwarding findElement on session ebf5bc0b43e1892a4cd7f8272da29841 to remote] DEBUG org.apache.http.impl.conn.PoolingHttpClientConnectionManager - Connection [id: 0][route: {}->http://localhost:26602] can be kept alive indefinitely
2019-03-15 07:36:29,258 [Forwarding findElement on session ebf5bc0b43e1892a4cd7f8272da29841 to remote] DEBUG org.apache.http.impl.conn.PoolingHttpClientConnectionManager - Connection released: [id: 0][route: {}->http://localhost:26602][total kept alive: 1; route allocated: 1 of 2000; total allocated: 1 of 2000]
2019-03-15 07:36:29,280 [Forwarding isElementDisplayed on session ebf5bc0b43e1892a4cd7f8272da29841 to remote] DEBUG org.apache.http.client.protocol.RequestAddCookies - CookieSpec selected: default
2019-03-15 07:36:29,280 [Forwarding isElementDisplayed on session ebf5bc0b43e1892a4cd7f8272da29841 to remote] DEBUG org.apache.http.client.protocol.RequestAuthCache - Auth cache not set in the context
2019-03-15 07:36:29,280 [Forwarding isElementDisplayed on session ebf5bc0b43e1892a4cd7f8272da29841 to remote] DEBUG org.apache.http.impl.conn.PoolingHttpClientConnectionManager - Connection request: [route: {}->http://localhost:26602][total kept alive: 1; route allocated: 1 of 2000; total allocated: 1 of 2000]
2019-03-15 07:36:29,280 [Forwarding isElementDisplayed on session ebf5bc0b43e1892a4cd7f8272da29841 to remote] DEBUG org.apache.http.impl.conn.PoolingHttpClientConnectionManager - Connection leased: [id: 0][route: {}->http://localhost:26602][total kept alive: 0; route allocated: 1 of 2000; total allocated: 1 of 2000]
2019-03-15 07:36:29,280 [Forwarding isElementDisplayed on session ebf5bc0b43e1892a4cd7f8272da29841 to remote] DEBUG org.apache.http.impl.execchain.MainClientExec - Stale connection check
2019-03-15 07:36:29,283 [Forwarding isElementDisplayed on session ebf5bc0b43e1892a4cd7f8272da29841 to remote] DEBUG org.apache.http.wire - http-outgoing-0 << "[read] I/O error: Read timed out"
2019-03-15 07:36:29,283 [Forwarding isElementDisplayed on session ebf5bc0b43e1892a4cd7f8272da29841 to remote] DEBUG org.apache.http.impl.conn.DefaultManagedHttpClientConnection - http-outgoing-0: set socket timeout to 10800000
2019-03-15 07:36:29,283 [Forwarding isElementDisplayed on session ebf5bc0b43e1892a4cd7f8272da29841 to remote] DEBUG org.apache.http.impl.execchain.MainClientExec - Executing request GET /session/ebf5bc0b43e1892a4cd7f8272da29841/element/0.5793661813061162-1/displayed HTTP/1.1
2019-03-15 07:36:29,283 [Forwarding isElementDisplayed on session ebf5bc0b43e1892a4cd7f8272da29841 to remote] DEBUG org.apache.http.impl.execchain.MainClientExec - Target auth state: UNCHALLENGED
2019-03-15 07:36:29,283 [Forwarding isElementDisplayed on session ebf5bc0b43e1892a4cd7f8272da29841 to remote] DEBUG org.apache.http.impl.execchain.MainClientExec - Proxy auth state: UNCHALLENGED
2019-03-15 07:36:29,283 [Forwarding isElementDisplayed on session ebf5bc0b43e1892a4cd7f8272da29841 to remote] DEBUG org.apache.http.headers - http-outgoing-0 >> GET /session/ebf5bc0b43e1892a4cd7f8272da29841/element/0.5793661813061162-1/displayed HTTP/1.1
2019-03-15 07:36:29,283 [Forwarding isElementDisplayed on session ebf5bc0b43e1892a4cd7f8272da29841 to remote] DEBUG org.apache.http.headers - http-outgoing-0 >> Cache-Control: no-cache
2019-03-15 07:36:29,283 [Forwarding isElementDisplayed on session ebf5bc0b43e1892a4cd7f8272da29841 to remote] DEBUG org.apache.http.headers - http-outgoing-0 >> Host: localhost:26602
2019-03-15 07:36:29,283 [Forwarding isElementDisplayed on session ebf5bc0b43e1892a4cd7f8272da29841 to remote] DEBUG org.apache.http.headers - http-outgoing-0 >> Connection: Keep-Alive
2019-03-15 07:36:29,283 [Forwarding isElementDisplayed on session ebf5bc0b43e1892a4cd7f8272da29841 to remote] DEBUG org.apache.http.headers - http-outgoing-0 >> User-Agent: Apache-HttpClient/4.5.3 (Java/1.8.0_191)
2019-03-15 07:36:29,283 [Forwarding isElementDisplayed on session ebf5bc0b43e1892a4cd7f8272da29841 to remote] DEBUG org.apache.http.headers - http-outgoing-0 >> Accept-Encoding: gzip,deflate
2019-03-15 07:36:29,283 [Forwarding isElementDisplayed on session ebf5bc0b43e1892a4cd7f8272da29841 to remote] DEBUG org.apache.http.wire - http-outgoing-0 >> "GET /session/ebf5bc0b43e1892a4cd7f8272da29841/element/0.5793661813061162-1/displayed HTTP/1.1[\r][\n]"
2019-03-15 07:36:29,283 [Forwarding isElementDisplayed on session ebf5bc0b43e1892a4cd7f8272da29841 to remote] DEBUG org.apache.http.wire - http-outgoing-0 >> "Cache-Control: no-cache[\r][\n]"
2019-03-15 07:36:29,283 [Forwarding isElementDisplayed on session ebf5bc0b43e1892a4cd7f8272da29841 to remote] DEBUG org.apache.http.wire - http-outgoing-0 >> "Host: localhost:26602[\r][\n]"
2019-03-15 07:36:29,283 [Forwarding isElementDisplayed on session ebf5bc0b43e1892a4cd7f8272da29841 to remote] DEBUG org.apache.http.wire - http-outgoing-0 >> "Connection: Keep-Alive[\r][\n]"
2019-03-15 07:36:29,283 [Forwarding isElementDisplayed on session ebf5bc0b43e1892a4cd7f8272da29841 to remote] DEBUG org.apache.http.wire - http-outgoing-0 >> "User-Agent: Apache-HttpClient/4.5.3 (Java/1.8.0_191)[\r][\n]"
2019-03-15 07:36:29,283 [Forwarding isElementDisplayed on session ebf5bc0b43e1892a4cd7f8272da29841 to remote] DEBUG org.apache.http.wire - http-outgoing-0 >> "Accept-Encoding: gzip,deflate[\r][\n]"
2019-03-15 07:36:29,283 [Forwarding isElementDisplayed on session ebf5bc0b43e1892a4cd7f8272da29841 to remote] DEBUG org.apache.http.wire - http-outgoing-0 >> "[\r][\n]"
2019-03-15 07:36:29,355 [Forwarding isElementDisplayed on session ebf5bc0b43e1892a4cd7f8272da29841 to remote] DEBUG org.apache.http.wire - http-outgoing-0 << "HTTP/1.1 200 OK[\r][\n]"
2019-03-15 07:36:29,355 [Forwarding isElementDisplayed on session ebf5bc0b43e1892a4cd7f8272da29841 to remote] DEBUG org.apache.http.wire - http-outgoing-0 << "Content-Length:73[\r][\n]"
2019-03-15 07:36:29,355 [Forwarding isElementDisplayed on session ebf5bc0b43e1892a4cd7f8272da29841 to remote] DEBUG org.apache.http.wire - http-outgoing-0 << "Content-Type:application/json; charset=utf-8[\r][\n]"
2019-03-15 07:36:29,355 [Forwarding isElementDisplayed on session ebf5bc0b43e1892a4cd7f8272da29841 to remote] DEBUG org.apache.http.wire - http-outgoing-0 << "[\r][\n]"
2019-03-15 07:36:29,355 [Forwarding isElementDisplayed on session ebf5bc0b43e1892a4cd7f8272da29841 to remote] DEBUG org.apache.http.wire - http-outgoing-0 << "{"sessionId":"ebf5bc0b43e1892a4cd7f8272da29841","status":0,"value":false}"
2019-03-15 07:36:29,356 [Forwarding isElementDisplayed on session ebf5bc0b43e1892a4cd7f8272da29841 to remote] DEBUG org.apache.http.headers - http-outgoing-0 << HTTP/1.1 200 OK
2019-03-15 07:36:29,356 [Forwarding isElementDisplayed on session ebf5bc0b43e1892a4cd7f8272da29841 to remote] DEBUG org.apache.http.headers - http-outgoing-0 << Content-Length:73
2019-03-15 07:36:29,356 [Forwarding isElementDisplayed on session ebf5bc0b43e1892a4cd7f8272da29841 to remote] DEBUG org.apache.http.headers - http-outgoing-0 << Content-Type:application/json; charset=utf-8
2019-03-15 07:36:29,356 [Forwarding isElementDisplayed on session ebf5bc0b43e1892a4cd7f8272da29841 to remote] DEBUG org.apache.http.impl.execchain.MainClientExec - Connection can be kept alive indefinitely
2019-03-15 07:36:29,356 [Forwarding isElementDisplayed on session ebf5bc0b43e1892a4cd7f8272da29841 to remote] DEBUG org.apache.http.impl.conn.PoolingHttpClientConnectionManager - Connection [id: 0][route: {}->http://localhost:26602] can be kept alive indefinitely
2019-03-15 07:36:29,356 [Forwarding isElementDisplayed on session ebf5bc0b43e1892a4cd7f8272da29841 to remote] DEBUG org.apache.http.impl.conn.PoolingHttpClientConnectionManager - Connection released: [id: 0][route: {}->http://localhost:26602][total kept alive: 1; route allocated: 1 of 2000; total allocated: 1 of 2000]
2019-03-15 07:36:29,861 [Forwarding findElement on session ebf5bc0b43e1892a4cd7f8272da29841 to remote] DEBUG org.apache.http.client.protocol.RequestAddCookies - CookieSpec selected: default
2019-03-15 07:36:29,861 [Forwarding findElement on session ebf5bc0b43e1892a4cd7f8272da29841 to remote] DEBUG org.apache.http.client.protocol.RequestAuthCache - Auth cache not set in the context
2019-03-15 07:36:29,861 [Forwarding findElement on session ebf5bc0b43e1892a4cd7f8272da29841 to remote] DEBUG org.apache.http.impl.conn.PoolingHttpClientConnectionManager - Connection request: [route: {}->http://localhost:26602][total kept alive: 1; route allocated: 1 of 2000; total allocated: 1 of 2000]
2019-03-15 07:36:29,861 [Forwarding findElement on session ebf5bc0b43e1892a4cd7f8272da29841 to remote] DEBUG org.apache.http.impl.conn.PoolingHttpClientConnectionManager - Connection leased: [id: 0][route: {}->http://localhost:26602][total kept alive: 0; route allocated: 1 of 2000; total allocated: 1 of 2000]
2019-03-15 07:36:29,862 [Forwarding findElement on session ebf5bc0b43e1892a4cd7f8272da29841 to remote] DEBUG org.apache.http.impl.execchain.MainClientExec - Stale connection check
2019-03-15 07:36:29,870 [Forwarding findElement on session ebf5bc0b43e1892a4cd7f8272da29841 to remote] DEBUG org.apache.http.wire - http-outgoing-0 << "[read] I/O error: Read timed out"
2019-03-15 07:36:29,870 [Forwarding findElement on session ebf5bc0b43e1892a4cd7f8272da29841 to remote] DEBUG org.apache.http.impl.conn.DefaultManagedHttpClientConnection - http-outgoing-0: set socket timeout to 10800000
2019-03-15 07:36:29,870 [Forwarding findElement on session ebf5bc0b43e1892a4cd7f8272da29841 to remote] DEBUG org.apache.http.impl.execchain.MainClientExec - Executing request POST /session/ebf5bc0b43e1892a4cd7f8272da29841/element HTTP/1.1
2019-03-15 07:36:29,870 [Forwarding findElement on session ebf5bc0b43e1892a4cd7f8272da29841 to remote] DEBUG org.apache.http.impl.execchain.MainClientExec - Target auth state: UNCHALLENGED
2019-03-15 07:36:29,870 [Forwarding findElement on session ebf5bc0b43e1892a4cd7f8272da29841 to remote] DEBUG org.apache.http.impl.execchain.MainClientExec - Proxy auth state: UNCHALLENGED
2019-03-15 07:36:29,871 [Forwarding findElement on session ebf5bc0b43e1892a4cd7f8272da29841 to remote] DEBUG org.apache.http.headers - http-outgoing-0 >> POST /session/ebf5bc0b43e1892a4cd7f8272da29841/element HTTP/1.1
2019-03-15 07:36:29,871 [Forwarding findElement on session ebf5bc0b43e1892a4cd7f8272da29841 to remote] DEBUG org.apache.http.headers - http-outgoing-0 >> Content-Type: application/json; charset=utf-8
2019-03-15 07:36:29,871 [Forwarding findElement on session ebf5bc0b43e1892a4cd7f8272da29841 to remote] DEBUG org.apache.http.headers - http-outgoing-0 >> Content-Length: 49
2019-03-15 07:36:29,871 [Forwarding findElement on session ebf5bc0b43e1892a4cd7f8272da29841 to remote] DEBUG org.apache.http.headers - http-outgoing-0 >> Host: localhost:26602
2019-03-15 07:36:29,871 [Forwarding findElement on session ebf5bc0b43e1892a4cd7f8272da29841 to remote] DEBUG org.apache.http.headers - http-outgoing-0 >> Connection: Keep-Alive
2019-03-15 07:36:29,871 [Forwarding findElement on session ebf5bc0b43e1892a4cd7f8272da29841 to remote] DEBUG org.apache.http.headers - http-outgoing-0 >> User-Agent: Apache-HttpClient/4.5.3 (Java/1.8.0_191)
2019-03-15 07:36:29,871 [Forwarding findElement on session ebf5bc0b43e1892a4cd7f8272da29841 to remote] DEBUG org.apache.http.headers - http-outgoing-0 >> Accept-Encoding: gzip,deflate
2019-03-15 07:36:29,871 [Forwarding findElement on session ebf5bc0b43e1892a4cd7f8272da29841 to remote] DEBUG org.apache.http.wire - http-outgoing-0 >> "POST /session/ebf5bc0b43e1892a4cd7f8272da29841/element HTTP/1.1[\r][\n]"
2019-03-15 07:36:29,871 [Forwarding findElement on session ebf5bc0b43e1892a4cd7f8272da29841 to remote] DEBUG org.apache.http.wire - http-outgoing-0 >> "Content-Type: application/json; charset=utf-8[\r][\n]"
2019-03-15 07:36:29,871 [Forwarding findElement on session ebf5bc0b43e1892a4cd7f8272da29841 to remote] DEBUG org.apache.http.wire - http-outgoing-0 >> "Content-Length: 49[\r][\n]"
2019-03-15 07:36:29,871 [Forwarding findElement on session ebf5bc0b43e1892a4cd7f8272da29841 to remote] DEBUG org.apache.http.wire - http-outgoing-0 >> "Host: localhost:26602[\r][\n]"
2019-03-15 07:36:29,871 [Forwarding findElement on session ebf5bc0b43e1892a4cd7f8272da29841 to remote] DEBUG org.apache.http.wire - http-outgoing-0 >> "Connection: Keep-Alive[\r][\n]"
2019-03-15 07:36:29,871 [Forwarding findElement on session ebf5bc0b43e1892a4cd7f8272da29841 to remote] DEBUG org.apache.http.wire - http-outgoing-0 >> "User-Agent: Apache-HttpClient/4.5.3 (Java/1.8.0_191)[\r][\n]"
2019-03-15 07:36:29,871 [Forwarding findElement on session ebf5bc0b43e1892a4cd7f8272da29841 to remote] DEBUG org.apache.http.wire - http-outgoing-0 >> "Accept-Encoding: gzip,deflate[\r][\n]"
2019-03-15 07:36:29,871 [Forwarding findElement on session ebf5bc0b43e1892a4cd7f8272da29841 to remote] DEBUG org.apache.http.wire - http-outgoing-0 >> "[\r][\n]"
2019-03-15 07:36:29,871 [Forwarding findElement on session ebf5bc0b43e1892a4cd7f8272da29841 to remote] DEBUG org.apache.http.wire - http-outgoing-0 >> "{"using":"xpath","value":"//*[@name='password']"}"
2019-03-15 07:36:29,955 [Forwarding findElement on session ebf5bc0b43e1892a4cd7f8272da29841 to remote] DEBUG org.apache.http.wire - http-outgoing-0 << "HTTP/1.1 200 OK[\r][\n]"
2019-03-15 07:36:29,955 [Forwarding findElement on session ebf5bc0b43e1892a4cd7f8272da29841 to remote] DEBUG org.apache.http.wire - http-outgoing-0 << "Content-Length:102[\r][\n]"
2019-03-15 07:36:29,955 [Forwarding findElement on session ebf5bc0b43e1892a4cd7f8272da29841 to remote] DEBUG org.apache.http.wire - http-outgoing-0 << "Content-Type:application/json; charset=utf-8[\r][\n]"
2019-03-15 07:36:29,955 [Forwarding findElement on session ebf5bc0b43e1892a4cd7f8272da29841 to remote] DEBUG org.apache.http.wire - http-outgoing-0 << "[\r][\n]"
2019-03-15 07:36:29,955 [Forwarding findElement on session ebf5bc0b43e1892a4cd7f8272da29841 to remote] DEBUG org.apache.http.wire - http-outgoing-0 << "{"sessionId":"ebf5bc0b43e1892a4cd7f8272da29841","status":0,"value":{"ELEMENT":"0.5793661813061162-1"}}"
2019-03-15 07:36:29,956 [Forwarding findElement on session ebf5bc0b43e1892a4cd7f8272da29841 to remote] DEBUG org.apache.http.headers - http-outgoing-0 << HTTP/1.1 200 OK
2019-03-15 07:36:29,956 [Forwarding findElement on session ebf5bc0b43e1892a4cd7f8272da29841 to remote] DEBUG org.apache.http.headers - http-outgoing-0 << Content-Length:102
2019-03-15 07:36:29,956 [Forwarding findElement on session ebf5bc0b43e1892a4cd7f8272da29841 to remote] DEBUG org.apache.http.headers - http-outgoing-0 << Content-Type:application/json; charset=utf-8
2019-03-15 07:36:29,956 [Forwarding findElement on session ebf5bc0b43e1892a4cd7f8272da29841 to remote] DEBUG org.apache.http.impl.execchain.MainClientExec - Connection can be kept alive indefinitely
2019-03-15 07:36:29,956 [Forwarding findElement on session ebf5bc0b43e1892a4cd7f8272da29841 to remote] DEBUG org.apache.http.impl.conn.PoolingHttpClientConnectionManager - Connection [id: 0][route: {}->http://localhost:26602] can be kept alive indefinitely
2019-03-15 07:36:29,956 [Forwarding findElement on session ebf5bc0b43e1892a4cd7f8272da29841 to remote] DEBUG org.apache.http.impl.conn.PoolingHttpClientConnectionManager - Connection released: [id: 0][route: {}->http://localhost:26602][total kept alive: 1; route allocated: 1 of 2000; total allocated: 1 of 2000]
2019-03-15 07:36:29,958 [Forwarding isElementDisplayed on session ebf5bc0b43e1892a4cd7f8272da29841 to remote] DEBUG org.apache.http.client.protocol.RequestAddCookies - CookieSpec selected: default
2019-03-15 07:36:29,958 [Forwarding isElementDisplayed on session ebf5bc0b43e1892a4cd7f8272da29841 to remote] DEBUG org.apache.http.client.protocol.RequestAuthCache - Auth cache not set in the context
2019-03-15 07:36:29,958 [Forwarding isElementDisplayed on session ebf5bc0b43e1892a4cd7f8272da29841 to remote] DEBUG org.apache.http.impl.conn.PoolingHttpClientConnectionManager - Connection request: [route: {}->http://localhost:26602][total kept alive: 1; route allocated: 1 of 2000; total allocated: 1 of 2000]
2019-03-15 07:36:29,958 [Forwarding isElementDisplayed on session ebf5bc0b43e1892a4cd7f8272da29841 to remote] DEBUG org.apache.http.impl.conn.PoolingHttpClientConnectionManager - Connection leased: [id: 0][route: {}->http://localhost:26602][total kept alive: 0; route allocated: 1 of 2000; total allocated: 1 of 2000]
2019-03-15 07:36:29,958 [Forwarding isElementDisplayed on session ebf5bc0b43e1892a4cd7f8272da29841 to remote] DEBUG org.apache.http.impl.execchain.MainClientExec - Stale connection check
2019-03-15 07:36:29,959 [Forwarding isElementDisplayed on session ebf5bc0b43e1892a4cd7f8272da29841 to remote] DEBUG org.apache.http.wire - http-outgoing-0 << "[read] I/O error: Read timed out"
2019-03-15 07:36:29,959 [Forwarding isElementDisplayed on session ebf5bc0b43e1892a4cd7f8272da29841 to remote] DEBUG org.apache.http.impl.conn.DefaultManagedHttpClientConnection - http-outgoing-0: set socket timeout to 10800000
2019-03-15 07:36:29,959 [Forwarding isElementDisplayed on session ebf5bc0b43e1892a4cd7f8272da29841 to remote] DEBUG org.apache.http.impl.execchain.MainClientExec - Executing request GET /session/ebf5bc0b43e1892a4cd7f8272da29841/element/0.5793661813061162-1/displayed HTTP/1.1
2019-03-15 07:36:29,959 [Forwarding isElementDisplayed on session ebf5bc0b43e1892a4cd7f8272da29841 to remote] DEBUG org.apache.http.impl.execchain.MainClientExec - Target auth state: UNCHALLENGED
2019-03-15 07:36:29,959 [Forwarding isElementDisplayed on session ebf5bc0b43e1892a4cd7f8272da29841 to remote] DEBUG org.apache.http.impl.execchain.MainClientExec - Proxy auth state: UNCHALLENGED
2019-03-15 07:36:29,959 [Forwarding isElementDisplayed on session ebf5bc0b43e1892a4cd7f8272da29841 to remote] DEBUG org.apache.http.headers - http-outgoing-0 >> GET /session/ebf5bc0b43e1892a4cd7f8272da29841/element/0.5793661813061162-1/displayed HTTP/1.1
2019-03-15 07:36:29,959 [Forwarding isElementDisplayed on session ebf5bc0b43e1892a4cd7f8272da29841 to remote] DEBUG org.apache.http.headers - http-outgoing-0 >> Cache-Control: no-cache
2019-03-15 07:36:29,959 [Forwarding isElementDisplayed on session ebf5bc0b43e1892a4cd7f8272da29841 to remote] DEBUG org.apache.http.headers - http-outgoing-0 >> Host: localhost:26602
2019-03-15 07:36:29,959 [Forwarding isElementDisplayed on session ebf5bc0b43e1892a4cd7f8272da29841 to remote] DEBUG org.apache.http.headers - http-outgoing-0 >> Connection: Keep-Alive
2019-03-15 07:36:29,959 [Forwarding isElementDisplayed on session ebf5bc0b43e1892a4cd7f8272da29841 to remote] DEBUG org.apache.http.headers - http-outgoing-0 >> User-Agent: Apache-HttpClient/4.5.3 (Java/1.8.0_191)
2019-03-15 07:36:29,959 [Forwarding isElementDisplayed on session ebf5bc0b43e1892a4cd7f8272da29841 to remote] DEBUG org.apache.http.headers - http-outgoing-0 >> Accept-Encoding: gzip,deflate
2019-03-15 07:36:29,959 [Forwarding isElementDisplayed on session ebf5bc0b43e1892a4cd7f8272da29841 to remote] DEBUG org.apache.http.wire - http-outgoing-0 >> "GET /session/ebf5bc0b43e1892a4cd7f8272da29841/element/0.5793661813061162-1/displayed HTTP/1.1[\r][\n]"
2019-03-15 07:36:29,959 [Forwarding isElementDisplayed on session ebf5bc0b43e1892a4cd7f8272da29841 to remote] DEBUG org.apache.http.wire - http-outgoing-0 >> "Cache-Control: no-cache[\r][\n]"
2019-03-15 07:36:29,959 [Forwarding isElementDisplayed on session ebf5bc0b43e1892a4cd7f8272da29841 to remote] DEBUG org.apache.http.wire - http-outgoing-0 >> "Host: localhost:26602[\r][\n]"
2019-03-15 07:36:29,959 [Forwarding isElementDisplayed on session ebf5bc0b43e1892a4cd7f8272da29841 to remote] DEBUG org.apache.http.wire - http-outgoing-0 >> "Connection: Keep-Alive[\r][\n]"
2019-03-15 07:36:29,959 [Forwarding isElementDisplayed on session ebf5bc0b43e1892a4cd7f8272da29841 to remote] DEBUG org.apache.http.wire - http-outgoing-0 >> "User-Agent: Apache-HttpClient/4.5.3 (Java/1.8.0_191)[\r][\n]"
2019-03-15 07:36:29,959 [Forwarding isElementDisplayed on session ebf5bc0b43e1892a4cd7f8272da29841 to remote] DEBUG org.apache.http.wire - http-outgoing-0 >> "Accept-Encoding: gzip,deflate[\r][\n]"
2019-03-15 07:36:29,959 [Forwarding isElementDisplayed on session ebf5bc0b43e1892a4cd7f8272da29841 to remote] DEBUG org.apache.http.wire - http-outgoing-0 >> "[\r][\n]"
2019-03-15 07:36:30,038 [Forwarding isElementDisplayed on session ebf5bc0b43e1892a4cd7f8272da29841 to remote] DEBUG org.apache.http.wire - http-outgoing-0 << "HTTP/1.1 200 OK[\r][\n]"
2019-03-15 07:36:30,038 [Forwarding isElementDisplayed on session ebf5bc0b43e1892a4cd7f8272da29841 to remote] DEBUG org.apache.http.wire - http-outgoing-0 << "Content-Length:73[\r][\n]"
2019-03-15 07:36:30,038 [Forwarding isElementDisplayed on session ebf5bc0b43e1892a4cd7f8272da29841 to remote] DEBUG org.apache.http.wire - http-outgoing-0 << "Content-Type:application/json; charset=utf-8[\r][\n]"
2019-03-15 07:36:30,038 [Forwarding isElementDisplayed on session ebf5bc0b43e1892a4cd7f8272da29841 to remote] DEBUG org.apache.http.wire - http-outgoing-0 << "[\r][\n]"
2019-03-15 07:36:30,038 [Forwarding isElementDisplayed on session ebf5bc0b43e1892a4cd7f8272da29841 to remote] DEBUG org.apache.http.wire - http-outgoing-0 << "{"sessionId":"ebf5bc0b43e1892a4cd7f8272da29841","status":0,"value":false}"
2019-03-15 07:36:30,038 [Forwarding isElementDisplayed on session ebf5bc0b43e1892a4cd7f8272da29841 to remote] DEBUG org.apache.http.headers - http-outgoing-0 << HTTP/1.1 200 OK
2019-03-15 07:36:30,038 [Forwarding isElementDisplayed on session ebf5bc0b43e1892a4cd7f8272da29841 to remote] DEBUG org.apache.http.headers - http-outgoing-0 << Content-Length:73
2019-03-15 07:36:30,038 [Forwarding isElementDisplayed on session ebf5bc0b43e1892a4cd7f8272da29841 to remote] DEBUG org.apache.http.headers - http-outgoing-0 << Content-Type:application/json; charset=utf-8
2019-03-15 07:36:30,038 [Forwarding isElementDisplayed on session ebf5bc0b43e1892a4cd7f8272da29841 to remote] DEBUG org.apache.http.impl.execchain.MainClientExec - Connection can be kept alive indefinitely
2019-03-15 07:36:30,038 [Forwarding isElementDisplayed on session ebf5bc0b43e1892a4cd7f8272da29841 to remote] DEBUG org.apache.http.impl.conn.PoolingHttpClientConnectionManager - Connection [id: 0][route: {}->http://localhost:26602] can be kept alive indefinitely
2019-03-15 07:36:30,038 [Forwarding isElementDisplayed on session ebf5bc0b43e1892a4cd7f8272da29841 to remote] DEBUG org.apache.http.impl.conn.PoolingHttpClientConnectionManager - Connection released: [id: 0][route: {}->http://localhost:26602][total kept alive: 1; route allocated: 1 of 2000; total allocated: 1 of 2000]
2019-03-15 07:36:30,542 [Forwarding findElement on session ebf5bc0b43e1892a4cd7f8272da29841 to remote] DEBUG org.apache.http.client.protocol.RequestAddCookies - CookieSpec selected: default
2019-03-15 07:36:30,543 [Forwarding findElement on session ebf5bc0b43e1892a4cd7f8272da29841 to remote] DEBUG org.apache.http.client.protocol.RequestAuthCache - Auth cache not set in the context
2019-03-15 07:36:30,543 [Forwarding findElement on session ebf5bc0b43e1892a4cd7f8272da29841 to remote] DEBUG org.apache.http.impl.conn.PoolingHttpClientConnectionManager - Connection request: [route: {}->http://localhost:26602][total kept alive: 1; route allocated: 1 of 2000; total allocated: 1 of 2000]
2019-03-15 07:36:30,543 [Forwarding findElement on session ebf5bc0b43e1892a4cd7f8272da29841 to remote] DEBUG org.apache.http.impl.conn.PoolingHttpClientConnectionManager - Connection leased: [id: 0][route: {}->http://localhost:26602][total kept alive: 0; route allocated: 1 of 2000; total allocated: 1 of 2000]
2019-03-15 07:36:30,543 [Forwarding findElement on session ebf5bc0b43e1892a4cd7f8272da29841 to remote] DEBUG org.apache.http.impl.execchain.MainClientExec - Stale connection check
2019-03-15 07:36:30,544 [Forwarding findElement on session ebf5bc0b43e1892a4cd7f8272da29841 to remote] DEBUG org.apache.http.wire - http-outgoing-0 << "[read] I/O error: Read timed out"
2019-03-15 07:36:30,544 [Forwarding findElement on session ebf5bc0b43e1892a4cd7f8272da29841 to remote] DEBUG org.apache.http.impl.conn.DefaultManagedHttpClientConnection - http-outgoing-0: set socket timeout to 10800000
2019-03-15 07:36:30,544 [Forwarding findElement on session ebf5bc0b43e1892a4cd7f8272da29841 to remote] DEBUG org.apache.http.impl.execchain.MainClientExec - Executing request POST /session/ebf5bc0b43e1892a4cd7f8272da29841/element HTTP/1.1
2019-03-15 07:36:30,544 [Forwarding findElement on session ebf5bc0b43e1892a4cd7f8272da29841 to remote] DEBUG org.apache.http.impl.execchain.MainClientExec - Target auth state: UNCHALLENGED
2019-03-15 07:36:30,544 [Forwarding findElement on session ebf5bc0b43e1892a4cd7f8272da29841 to remote] DEBUG org.apache.http.impl.execchain.MainClientExec - Proxy auth state: UNCHALLENGED
2019-03-15 07:36:30,544 [Forwarding findElement on session ebf5bc0b43e1892a4cd7f8272da29841 to remote] DEBUG org.apache.http.headers - http-outgoing-0 >> POST /session/ebf5bc0b43e1892a4cd7f8272da29841/element HTTP/1.1
2019-03-15 07:36:30,544 [Forwarding findElement on session ebf5bc0b43e1892a4cd7f8272da29841 to remote] DEBUG org.apache.http.headers - http-outgoing-0 >> Content-Type: application/json; charset=utf-8
2019-03-15 07:36:30,544 [Forwarding findElement on session ebf5bc0b43e1892a4cd7f8272da29841 to remote] DEBUG org.apache.http.headers - http-outgoing-0 >> Content-Length: 49
2019-03-15 07:36:30,544 [Forwarding findElement on session ebf5bc0b43e1892a4cd7f8272da29841 to remote] DEBUG org.apache.http.headers - http-outgoing-0 >> Host: localhost:26602
2019-03-15 07:36:30,544 [Forwarding findElement on session ebf5bc0b43e1892a4cd7f8272da29841 to remote] DEBUG org.apache.http.headers - http-outgoing-0 >> Connection: Keep-Alive
2019-03-15 07:36:30,545 [Forwarding findElement on session ebf5bc0b43e1892a4cd7f8272da29841 to remote] DEBUG org.apache.http.headers - http-outgoing-0 >> User-Agent: Apache-HttpClient/4.5.3 (Java/1.8.0_191)
2019-03-15 07:36:30,545 [Forwarding findElement on session ebf5bc0b43e1892a4cd7f8272da29841 to remote] DEBUG org.apache.http.headers - http-outgoing-0 >> Accept-Encoding: gzip,deflate
2019-03-15 07:36:30,545 [Forwarding findElement on session ebf5bc0b43e1892a4cd7f8272da29841 to remote] DEBUG org.apache.http.wire - http-outgoing-0 >> "POST /session/ebf5bc0b43e1892a4cd7f8272da29841/element HTTP/1.1[\r][\n]"
2019-03-15 07:36:30,545 [Forwarding findElement on session ebf5bc0b43e1892a4cd7f8272da29841 to remote] DEBUG org.apache.http.wire - http-outgoing-0 >> "Content-Type: application/json; charset=utf-8[\r][\n]"
2019-03-15 07:36:30,545 [Forwarding findElement on session ebf5bc0b43e1892a4cd7f8272da29841 to remote] DEBUG org.apache.http.wire - http-outgoing-0 >> "Content-Length: 49[\r][\n]"
2019-03-15 07:36:30,545 [Forwarding findElement on session ebf5bc0b43e1892a4cd7f8272da29841 to remote] DEBUG org.apache.http.wire - http-outgoing-0 >> "Host: localhost:26602[\r][\n]"
2019-03-15 07:36:30,545 [Forwarding findElement on session ebf5bc0b43e1892a4cd7f8272da29841 to remote] DEBUG org.apache.http.wire - http-outgoing-0 >> "Connection: Keep-Alive[\r][\n]"
2019-03-15 07:36:30,545 [Forwarding findElement on session ebf5bc0b43e1892a4cd7f8272da29841 to remote] DEBUG org.apache.http.wire - http-outgoing-0 >> "User-Agent: Apache-HttpClient/4.5.3 (Java/1.8.0_191)[\r][\n]"
2019-03-15 07:36:30,545 [Forwarding findElement on session ebf5bc0b43e1892a4cd7f8272da29841 to remote] DEBUG org.apache.http.wire - http-outgoing-0 >> "Accept-Encoding: gzip,deflate[\r][\n]"
2019-03-15 07:36:30,545 [Forwarding findElement on session ebf5bc0b43e1892a4cd7f8272da29841 to remote] DEBUG org.apache.http.wire - http-outgoing-0 >> "[\r][\n]"
2019-03-15 07:36:30,545 [Forwarding findElement on session ebf5bc0b43e1892a4cd7f8272da29841 to remote] DEBUG org.apache.http.wire - http-outgoing-0 >> "{"using":"xpath","value":"//*[@name='password']"}"
2019-03-15 07:36:30,595 [Forwarding findElement on session ebf5bc0b43e1892a4cd7f8272da29841 to remote] DEBUG org.apache.http.wire - http-outgoing-0 << "HTTP/1.1 200 OK[\r][\n]"
2019-03-15 07:36:30,595 [Forwarding findElement on session ebf5bc0b43e1892a4cd7f8272da29841 to remote] DEBUG org.apache.http.wire - http-outgoing-0 << "Content-Length:102[\r][\n]"
2019-03-15 07:36:30,595 [Forwarding findElement on session ebf5bc0b43e1892a4cd7f8272da29841 to remote] DEBUG org.apache.http.wire - http-outgoing-0 << "Content-Type:application/json; charset=utf-8[\r][\n]"
2019-03-15 07:36:30,595 [Forwarding findElement on session ebf5bc0b43e1892a4cd7f8272da29841 to remote] DEBUG org.apache.http.wire - http-outgoing-0 << "[\r][\n]"
2019-03-15 07:36:30,595 [Forwarding findElement on session ebf5bc0b43e1892a4cd7f8272da29841 to remote] DEBUG org.apache.http.wire - http-outgoing-0 << "{"sessionId":"ebf5bc0b43e1892a4cd7f8272da29841","status":0,"value":{"ELEMENT":"0.5793661813061162-1"}}"
2019-03-15 07:36:30,595 [Forwarding findElement on session ebf5bc0b43e1892a4cd7f8272da29841 to remote] DEBUG org.apache.http.headers - http-outgoing-0 << HTTP/1.1 200 OK
2019-03-15 07:36:30,595 [Forwarding findElement on session ebf5bc0b43e1892a4cd7f8272da29841 to remote] DEBUG org.apache.http.headers - http-outgoing-0 << Content-Length:102
2019-03-15 07:36:30,595 [Forwarding findElement on session ebf5bc0b43e1892a4cd7f8272da29841 to remote] DEBUG org.apache.http.headers - http-outgoing-0 << Content-Type:application/json; charset=utf-8
2019-03-15 07:36:30,595 [Forwarding findElement on session ebf5bc0b43e1892a4cd7f8272da29841 to remote] DEBUG org.apache.http.impl.execchain.MainClientExec - Connection can be kept alive indefinitely
2019-03-15 07:36:30,596 [Forwarding findElement on session ebf5bc0b43e1892a4cd7f8272da29841 to remote] DEBUG org.apache.http.impl.conn.PoolingHttpClientConnectionManager - Connection [id: 0][route: {}->http://localhost:26602] can be kept alive indefinitely
2019-03-15 07:36:30,596 [Forwarding findElement on session ebf5bc0b43e1892a4cd7f8272da29841 to remote] DEBUG org.apache.http.impl.conn.PoolingHttpClientConnectionManager - Connection released: [id: 0][route: {}->http://localhost:26602][total kept alive: 1; route allocated: 1 of 2000; total allocated: 1 of 2000]
2019-03-15 07:36:30,600 [Forwarding isElementDisplayed on session ebf5bc0b43e1892a4cd7f8272da29841 to remote] DEBUG org.apache.http.client.protocol.RequestAddCookies - CookieSpec selected: default
2019-03-15 07:36:30,601 [Forwarding isElementDisplayed on session ebf5bc0b43e1892a4cd7f8272da29841 to remote] DEBUG org.apache.http.client.protocol.RequestAuthCache - Auth cache not set in the context
2019-03-15 07:36:30,601 [Forwarding isElementDisplayed on session ebf5bc0b43e1892a4cd7f8272da29841 to remote] DEBUG org.apache.http.impl.conn.PoolingHttpClientConnectionManager - Connection request: [route: {}->http://localhost:26602][total kept alive: 1; route allocated: 1 of 2000; total allocated: 1 of 2000]
2019-03-15 07:36:30,601 [Forwarding isElementDisplayed on session ebf5bc0b43e1892a4cd7f8272da29841 to remote] DEBUG org.apache.http.impl.conn.PoolingHttpClientConnectionManager - Connection leased: [id: 0][route: {}->http://localhost:26602][total kept alive: 0; route allocated: 1 of 2000; total allocated: 1 of 2000]
2019-03-15 07:36:30,601 [Forwarding isElementDisplayed on session ebf5bc0b43e1892a4cd7f8272da29841 to remote] DEBUG org.apache.http.impl.execchain.MainClientExec - Stale connection check
2019-03-15 07:36:30,602 [Forwarding isElementDisplayed on session ebf5bc0b43e1892a4cd7f8272da29841 to remote] DEBUG org.apache.http.wire - http-outgoing-0 << "[read] I/O error: Read timed out"
2019-03-15 07:36:30,602 [Forwarding isElementDisplayed on session ebf5bc0b43e1892a4cd7f8272da29841 to remote] DEBUG org.apache.http.impl.conn.DefaultManagedHttpClientConnection - http-outgoing-0: set socket timeout to 10800000
2019-03-15 07:36:30,602 [Forwarding isElementDisplayed on session ebf5bc0b43e1892a4cd7f8272da29841 to remote] DEBUG org.apache.http.impl.execchain.MainClientExec - Executing request GET /session/ebf5bc0b43e1892a4cd7f8272da29841/element/0.5793661813061162-1/displayed HTTP/1.1
2019-03-15 07:36:30,602 [Forwarding isElementDisplayed on session ebf5bc0b43e1892a4cd7f8272da29841 to remote] DEBUG org.apache.http.impl.execchain.MainClientExec - Target auth state: UNCHALLENGED
2019-03-15 07:36:30,603 [Forwarding isElementDisplayed on session ebf5bc0b43e1892a4cd7f8272da29841 to remote] DEBUG org.apache.http.impl.execchain.MainClientExec - Proxy auth state: UNCHALLENGED
2019-03-15 07:36:30,603 [Forwarding isElementDisplayed on session ebf5bc0b43e1892a4cd7f8272da29841 to remote] DEBUG org.apache.http.headers - http-outgoing-0 >> GET /session/ebf5bc0b43e1892a4cd7f8272da29841/element/0.5793661813061162-1/displayed HTTP/1.1
2019-03-15 07:36:30,603 [Forwarding isElementDisplayed on session ebf5bc0b43e1892a4cd7f8272da29841 to remote] DEBUG org.apache.http.headers - http-outgoing-0 >> Cache-Control: no-cache
2019-03-15 07:36:30,603 [Forwarding isElementDisplayed on session ebf5bc0b43e1892a4cd7f8272da29841 to remote] DEBUG org.apache.http.headers - http-outgoing-0 >> Host: localhost:26602
2019-03-15 07:36:30,603 [Forwarding isElementDisplayed on session ebf5bc0b43e1892a4cd7f8272da29841 to remote] DEBUG org.apache.http.headers - http-outgoing-0 >> Connection: Keep-Alive
2019-03-15 07:36:30,603 [Forwarding isElementDisplayed on session ebf5bc0b43e1892a4cd7f8272da29841 to remote] DEBUG org.apache.http.headers - http-outgoing-0 >> User-Agent: Apache-HttpClient/4.5.3 (Java/1.8.0_191)
2019-03-15 07:36:30,603 [Forwarding isElementDisplayed on session ebf5bc0b43e1892a4cd7f8272da29841 to remote] DEBUG org.apache.http.headers - http-outgoing-0 >> Accept-Encoding: gzip,deflate
2019-03-15 07:36:30,603 [Forwarding isElementDisplayed on session ebf5bc0b43e1892a4cd7f8272da29841 to remote] DEBUG org.apache.http.wire - http-outgoing-0 >> "GET /session/ebf5bc0b43e1892a4cd7f8272da29841/element/0.5793661813061162-1/displayed HTTP/1.1[\r][\n]"
2019-03-15 07:36:30,603 [Forwarding isElementDisplayed on session ebf5bc0b43e1892a4cd7f8272da29841 to remote] DEBUG org.apache.http.wire - http-outgoing-0 >> "Cache-Control: no-cache[\r][\n]"
2019-03-15 07:36:30,603 [Forwarding isElementDisplayed on session ebf5bc0b43e1892a4cd7f8272da29841 to remote] DEBUG org.apache.http.wire - http-outgoing-0 >> "Host: localhost:26602[\r][\n]"
2019-03-15 07:36:30,603 [Forwarding isElementDisplayed on session ebf5bc0b43e1892a4cd7f8272da29841 to remote] DEBUG org.apache.http.wire - http-outgoing-0 >> "Connection: Keep-Alive[\r][\n]"
2019-03-15 07:36:30,603 [Forwarding isElementDisplayed on session ebf5bc0b43e1892a4cd7f8272da29841 to remote] DEBUG org.apache.http.wire - http-outgoing-0 >> "User-Agent: Apache-HttpClient/4.5.3 (Java/1.8.0_191)[\r][\n]"
2019-03-15 07:36:30,603 [Forwarding isElementDisplayed on session ebf5bc0b43e1892a4cd7f8272da29841 to remote] DEBUG org.apache.http.wire - http-outgoing-0 >> "Accept-Encoding: gzip,deflate[\r][\n]"
2019-03-15 07:36:30,603 [Forwarding isElementDisplayed on session ebf5bc0b43e1892a4cd7f8272da29841 to remote] DEBUG org.apache.http.wire - http-outgoing-0 >> "[\r][\n]"
2019-03-15 07:36:30,629 [Forwarding isElementDisplayed on session ebf5bc0b43e1892a4cd7f8272da29841 to remote] DEBUG org.apache.http.wire - http-outgoing-0 << "HTTP/1.1 200 OK[\r][\n]"
2019-03-15 07:36:30,629 [Forwarding isElementDisplayed on session ebf5bc0b43e1892a4cd7f8272da29841 to remote] DEBUG org.apache.http.wire - http-outgoing-0 << "Content-Length:73[\r][\n]"
2019-03-15 07:36:30,629 [Forwarding isElementDisplayed on session ebf5bc0b43e1892a4cd7f8272da29841 to remote] DEBUG org.apache.http.wire - http-outgoing-0 << "Content-Type:application/json; charset=utf-8[\r][\n]"
2019-03-15 07:36:30,629 [Forwarding isElementDisplayed on session ebf5bc0b43e1892a4cd7f8272da29841 to remote] DEBUG org.apache.http.wire - http-outgoing-0 << "[\r][\n]"
2019-03-15 07:36:30,629 [Forwarding isElementDisplayed on session ebf5bc0b43e1892a4cd7f8272da29841 to remote] DEBUG org.apache.http.wire - http-outgoing-0 << "{"sessionId":"ebf5bc0b43e1892a4cd7f8272da29841","status":0,"value":false}"
2019-03-15 07:36:30,629 [Forwarding isElementDisplayed on session ebf5bc0b43e1892a4cd7f8272da29841 to remote] DEBUG org.apache.http.headers - http-outgoing-0 << HTTP/1.1 200 OK
2019-03-15 07:36:30,629 [Forwarding isElementDisplayed on session ebf5bc0b43e1892a4cd7f8272da29841 to remote] DEBUG org.apache.http.headers - http-outgoing-0 << Content-Length:73
2019-03-15 07:36:30,629 [Forwarding isElementDisplayed on session ebf5bc0b43e1892a4cd7f8272da29841 to remote] DEBUG org.apache.http.headers - http-outgoing-0 << Content-Type:application/json; charset=utf-8
2019-03-15 07:36:30,629 [Forwarding isElementDisplayed on session ebf5bc0b43e1892a4cd7f8272da29841 to remote] DEBUG org.apache.http.impl.execchain.MainClientExec - Connection can be kept alive indefinitely
2019-03-15 07:36:30,629 [Forwarding isElementDisplayed on session ebf5bc0b43e1892a4cd7f8272da29841 to remote] DEBUG org.apache.http.impl.conn.PoolingHttpClientConnectionManager - Connection [id: 0][route: {}->http://localhost:26602] can be kept alive indefinitely
2019-03-15 07:36:30,629 [Forwarding isElementDisplayed on session ebf5bc0b43e1892a4cd7f8272da29841 to remote] DEBUG org.apache.http.impl.conn.PoolingHttpClientConnectionManager - Connection released: [id: 0][route: {}->http://localhost:26602][total kept alive: 1; route allocated: 1 of 2000; total allocated: 1 of 2000]
2019-03-15 07:36:31,134 [Forwarding findElement on session ebf5bc0b43e1892a4cd7f8272da29841 to remote] DEBUG org.apache.http.client.protocol.RequestAddCookies - CookieSpec selected: default
2019-03-15 07:36:31,135 [Forwarding findElement on session ebf5bc0b43e1892a4cd7f8272da29841 to remote] DEBUG org.apache.http.client.protocol.RequestAuthCache - Auth cache not set in the context
2019-03-15 07:36:31,135 [Forwarding findElement on session ebf5bc0b43e1892a4cd7f8272da29841 to remote] DEBUG org.apache.http.impl.conn.PoolingHttpClientConnectionManager - Connection request: [route: {}->http://localhost:26602][total kept alive: 1; route allocated: 1 of 2000; total allocated: 1 of 2000]
2019-03-15 07:36:31,135 [Forwarding findElement on session ebf5bc0b43e1892a4cd7f8272da29841 to remote] DEBUG org.apache.http.impl.conn.PoolingHttpClientConnectionManager - Connection leased: [id: 0][route: {}->http://localhost:26602][total kept alive: 0; route allocated: 1 of 2000; total allocated: 1 of 2000]
2019-03-15 07:36:31,135 [Forwarding findElement on session ebf5bc0b43e1892a4cd7f8272da29841 to remote] DEBUG org.apache.http.impl.execchain.MainClientExec - Stale connection check
2019-03-15 07:36:31,136 [Forwarding findElement on session ebf5bc0b43e1892a4cd7f8272da29841 to remote] DEBUG org.apache.http.wire - http-outgoing-0 << "[read] I/O error: Read timed out"
2019-03-15 07:36:31,136 [Forwarding findElement on session ebf5bc0b43e1892a4cd7f8272da29841 to remote] DEBUG org.apache.http.impl.conn.DefaultManagedHttpClientConnection - http-outgoing-0: set socket timeout to 10800000
2019-03-15 07:36:31,136 [Forwarding findElement on session ebf5bc0b43e1892a4cd7f8272da29841 to remote] DEBUG org.apache.http.impl.execchain.MainClientExec - Executing request POST /session/ebf5bc0b43e1892a4cd7f8272da29841/element HTTP/1.1
2019-03-15 07:36:31,136 [Forwarding findElement on session ebf5bc0b43e1892a4cd7f8272da29841 to remote] DEBUG org.apache.http.impl.execchain.MainClientExec - Target auth state: UNCHALLENGED
2019-03-15 07:36:31,136 [Forwarding findElement on session ebf5bc0b43e1892a4cd7f8272da29841 to remote] DEBUG org.apache.http.impl.execchain.MainClientExec - Proxy auth state: UNCHALLENGED
2019-03-15 07:36:31,136 [Forwarding findElement on session ebf5bc0b43e1892a4cd7f8272da29841 to remote] DEBUG org.apache.http.headers - http-outgoing-0 >> POST /session/ebf5bc0b43e1892a4cd7f8272da29841/element HTTP/1.1
2019-03-15 07:36:31,136 [Forwarding findElement on session ebf5bc0b43e1892a4cd7f8272da29841 to remote] DEBUG org.apache.http.headers - http-outgoing-0 >> Content-Type: application/json; charset=utf-8
2019-03-15 07:36:31,136 [Forwarding findElement on session ebf5bc0b43e1892a4cd7f8272da29841 to remote] DEBUG org.apache.http.headers - http-outgoing-0 >> Content-Length: 49
2019-03-15 07:36:31,136 [Forwarding findElement on session ebf5bc0b43e1892a4cd7f8272da29841 to remote] DEBUG org.apache.http.headers - http-outgoing-0 >> Host: localhost:26602
2019-03-15 07:36:31,136 [Forwarding findElement on session ebf5bc0b43e1892a4cd7f8272da29841 to remote] DEBUG org.apache.http.headers - http-outgoing-0 >> Connection: Keep-Alive
2019-03-15 07:36:31,136 [Forwarding findElement on session ebf5bc0b43e1892a4cd7f8272da29841 to remote] DEBUG org.apache.http.headers - http-outgoing-0 >> User-Agent: Apache-HttpClient/4.5.3 (Java/1.8.0_191)
2019-03-15 07:36:31,136 [Forwarding findElement on session ebf5bc0b43e1892a4cd7f8272da29841 to remote] DEBUG org.apache.http.headers - http-outgoing-0 >> Accept-Encoding: gzip,deflate
2019-03-15 07:36:31,136 [Forwarding findElement on session ebf5bc0b43e1892a4cd7f8272da29841 to remote] DEBUG org.apache.http.wire - http-outgoing-0 >> "POST /session/ebf5bc0b43e1892a4cd7f8272da29841/element HTTP/1.1[\r][\n]"
2019-03-15 07:36:31,136 [Forwarding findElement on session ebf5bc0b43e1892a4cd7f8272da29841 to remote] DEBUG org.apache.http.wire - http-outgoing-0 >> "Content-Type: application/json; charset=utf-8[\r][\n]"
2019-03-15 07:36:31,136 [Forwarding findElement on session ebf5bc0b43e1892a4cd7f8272da29841 to remote] DEBUG org.apache.http.wire - http-outgoing-0 >> "Content-Length: 49[\r][\n]"
2019-03-15 07:36:31,136 [Forwarding findElement on session ebf5bc0b43e1892a4cd7f8272da29841 to remote] DEBUG org.apache.http.wire - http-outgoing-0 >> "Host: localhost:26602[\r][\n]"
2019-03-15 07:36:31,136 [Forwarding findElement on session ebf5bc0b43e1892a4cd7f8272da29841 to remote] DEBUG org.apache.http.wire - http-outgoing-0 >> "Connection: Keep-Alive[\r][\n]"
2019-03-15 07:36:31,136 [Forwarding findElement on session ebf5bc0b43e1892a4cd7f8272da29841 to remote] DEBUG org.apache.http.wire - http-outgoing-0 >> "User-Agent: Apache-HttpClient/4.5.3 (Java/1.8.0_191)[\r][\n]"
2019-03-15 07:36:31,136 [Forwarding findElement on session ebf5bc0b43e1892a4cd7f8272da29841 to remote] DEBUG org.apache.http.wire - http-outgoing-0 >> "Accept-Encoding: gzip,deflate[\r][\n]"
2019-03-15 07:36:31,136 [Forwarding findElement on session ebf5bc0b43e1892a4cd7f8272da29841 to remote] DEBUG org.apache.http.wire - http-outgoing-0 >> "[\r][\n]"
2019-03-15 07:36:31,137 [Forwarding findElement on session ebf5bc0b43e1892a4cd7f8272da29841 to remote] DEBUG org.apache.http.wire - http-outgoing-0 >> "{"using":"xpath","value":"//*[@name='password']"}"
2019-03-15 07:36:31,217 [Forwarding findElement on session ebf5bc0b43e1892a4cd7f8272da29841 to remote] DEBUG org.apache.http.wire - http-outgoing-0 << "HTTP/1.1 200 OK[\r][\n]"
2019-03-15 07:36:31,217 [Forwarding findElement on session ebf5bc0b43e1892a4cd7f8272da29841 to remote] DEBUG org.apache.http.wire - http-outgoing-0 << "Content-Length:102[\r][\n]"
2019-03-15 07:36:31,217 [Forwarding findElement on session ebf5bc0b43e1892a4cd7f8272da29841 to remote] DEBUG org.apache.http.wire - http-outgoing-0 << "Content-Type:application/json; charset=utf-8[\r][\n]"
2019-03-15 07:36:31,217 [Forwarding findElement on session ebf5bc0b43e1892a4cd7f8272da29841 to remote] DEBUG org.apache.http.wire - http-outgoing-0 << "[\r][\n]"
2019-03-15 07:36:31,217 [Forwarding findElement on session ebf5bc0b43e1892a4cd7f8272da29841 to remote] DEBUG org.apache.http.wire - http-outgoing-0 << "{"sessionId":"ebf5bc0b43e1892a4cd7f8272da29841","status":0,"value":{"ELEMENT":"0.5793661813061162-1"}}"
2019-03-15 07:36:31,218 [Forwarding findElement on session ebf5bc0b43e1892a4cd7f8272da29841 to remote] DEBUG org.apache.http.headers - http-outgoing-0 << HTTP/1.1 200 OK
2019-03-15 07:36:31,218 [Forwarding findElement on session ebf5bc0b43e1892a4cd7f8272da29841 to remote] DEBUG org.apache.http.headers - http-outgoing-0 << Content-Length:102
2019-03-15 07:36:31,218 [Forwarding findElement on session ebf5bc0b43e1892a4cd7f8272da29841 to remote] DEBUG org.apache.http.headers - http-outgoing-0 << Content-Type:application/json; charset=utf-8
2019-03-15 07:36:31,218 [Forwarding findElement on session ebf5bc0b43e1892a4cd7f8272da29841 to remote] DEBUG org.apache.http.impl.execchain.MainClientExec - Connection can be kept alive indefinitely
2019-03-15 07:36:31,218 [Forwarding findElement on session ebf5bc0b43e1892a4cd7f8272da29841 to remote] DEBUG org.apache.http.impl.conn.PoolingHttpClientConnectionManager - Connection [id: 0][route: {}->http://localhost:26602] can be kept alive indefinitely
2019-03-15 07:36:31,218 [Forwarding findElement on session ebf5bc0b43e1892a4cd7f8272da29841 to remote] DEBUG org.apache.http.impl.conn.PoolingHttpClientConnectionManager - Connection released: [id: 0][route: {}->http://localhost:26602][total kept alive: 1; route allocated: 1 of 2000; total allocated: 1 of 2000]
2019-03-15 07:36:31,224 [Forwarding isElementDisplayed on session ebf5bc0b43e1892a4cd7f8272da29841 to remote] DEBUG org.apache.http.client.protocol.RequestAddCookies - CookieSpec selected: default
2019-03-15 07:36:31,224 [Forwarding isElementDisplayed on session ebf5bc0b43e1892a4cd7f8272da29841 to remote] DEBUG org.apache.http.client.protocol.RequestAuthCache - Auth cache not set in the context
2019-03-15 07:36:31,224 [Forwarding isElementDisplayed on session ebf5bc0b43e1892a4cd7f8272da29841 to remote] DEBUG org.apache.http.impl.conn.PoolingHttpClientConnectionManager - Connection request: [route: {}->http://localhost:26602][total kept alive: 1; route allocated: 1 of 2000; total allocated: 1 of 2000]
2019-03-15 07:36:31,224 [Forwarding isElementDisplayed on session ebf5bc0b43e1892a4cd7f8272da29841 to remote] DEBUG org.apache.http.impl.conn.PoolingHttpClientConnectionManager - Connection leased: [id: 0][route: {}->http://localhost:26602][total kept alive: 0; route allocated: 1 of 2000; total allocated: 1 of 2000]
2019-03-15 07:36:31,224 [Forwarding isElementDisplayed on session ebf5bc0b43e1892a4cd7f8272da29841 to remote] DEBUG org.apache.http.impl.execchain.MainClientExec - Stale connection check
2019-03-15 07:36:31,225 [Forwarding isElementDisplayed on session ebf5bc0b43e1892a4cd7f8272da29841 to remote] DEBUG org.apache.http.wire - http-outgoing-0 << "[read] I/O error: Read timed out"
2019-03-15 07:36:31,225 [Forwarding isElementDisplayed on session ebf5bc0b43e1892a4cd7f8272da29841 to remote] DEBUG org.apache.http.impl.conn.DefaultManagedHttpClientConnection - http-outgoing-0: set socket timeout to 10800000
2019-03-15 07:36:31,225 [Forwarding isElementDisplayed on session ebf5bc0b43e1892a4cd7f8272da29841 to remote] DEBUG org.apache.http.impl.execchain.MainClientExec - Executing request GET /session/ebf5bc0b43e1892a4cd7f8272da29841/element/0.5793661813061162-1/displayed HTTP/1.1
2019-03-15 07:36:31,225 [Forwarding isElementDisplayed on session ebf5bc0b43e1892a4cd7f8272da29841 to remote] DEBUG org.apache.http.impl.execchain.MainClientExec - Target auth state: UNCHALLENGED
2019-03-15 07:36:31,225 [Forwarding isElementDisplayed on session ebf5bc0b43e1892a4cd7f8272da29841 to remote] DEBUG org.apache.http.impl.execchain.MainClientExec - Proxy auth state: UNCHALLENGED
2019-03-15 07:36:31,225 [Forwarding isElementDisplayed on session ebf5bc0b43e1892a4cd7f8272da29841 to remote] DEBUG org.apache.http.headers - http-outgoing-0 >> GET /session/ebf5bc0b43e1892a4cd7f8272da29841/element/0.5793661813061162-1/displayed HTTP/1.1
2019-03-15 07:36:31,225 [Forwarding isElementDisplayed on session ebf5bc0b43e1892a4cd7f8272da29841 to remote] DEBUG org.apache.http.headers - http-outgoing-0 >> Cache-Control: no-cache
2019-03-15 07:36:31,225 [Forwarding isElementDisplayed on session ebf5bc0b43e1892a4cd7f8272da29841 to remote] DEBUG org.apache.http.headers - http-outgoing-0 >> Host: localhost:26602
2019-03-15 07:36:31,225 [Forwarding isElementDisplayed on session ebf5bc0b43e1892a4cd7f8272da29841 to remote] DEBUG org.apache.http.headers - http-outgoing-0 >> Connection: Keep-Alive
2019-03-15 07:36:31,225 [Forwarding isElementDisplayed on session ebf5bc0b43e1892a4cd7f8272da29841 to remote] DEBUG org.apache.http.headers - http-outgoing-0 >> User-Agent: Apache-HttpClient/4.5.3 (Java/1.8.0_191)
2019-03-15 07:36:31,225 [Forwarding isElementDisplayed on session ebf5bc0b43e1892a4cd7f8272da29841 to remote] DEBUG org.apache.http.headers - http-outgoing-0 >> Accept-Encoding: gzip,deflate
2019-03-15 07:36:31,225 [Forwarding isElementDisplayed on session ebf5bc0b43e1892a4cd7f8272da29841 to remote] DEBUG org.apache.http.wire - http-outgoing-0 >> "GET /session/ebf5bc0b43e1892a4cd7f8272da29841/element/0.5793661813061162-1/displayed HTTP/1.1[\r][\n]"
2019-03-15 07:36:31,225 [Forwarding isElementDisplayed on session ebf5bc0b43e1892a4cd7f8272da29841 to remote] DEBUG org.apache.http.wire - http-outgoing-0 >> "Cache-Control: no-cache[\r][\n]"
2019-03-15 07:36:31,225 [Forwarding isElementDisplayed on session ebf5bc0b43e1892a4cd7f8272da29841 to remote] DEBUG org.apache.http.wire - http-outgoing-0 >> "Host: localhost:26602[\r][\n]"
2019-03-15 07:36:31,225 [Forwarding isElementDisplayed on session ebf5bc0b43e1892a4cd7f8272da29841 to remote] DEBUG org.apache.http.wire - http-outgoing-0 >> "Connection: Keep-Alive[\r][\n]"
2019-03-15 07:36:31,225 [Forwarding isElementDisplayed on session ebf5bc0b43e1892a4cd7f8272da29841 to remote] DEBUG org.apache.http.wire - http-outgoing-0 >> "User-Agent: Apache-HttpClient/4.5.3 (Java/1.8.0_191)[\r][\n]"
2019-03-15 07:36:31,225 [Forwarding isElementDisplayed on session ebf5bc0b43e1892a4cd7f8272da29841 to remote] DEBUG org.apache.http.wire - http-outgoing-0 >> "Accept-Encoding: gzip,deflate[\r][\n]"
2019-03-15 07:36:31,225 [Forwarding isElementDisplayed on session ebf5bc0b43e1892a4cd7f8272da29841 to remote] DEBUG org.apache.http.wire - http-outgoing-0 >> "[\r][\n]"
2019-03-15 07:36:31,338 [Forwarding isElementDisplayed on session ebf5bc0b43e1892a4cd7f8272da29841 to remote] DEBUG org.apache.http.wire - http-outgoing-0 << "HTTP/1.1 200 OK[\r][\n]"
2019-03-15 07:36:31,338 [Forwarding isElementDisplayed on session ebf5bc0b43e1892a4cd7f8272da29841 to remote] DEBUG org.apache.http.wire - http-outgoing-0 << "Content-Length:73[\r][\n]"
2019-03-15 07:36:31,338 [Forwarding isElementDisplayed on session ebf5bc0b43e1892a4cd7f8272da29841 to remote] DEBUG org.apache.http.wire - http-outgoing-0 << "Content-Type:application/json; charset=utf-8[\r][\n]"
2019-03-15 07:36:31,338 [Forwarding isElementDisplayed on session ebf5bc0b43e1892a4cd7f8272da29841 to remote] DEBUG org.apache.http.wire - http-outgoing-0 << "[\r][\n]"
2019-03-15 07:36:31,338 [Forwarding isElementDisplayed on session ebf5bc0b43e1892a4cd7f8272da29841 to remote] DEBUG org.apache.http.wire - http-outgoing-0 << "{"sessionId":"ebf5bc0b43e1892a4cd7f8272da29841","status":0,"value":false}"
2019-03-15 07:36:31,338 [Forwarding isElementDisplayed on session ebf5bc0b43e1892a4cd7f8272da29841 to remote] DEBUG org.apache.http.headers - http-outgoing-0 << HTTP/1.1 200 OK
2019-03-15 07:36:31,338 [Forwarding isElementDisplayed on session ebf5bc0b43e1892a4cd7f8272da29841 to remote] DEBUG org.apache.http.headers - http-outgoing-0 << Content-Length:73
2019-03-15 07:36:31,338 [Forwarding isElementDisplayed on session ebf5bc0b43e1892a4cd7f8272da29841 to remote] DEBUG org.apache.http.headers - http-outgoing-0 << Content-Type:application/json; charset=utf-8
2019-03-15 07:36:31,340 [Forwarding isElementDisplayed on session ebf5bc0b43e1892a4cd7f8272da29841 to remote] DEBUG org.apache.http.impl.execchain.MainClientExec - Connection can be kept alive indefinitely
2019-03-15 07:36:31,340 [Forwarding isElementDisplayed on session ebf5bc0b43e1892a4cd7f8272da29841 to remote] DEBUG org.apache.http.impl.conn.PoolingHttpClientConnectionManager - Connection [id: 0][route: {}->http://localhost:26602] can be kept alive indefinitely
2019-03-15 07:36:31,340 [Forwarding isElementDisplayed on session ebf5bc0b43e1892a4cd7f8272da29841 to remote] DEBUG org.apache.http.impl.conn.PoolingHttpClientConnectionManager - Connection released: [id: 0][route: {}->http://localhost:26602][total kept alive: 1; route allocated: 1 of 2000; total allocated: 1 of 2000]
2019-03-15 07:36:31,343 [Forwarding findElement on session ebf5bc0b43e1892a4cd7f8272da29841 to remote] DEBUG org.apache.http.client.protocol.RequestAddCookies - CookieSpec selected: default
2019-03-15 07:36:31,343 [Forwarding findElement on session ebf5bc0b43e1892a4cd7f8272da29841 to remote] DEBUG org.apache.http.client.protocol.RequestAuthCache - Auth cache not set in the context
2019-03-15 07:36:31,343 [Forwarding findElement on session ebf5bc0b43e1892a4cd7f8272da29841 to remote] DEBUG org.apache.http.impl.conn.PoolingHttpClientConnectionManager - Connection request: [route: {}->http://localhost:26602][total kept alive: 1; route allocated: 1 of 2000; total allocated: 1 of 2000]
2019-03-15 07:36:31,343 [Forwarding findElement on session ebf5bc0b43e1892a4cd7f8272da29841 to remote] DEBUG org.apache.http.impl.conn.PoolingHttpClientConnectionManager - Connection leased: [id: 0][route: {}->http://localhost:26602][total kept alive: 0; route allocated: 1 of 2000; total allocated: 1 of 2000]
2019-03-15 07:36:31,343 [Forwarding findElement on session ebf5bc0b43e1892a4cd7f8272da29841 to remote] DEBUG org.apache.http.impl.execchain.MainClientExec - Stale connection check
2019-03-15 07:36:31,344 [Forwarding findElement on session ebf5bc0b43e1892a4cd7f8272da29841 to remote] DEBUG org.apache.http.wire - http-outgoing-0 << "[read] I/O error: Read timed out"
2019-03-15 07:36:31,344 [Forwarding findElement on session ebf5bc0b43e1892a4cd7f8272da29841 to remote] DEBUG org.apache.http.impl.conn.DefaultManagedHttpClientConnection - http-outgoing-0: set socket timeout to 10800000
2019-03-15 07:36:31,344 [Forwarding findElement on session ebf5bc0b43e1892a4cd7f8272da29841 to remote] DEBUG org.apache.http.impl.execchain.MainClientExec - Executing request POST /session/ebf5bc0b43e1892a4cd7f8272da29841/element HTTP/1.1
2019-03-15 07:36:31,344 [Forwarding findElement on session ebf5bc0b43e1892a4cd7f8272da29841 to remote] DEBUG org.apache.http.impl.execchain.MainClientExec - Target auth state: UNCHALLENGED
2019-03-15 07:36:31,344 [Forwarding findElement on session ebf5bc0b43e1892a4cd7f8272da29841 to remote] DEBUG org.apache.http.impl.execchain.MainClientExec - Proxy auth state: UNCHALLENGED
2019-03-15 07:36:31,344 [Forwarding findElement on session ebf5bc0b43e1892a4cd7f8272da29841 to remote] DEBUG org.apache.http.headers - http-outgoing-0 >> POST /session/ebf5bc0b43e1892a4cd7f8272da29841/element HTTP/1.1
2019-03-15 07:36:31,344 [Forwarding findElement on session ebf5bc0b43e1892a4cd7f8272da29841 to remote] DEBUG org.apache.http.headers - http-outgoing-0 >> Content-Type: application/json; charset=utf-8
2019-03-15 07:36:31,344 [Forwarding findElement on session ebf5bc0b43e1892a4cd7f8272da29841 to remote] DEBUG org.apache.http.headers - http-outgoing-0 >> Content-Length: 49
2019-03-15 07:36:31,344 [Forwarding findElement on session ebf5bc0b43e1892a4cd7f8272da29841 to remote] DEBUG org.apache.http.headers - http-outgoing-0 >> Host: localhost:26602
2019-03-15 07:36:31,344 [Forwarding findElement on session ebf5bc0b43e1892a4cd7f8272da29841 to remote] DEBUG org.apache.http.headers - http-outgoing-0 >> Connection: Keep-Alive
2019-03-15 07:36:31,344 [Forwarding findElement on session ebf5bc0b43e1892a4cd7f8272da29841 to remote] DEBUG org.apache.http.headers - http-outgoing-0 >> User-Agent: Apache-HttpClient/4.5.3 (Java/1.8.0_191)
2019-03-15 07:36:31,344 [Forwarding findElement on session ebf5bc0b43e1892a4cd7f8272da29841 to remote] DEBUG org.apache.http.headers - http-outgoing-0 >> Accept-Encoding: gzip,deflate
2019-03-15 07:36:31,344 [Forwarding findElement on session ebf5bc0b43e1892a4cd7f8272da29841 to remote] DEBUG org.apache.http.wire - http-outgoing-0 >> "POST /session/ebf5bc0b43e1892a4cd7f8272da29841/element HTTP/1.1[\r][\n]"
2019-03-15 07:36:31,344 [Forwarding findElement on session ebf5bc0b43e1892a4cd7f8272da29841 to remote] DEBUG org.apache.http.wire - http-outgoing-0 >> "Content-Type: application/json; charset=utf-8[\r][\n]"
2019-03-15 07:36:31,344 [Forwarding findElement on session ebf5bc0b43e1892a4cd7f8272da29841 to remote] DEBUG org.apache.http.wire - http-outgoing-0 >> "Content-Length: 49[\r][\n]"
2019-03-15 07:36:31,344 [Forwarding findElement on session ebf5bc0b43e1892a4cd7f8272da29841 to remote] DEBUG org.apache.http.wire - http-outgoing-0 >> "Host: localhost:26602[\r][\n]"
2019-03-15 07:36:31,344 [Forwarding findElement on session ebf5bc0b43e1892a4cd7f8272da29841 to remote] DEBUG org.apache.http.wire - http-outgoing-0 >> "Connection: Keep-Alive[\r][\n]"
2019-03-15 07:36:31,345 [Forwarding findElement on session ebf5bc0b43e1892a4cd7f8272da29841 to remote] DEBUG org.apache.http.wire - http-outgoing-0 >> "User-Agent: Apache-HttpClient/4.5.3 (Java/1.8.0_191)[\r][\n]"
2019-03-15 07:36:31,345 [Forwarding findElement on session ebf5bc0b43e1892a4cd7f8272da29841 to remote] DEBUG org.apache.http.wire - http-outgoing-0 >> "Accept-Encoding: gzip,deflate[\r][\n]"
2019-03-15 07:36:31,345 [Forwarding findElement on session ebf5bc0b43e1892a4cd7f8272da29841 to remote] DEBUG org.apache.http.wire - http-outgoing-0 >> "[\r][\n]"
2019-03-15 07:36:31,346 [Forwarding findElement on session ebf5bc0b43e1892a4cd7f8272da29841 to remote] DEBUG org.apache.http.wire - http-outgoing-0 >> "{"using":"xpath","value":"//*[@name='password']"}"
2019-03-15 07:36:31,406 [Forwarding findElement on session ebf5bc0b43e1892a4cd7f8272da29841 to remote] DEBUG org.apache.http.wire - http-outgoing-0 << "HTTP/1.1 200 OK[\r][\n]"
2019-03-15 07:36:31,406 [Forwarding findElement on session ebf5bc0b43e1892a4cd7f8272da29841 to remote] DEBUG org.apache.http.wire - http-outgoing-0 << "Content-Length:102[\r][\n]"
2019-03-15 07:36:31,406 [Forwarding findElement on session ebf5bc0b43e1892a4cd7f8272da29841 to remote] DEBUG org.apache.http.wire - http-outgoing-0 << "Content-Type:application/json; charset=utf-8[\r][\n]"
2019-03-15 07:36:31,406 [Forwarding findElement on session ebf5bc0b43e1892a4cd7f8272da29841 to remote] DEBUG org.apache.http.wire - http-outgoing-0 << "[\r][\n]"
2019-03-15 07:36:31,406 [Forwarding findElement on session ebf5bc0b43e1892a4cd7f8272da29841 to remote] DEBUG org.apache.http.wire - http-outgoing-0 << "{"sessionId":"ebf5bc0b43e1892a4cd7f8272da29841","status":0,"value":{"ELEMENT":"0.5793661813061162-1"}}"
2019-03-15 07:36:31,406 [Forwarding findElement on session ebf5bc0b43e1892a4cd7f8272da29841 to remote] DEBUG org.apache.http.headers - http-outgoing-0 << HTTP/1.1 200 OK
2019-03-15 07:36:31,406 [Forwarding findElement on session ebf5bc0b43e1892a4cd7f8272da29841 to remote] DEBUG org.apache.http.headers - http-outgoing-0 << Content-Length:102
2019-03-15 07:36:31,406 [Forwarding findElement on session ebf5bc0b43e1892a4cd7f8272da29841 to remote] DEBUG org.apache.http.headers - http-outgoing-0 << Content-Type:application/json; charset=utf-8
2019-03-15 07:36:31,406 [Forwarding findElement on session ebf5bc0b43e1892a4cd7f8272da29841 to remote] DEBUG org.apache.http.impl.execchain.MainClientExec - Connection can be kept alive indefinitely
2019-03-15 07:36:31,407 [Forwarding findElement on session ebf5bc0b43e1892a4cd7f8272da29841 to remote] DEBUG org.apache.http.impl.conn.PoolingHttpClientConnectionManager - Connection [id: 0][route: {}->http://localhost:26602] can be kept alive indefinitely
2019-03-15 07:36:31,407 [Forwarding findElement on session ebf5bc0b43e1892a4cd7f8272da29841 to remote] DEBUG org.apache.http.impl.conn.PoolingHttpClientConnectionManager - Connection released: [id: 0][route: {}->http://localhost:26602][total kept alive: 1; route allocated: 1 of 2000; total allocated: 1 of 2000]
]]></system-out>
    <system-err><![CDATA[Starting ChromeDriver 2.45.615291 (ec3682e3c9061c10f26ea9e5cdcf3c53f3f74387) on port 26602
Only local connections are allowed.
[1552615536.283][WARNING]: Timed out connecting to Chrome, retrying...
Mar 15, 2019 7:35:45 AM org.openqa.selenium.remote.ProtocolHandshake createSession
INFO: Detected dialect: OSS
]]></system-err>
  </testcase>
  <testcase name="Given : user already login" classname="Scenario: validate product search" time="0">
    <skipped/>
  </testcase>
  <testcase name="When : user enter product as &quot;laptop&quot;" classname="Scenario: validate product search" time="0">
    <skipped/>
  </testcase>
  <testcase name="Then : all matching products should be displayed" classname="Scenario: validate product search" time="0">
    <skipped/>
  </testcase>
</testsuite>